[0.250s] DEBUG:colcon:Command line arguments: ['/usr/bin/colcon', 'build']
[0.250s] DEBUG:colcon:Parsed command line arguments: Namespace(log_base=None, log_level=None, verb_name='build', build_base='build', install_base='install', merge_install=False, symlink_install=False, test_result_base=None, continue_on_error=False, executor='parallel', parallel_workers=4, event_handlers=None, ignore_user_meta=False, metas=['./colcon.meta'], base_paths=['.'], packages_ignore=None, packages_ignore_regex=None, paths=None, packages_up_to=None, packages_up_to_regex=None, packages_above=None, packages_above_and_dependencies=None, packages_above_depth=None, packages_select_by_dep=None, packages_skip_by_dep=None, packages_skip_up_to=None, packages_select_build_failed=False, packages_skip_build_finished=False, packages_select_test_failures=False, packages_skip_test_passed=False, packages_select=None, packages_skip=None, packages_select_regex=None, packages_skip_regex=None, packages_start=None, packages_end=None, allow_overriding=[], cmake_args=None, cmake_target=None, cmake_target_skip_unavailable=False, cmake_clean_cache=False, cmake_clean_first=False, cmake_force_configure=False, ament_cmake_args=None, catkin_cmake_args=None, catkin_skip_building_tests=False, mixin_files=None, mixin=None, verb_parser=<colcon_mixin.mixin.mixin_argument.MixinArgumentDecorator object at 0xffff85db9400>, verb_extension=<colcon_core.verb.build.BuildVerb object at 0xffff85f75ac0>, main=<bound method BuildVerb.main of <colcon_core.verb.build.BuildVerb object at 0xffff85f75ac0>>, mixin_verb=('build',))
[0.372s] Level 1:colcon.colcon_core.package_discovery:discover_packages(colcon_meta) check parameters
[0.372s] Level 1:colcon.colcon_core.package_discovery:discover_packages(recursive) check parameters
[0.373s] Level 1:colcon.colcon_core.package_discovery:discover_packages(ignore) check parameters
[0.373s] Level 1:colcon.colcon_core.package_discovery:discover_packages(path) check parameters
[0.373s] Level 1:colcon.colcon_core.package_discovery:discover_packages(colcon_meta) discover
[0.373s] Level 1:colcon.colcon_core.package_discovery:discover_packages(recursive) discover
[0.373s] INFO:colcon.colcon_core.package_discovery:Crawling recursively for packages in '/home/pirobot/git/ros_pathfinder'
[0.373s] Level 1:colcon.colcon_core.package_identification:_identify(.) by extensions ['ignore', 'ignore_ament_install']
[0.373s] Level 1:colcon.colcon_core.package_identification:_identify(.) by extension 'ignore'
[0.373s] Level 1:colcon.colcon_core.package_identification:_identify(.) by extension 'ignore_ament_install'
[0.374s] Level 1:colcon.colcon_core.package_identification:_identify(.) by extensions ['colcon_pkg']
[0.374s] Level 1:colcon.colcon_core.package_identification:_identify(.) by extension 'colcon_pkg'
[0.374s] Level 1:colcon.colcon_core.package_identification:_identify(.) by extensions ['colcon_meta']
[0.374s] Level 1:colcon.colcon_core.package_identification:_identify(.) by extension 'colcon_meta'
[0.374s] Level 1:colcon.colcon_core.package_identification:_identify(.) by extensions ['ros']
[0.374s] Level 1:colcon.colcon_core.package_identification:_identify(.) by extension 'ros'
[0.436s] Level 1:colcon.colcon_core.package_identification:_identify(.) by extensions ['cmake', 'python']
[0.436s] Level 1:colcon.colcon_core.package_identification:_identify(.) by extension 'cmake'
[0.436s] Level 1:colcon.colcon_core.package_identification:_identify(.) by extension 'python'
[0.436s] Level 1:colcon.colcon_core.package_identification:_identify(.) by extensions ['python_setup_py']
[0.436s] Level 1:colcon.colcon_core.package_identification:_identify(.) by extension 'python_setup_py'
[0.436s] Level 1:colcon.colcon_core.package_identification:_identify(build) by extensions ['ignore', 'ignore_ament_install']
[0.437s] Level 1:colcon.colcon_core.package_identification:_identify(build) by extension 'ignore'
[0.437s] Level 1:colcon.colcon_core.package_identification:_identify(build) ignored
[0.437s] Level 1:colcon.colcon_core.package_identification:_identify(install) by extensions ['ignore', 'ignore_ament_install']
[0.437s] Level 1:colcon.colcon_core.package_identification:_identify(install) by extension 'ignore'
[0.437s] Level 1:colcon.colcon_core.package_identification:_identify(install) ignored
[0.438s] Level 1:colcon.colcon_core.package_identification:_identify(log) by extensions ['ignore', 'ignore_ament_install']
[0.438s] Level 1:colcon.colcon_core.package_identification:_identify(log) by extension 'ignore'
[0.438s] Level 1:colcon.colcon_core.package_identification:_identify(log) ignored
[0.438s] Level 1:colcon.colcon_core.package_identification:_identify(sllidar_ros2) by extensions ['ignore', 'ignore_ament_install']
[0.438s] Level 1:colcon.colcon_core.package_identification:_identify(sllidar_ros2) by extension 'ignore'
[0.438s] Level 1:colcon.colcon_core.package_identification:_identify(sllidar_ros2) by extension 'ignore_ament_install'
[0.438s] Level 1:colcon.colcon_core.package_identification:_identify(sllidar_ros2) by extensions ['colcon_pkg']
[0.438s] Level 1:colcon.colcon_core.package_identification:_identify(sllidar_ros2) by extension 'colcon_pkg'
[0.438s] Level 1:colcon.colcon_core.package_identification:_identify(sllidar_ros2) by extensions ['colcon_meta']
[0.438s] Level 1:colcon.colcon_core.package_identification:_identify(sllidar_ros2) by extension 'colcon_meta'
[0.438s] Level 1:colcon.colcon_core.package_identification:_identify(sllidar_ros2) by extensions ['ros']
[0.438s] Level 1:colcon.colcon_core.package_identification:_identify(sllidar_ros2) by extension 'ros'
[0.442s] DEBUG:colcon.colcon_core.package_identification:Package 'sllidar_ros2' with type 'ros.ament_cmake' and name 'sllidar_ros2'
[0.443s] Level 1:colcon.colcon_core.package_identification:_identify(src) by extensions ['ignore', 'ignore_ament_install']
[0.443s] Level 1:colcon.colcon_core.package_identification:_identify(src) by extension 'ignore'
[0.443s] Level 1:colcon.colcon_core.package_identification:_identify(src) by extension 'ignore_ament_install'
[0.443s] Level 1:colcon.colcon_core.package_identification:_identify(src) by extensions ['colcon_pkg']
[0.443s] Level 1:colcon.colcon_core.package_identification:_identify(src) by extension 'colcon_pkg'
[0.443s] Level 1:colcon.colcon_core.package_identification:_identify(src) by extensions ['colcon_meta']
[0.443s] Level 1:colcon.colcon_core.package_identification:_identify(src) by extension 'colcon_meta'
[0.443s] Level 1:colcon.colcon_core.package_identification:_identify(src) by extensions ['ros']
[0.443s] Level 1:colcon.colcon_core.package_identification:_identify(src) by extension 'ros'
[0.443s] Level 1:colcon.colcon_core.package_identification:_identify(src) by extensions ['cmake', 'python']
[0.443s] Level 1:colcon.colcon_core.package_identification:_identify(src) by extension 'cmake'
[0.443s] Level 1:colcon.colcon_core.package_identification:_identify(src) by extension 'python'
[0.443s] Level 1:colcon.colcon_core.package_identification:_identify(src) by extensions ['python_setup_py']
[0.443s] Level 1:colcon.colcon_core.package_identification:_identify(src) by extension 'python_setup_py'
[0.444s] Level 1:colcon.colcon_core.package_identification:_identify(src/action_interfaces) by extensions ['ignore', 'ignore_ament_install']
[0.444s] Level 1:colcon.colcon_core.package_identification:_identify(src/action_interfaces) by extension 'ignore'
[0.444s] Level 1:colcon.colcon_core.package_identification:_identify(src/action_interfaces) by extension 'ignore_ament_install'
[0.444s] Level 1:colcon.colcon_core.package_identification:_identify(src/action_interfaces) by extensions ['colcon_pkg']
[0.444s] Level 1:colcon.colcon_core.package_identification:_identify(src/action_interfaces) by extension 'colcon_pkg'
[0.444s] Level 1:colcon.colcon_core.package_identification:_identify(src/action_interfaces) by extensions ['colcon_meta']
[0.444s] Level 1:colcon.colcon_core.package_identification:_identify(src/action_interfaces) by extension 'colcon_meta'
[0.444s] Level 1:colcon.colcon_core.package_identification:_identify(src/action_interfaces) by extensions ['ros']
[0.444s] Level 1:colcon.colcon_core.package_identification:_identify(src/action_interfaces) by extension 'ros'
[0.445s] DEBUG:colcon.colcon_core.package_identification:Package 'src/action_interfaces' with type 'ros.ament_cmake' and name 'action_interfaces'
[0.445s] Level 1:colcon.colcon_core.package_identification:_identify(src/install) by extensions ['ignore', 'ignore_ament_install']
[0.445s] Level 1:colcon.colcon_core.package_identification:_identify(src/install) by extension 'ignore'
[0.445s] Level 1:colcon.colcon_core.package_identification:_identify(src/install) ignored
[0.445s] Level 1:colcon.colcon_core.package_identification:_identify(src/log) by extensions ['ignore', 'ignore_ament_install']
[0.445s] Level 1:colcon.colcon_core.package_identification:_identify(src/log) by extension 'ignore'
[0.445s] Level 1:colcon.colcon_core.package_identification:_identify(src/log) ignored
[0.446s] Level 1:colcon.colcon_core.package_identification:_identify(src/ros_pathfinder) by extensions ['ignore', 'ignore_ament_install']
[0.446s] Level 1:colcon.colcon_core.package_identification:_identify(src/ros_pathfinder) by extension 'ignore'
[0.446s] Level 1:colcon.colcon_core.package_identification:_identify(src/ros_pathfinder) by extension 'ignore_ament_install'
[0.446s] Level 1:colcon.colcon_core.package_identification:_identify(src/ros_pathfinder) by extensions ['colcon_pkg']
[0.446s] Level 1:colcon.colcon_core.package_identification:_identify(src/ros_pathfinder) by extension 'colcon_pkg'
[0.446s] Level 1:colcon.colcon_core.package_identification:_identify(src/ros_pathfinder) by extensions ['colcon_meta']
[0.446s] Level 1:colcon.colcon_core.package_identification:_identify(src/ros_pathfinder) by extension 'colcon_meta'
[0.446s] Level 1:colcon.colcon_core.package_identification:_identify(src/ros_pathfinder) by extensions ['ros']
[0.446s] Level 1:colcon.colcon_core.package_identification:_identify(src/ros_pathfinder) by extension 'ros'
[0.447s] DEBUG:colcon.colcon_core.package_identification:Package 'src/ros_pathfinder' with type 'ros.ament_python' and name 'ros_pathfinder'
[0.447s] Level 1:colcon.colcon_core.package_discovery:discover_packages(recursive) using defaults
[0.447s] Level 1:colcon.colcon_core.package_discovery:discover_packages(ignore) discover
[0.447s] Level 1:colcon.colcon_core.package_discovery:discover_packages(ignore) using defaults
[0.447s] Level 1:colcon.colcon_core.package_discovery:discover_packages(path) discover
[0.448s] Level 1:colcon.colcon_core.package_discovery:discover_packages(path) using defaults
[0.487s] Level 1:colcon.colcon_core.package_discovery:discover_packages(prefix_path) check parameters
[0.487s] Level 1:colcon.colcon_core.package_discovery:discover_packages(prefix_path) discover
[0.493s] DEBUG:colcon.colcon_installed_package_information.package_discovery:Found 3 installed packages in /home/pirobot/git/ros_pathfinder/install
[0.494s] DEBUG:colcon.colcon_installed_package_information.package_discovery:Found 1 installed packages in /home/pirobot/ros2_ws/install
[0.498s] DEBUG:colcon.colcon_installed_package_information.package_discovery:Found 298 installed packages in /opt/ros/kilted
[0.503s] Level 1:colcon.colcon_core.package_discovery:discover_packages(prefix_path) using defaults
[0.590s] Level 5:colcon.colcon_core.verb:set package 'action_interfaces' build argument 'cmake_args' from command line to 'None'
[0.591s] Level 5:colcon.colcon_core.verb:set package 'action_interfaces' build argument 'cmake_target' from command line to 'None'
[0.591s] Level 5:colcon.colcon_core.verb:set package 'action_interfaces' build argument 'cmake_target_skip_unavailable' from command line to 'False'
[0.591s] Level 5:colcon.colcon_core.verb:set package 'action_interfaces' build argument 'cmake_clean_cache' from command line to 'False'
[0.591s] Level 5:colcon.colcon_core.verb:set package 'action_interfaces' build argument 'cmake_clean_first' from command line to 'False'
[0.591s] Level 5:colcon.colcon_core.verb:set package 'action_interfaces' build argument 'cmake_force_configure' from command line to 'False'
[0.591s] Level 5:colcon.colcon_core.verb:set package 'action_interfaces' build argument 'ament_cmake_args' from command line to 'None'
[0.591s] Level 5:colcon.colcon_core.verb:set package 'action_interfaces' build argument 'catkin_cmake_args' from command line to 'None'
[0.591s] Level 5:colcon.colcon_core.verb:set package 'action_interfaces' build argument 'catkin_skip_building_tests' from command line to 'False'
[0.591s] DEBUG:colcon.colcon_core.verb:Building package 'action_interfaces' with the following arguments: {'ament_cmake_args': None, 'build_base': '/home/pirobot/git/ros_pathfinder/build/action_interfaces', 'catkin_cmake_args': None, 'catkin_skip_building_tests': False, 'cmake_args': None, 'cmake_clean_cache': False, 'cmake_clean_first': False, 'cmake_force_configure': False, 'cmake_target': None, 'cmake_target_skip_unavailable': False, 'install_base': '/home/pirobot/git/ros_pathfinder/install/action_interfaces', 'merge_install': False, 'path': '/home/pirobot/git/ros_pathfinder/src/action_interfaces', 'symlink_install': False, 'test_result_base': None}
[0.592s] Level 5:colcon.colcon_core.verb:set package 'sllidar_ros2' build argument 'cmake_args' from command line to 'None'
[0.592s] Level 5:colcon.colcon_core.verb:set package 'sllidar_ros2' build argument 'cmake_target' from command line to 'None'
[0.592s] Level 5:colcon.colcon_core.verb:set package 'sllidar_ros2' build argument 'cmake_target_skip_unavailable' from command line to 'False'
[0.592s] Level 5:colcon.colcon_core.verb:set package 'sllidar_ros2' build argument 'cmake_clean_cache' from command line to 'False'
[0.592s] Level 5:colcon.colcon_core.verb:set package 'sllidar_ros2' build argument 'cmake_clean_first' from command line to 'False'
[0.592s] Level 5:colcon.colcon_core.verb:set package 'sllidar_ros2' build argument 'cmake_force_configure' from command line to 'False'
[0.592s] Level 5:colcon.colcon_core.verb:set package 'sllidar_ros2' build argument 'ament_cmake_args' from command line to 'None'
[0.592s] Level 5:colcon.colcon_core.verb:set package 'sllidar_ros2' build argument 'catkin_cmake_args' from command line to 'None'
[0.592s] Level 5:colcon.colcon_core.verb:set package 'sllidar_ros2' build argument 'catkin_skip_building_tests' from command line to 'False'
[0.592s] DEBUG:colcon.colcon_core.verb:Building package 'sllidar_ros2' with the following arguments: {'ament_cmake_args': None, 'build_base': '/home/pirobot/git/ros_pathfinder/build/sllidar_ros2', 'catkin_cmake_args': None, 'catkin_skip_building_tests': False, 'cmake_args': None, 'cmake_clean_cache': False, 'cmake_clean_first': False, 'cmake_force_configure': False, 'cmake_target': None, 'cmake_target_skip_unavailable': False, 'install_base': '/home/pirobot/git/ros_pathfinder/install/sllidar_ros2', 'merge_install': False, 'path': '/home/pirobot/git/ros_pathfinder/sllidar_ros2', 'symlink_install': False, 'test_result_base': None}
[0.593s] Level 5:colcon.colcon_core.verb:set package 'ros_pathfinder' build argument 'cmake_args' from command line to 'None'
[0.593s] Level 5:colcon.colcon_core.verb:set package 'ros_pathfinder' build argument 'cmake_target' from command line to 'None'
[0.593s] Level 5:colcon.colcon_core.verb:set package 'ros_pathfinder' build argument 'cmake_target_skip_unavailable' from command line to 'False'
[0.593s] Level 5:colcon.colcon_core.verb:set package 'ros_pathfinder' build argument 'cmake_clean_cache' from command line to 'False'
[0.593s] Level 5:colcon.colcon_core.verb:set package 'ros_pathfinder' build argument 'cmake_clean_first' from command line to 'False'
[0.593s] Level 5:colcon.colcon_core.verb:set package 'ros_pathfinder' build argument 'cmake_force_configure' from command line to 'False'
[0.593s] Level 5:colcon.colcon_core.verb:set package 'ros_pathfinder' build argument 'ament_cmake_args' from command line to 'None'
[0.593s] Level 5:colcon.colcon_core.verb:set package 'ros_pathfinder' build argument 'catkin_cmake_args' from command line to 'None'
[0.593s] Level 5:colcon.colcon_core.verb:set package 'ros_pathfinder' build argument 'catkin_skip_building_tests' from command line to 'False'
[0.593s] DEBUG:colcon.colcon_core.verb:Building package 'ros_pathfinder' with the following arguments: {'ament_cmake_args': None, 'build_base': '/home/pirobot/git/ros_pathfinder/build/ros_pathfinder', 'catkin_cmake_args': None, 'catkin_skip_building_tests': False, 'cmake_args': None, 'cmake_clean_cache': False, 'cmake_clean_first': False, 'cmake_force_configure': False, 'cmake_target': None, 'cmake_target_skip_unavailable': False, 'install_base': '/home/pirobot/git/ros_pathfinder/install/ros_pathfinder', 'merge_install': False, 'path': '/home/pirobot/git/ros_pathfinder/src/ros_pathfinder', 'symlink_install': False, 'test_result_base': None}
[0.594s] INFO:colcon.colcon_core.executor:Executing jobs using 'parallel' executor
[0.596s] DEBUG:colcon.colcon_parallel_executor.executor.parallel:run_until_complete
[0.597s] INFO:colcon.colcon_ros.task.ament_cmake.build:Building ROS package in '/home/pirobot/git/ros_pathfinder/src/action_interfaces' with build type 'ament_cmake'
[0.598s] INFO:colcon.colcon_cmake.task.cmake.build:Building CMake package in '/home/pirobot/git/ros_pathfinder/src/action_interfaces'
[0.608s] INFO:colcon.colcon_core.plugin_system:Skipping extension 'colcon_core.shell.bat': Not used on non-Windows systems
[0.609s] INFO:colcon.colcon_core.shell:Skip shell extension 'powershell' for command environment: Not usable outside of PowerShell
[0.610s] DEBUG:colcon.colcon_core.shell:Skip shell extension 'dsv' for command environment
[0.634s] INFO:colcon.colcon_ros.task.ament_cmake.build:Building ROS package in '/home/pirobot/git/ros_pathfinder/sllidar_ros2' with build type 'ament_cmake'
[0.634s] INFO:colcon.colcon_cmake.task.cmake.build:Building CMake package in '/home/pirobot/git/ros_pathfinder/sllidar_ros2'
[0.635s] INFO:colcon.colcon_core.shell:Skip shell extension 'powershell' for command environment: Not usable outside of PowerShell
[0.635s] DEBUG:colcon.colcon_core.shell:Skip shell extension 'dsv' for command environment
[0.664s] DEBUG:colcon.colcon_core.event_handler.log_command:Invoking command in '/home/pirobot/git/ros_pathfinder/build/action_interfaces': CMAKE_PREFIX_PATH=${CMAKE_PREFIX_PATH}:/home/pirobot/git/ros_pathfinder/install/ros_pathfinder:/home/pirobot/ros2_ws/install/my_robot_controller:/opt/ros/kilted DEBUGINFOD_URLS=https://debuginfod.ubuntu.com PS1=(.venv) \[\e]0;\u@\h: \w\a\]${debian_chroot:+($debian_chroot)}\[\033[01;32m\]\u@\h\[\033[00m\]:\[\033[01;34m\]\w\[\033[00m\]\$ VIRTUAL_ENV_PROMPT=(.venv) /usr/bin/cmake --build /home/pirobot/git/ros_pathfinder/build/action_interfaces -- -j4 -l4
[0.689s] DEBUG:colcon.colcon_core.event_handler.log_command:Invoking command in '/home/pirobot/git/ros_pathfinder/build/sllidar_ros2': CMAKE_PREFIX_PATH=${CMAKE_PREFIX_PATH}:/home/pirobot/git/ros_pathfinder/install/ros_pathfinder:/home/pirobot/ros2_ws/install/my_robot_controller:/opt/ros/kilted DEBUGINFOD_URLS=https://debuginfod.ubuntu.com PS1=(.venv) \[\e]0;\u@\h: \w\a\]${debian_chroot:+($debian_chroot)}\[\033[01;32m\]\u@\h\[\033[00m\]:\[\033[01;34m\]\w\[\033[00m\]\$ VIRTUAL_ENV_PROMPT=(.venv) /usr/bin/cmake --build /home/pirobot/git/ros_pathfinder/build/sllidar_ros2 -- -j4 -l4
[1.304s] DEBUG:colcon.colcon_core.event_handler.log_command:Invoked command in '/home/pirobot/git/ros_pathfinder/build/sllidar_ros2' returned '0': CMAKE_PREFIX_PATH=${CMAKE_PREFIX_PATH}:/home/pirobot/git/ros_pathfinder/install/ros_pathfinder:/home/pirobot/ros2_ws/install/my_robot_controller:/opt/ros/kilted DEBUGINFOD_URLS=https://debuginfod.ubuntu.com PS1=(.venv) \[\e]0;\u@\h: \w\a\]${debian_chroot:+($debian_chroot)}\[\033[01;32m\]\u@\h\[\033[00m\]:\[\033[01;34m\]\w\[\033[00m\]\$ VIRTUAL_ENV_PROMPT=(.venv) /usr/bin/cmake --build /home/pirobot/git/ros_pathfinder/build/sllidar_ros2 -- -j4 -l4
[1.505s] DEBUG:colcon.colcon_core.event_handler.log_command:Invoking command in '/home/pirobot/git/ros_pathfinder/build/sllidar_ros2': CMAKE_PREFIX_PATH=${CMAKE_PREFIX_PATH}:/home/pirobot/git/ros_pathfinder/install/ros_pathfinder:/home/pirobot/ros2_ws/install/my_robot_controller:/opt/ros/kilted DEBUGINFOD_URLS=https://debuginfod.ubuntu.com PS1=(.venv) \[\e]0;\u@\h: \w\a\]${debian_chroot:+($debian_chroot)}\[\033[01;32m\]\u@\h\[\033[00m\]:\[\033[01;34m\]\w\[\033[00m\]\$ VIRTUAL_ENV_PROMPT=(.venv) /usr/bin/cmake --install /home/pirobot/git/ros_pathfinder/build/sllidar_ros2
[1.717s] Level 1:colcon.colcon_core.environment:create_environment_scripts_only(sllidar_ros2)
[1.727s] DEBUG:colcon.colcon_core.event_handler.log_command:Invoked command in '/home/pirobot/git/ros_pathfinder/build/sllidar_ros2' returned '0': CMAKE_PREFIX_PATH=${CMAKE_PREFIX_PATH}:/home/pirobot/git/ros_pathfinder/install/ros_pathfinder:/home/pirobot/ros2_ws/install/my_robot_controller:/opt/ros/kilted DEBUGINFOD_URLS=https://debuginfod.ubuntu.com PS1=(.venv) \[\e]0;\u@\h: \w\a\]${debian_chroot:+($debian_chroot)}\[\033[01;32m\]\u@\h\[\033[00m\]:\[\033[01;34m\]\w\[\033[00m\]\$ VIRTUAL_ENV_PROMPT=(.venv) /usr/bin/cmake --install /home/pirobot/git/ros_pathfinder/build/sllidar_ros2
[1.756s] Level 1:colcon.colcon_core.environment:checking '/home/pirobot/git/ros_pathfinder/install/sllidar_ros2' for CMake module files
[1.762s] Level 1:colcon.colcon_core.environment:checking '/home/pirobot/git/ros_pathfinder/install/sllidar_ros2' for CMake config files
[1.773s] Level 1:colcon.colcon_core.shell:create_environment_hook('sllidar_ros2', 'cmake_prefix_path')
[1.776s] INFO:colcon.colcon_core.shell:Creating environment hook '/home/pirobot/git/ros_pathfinder/install/sllidar_ros2/share/sllidar_ros2/hook/cmake_prefix_path.ps1'
[1.787s] INFO:colcon.colcon_core.shell:Creating environment descriptor '/home/pirobot/git/ros_pathfinder/install/sllidar_ros2/share/sllidar_ros2/hook/cmake_prefix_path.dsv'
[1.804s] INFO:colcon.colcon_core.shell:Creating environment hook '/home/pirobot/git/ros_pathfinder/install/sllidar_ros2/share/sllidar_ros2/hook/cmake_prefix_path.sh'
[1.818s] Level 1:colcon.colcon_core.environment:checking '/home/pirobot/git/ros_pathfinder/install/sllidar_ros2/lib'
[1.819s] Level 1:colcon.colcon_core.environment:checking '/home/pirobot/git/ros_pathfinder/install/sllidar_ros2/bin'
[1.819s] Level 1:colcon.colcon_core.environment:checking '/home/pirobot/git/ros_pathfinder/install/sllidar_ros2/lib/pkgconfig/sllidar_ros2.pc'
[1.821s] Level 1:colcon.colcon_core.environment:checking '/home/pirobot/git/ros_pathfinder/install/sllidar_ros2/lib/python3.12/site-packages'
[1.822s] Level 1:colcon.colcon_core.environment:checking '/home/pirobot/git/ros_pathfinder/install/sllidar_ros2/bin'
[1.824s] INFO:colcon.colcon_core.shell:Creating package script '/home/pirobot/git/ros_pathfinder/install/sllidar_ros2/share/sllidar_ros2/package.ps1'
[1.830s] INFO:colcon.colcon_core.shell:Creating package descriptor '/home/pirobot/git/ros_pathfinder/install/sllidar_ros2/share/sllidar_ros2/package.dsv'
[1.835s] INFO:colcon.colcon_core.shell:Creating package script '/home/pirobot/git/ros_pathfinder/install/sllidar_ros2/share/sllidar_ros2/package.sh'
[1.842s] INFO:colcon.colcon_core.shell:Creating package script '/home/pirobot/git/ros_pathfinder/install/sllidar_ros2/share/sllidar_ros2/package.bash'
[1.846s] INFO:colcon.colcon_core.shell:Creating package script '/home/pirobot/git/ros_pathfinder/install/sllidar_ros2/share/sllidar_ros2/package.zsh'
[1.853s] Level 1:colcon.colcon_core.environment:create_file_with_runtime_dependencies(/home/pirobot/git/ros_pathfinder/install/sllidar_ros2/share/colcon-core/packages/sllidar_ros2)
[1.856s] Level 1:colcon.colcon_core.environment:create_environment_scripts_only(sllidar_ros2)
[1.857s] Level 1:colcon.colcon_core.environment:checking '/home/pirobot/git/ros_pathfinder/install/sllidar_ros2' for CMake module files
[1.859s] Level 1:colcon.colcon_core.environment:checking '/home/pirobot/git/ros_pathfinder/install/sllidar_ros2' for CMake config files
[1.863s] Level 1:colcon.colcon_core.shell:create_environment_hook('sllidar_ros2', 'cmake_prefix_path')
[1.865s] INFO:colcon.colcon_core.shell:Creating environment hook '/home/pirobot/git/ros_pathfinder/install/sllidar_ros2/share/sllidar_ros2/hook/cmake_prefix_path.ps1'
[1.869s] INFO:colcon.colcon_core.shell:Creating environment descriptor '/home/pirobot/git/ros_pathfinder/install/sllidar_ros2/share/sllidar_ros2/hook/cmake_prefix_path.dsv'
[1.879s] INFO:colcon.colcon_core.shell:Creating environment hook '/home/pirobot/git/ros_pathfinder/install/sllidar_ros2/share/sllidar_ros2/hook/cmake_prefix_path.sh'
[1.887s] Level 1:colcon.colcon_core.environment:checking '/home/pirobot/git/ros_pathfinder/install/sllidar_ros2/lib'
[1.888s] Level 1:colcon.colcon_core.environment:checking '/home/pirobot/git/ros_pathfinder/install/sllidar_ros2/bin'
[1.888s] Level 1:colcon.colcon_core.environment:checking '/home/pirobot/git/ros_pathfinder/install/sllidar_ros2/lib/pkgconfig/sllidar_ros2.pc'
[1.888s] Level 1:colcon.colcon_core.environment:checking '/home/pirobot/git/ros_pathfinder/install/sllidar_ros2/lib/python3.12/site-packages'
[1.891s] Level 1:colcon.colcon_core.environment:checking '/home/pirobot/git/ros_pathfinder/install/sllidar_ros2/bin'
[1.893s] INFO:colcon.colcon_core.shell:Creating package script '/home/pirobot/git/ros_pathfinder/install/sllidar_ros2/share/sllidar_ros2/package.ps1'
[1.894s] INFO:colcon.colcon_core.shell:Creating package descriptor '/home/pirobot/git/ros_pathfinder/install/sllidar_ros2/share/sllidar_ros2/package.dsv'
[1.896s] INFO:colcon.colcon_core.shell:Creating package script '/home/pirobot/git/ros_pathfinder/install/sllidar_ros2/share/sllidar_ros2/package.sh'
[1.899s] INFO:colcon.colcon_core.shell:Creating package script '/home/pirobot/git/ros_pathfinder/install/sllidar_ros2/share/sllidar_ros2/package.bash'
[1.902s] INFO:colcon.colcon_core.shell:Creating package script '/home/pirobot/git/ros_pathfinder/install/sllidar_ros2/share/sllidar_ros2/package.zsh'
[1.903s] Level 1:colcon.colcon_core.environment:create_file_with_runtime_dependencies(/home/pirobot/git/ros_pathfinder/install/sllidar_ros2/share/colcon-core/packages/sllidar_ros2)
[5.181s] DEBUG:colcon.colcon_core.event_handler.log_command:Invoked command in '/home/pirobot/git/ros_pathfinder/build/action_interfaces' returned '0': CMAKE_PREFIX_PATH=${CMAKE_PREFIX_PATH}:/home/pirobot/git/ros_pathfinder/install/ros_pathfinder:/home/pirobot/ros2_ws/install/my_robot_controller:/opt/ros/kilted DEBUGINFOD_URLS=https://debuginfod.ubuntu.com PS1=(.venv) \[\e]0;\u@\h: \w\a\]${debian_chroot:+($debian_chroot)}\[\033[01;32m\]\u@\h\[\033[00m\]:\[\033[01;34m\]\w\[\033[00m\]\$ VIRTUAL_ENV_PROMPT=(.venv) /usr/bin/cmake --build /home/pirobot/git/ros_pathfinder/build/action_interfaces -- -j4 -l4
[5.185s] DEBUG:colcon.colcon_core.event_handler.log_command:Invoking command in '/home/pirobot/git/ros_pathfinder/build/action_interfaces': CMAKE_PREFIX_PATH=${CMAKE_PREFIX_PATH}:/home/pirobot/git/ros_pathfinder/install/ros_pathfinder:/home/pirobot/ros2_ws/install/my_robot_controller:/opt/ros/kilted DEBUGINFOD_URLS=https://debuginfod.ubuntu.com PS1=(.venv) \[\e]0;\u@\h: \w\a\]${debian_chroot:+($debian_chroot)}\[\033[01;32m\]\u@\h\[\033[00m\]:\[\033[01;34m\]\w\[\033[00m\]\$ VIRTUAL_ENV_PROMPT=(.venv) /usr/bin/cmake --install /home/pirobot/git/ros_pathfinder/build/action_interfaces
[6.324s] Level 1:colcon.colcon_core.environment:create_environment_scripts_only(action_interfaces)
[6.325s] Level 1:colcon.colcon_core.environment:checking '/home/pirobot/git/ros_pathfinder/install/action_interfaces' for CMake module files
[6.334s] DEBUG:colcon.colcon_core.event_handler.log_command:Invoked command in '/home/pirobot/git/ros_pathfinder/build/action_interfaces' returned '0': CMAKE_PREFIX_PATH=${CMAKE_PREFIX_PATH}:/home/pirobot/git/ros_pathfinder/install/ros_pathfinder:/home/pirobot/ros2_ws/install/my_robot_controller:/opt/ros/kilted DEBUGINFOD_URLS=https://debuginfod.ubuntu.com PS1=(.venv) \[\e]0;\u@\h: \w\a\]${debian_chroot:+($debian_chroot)}\[\033[01;32m\]\u@\h\[\033[00m\]:\[\033[01;34m\]\w\[\033[00m\]\$ VIRTUAL_ENV_PROMPT=(.venv) /usr/bin/cmake --install /home/pirobot/git/ros_pathfinder/build/action_interfaces
[6.336s] Level 1:colcon.colcon_core.environment:checking '/home/pirobot/git/ros_pathfinder/install/action_interfaces' for CMake config files
[6.350s] Level 1:colcon.colcon_core.shell:create_environment_hook('action_interfaces', 'cmake_prefix_path')
[6.351s] INFO:colcon.colcon_core.shell:Creating environment hook '/home/pirobot/git/ros_pathfinder/install/action_interfaces/share/action_interfaces/hook/cmake_prefix_path.ps1'
[6.362s] INFO:colcon.colcon_core.shell:Creating environment descriptor '/home/pirobot/git/ros_pathfinder/install/action_interfaces/share/action_interfaces/hook/cmake_prefix_path.dsv'
[6.369s] INFO:colcon.colcon_core.shell:Creating environment hook '/home/pirobot/git/ros_pathfinder/install/action_interfaces/share/action_interfaces/hook/cmake_prefix_path.sh'
[6.381s] Level 1:colcon.colcon_core.environment:checking '/home/pirobot/git/ros_pathfinder/install/action_interfaces/lib'
[6.381s] Level 1:colcon.colcon_core.shell:create_environment_hook('action_interfaces', 'ld_library_path_lib')
[6.382s] INFO:colcon.colcon_core.shell:Creating environment hook '/home/pirobot/git/ros_pathfinder/install/action_interfaces/share/action_interfaces/hook/ld_library_path_lib.ps1'
[6.391s] INFO:colcon.colcon_core.shell:Creating environment descriptor '/home/pirobot/git/ros_pathfinder/install/action_interfaces/share/action_interfaces/hook/ld_library_path_lib.dsv'
[6.401s] INFO:colcon.colcon_core.shell:Creating environment hook '/home/pirobot/git/ros_pathfinder/install/action_interfaces/share/action_interfaces/hook/ld_library_path_lib.sh'
[6.404s] Level 1:colcon.colcon_core.environment:checking '/home/pirobot/git/ros_pathfinder/install/action_interfaces/bin'
[6.404s] Level 1:colcon.colcon_core.environment:checking '/home/pirobot/git/ros_pathfinder/install/action_interfaces/lib/pkgconfig/action_interfaces.pc'
[6.405s] Level 1:colcon.colcon_core.environment:checking '/home/pirobot/git/ros_pathfinder/install/action_interfaces/lib/python3.12/site-packages'
[6.416s] Level 1:colcon.colcon_core.shell:create_environment_hook('action_interfaces', 'pythonpath')
[6.418s] INFO:colcon.colcon_core.shell:Creating environment hook '/home/pirobot/git/ros_pathfinder/install/action_interfaces/share/action_interfaces/hook/pythonpath.ps1'
[6.419s] INFO:colcon.colcon_core.shell:Creating environment descriptor '/home/pirobot/git/ros_pathfinder/install/action_interfaces/share/action_interfaces/hook/pythonpath.dsv'
[6.424s] INFO:colcon.colcon_core.shell:Creating environment hook '/home/pirobot/git/ros_pathfinder/install/action_interfaces/share/action_interfaces/hook/pythonpath.sh'
[6.426s] Level 1:colcon.colcon_core.environment:checking '/home/pirobot/git/ros_pathfinder/install/action_interfaces/bin'
[6.431s] INFO:colcon.colcon_core.shell:Creating package script '/home/pirobot/git/ros_pathfinder/install/action_interfaces/share/action_interfaces/package.ps1'
[6.433s] INFO:colcon.colcon_core.shell:Creating package descriptor '/home/pirobot/git/ros_pathfinder/install/action_interfaces/share/action_interfaces/package.dsv'
[6.434s] INFO:colcon.colcon_core.shell:Creating package script '/home/pirobot/git/ros_pathfinder/install/action_interfaces/share/action_interfaces/package.sh'
[6.435s] INFO:colcon.colcon_core.shell:Creating package script '/home/pirobot/git/ros_pathfinder/install/action_interfaces/share/action_interfaces/package.bash'
[6.436s] INFO:colcon.colcon_core.shell:Creating package script '/home/pirobot/git/ros_pathfinder/install/action_interfaces/share/action_interfaces/package.zsh'
[6.439s] Level 1:colcon.colcon_core.environment:create_file_with_runtime_dependencies(/home/pirobot/git/ros_pathfinder/install/action_interfaces/share/colcon-core/packages/action_interfaces)
[6.442s] Level 1:colcon.colcon_core.environment:create_environment_scripts_only(action_interfaces)
[6.442s] Level 1:colcon.colcon_core.environment:checking '/home/pirobot/git/ros_pathfinder/install/action_interfaces' for CMake module files
[6.453s] Level 1:colcon.colcon_core.environment:checking '/home/pirobot/git/ros_pathfinder/install/action_interfaces' for CMake config files
[6.454s] Level 1:colcon.colcon_core.shell:create_environment_hook('action_interfaces', 'cmake_prefix_path')
[6.457s] INFO:colcon.colcon_core.shell:Creating environment hook '/home/pirobot/git/ros_pathfinder/install/action_interfaces/share/action_interfaces/hook/cmake_prefix_path.ps1'
[6.458s] INFO:colcon.colcon_core.shell:Creating environment descriptor '/home/pirobot/git/ros_pathfinder/install/action_interfaces/share/action_interfaces/hook/cmake_prefix_path.dsv'
[6.460s] INFO:colcon.colcon_core.shell:Creating environment hook '/home/pirobot/git/ros_pathfinder/install/action_interfaces/share/action_interfaces/hook/cmake_prefix_path.sh'
[6.463s] Level 1:colcon.colcon_core.environment:checking '/home/pirobot/git/ros_pathfinder/install/action_interfaces/lib'
[6.463s] Level 1:colcon.colcon_core.shell:create_environment_hook('action_interfaces', 'ld_library_path_lib')
[6.464s] INFO:colcon.colcon_core.shell:Creating environment hook '/home/pirobot/git/ros_pathfinder/install/action_interfaces/share/action_interfaces/hook/ld_library_path_lib.ps1'
[6.466s] INFO:colcon.colcon_core.shell:Creating environment descriptor '/home/pirobot/git/ros_pathfinder/install/action_interfaces/share/action_interfaces/hook/ld_library_path_lib.dsv'
[6.467s] INFO:colcon.colcon_core.shell:Creating environment hook '/home/pirobot/git/ros_pathfinder/install/action_interfaces/share/action_interfaces/hook/ld_library_path_lib.sh'
[6.468s] Level 1:colcon.colcon_core.environment:checking '/home/pirobot/git/ros_pathfinder/install/action_interfaces/bin'
[6.469s] Level 1:colcon.colcon_core.environment:checking '/home/pirobot/git/ros_pathfinder/install/action_interfaces/lib/pkgconfig/action_interfaces.pc'
[6.469s] Level 1:colcon.colcon_core.environment:checking '/home/pirobot/git/ros_pathfinder/install/action_interfaces/lib/python3.12/site-packages'
[6.470s] Level 1:colcon.colcon_core.shell:create_environment_hook('action_interfaces', 'pythonpath')
[6.471s] INFO:colcon.colcon_core.shell:Creating environment hook '/home/pirobot/git/ros_pathfinder/install/action_interfaces/share/action_interfaces/hook/pythonpath.ps1'
[6.472s] INFO:colcon.colcon_core.shell:Creating environment descriptor '/home/pirobot/git/ros_pathfinder/install/action_interfaces/share/action_interfaces/hook/pythonpath.dsv'
[6.473s] INFO:colcon.colcon_core.shell:Creating environment hook '/home/pirobot/git/ros_pathfinder/install/action_interfaces/share/action_interfaces/hook/pythonpath.sh'
[6.475s] Level 1:colcon.colcon_core.environment:checking '/home/pirobot/git/ros_pathfinder/install/action_interfaces/bin'
[6.476s] INFO:colcon.colcon_core.shell:Creating package script '/home/pirobot/git/ros_pathfinder/install/action_interfaces/share/action_interfaces/package.ps1'
[6.478s] INFO:colcon.colcon_core.shell:Creating package descriptor '/home/pirobot/git/ros_pathfinder/install/action_interfaces/share/action_interfaces/package.dsv'
[6.481s] INFO:colcon.colcon_core.shell:Creating package script '/home/pirobot/git/ros_pathfinder/install/action_interfaces/share/action_interfaces/package.sh'
[6.483s] INFO:colcon.colcon_core.shell:Creating package script '/home/pirobot/git/ros_pathfinder/install/action_interfaces/share/action_interfaces/package.bash'
[6.485s] INFO:colcon.colcon_core.shell:Creating package script '/home/pirobot/git/ros_pathfinder/install/action_interfaces/share/action_interfaces/package.zsh'
[6.486s] Level 1:colcon.colcon_core.environment:create_file_with_runtime_dependencies(/home/pirobot/git/ros_pathfinder/install/action_interfaces/share/colcon-core/packages/action_interfaces)
[6.488s] INFO:colcon.colcon_ros.task.ament_python.build:Building ROS package in '/home/pirobot/git/ros_pathfinder/src/ros_pathfinder' with build type 'ament_python'
[6.489s] Level 1:colcon.colcon_core.shell:create_environment_hook('ros_pathfinder', 'ament_prefix_path')
[6.489s] INFO:colcon.colcon_core.shell:Creating environment hook '/home/pirobot/git/ros_pathfinder/install/ros_pathfinder/share/ros_pathfinder/hook/ament_prefix_path.ps1'
[6.491s] INFO:colcon.colcon_core.shell:Creating environment descriptor '/home/pirobot/git/ros_pathfinder/install/ros_pathfinder/share/ros_pathfinder/hook/ament_prefix_path.dsv'
[6.493s] INFO:colcon.colcon_core.shell:Creating environment hook '/home/pirobot/git/ros_pathfinder/install/ros_pathfinder/share/ros_pathfinder/hook/ament_prefix_path.sh'
[6.495s] INFO:colcon.colcon_core.shell:Skip shell extension 'powershell' for command environment: Not usable outside of PowerShell
[6.495s] DEBUG:colcon.colcon_core.shell:Skip shell extension 'dsv' for command environment
[9.491s] INFO:colcon.colcon_core.task.python.build:Building Python package in '/home/pirobot/git/ros_pathfinder/src/ros_pathfinder'
[9.492s] INFO:colcon.colcon_core.shell:Skip shell extension 'powershell' for command environment: Not usable outside of PowerShell
[9.492s] DEBUG:colcon.colcon_core.shell:Skip shell extension 'dsv' for command environment
[22.069s] DEBUG:colcon.colcon_core.event_handler.log_command:Invoking command in '/home/pirobot/git/ros_pathfinder/src/ros_pathfinder': CMAKE_PREFIX_PATH=/home/pirobot/git/ros_pathfinder/install/action_interfaces:/home/pirobot/git/ros_pathfinder/install/sllidar_ros2:/opt/ros/kilted/opt/gz_math_vendor:/opt/ros/kilted/opt/gz_utils_vendor:/opt/ros/kilted/opt/gz_cmake_vendor DEBUGINFOD_URLS=https://debuginfod.ubuntu.com PS1=(.venv) \[\e]0;\u@\h: \w\a\]${debian_chroot:+($debian_chroot)}\[\033[01;32m\]\u@\h\[\033[00m\]:\[\033[01;34m\]\w\[\033[00m\]\$ PYTHONPATH=/home/pirobot/git/ros_pathfinder/build/ros_pathfinder/prefix_override:/usr/lib/python3/dist-packages/colcon_core/task/python/colcon_distutils_commands:/home/pirobot/git/ros_pathfinder/install/ros_pathfinder/lib/python3.12/site-packages:/home/pirobot/git/ros_pathfinder/install/action_interfaces/lib/python3.12/site-packages:/home/pirobot/git/ros_pathfinder/install/ros_pathfinder/lib/python3.12/site-packages:/home/pirobot/ros2_ws/install/my_robot_controller/lib/python3.12/site-packages:/opt/ros/kilted/lib/python3.12/site-packages VIRTUAL_ENV_PROMPT=(.venv) /usr/bin/python3 -W ignore:setup.py install is deprecated -W ignore:easy_install command is deprecated setup.py egg_info --egg-base ../../build/ros_pathfinder build --build-base /home/pirobot/git/ros_pathfinder/build/ros_pathfinder/build install --record /home/pirobot/git/ros_pathfinder/build/ros_pathfinder/install.log --single-version-externally-managed install_data
[31.126s] Level 1:colcon.colcon_core.environment:checking '/home/pirobot/git/ros_pathfinder/install/ros_pathfinder' for CMake module files
[31.132s] Level 1:colcon.colcon_core.environment:checking '/home/pirobot/git/ros_pathfinder/install/ros_pathfinder' for CMake config files
[31.135s] DEBUG:colcon.colcon_core.event_handler.log_command:Invoked command in '/home/pirobot/git/ros_pathfinder/src/ros_pathfinder' returned '0': CMAKE_PREFIX_PATH=/home/pirobot/git/ros_pathfinder/install/action_interfaces:/home/pirobot/git/ros_pathfinder/install/sllidar_ros2:/opt/ros/kilted/opt/gz_math_vendor:/opt/ros/kilted/opt/gz_utils_vendor:/opt/ros/kilted/opt/gz_cmake_vendor DEBUGINFOD_URLS=https://debuginfod.ubuntu.com PS1=(.venv) \[\e]0;\u@\h: \w\a\]${debian_chroot:+($debian_chroot)}\[\033[01;32m\]\u@\h\[\033[00m\]:\[\033[01;34m\]\w\[\033[00m\]\$ PYTHONPATH=/home/pirobot/git/ros_pathfinder/build/ros_pathfinder/prefix_override:/usr/lib/python3/dist-packages/colcon_core/task/python/colcon_distutils_commands:/home/pirobot/git/ros_pathfinder/install/ros_pathfinder/lib/python3.12/site-packages:/home/pirobot/git/ros_pathfinder/install/action_interfaces/lib/python3.12/site-packages:/home/pirobot/git/ros_pathfinder/install/ros_pathfinder/lib/python3.12/site-packages:/home/pirobot/ros2_ws/install/my_robot_controller/lib/python3.12/site-packages:/opt/ros/kilted/lib/python3.12/site-packages VIRTUAL_ENV_PROMPT=(.venv) /usr/bin/python3 -W ignore:setup.py install is deprecated -W ignore:easy_install command is deprecated setup.py egg_info --egg-base ../../build/ros_pathfinder build --build-base /home/pirobot/git/ros_pathfinder/build/ros_pathfinder/build install --record /home/pirobot/git/ros_pathfinder/build/ros_pathfinder/install.log --single-version-externally-managed install_data
[31.138s] Level 1:colcon.colcon_core.environment:checking '/home/pirobot/git/ros_pathfinder/install/ros_pathfinder/lib'
[31.139s] Level 1:colcon.colcon_core.environment:checking '/home/pirobot/git/ros_pathfinder/install/ros_pathfinder/bin'
[31.142s] Level 1:colcon.colcon_core.environment:checking '/home/pirobot/git/ros_pathfinder/install/ros_pathfinder/lib/pkgconfig/ros_pathfinder.pc'
[31.143s] Level 1:colcon.colcon_core.environment:checking '/home/pirobot/git/ros_pathfinder/install/ros_pathfinder/lib/python3.12/site-packages'
[31.143s] Level 1:colcon.colcon_core.shell:create_environment_hook('ros_pathfinder', 'pythonpath')
[31.144s] INFO:colcon.colcon_core.shell:Creating environment hook '/home/pirobot/git/ros_pathfinder/install/ros_pathfinder/share/ros_pathfinder/hook/pythonpath.ps1'
[31.151s] INFO:colcon.colcon_core.shell:Creating environment descriptor '/home/pirobot/git/ros_pathfinder/install/ros_pathfinder/share/ros_pathfinder/hook/pythonpath.dsv'
[31.152s] INFO:colcon.colcon_core.shell:Creating environment hook '/home/pirobot/git/ros_pathfinder/install/ros_pathfinder/share/ros_pathfinder/hook/pythonpath.sh'
[31.165s] Level 1:colcon.colcon_core.environment:checking '/home/pirobot/git/ros_pathfinder/install/ros_pathfinder/bin'
[31.171s] Level 1:colcon.colcon_core.environment:create_environment_scripts_only(ros_pathfinder)
[31.172s] INFO:colcon.colcon_core.shell:Creating package script '/home/pirobot/git/ros_pathfinder/install/ros_pathfinder/share/ros_pathfinder/package.ps1'
[31.190s] INFO:colcon.colcon_core.shell:Creating package descriptor '/home/pirobot/git/ros_pathfinder/install/ros_pathfinder/share/ros_pathfinder/package.dsv'
[31.191s] INFO:colcon.colcon_core.shell:Creating package script '/home/pirobot/git/ros_pathfinder/install/ros_pathfinder/share/ros_pathfinder/package.sh'
[31.208s] INFO:colcon.colcon_core.shell:Creating package script '/home/pirobot/git/ros_pathfinder/install/ros_pathfinder/share/ros_pathfinder/package.bash'
[31.219s] INFO:colcon.colcon_core.shell:Creating package script '/home/pirobot/git/ros_pathfinder/install/ros_pathfinder/share/ros_pathfinder/package.zsh'
[31.225s] Level 1:colcon.colcon_core.environment:create_file_with_runtime_dependencies(/home/pirobot/git/ros_pathfinder/install/ros_pathfinder/share/colcon-core/packages/ros_pathfinder)
[31.226s] DEBUG:colcon.colcon_parallel_executor.executor.parallel:closing loop
[31.239s] DEBUG:colcon.colcon_parallel_executor.executor.parallel:loop closed
[31.239s] DEBUG:colcon.colcon_parallel_executor.executor.parallel:run_until_complete finished with '0'
[31.239s] DEBUG:colcon.colcon_core.event_reactor:joining thread
[31.340s] INFO:colcon.colcon_core.plugin_system:Skipping extension 'colcon_notification.desktop_notification.terminal_notifier': Not used on non-Darwin systems
[31.349s] INFO:colcon.colcon_core.plugin_system:Skipping extension 'colcon_notification.desktop_notification.win32': Not used on non-Windows systems
[31.353s] INFO:colcon.colcon_notification.desktop_notification:Sending desktop notification using 'notify2'
[31.467s] DEBUG:colcon.colcon_core.event_reactor:joined thread
[31.468s] INFO:colcon.colcon_core.shell:Creating prefix script '/home/pirobot/git/ros_pathfinder/install/local_setup.ps1'
[31.473s] INFO:colcon.colcon_core.shell:Creating prefix util module '/home/pirobot/git/ros_pathfinder/install/_local_setup_util_ps1.py'
[31.483s] INFO:colcon.colcon_core.shell:Creating prefix chain script '/home/pirobot/git/ros_pathfinder/install/setup.ps1'
[31.489s] INFO:colcon.colcon_core.shell:Creating prefix script '/home/pirobot/git/ros_pathfinder/install/local_setup.sh'
[31.493s] INFO:colcon.colcon_core.shell:Creating prefix util module '/home/pirobot/git/ros_pathfinder/install/_local_setup_util_sh.py'
[31.498s] INFO:colcon.colcon_core.shell:Creating prefix chain script '/home/pirobot/git/ros_pathfinder/install/setup.sh'
[31.528s] INFO:colcon.colcon_core.shell:Creating prefix script '/home/pirobot/git/ros_pathfinder/install/local_setup.bash'
[31.529s] INFO:colcon.colcon_core.shell:Creating prefix chain script '/home/pirobot/git/ros_pathfinder/install/setup.bash'
[31.551s] INFO:colcon.colcon_core.shell:Creating prefix script '/home/pirobot/git/ros_pathfinder/install/local_setup.zsh'
[31.561s] INFO:colcon.colcon_core.shell:Creating prefix chain script '/home/pirobot/git/ros_pathfinder/install/setup.zsh'
