[0.040s] Invoking command in '/home/pirobot/git/ros_pathfinder/build/action_interfaces': CMAKE_PREFIX_PATH=${CMAKE_PREFIX_PATH}:/home/pirobot/git/ros_pathfinder/install/ros_pathfinder:/home/pirobot/ros2_ws/install/my_robot_controller:/opt/ros/kilted DEBUGINFOD_URLS=https://debuginfod.ubuntu.com PS1=(.venv) \[\e]0;\u@\h: \w\a\]${debian_chroot:+($debian_chroot)}\[\033[01;32m\]\u@\h\[\033[00m\]:\[\033[01;34m\]\w\[\033[00m\]\$ VIRTUAL_ENV_PROMPT=(.venv) /usr/bin/cmake --build /home/pirobot/git/ros_pathfinder/build/action_interfaces -- -j4 -l4
[0.179s] [  2%] Built target action_interfaces__rosidl_generator_type_description
[0.202s] [  2%] Built target ament_cmake_python_copy_action_interfaces
[0.274s] [  5%] Built target action_interfaces__cpp
[0.274s] [ 20%] Built target action_interfaces__rosidl_generator_c
[0.371s] [ 29%] Built target action_interfaces__rosidl_typesupport_introspection_c
[0.394s] [ 38%] Built target action_interfaces__rosidl_typesupport_c
[0.401s] [ 47%] Built target action_interfaces__rosidl_typesupport_fastrtps_c
[0.465s] [ 55%] Built target action_interfaces__rosidl_typesupport_fastrtps_cpp
[0.530s] [ 64%] Built target action_interfaces__rosidl_typesupport_introspection_cpp
[0.530s] [ 73%] Built target action_interfaces__rosidl_typesupport_cpp
[0.652s] [ 73%] Built target action_interfaces
[0.789s] [ 76%] Built target action_interfaces__py
[0.923s] [ 82%] Built target action_interfaces__rosidl_generator_py
[1.064s] [ 88%] Built target action_interfaces_s__rosidl_typesupport_introspection_c
[1.080s] [ 94%] Built target action_interfaces_s__rosidl_typesupport_c
[1.099s] [100%] Built target action_interfaces_s__rosidl_typesupport_fastrtps_c
[1.352s] running egg_info
[1.444s] writing action_interfaces.egg-info/PKG-INFO
[1.445s] writing dependency_links to action_interfaces.egg-info/dependency_links.txt
[1.447s] writing top-level names to action_interfaces.egg-info/top_level.txt
[1.675s] reading manifest file 'action_interfaces.egg-info/SOURCES.txt'
[1.675s] writing manifest file 'action_interfaces.egg-info/SOURCES.txt'
[1.932s] [100%] Built target ament_cmake_python_build_action_interfaces_egg
[2.040s] Invoked command in '/home/pirobot/git/ros_pathfinder/build/action_interfaces' returned '0': CMAKE_PREFIX_PATH=${CMAKE_PREFIX_PATH}:/home/pirobot/git/ros_pathfinder/install/ros_pathfinder:/home/pirobot/ros2_ws/install/my_robot_controller:/opt/ros/kilted DEBUGINFOD_URLS=https://debuginfod.ubuntu.com PS1=(.venv) \[\e]0;\u@\h: \w\a\]${debian_chroot:+($debian_chroot)}\[\033[01;32m\]\u@\h\[\033[00m\]:\[\033[01;34m\]\w\[\033[00m\]\$ VIRTUAL_ENV_PROMPT=(.venv) /usr/bin/cmake --build /home/pirobot/git/ros_pathfinder/build/action_interfaces -- -j4 -l4
[2.048s] Invoking command in '/home/pirobot/git/ros_pathfinder/build/action_interfaces': CMAKE_PREFIX_PATH=${CMAKE_PREFIX_PATH}:/home/pirobot/git/ros_pathfinder/install/ros_pathfinder:/home/pirobot/ros2_ws/install/my_robot_controller:/opt/ros/kilted DEBUGINFOD_URLS=https://debuginfod.ubuntu.com PS1=(.venv) \[\e]0;\u@\h: \w\a\]${debian_chroot:+($debian_chroot)}\[\033[01;32m\]\u@\h\[\033[00m\]:\[\033[01;34m\]\w\[\033[00m\]\$ VIRTUAL_ENV_PROMPT=(.venv) /usr/bin/cmake --install /home/pirobot/git/ros_pathfinder/build/action_interfaces
[2.095s] -- Install configuration: ""
[2.097s] -- Up-to-date: /home/pirobot/git/ros_pathfinder/install/action_interfaces/share/ament_index/resource_index/rosidl_interfaces/action_interfaces
[2.097s] -- Up-to-date: /home/pirobot/git/ros_pathfinder/install/action_interfaces/share/action_interfaces/action/MotorControl.json
[2.101s] -- Up-to-date: /home/pirobot/git/ros_pathfinder/install/action_interfaces/include/action_interfaces/action_interfaces
[2.101s] -- Up-to-date: /home/pirobot/git/ros_pathfinder/install/action_interfaces/include/action_interfaces/action_interfaces/action
[2.101s] -- Up-to-date: /home/pirobot/git/ros_pathfinder/install/action_interfaces/include/action_interfaces/action_interfaces/action/motor_control.h
[2.106s] -- Up-to-date: /home/pirobot/git/ros_pathfinder/install/action_interfaces/include/action_interfaces/action_interfaces/action/detail
[2.106s] -- Up-to-date: /home/pirobot/git/ros_pathfinder/install/action_interfaces/include/action_interfaces/action_interfaces/action/detail/motor_control__type_support.h
[2.106s] -- Up-to-date: /home/pirobot/git/ros_pathfinder/install/action_interfaces/include/action_interfaces/action_interfaces/action/detail/motor_control__functions.h
[2.111s] -- Up-to-date: /home/pirobot/git/ros_pathfinder/install/action_interfaces/include/action_interfaces/action_interfaces/action/detail/motor_control__struct.h
[2.112s] -- Installing: /home/pirobot/git/ros_pathfinder/install/action_interfaces/include/action_interfaces/action_interfaces/action/detail/motor_control__type_support.c
[2.112s] -- Up-to-date: /home/pirobot/git/ros_pathfinder/install/action_interfaces/include/action_interfaces/action_interfaces/action/detail/motor_control__functions.c
[2.113s] -- Up-to-date: /home/pirobot/git/ros_pathfinder/install/action_interfaces/include/action_interfaces/action_interfaces/action/detail/motor_control__description.c
[2.114s] -- Up-to-date: /home/pirobot/git/ros_pathfinder/install/action_interfaces/include/action_interfaces/action_interfaces/msg
[2.114s] -- Up-to-date: /home/pirobot/git/ros_pathfinder/install/action_interfaces/include/action_interfaces/action_interfaces/msg/rosidl_generator_c__visibility_control.h
[2.118s] -- Up-to-date: /home/pirobot/git/ros_pathfinder/install/action_interfaces/share/action_interfaces/environment/library_path.sh
[2.119s] -- Up-to-date: /home/pirobot/git/ros_pathfinder/install/action_interfaces/share/action_interfaces/environment/library_path.dsv
[2.121s] -- Up-to-date: /home/pirobot/git/ros_pathfinder/install/action_interfaces/lib/libaction_interfaces__rosidl_generator_c.so
[2.121s] -- Up-to-date: /home/pirobot/git/ros_pathfinder/install/action_interfaces/include/action_interfaces/action_interfaces
[2.121s] -- Up-to-date: /home/pirobot/git/ros_pathfinder/install/action_interfaces/include/action_interfaces/action_interfaces/action
[2.121s] -- Up-to-date: /home/pirobot/git/ros_pathfinder/install/action_interfaces/include/action_interfaces/action_interfaces/action/detail
[2.121s] -- Up-to-date: /home/pirobot/git/ros_pathfinder/install/action_interfaces/include/action_interfaces/action_interfaces/action/detail/motor_control__rosidl_typesupport_fastrtps_c.h
[2.121s] -- Up-to-date: /home/pirobot/git/ros_pathfinder/install/action_interfaces/include/action_interfaces/action_interfaces/msg
[2.125s] -- Up-to-date: /home/pirobot/git/ros_pathfinder/install/action_interfaces/include/action_interfaces/action_interfaces/msg/rosidl_typesupport_fastrtps_c__visibility_control.h
[2.128s] -- Up-to-date: /home/pirobot/git/ros_pathfinder/install/action_interfaces/lib/libaction_interfaces__rosidl_typesupport_fastrtps_c.so
[2.128s] -- Up-to-date: /home/pirobot/git/ros_pathfinder/install/action_interfaces/include/action_interfaces/action_interfaces
[2.128s] -- Up-to-date: /home/pirobot/git/ros_pathfinder/install/action_interfaces/include/action_interfaces/action_interfaces/action
[2.128s] -- Up-to-date: /home/pirobot/git/ros_pathfinder/install/action_interfaces/include/action_interfaces/action_interfaces/action/detail
[2.132s] -- Installing: /home/pirobot/git/ros_pathfinder/install/action_interfaces/include/action_interfaces/action_interfaces/action/detail/motor_control__type_support.c
[2.134s] -- Up-to-date: /home/pirobot/git/ros_pathfinder/install/action_interfaces/include/action_interfaces/action_interfaces/action/detail/motor_control__rosidl_typesupport_introspection_c.h
[2.135s] -- Up-to-date: /home/pirobot/git/ros_pathfinder/install/action_interfaces/include/action_interfaces/action_interfaces/msg
[2.135s] -- Up-to-date: /home/pirobot/git/ros_pathfinder/install/action_interfaces/include/action_interfaces/action_interfaces/msg/rosidl_typesupport_introspection_c__visibility_control.h
[2.135s] -- Up-to-date: /home/pirobot/git/ros_pathfinder/install/action_interfaces/lib/libaction_interfaces__rosidl_typesupport_introspection_c.so
[2.135s] -- Up-to-date: /home/pirobot/git/ros_pathfinder/install/action_interfaces/lib/libaction_interfaces__rosidl_typesupport_c.so
[2.139s] -- Up-to-date: /home/pirobot/git/ros_pathfinder/install/action_interfaces/include/action_interfaces/action_interfaces
[2.139s] -- Up-to-date: /home/pirobot/git/ros_pathfinder/install/action_interfaces/include/action_interfaces/action_interfaces/action
[2.141s] -- Up-to-date: /home/pirobot/git/ros_pathfinder/install/action_interfaces/include/action_interfaces/action_interfaces/action/motor_control.hpp
[2.142s] -- Up-to-date: /home/pirobot/git/ros_pathfinder/install/action_interfaces/include/action_interfaces/action_interfaces/action/detail
[2.147s] -- Up-to-date: /home/pirobot/git/ros_pathfinder/install/action_interfaces/include/action_interfaces/action_interfaces/action/detail/motor_control__struct.hpp
[2.148s] -- Up-to-date: /home/pirobot/git/ros_pathfinder/install/action_interfaces/include/action_interfaces/action_interfaces/action/detail/motor_control__type_support.hpp
[2.148s] -- Up-to-date: /home/pirobot/git/ros_pathfinder/install/action_interfaces/include/action_interfaces/action_interfaces/action/detail/motor_control__builder.hpp
[2.148s] -- Up-to-date: /home/pirobot/git/ros_pathfinder/install/action_interfaces/include/action_interfaces/action_interfaces/action/detail/motor_control__traits.hpp
[2.148s] -- Up-to-date: /home/pirobot/git/ros_pathfinder/install/action_interfaces/include/action_interfaces/action_interfaces/msg
[2.149s] -- Up-to-date: /home/pirobot/git/ros_pathfinder/install/action_interfaces/include/action_interfaces/action_interfaces/msg/rosidl_generator_cpp__visibility_control.hpp
[2.153s] -- Up-to-date: /home/pirobot/git/ros_pathfinder/install/action_interfaces/include/action_interfaces/action_interfaces
[2.153s] -- Up-to-date: /home/pirobot/git/ros_pathfinder/install/action_interfaces/include/action_interfaces/action_interfaces/action
[2.158s] -- Up-to-date: /home/pirobot/git/ros_pathfinder/install/action_interfaces/include/action_interfaces/action_interfaces/action/detail
[2.158s] -- Up-to-date: /home/pirobot/git/ros_pathfinder/install/action_interfaces/include/action_interfaces/action_interfaces/action/detail/motor_control__rosidl_typesupport_fastrtps_cpp.hpp
[2.158s] -- Up-to-date: /home/pirobot/git/ros_pathfinder/install/action_interfaces/include/action_interfaces/action_interfaces/action/detail/dds_fastrtps
[2.159s] -- Up-to-date: /home/pirobot/git/ros_pathfinder/install/action_interfaces/include/action_interfaces/action_interfaces/msg
[2.159s] -- Up-to-date: /home/pirobot/git/ros_pathfinder/install/action_interfaces/include/action_interfaces/action_interfaces/msg/rosidl_typesupport_fastrtps_cpp__visibility_control.h
[2.159s] -- Up-to-date: /home/pirobot/git/ros_pathfinder/install/action_interfaces/lib/libaction_interfaces__rosidl_typesupport_fastrtps_cpp.so
[2.159s] -- Up-to-date: /home/pirobot/git/ros_pathfinder/install/action_interfaces/include/action_interfaces/action_interfaces
[2.160s] -- Up-to-date: /home/pirobot/git/ros_pathfinder/install/action_interfaces/include/action_interfaces/action_interfaces/action
[2.160s] -- Up-to-date: /home/pirobot/git/ros_pathfinder/install/action_interfaces/include/action_interfaces/action_interfaces/action/detail
[2.166s] -- Up-to-date: /home/pirobot/git/ros_pathfinder/install/action_interfaces/include/action_interfaces/action_interfaces/action/detail/motor_control__type_support.cpp
[2.167s] -- Up-to-date: /home/pirobot/git/ros_pathfinder/install/action_interfaces/include/action_interfaces/action_interfaces/action/detail/motor_control__rosidl_typesupport_introspection_cpp.hpp
[2.167s] -- Up-to-date: /home/pirobot/git/ros_pathfinder/install/action_interfaces/lib/libaction_interfaces__rosidl_typesupport_introspection_cpp.so
[2.167s] -- Up-to-date: /home/pirobot/git/ros_pathfinder/install/action_interfaces/lib/libaction_interfaces__rosidl_typesupport_cpp.so
[2.167s] -- Up-to-date: /home/pirobot/git/ros_pathfinder/install/action_interfaces/share/action_interfaces/environment/pythonpath.sh
[2.167s] -- Up-to-date: /home/pirobot/git/ros_pathfinder/install/action_interfaces/share/action_interfaces/environment/pythonpath.dsv
[2.172s] -- Up-to-date: /home/pirobot/git/ros_pathfinder/install/action_interfaces/lib/python3.12/site-packages/action_interfaces-0.0.0-py3.12.egg-info
[2.172s] -- Installing: /home/pirobot/git/ros_pathfinder/install/action_interfaces/lib/python3.12/site-packages/action_interfaces-0.0.0-py3.12.egg-info/dependency_links.txt
[2.172s] -- Installing: /home/pirobot/git/ros_pathfinder/install/action_interfaces/lib/python3.12/site-packages/action_interfaces-0.0.0-py3.12.egg-info/top_level.txt
[2.173s] -- Installing: /home/pirobot/git/ros_pathfinder/install/action_interfaces/lib/python3.12/site-packages/action_interfaces-0.0.0-py3.12.egg-info/SOURCES.txt
[2.173s] -- Installing: /home/pirobot/git/ros_pathfinder/install/action_interfaces/lib/python3.12/site-packages/action_interfaces-0.0.0-py3.12.egg-info/PKG-INFO
[2.174s] -- Up-to-date: /home/pirobot/git/ros_pathfinder/install/action_interfaces/lib/python3.12/site-packages/action_interfaces
[2.174s] -- Up-to-date: /home/pirobot/git/ros_pathfinder/install/action_interfaces/lib/python3.12/site-packages/action_interfaces/action_interfaces_s__rosidl_typesupport_fastrtps_c.so
[2.174s] -- Up-to-date: /home/pirobot/git/ros_pathfinder/install/action_interfaces/lib/python3.12/site-packages/action_interfaces/_action_interfaces_s.ep.rosidl_typesupport_fastrtps_c.c
[2.174s] -- Up-to-date: /home/pirobot/git/ros_pathfinder/install/action_interfaces/lib/python3.12/site-packages/action_interfaces/action_interfaces_s__rosidl_typesupport_c.so
[2.174s] -- Up-to-date: /home/pirobot/git/ros_pathfinder/install/action_interfaces/lib/python3.12/site-packages/action_interfaces/_action_interfaces_s.ep.rosidl_typesupport_c.c
[2.179s] -- Up-to-date: /home/pirobot/git/ros_pathfinder/install/action_interfaces/lib/python3.12/site-packages/action_interfaces/action_interfaces_s__rosidl_typesupport_introspection_c.so
[2.179s] -- Up-to-date: /home/pirobot/git/ros_pathfinder/install/action_interfaces/lib/python3.12/site-packages/action_interfaces/action
[2.179s] -- Up-to-date: /home/pirobot/git/ros_pathfinder/install/action_interfaces/lib/python3.12/site-packages/action_interfaces/action/_motor_control_s.c
[2.182s] -- Up-to-date: /home/pirobot/git/ros_pathfinder/install/action_interfaces/lib/python3.12/site-packages/action_interfaces/action/_motor_control.py
[2.182s] -- Up-to-date: /home/pirobot/git/ros_pathfinder/install/action_interfaces/lib/python3.12/site-packages/action_interfaces/action/__init__.py
[2.184s] -- Up-to-date: /home/pirobot/git/ros_pathfinder/install/action_interfaces/lib/python3.12/site-packages/action_interfaces/__init__.py
[2.184s] -- Up-to-date: /home/pirobot/git/ros_pathfinder/install/action_interfaces/lib/python3.12/site-packages/action_interfaces/_action_interfaces_s.ep.rosidl_typesupport_introspection_c.c
[2.401s] Listing '/home/pirobot/git/ros_pathfinder/install/action_interfaces/lib/python3.12/site-packages/action_interfaces'...
[2.401s] Listing '/home/pirobot/git/ros_pathfinder/install/action_interfaces/lib/python3.12/site-packages/action_interfaces/action'...
[2.456s] -- Up-to-date: /home/pirobot/git/ros_pathfinder/install/action_interfaces/lib/python3.12/site-packages/action_interfaces/action_interfaces_s__rosidl_typesupport_fastrtps_c.so
[2.464s] -- Up-to-date: /home/pirobot/git/ros_pathfinder/install/action_interfaces/lib/python3.12/site-packages/action_interfaces/action_interfaces_s__rosidl_typesupport_introspection_c.so
[2.469s] -- Up-to-date: /home/pirobot/git/ros_pathfinder/install/action_interfaces/lib/python3.12/site-packages/action_interfaces/action_interfaces_s__rosidl_typesupport_c.so
[2.472s] -- Up-to-date: /home/pirobot/git/ros_pathfinder/install/action_interfaces/lib/libaction_interfaces__rosidl_generator_py.so
[2.478s] -- Up-to-date: /home/pirobot/git/ros_pathfinder/install/action_interfaces/share/action_interfaces/action/MotorControl.idl
[2.482s] -- Up-to-date: /home/pirobot/git/ros_pathfinder/install/action_interfaces/share/action_interfaces/action/MotorControl.action
[2.487s] -- Up-to-date: /home/pirobot/git/ros_pathfinder/install/action_interfaces/share/ament_index/resource_index/package_run_dependencies/action_interfaces
[2.491s] -- Up-to-date: /home/pirobot/git/ros_pathfinder/install/action_interfaces/share/ament_index/resource_index/parent_prefix_path/action_interfaces
[2.491s] -- Up-to-date: /home/pirobot/git/ros_pathfinder/install/action_interfaces/share/action_interfaces/environment/ament_prefix_path.sh
[2.491s] -- Up-to-date: /home/pirobot/git/ros_pathfinder/install/action_interfaces/share/action_interfaces/environment/ament_prefix_path.dsv
[2.492s] -- Up-to-date: /home/pirobot/git/ros_pathfinder/install/action_interfaces/share/action_interfaces/environment/path.sh
[2.492s] -- Up-to-date: /home/pirobot/git/ros_pathfinder/install/action_interfaces/share/action_interfaces/environment/path.dsv
[2.492s] -- Up-to-date: /home/pirobot/git/ros_pathfinder/install/action_interfaces/share/action_interfaces/local_setup.bash
[2.492s] -- Up-to-date: /home/pirobot/git/ros_pathfinder/install/action_interfaces/share/action_interfaces/local_setup.sh
[2.504s] -- Up-to-date: /home/pirobot/git/ros_pathfinder/install/action_interfaces/share/action_interfaces/local_setup.zsh
[2.506s] -- Up-to-date: /home/pirobot/git/ros_pathfinder/install/action_interfaces/share/action_interfaces/local_setup.dsv
[2.506s] -- Installing: /home/pirobot/git/ros_pathfinder/install/action_interfaces/share/action_interfaces/package.dsv
[2.509s] -- Up-to-date: /home/pirobot/git/ros_pathfinder/install/action_interfaces/share/ament_index/resource_index/packages/action_interfaces
[2.509s] -- Up-to-date: /home/pirobot/git/ros_pathfinder/install/action_interfaces/share/action_interfaces/cmake/export_action_interfaces__rosidl_generator_cExport.cmake
[2.510s] -- Up-to-date: /home/pirobot/git/ros_pathfinder/install/action_interfaces/share/action_interfaces/cmake/export_action_interfaces__rosidl_generator_cExport-noconfig.cmake
[2.510s] -- Up-to-date: /home/pirobot/git/ros_pathfinder/install/action_interfaces/share/action_interfaces/cmake/export_action_interfaces__rosidl_typesupport_fastrtps_cExport.cmake
[2.514s] -- Up-to-date: /home/pirobot/git/ros_pathfinder/install/action_interfaces/share/action_interfaces/cmake/export_action_interfaces__rosidl_typesupport_fastrtps_cExport-noconfig.cmake
[2.516s] -- Up-to-date: /home/pirobot/git/ros_pathfinder/install/action_interfaces/share/action_interfaces/cmake/action_interfaces__rosidl_typesupport_introspection_cExport.cmake
[2.516s] -- Up-to-date: /home/pirobot/git/ros_pathfinder/install/action_interfaces/share/action_interfaces/cmake/action_interfaces__rosidl_typesupport_introspection_cExport-noconfig.cmake
[2.518s] -- Up-to-date: /home/pirobot/git/ros_pathfinder/install/action_interfaces/share/action_interfaces/cmake/action_interfaces__rosidl_typesupport_cExport.cmake
[2.519s] -- Up-to-date: /home/pirobot/git/ros_pathfinder/install/action_interfaces/share/action_interfaces/cmake/action_interfaces__rosidl_typesupport_cExport-noconfig.cmake
[2.519s] -- Up-to-date: /home/pirobot/git/ros_pathfinder/install/action_interfaces/share/action_interfaces/cmake/export_action_interfaces__rosidl_generator_cppExport.cmake
[2.519s] -- Up-to-date: /home/pirobot/git/ros_pathfinder/install/action_interfaces/share/action_interfaces/cmake/export_action_interfaces__rosidl_typesupport_fastrtps_cppExport.cmake
[2.519s] -- Up-to-date: /home/pirobot/git/ros_pathfinder/install/action_interfaces/share/action_interfaces/cmake/export_action_interfaces__rosidl_typesupport_fastrtps_cppExport-noconfig.cmake
[2.527s] -- Up-to-date: /home/pirobot/git/ros_pathfinder/install/action_interfaces/share/action_interfaces/cmake/action_interfaces__rosidl_typesupport_introspection_cppExport.cmake
[2.527s] -- Up-to-date: /home/pirobot/git/ros_pathfinder/install/action_interfaces/share/action_interfaces/cmake/action_interfaces__rosidl_typesupport_introspection_cppExport-noconfig.cmake
[2.527s] -- Up-to-date: /home/pirobot/git/ros_pathfinder/install/action_interfaces/share/action_interfaces/cmake/action_interfaces__rosidl_typesupport_cppExport.cmake
[2.528s] -- Up-to-date: /home/pirobot/git/ros_pathfinder/install/action_interfaces/share/action_interfaces/cmake/action_interfaces__rosidl_typesupport_cppExport-noconfig.cmake
[2.528s] -- Up-to-date: /home/pirobot/git/ros_pathfinder/install/action_interfaces/share/action_interfaces/cmake/export_action_interfaces__rosidl_generator_pyExport.cmake
[2.528s] -- Up-to-date: /home/pirobot/git/ros_pathfinder/install/action_interfaces/share/action_interfaces/cmake/export_action_interfaces__rosidl_generator_pyExport-noconfig.cmake
[2.528s] -- Up-to-date: /home/pirobot/git/ros_pathfinder/install/action_interfaces/share/action_interfaces/cmake/rosidl_cmake-extras.cmake
[2.528s] -- Up-to-date: /home/pirobot/git/ros_pathfinder/install/action_interfaces/share/action_interfaces/cmake/ament_cmake_export_dependencies-extras.cmake
[2.529s] -- Up-to-date: /home/pirobot/git/ros_pathfinder/install/action_interfaces/share/action_interfaces/cmake/ament_cmake_export_include_directories-extras.cmake
[2.529s] -- Up-to-date: /home/pirobot/git/ros_pathfinder/install/action_interfaces/share/action_interfaces/cmake/ament_cmake_export_libraries-extras.cmake
[2.533s] -- Up-to-date: /home/pirobot/git/ros_pathfinder/install/action_interfaces/share/action_interfaces/cmake/ament_cmake_export_targets-extras.cmake
[2.533s] -- Up-to-date: /home/pirobot/git/ros_pathfinder/install/action_interfaces/share/action_interfaces/cmake/rosidl_cmake_export_typesupport_targets-extras.cmake
[2.533s] -- Up-to-date: /home/pirobot/git/ros_pathfinder/install/action_interfaces/share/action_interfaces/cmake/rosidl_cmake_export_typesupport_libraries-extras.cmake
[2.533s] -- Up-to-date: /home/pirobot/git/ros_pathfinder/install/action_interfaces/share/action_interfaces/cmake/action_interfacesConfig.cmake
[2.534s] -- Up-to-date: /home/pirobot/git/ros_pathfinder/install/action_interfaces/share/action_interfaces/cmake/action_interfacesConfig-version.cmake
[2.534s] -- Up-to-date: /home/pirobot/git/ros_pathfinder/install/action_interfaces/share/action_interfaces/package.xml
[2.534s] Invoked command in '/home/pirobot/git/ros_pathfinder/build/action_interfaces' returned '0': CMAKE_PREFIX_PATH=${CMAKE_PREFIX_PATH}:/home/pirobot/git/ros_pathfinder/install/ros_pathfinder:/home/pirobot/ros2_ws/install/my_robot_controller:/opt/ros/kilted DEBUGINFOD_URLS=https://debuginfod.ubuntu.com PS1=(.venv) \[\e]0;\u@\h: \w\a\]${debian_chroot:+($debian_chroot)}\[\033[01;32m\]\u@\h\[\033[00m\]:\[\033[01;34m\]\w\[\033[00m\]\$ VIRTUAL_ENV_PROMPT=(.venv) /usr/bin/cmake --install /home/pirobot/git/ros_pathfinder/build/action_interfaces
