[8.159s] Invoking command in '/home/pirobot/git/ros_pathfinder/src/ros_pathfinder': CMAKE_PREFIX_PATH=/home/pirobot/git/ros_pathfinder/install/action_interfaces:/home/pirobot/git/ros_pathfinder/install/sllidar_ros2:/opt/ros/kilted/opt/gz_math_vendor:/opt/ros/kilted/opt/gz_utils_vendor:/opt/ros/kilted/opt/gz_cmake_vendor DEBUGINFOD_URLS=https://debuginfod.ubuntu.com PYTHONPATH=/home/pirobot/git/ros_pathfinder/build/ros_pathfinder/prefix_override:/usr/lib/python3/dist-packages/colcon_core/task/python/colcon_distutils_commands:/home/pirobot/git/ros_pathfinder/install/ros_pathfinder/lib/python3.12/site-packages:/home/pirobot/git/ros_pathfinder/install/action_interfaces/lib/python3.12/site-packages:/home/pirobot/git/ros_pathfinder/install/ros_pathfinder/lib/python3.12/site-packages:/home/pirobot/ros2_ws/install/my_robot_controller/lib/python3.12/site-packages:/opt/ros/kilted/lib/python3.12/site-packages /usr/bin/python3 -W ignore:setup.py install is deprecated -W ignore:easy_install command is deprecated setup.py egg_info --egg-base ../../build/ros_pathfinder build --build-base /home/pirobot/git/ros_pathfinder/build/ros_pathfinder/build install --record /home/pirobot/git/ros_pathfinder/build/ros_pathfinder/install.log --single-version-externally-managed install_data
[10.707s] running egg_info
[10.936s] writing ../../build/ros_pathfinder/ros_pathfinder.egg-info/PKG-INFO
[10.937s] writing dependency_links to ../../build/ros_pathfinder/ros_pathfinder.egg-info/dependency_links.txt
[10.947s] writing entry points to ../../build/ros_pathfinder/ros_pathfinder.egg-info/entry_points.txt
[10.948s] writing requirements to ../../build/ros_pathfinder/ros_pathfinder.egg-info/requires.txt
[10.948s] writing top-level names to ../../build/ros_pathfinder/ros_pathfinder.egg-info/top_level.txt
[11.328s] reading manifest file '../../build/ros_pathfinder/ros_pathfinder.egg-info/SOURCES.txt'
[11.329s] adding license file 'LICENSE'
[11.333s] writing manifest file '../../build/ros_pathfinder/ros_pathfinder.egg-info/SOURCES.txt'
[11.335s] running build
[11.336s] running build_py
[11.338s] copying ros_pathfinder/lidar_odometry.py -> /home/pirobot/git/ros_pathfinder/build/ros_pathfinder/build/lib/ros_pathfinder
[11.340s] running install
[11.373s] running install_lib
[11.611s] copying /home/pirobot/git/ros_pathfinder/build/ros_pathfinder/build/lib/ros_pathfinder/lidar_odometry.py -> /home/pirobot/git/ros_pathfinder/install/ros_pathfinder/lib/python3.12/site-packages/ros_pathfinder
[11.611s] byte-compiling /home/pirobot/git/ros_pathfinder/install/ros_pathfinder/lib/python3.12/site-packages/ros_pathfinder/lidar_odometry.py to lidar_odometry.cpython-312.pyc
[11.627s] running install_data
[11.627s] running install_egg_info
[11.766s] removing '/home/pirobot/git/ros_pathfinder/install/ros_pathfinder/lib/python3.12/site-packages/ros_pathfinder-0.0.0-py3.12.egg-info' (and everything under it)
[11.770s] Copying ../../build/ros_pathfinder/ros_pathfinder.egg-info to /home/pirobot/git/ros_pathfinder/install/ros_pathfinder/lib/python3.12/site-packages/ros_pathfinder-0.0.0-py3.12.egg-info
[11.780s] running install_scripts
[12.772s] Installing lidar_odom script to /home/pirobot/git/ros_pathfinder/install/ros_pathfinder/lib/ros_pathfinder
[12.779s] Installing lidar_static_tf script to /home/pirobot/git/ros_pathfinder/install/ros_pathfinder/lib/ros_pathfinder
[12.780s] Installing listener script to /home/pirobot/git/ros_pathfinder/install/ros_pathfinder/lib/ros_pathfinder
[12.787s] Installing localization script to /home/pirobot/git/ros_pathfinder/install/ros_pathfinder/lib/ros_pathfinder
[12.787s] Installing motor_controller script to /home/pirobot/git/ros_pathfinder/install/ros_pathfinder/lib/ros_pathfinder
[12.793s] Installing occupancy script to /home/pirobot/git/ros_pathfinder/install/ros_pathfinder/lib/ros_pathfinder
[12.794s] Installing odom_node script to /home/pirobot/git/ros_pathfinder/install/ros_pathfinder/lib/ros_pathfinder
[12.803s] Installing planner script to /home/pirobot/git/ros_pathfinder/install/ros_pathfinder/lib/ros_pathfinder
[12.805s] Installing talker script to /home/pirobot/git/ros_pathfinder/install/ros_pathfinder/lib/ros_pathfinder
[12.806s] Installing teleop_node script to /home/pirobot/git/ros_pathfinder/install/ros_pathfinder/lib/ros_pathfinder
[12.810s] writing list of installed files to '/home/pirobot/git/ros_pathfinder/build/ros_pathfinder/install.log'
[13.109s] Invoked command in '/home/pirobot/git/ros_pathfinder/src/ros_pathfinder' returned '0': CMAKE_PREFIX_PATH=/home/pirobot/git/ros_pathfinder/install/action_interfaces:/home/pirobot/git/ros_pathfinder/install/sllidar_ros2:/opt/ros/kilted/opt/gz_math_vendor:/opt/ros/kilted/opt/gz_utils_vendor:/opt/ros/kilted/opt/gz_cmake_vendor DEBUGINFOD_URLS=https://debuginfod.ubuntu.com PYTHONPATH=/home/pirobot/git/ros_pathfinder/build/ros_pathfinder/prefix_override:/usr/lib/python3/dist-packages/colcon_core/task/python/colcon_distutils_commands:/home/pirobot/git/ros_pathfinder/install/ros_pathfinder/lib/python3.12/site-packages:/home/pirobot/git/ros_pathfinder/install/action_interfaces/lib/python3.12/site-packages:/home/pirobot/git/ros_pathfinder/install/ros_pathfinder/lib/python3.12/site-packages:/home/pirobot/ros2_ws/install/my_robot_controller/lib/python3.12/site-packages:/opt/ros/kilted/lib/python3.12/site-packages /usr/bin/python3 -W ignore:setup.py install is deprecated -W ignore:easy_install command is deprecated setup.py egg_info --egg-base ../../build/ros_pathfinder build --build-base /home/pirobot/git/ros_pathfinder/build/ros_pathfinder/build install --record /home/pirobot/git/ros_pathfinder/build/ros_pathfinder/install.log --single-version-externally-managed install_data
