[0.039s] Invoking command in '/home/pirobot/git/ros_pathfinder/build/sllidar_ros2': CMAKE_PREFIX_PATH=${CMAKE_PREFIX_PATH}:/home/pirobot/ros2_ws/install/my_robot_controller:/opt/ros/kilted DEBUGINFOD_URLS=https://debuginfod.ubuntu.com /usr/bin/cmake --build /home/pirobot/git/ros_pathfinder/build/sllidar_ros2 -- -j4 -l4
[0.320s] [ 10%] Built target sllidar_client
[0.378s] [100%] Built target sllidar_node
[0.481s] Invoked command in '/home/pirobot/git/ros_pathfinder/build/sllidar_ros2' returned '0': CMAKE_PREFIX_PATH=${CMAKE_PREFIX_PATH}:/home/pirobot/ros2_ws/install/my_robot_controller:/opt/ros/kilted DEBUGINFOD_URLS=https://debuginfod.ubuntu.com /usr/bin/cmake --build /home/pirobot/git/ros_pathfinder/build/sllidar_ros2 -- -j4 -l4
[0.586s] Invoking command in '/home/pirobot/git/ros_pathfinder/build/sllidar_ros2': CMAKE_PREFIX_PATH=${CMAKE_PREFIX_PATH}:/home/pirobot/ros2_ws/install/my_robot_controller:/opt/ros/kilted DEBUGINFOD_URLS=https://debuginfod.ubuntu.com /usr/bin/cmake --install /home/pirobot/git/ros_pathfinder/build/sllidar_ros2
[0.682s] -- Install configuration: ""
[0.687s] -- Up-to-date: /home/pirobot/git/ros_pathfinder/install/sllidar_ros2/share/sllidar_ros2/launch
[0.692s] -- Up-to-date: /home/pirobot/git/ros_pathfinder/install/sllidar_ros2/share/sllidar_ros2/launch/view_sllidar_a2m8_launch.py
[0.700s] -- Up-to-date: /home/pirobot/git/ros_pathfinder/install/sllidar_ros2/share/sllidar_ros2/launch/view_sllidar_s2e_launch.py
[0.701s] -- Up-to-date: /home/pirobot/git/ros_pathfinder/install/sllidar_ros2/share/sllidar_ros2/launch/view_sllidar_s3_launch.py
[0.701s] -- Up-to-date: /home/pirobot/git/ros_pathfinder/install/sllidar_ros2/share/sllidar_ros2/launch/view_sllidar_s2_launch.py
[0.701s] -- Up-to-date: /home/pirobot/git/ros_pathfinder/install/sllidar_ros2/share/sllidar_ros2/launch/view_sllidar_a2m7_launch.py
[0.710s] -- Up-to-date: /home/pirobot/git/ros_pathfinder/install/sllidar_ros2/share/sllidar_ros2/launch/sllidar_a3_launch.py
[0.715s] -- Up-to-date: /home/pirobot/git/ros_pathfinder/install/sllidar_ros2/share/sllidar_ros2/launch/sllidar_a2m7_launch.py
[0.715s] -- Up-to-date: /home/pirobot/git/ros_pathfinder/install/sllidar_ros2/share/sllidar_ros2/launch/view_sllidar_a3_launch.py
[0.716s] -- Up-to-date: /home/pirobot/git/ros_pathfinder/install/sllidar_ros2/share/sllidar_ros2/launch/sllidar_s2e_launch.py
[0.716s] -- Up-to-date: /home/pirobot/git/ros_pathfinder/install/sllidar_ros2/share/sllidar_ros2/launch/sllidar_a1_launch.py
[0.716s] -- Up-to-date: /home/pirobot/git/ros_pathfinder/install/sllidar_ros2/share/sllidar_ros2/launch/view_sllidar_a2m12_launch.py
[0.716s] -- Up-to-date: /home/pirobot/git/ros_pathfinder/install/sllidar_ros2/share/sllidar_ros2/launch/sllidar_s3_launch.py
[0.747s] -- Up-to-date: /home/pirobot/git/ros_pathfinder/install/sllidar_ros2/share/sllidar_ros2/launch/sllidar_a2m8_launch.py
[0.748s] -- Up-to-date: /home/pirobot/git/ros_pathfinder/install/sllidar_ros2/share/sllidar_ros2/launch/sllidar_a2m12_launch .py
[0.748s] -- Up-to-date: /home/pirobot/git/ros_pathfinder/install/sllidar_ros2/share/sllidar_ros2/launch/sllidar_c1_launch.py
[0.749s] -- Up-to-date: /home/pirobot/git/ros_pathfinder/install/sllidar_ros2/share/sllidar_ros2/launch/sllidar_s1_launch.py
[0.749s] -- Up-to-date: /home/pirobot/git/ros_pathfinder/install/sllidar_ros2/share/sllidar_ros2/launch/view_sllidar_c1_launch.py
[0.749s] -- Up-to-date: /home/pirobot/git/ros_pathfinder/install/sllidar_ros2/share/sllidar_ros2/launch/view_sllidar_s1_launch.py
[0.767s] -- Up-to-date: /home/pirobot/git/ros_pathfinder/install/sllidar_ros2/share/sllidar_ros2/launch/sllidar_t1_launch.py
[0.767s] -- Up-to-date: /home/pirobot/git/ros_pathfinder/install/sllidar_ros2/share/sllidar_ros2/launch/sllidar_s1_tcp_launch.py
[0.768s] -- Up-to-date: /home/pirobot/git/ros_pathfinder/install/sllidar_ros2/share/sllidar_ros2/launch/sllidar_s2_launch.py
[0.768s] -- Up-to-date: /home/pirobot/git/ros_pathfinder/install/sllidar_ros2/share/sllidar_ros2/launch/view_sllidar_t1_launch.py
[0.768s] -- Up-to-date: /home/pirobot/git/ros_pathfinder/install/sllidar_ros2/share/sllidar_ros2/launch/view_sllidar_s1_tcp_launch.py
[0.768s] -- Up-to-date: /home/pirobot/git/ros_pathfinder/install/sllidar_ros2/share/sllidar_ros2/launch/view_sllidar_a1_launch.py
[0.769s] -- Up-to-date: /home/pirobot/git/ros_pathfinder/install/sllidar_ros2/share/sllidar_ros2/rviz
[0.769s] -- Up-to-date: /home/pirobot/git/ros_pathfinder/install/sllidar_ros2/share/sllidar_ros2/rviz/sllidar_ros2.rviz
[0.769s] -- Up-to-date: /home/pirobot/git/ros_pathfinder/install/sllidar_ros2/lib/sllidar_ros2/sllidar_node
[0.769s] -- Up-to-date: /home/pirobot/git/ros_pathfinder/install/sllidar_ros2/lib/sllidar_ros2/sllidar_client
[0.769s] -- Up-to-date: /home/pirobot/git/ros_pathfinder/install/sllidar_ros2/share/ament_index/resource_index/package_run_dependencies/sllidar_ros2
[0.777s] -- Up-to-date: /home/pirobot/git/ros_pathfinder/install/sllidar_ros2/share/ament_index/resource_index/parent_prefix_path/sllidar_ros2
[0.777s] -- Up-to-date: /home/pirobot/git/ros_pathfinder/install/sllidar_ros2/share/sllidar_ros2/environment/ament_prefix_path.sh
[0.778s] -- Up-to-date: /home/pirobot/git/ros_pathfinder/install/sllidar_ros2/share/sllidar_ros2/environment/ament_prefix_path.dsv
[0.778s] -- Up-to-date: /home/pirobot/git/ros_pathfinder/install/sllidar_ros2/share/sllidar_ros2/environment/path.sh
[0.778s] -- Up-to-date: /home/pirobot/git/ros_pathfinder/install/sllidar_ros2/share/sllidar_ros2/environment/path.dsv
[0.778s] -- Up-to-date: /home/pirobot/git/ros_pathfinder/install/sllidar_ros2/share/sllidar_ros2/local_setup.bash
[0.779s] -- Up-to-date: /home/pirobot/git/ros_pathfinder/install/sllidar_ros2/share/sllidar_ros2/local_setup.sh
[0.779s] -- Up-to-date: /home/pirobot/git/ros_pathfinder/install/sllidar_ros2/share/sllidar_ros2/local_setup.zsh
[0.779s] -- Up-to-date: /home/pirobot/git/ros_pathfinder/install/sllidar_ros2/share/sllidar_ros2/local_setup.dsv
[0.779s] -- Installing: /home/pirobot/git/ros_pathfinder/install/sllidar_ros2/share/sllidar_ros2/package.dsv
[0.779s] -- Up-to-date: /home/pirobot/git/ros_pathfinder/install/sllidar_ros2/share/ament_index/resource_index/packages/sllidar_ros2
[0.795s] -- Up-to-date: /home/pirobot/git/ros_pathfinder/install/sllidar_ros2/share/sllidar_ros2/cmake/ament_cmake_export_dependencies-extras.cmake
[0.795s] -- Up-to-date: /home/pirobot/git/ros_pathfinder/install/sllidar_ros2/share/sllidar_ros2/cmake/ament_cmake_export_include_directories-extras.cmake
[0.795s] -- Up-to-date: /home/pirobot/git/ros_pathfinder/install/sllidar_ros2/share/sllidar_ros2/cmake/sllidar_ros2Config.cmake
[0.796s] -- Up-to-date: /home/pirobot/git/ros_pathfinder/install/sllidar_ros2/share/sllidar_ros2/cmake/sllidar_ros2Config-version.cmake
[0.796s] -- Up-to-date: /home/pirobot/git/ros_pathfinder/install/sllidar_ros2/share/sllidar_ros2/package.xml
[0.796s] Invoked command in '/home/pirobot/git/ros_pathfinder/build/sllidar_ros2' returned '0': CMAKE_PREFIX_PATH=${CMAKE_PREFIX_PATH}:/home/pirobot/ros2_ws/install/my_robot_controller:/opt/ros/kilted DEBUGINFOD_URLS=https://debuginfod.ubuntu.com /usr/bin/cmake --install /home/pirobot/git/ros_pathfinder/build/sllidar_ros2
