[  2%] Built target action_interfaces__rosidl_generator_type_description
[  2%] Built target ament_cmake_python_copy_action_interfaces
[  5%] Built target action_interfaces__cpp
[ 20%] Built target action_interfaces__rosidl_generator_c
[ 29%] Built target action_interfaces__rosidl_typesupport_introspection_cpp
[ 38%] Built target action_interfaces__rosidl_typesupport_cpp
[ 47%] Built target action_interfaces__rosidl_typesupport_fastrtps_cpp
[ 55%] Built target action_interfaces__rosidl_typesupport_fastrtps_c
[ 64%] Built target action_interfaces__rosidl_typesupport_introspection_c
[ 73%] Built target action_interfaces__rosidl_typesupport_c
[ 73%] Built target action_interfaces
[ 76%] Built target action_interfaces__py
[ 82%] Built target action_interfaces__rosidl_generator_py
[ 88%] Built target action_interfaces_s__rosidl_typesupport_c
[ 94%] Built target action_interfaces_s__rosidl_typesupport_fastrtps_c
[100%] Built target action_interfaces_s__rosidl_typesupport_introspection_c
running egg_info
writing action_interfaces.egg-info/PKG-INFO
writing dependency_links to action_interfaces.egg-info/dependency_links.txt
writing top-level names to action_interfaces.egg-info/top_level.txt
interrupted
gmake[2]: *** [CMakeFiles/ament_cmake_python_build_action_interfaces_egg.dir/build.make:70: CMakeFiles/ament_cmake_python_build_action_interfaces_egg] Interrupt
gmake[1]: *** [CMakeFiles/Makefile2:478: CMakeFiles/ament_cmake_python_build_action_interfaces_egg.dir/all] Interrupt
gmake: *** [Makefile:146: all] Interrupt
