[0.045s] Invoking command in '/home/pirobot/git/ros_pathfinder/build/action_interfaces': CMAKE_PREFIX_PATH=${CMAKE_PREFIX_PATH}:/home/pirobot/git/ros_pathfinder/install/ros_pathfinder:/home/pirobot/ros2_ws/install/my_robot_controller:/opt/ros/kilted DEBUGINFOD_URLS=https://debuginfod.ubuntu.com PS1=(.venv) \[\e]0;\u@\h: \w\a\]${debian_chroot:+($debian_chroot)}\[\033[01;32m\]\u@\h\[\033[00m\]:\[\033[01;34m\]\w\[\033[00m\]\$ VIRTUAL_ENV_PROMPT=(.venv) /usr/bin/cmake --build /home/pirobot/git/ros_pathfinder/build/action_interfaces -- -j4 -l4
[0.450s] [  2%] Built target action_interfaces__rosidl_generator_type_description
[0.812s] [  2%] Built target ament_cmake_python_copy_action_interfaces
[1.123s] [  4%] Built target action_interfaces__cpp
[2.414s] running egg_info
[2.513s] writing action_interfaces.egg-info/PKG-INFO
[2.521s] writing dependency_links to action_interfaces.egg-info/dependency_links.txt
[2.521s] writing top-level names to action_interfaces.egg-info/top_level.txt
[2.853s] reading manifest file 'action_interfaces.egg-info/SOURCES.txt'
[2.854s] writing manifest file 'action_interfaces.egg-info/SOURCES.txt'
[3.066s] [  4%] Built target ament_cmake_python_build_action_interfaces_egg
[3.184s] [ 22%] Built target action_interfaces__rosidl_generator_c
[3.366s] [ 31%] Built target action_interfaces__rosidl_typesupport_fastrtps_c
[3.458s] [ 40%] Built target action_interfaces__rosidl_typesupport_fastrtps_cpp
[3.616s] [ 50%] Built target action_interfaces__rosidl_typesupport_introspection_cpp
[3.704s] [ 59%] Built target action_interfaces__rosidl_typesupport_cpp
[3.789s] [ 68%] Built target action_interfaces__rosidl_typesupport_c
[3.886s] [ 77%] Built target action_interfaces__rosidl_typesupport_introspection_c
[3.977s] [ 77%] Built target action_interfaces
[4.077s] [ 79%] Built target action_interfaces__py
[4.184s] [ 86%] Built target action_interfaces__rosidl_generator_py
[4.278s] [ 90%] Built target action_interfaces_s__rosidl_typesupport_fastrtps_c
[4.441s] [ 95%] Built target action_interfaces_s__rosidl_typesupport_c
[4.546s] [100%] Built target action_interfaces_s__rosidl_typesupport_introspection_c
[4.601s] Invoked command in '/home/pirobot/git/ros_pathfinder/build/action_interfaces' returned '0': CMAKE_PREFIX_PATH=${CMAKE_PREFIX_PATH}:/home/pirobot/git/ros_pathfinder/install/ros_pathfinder:/home/pirobot/ros2_ws/install/my_robot_controller:/opt/ros/kilted DEBUGINFOD_URLS=https://debuginfod.ubuntu.com PS1=(.venv) \[\e]0;\u@\h: \w\a\]${debian_chroot:+($debian_chroot)}\[\033[01;32m\]\u@\h\[\033[00m\]:\[\033[01;34m\]\w\[\033[00m\]\$ VIRTUAL_ENV_PROMPT=(.venv) /usr/bin/cmake --build /home/pirobot/git/ros_pathfinder/build/action_interfaces -- -j4 -l4
[4.602s] Invoking command in '/home/pirobot/git/ros_pathfinder/build/action_interfaces': CMAKE_PREFIX_PATH=${CMAKE_PREFIX_PATH}:/home/pirobot/git/ros_pathfinder/install/ros_pathfinder:/home/pirobot/ros2_ws/install/my_robot_controller:/opt/ros/kilted DEBUGINFOD_URLS=https://debuginfod.ubuntu.com PS1=(.venv) \[\e]0;\u@\h: \w\a\]${debian_chroot:+($debian_chroot)}\[\033[01;32m\]\u@\h\[\033[00m\]:\[\033[01;34m\]\w\[\033[00m\]\$ VIRTUAL_ENV_PROMPT=(.venv) /usr/bin/cmake --install /home/pirobot/git/ros_pathfinder/build/action_interfaces
[4.653s] -- Install configuration: ""
[4.654s] -- Up-to-date: /home/pirobot/git/ros_pathfinder/install/action_interfaces/share/ament_index/resource_index/rosidl_interfaces/action_interfaces
[4.657s] -- Up-to-date: /home/pirobot/git/ros_pathfinder/install/action_interfaces/share/action_interfaces/action/MotorControl.json
[4.659s] -- Up-to-date: /home/pirobot/git/ros_pathfinder/install/action_interfaces/share/action_interfaces/action/FollowPath.json
[4.659s] -- Up-to-date: /home/pirobot/git/ros_pathfinder/install/action_interfaces/include/action_interfaces/action_interfaces
[4.660s] -- Up-to-date: /home/pirobot/git/ros_pathfinder/install/action_interfaces/include/action_interfaces/action_interfaces/action
[4.660s] -- Up-to-date: /home/pirobot/git/ros_pathfinder/install/action_interfaces/include/action_interfaces/action_interfaces/action/motor_control.h
[4.660s] -- Up-to-date: /home/pirobot/git/ros_pathfinder/install/action_interfaces/include/action_interfaces/action_interfaces/action/follow_path.h
[4.660s] -- Up-to-date: /home/pirobot/git/ros_pathfinder/install/action_interfaces/include/action_interfaces/action_interfaces/action/detail
[4.660s] -- Up-to-date: /home/pirobot/git/ros_pathfinder/install/action_interfaces/include/action_interfaces/action_interfaces/action/detail/follow_path__description.c
[4.660s] -- Up-to-date: /home/pirobot/git/ros_pathfinder/install/action_interfaces/include/action_interfaces/action_interfaces/action/detail/follow_path__struct.h
[4.660s] -- Up-to-date: /home/pirobot/git/ros_pathfinder/install/action_interfaces/include/action_interfaces/action_interfaces/action/detail/motor_control__type_support.h
[4.661s] -- Up-to-date: /home/pirobot/git/ros_pathfinder/install/action_interfaces/include/action_interfaces/action_interfaces/action/detail/motor_control__functions.h
[4.661s] -- Up-to-date: /home/pirobot/git/ros_pathfinder/install/action_interfaces/include/action_interfaces/action_interfaces/action/detail/follow_path__functions.c
[4.664s] -- Up-to-date: /home/pirobot/git/ros_pathfinder/install/action_interfaces/include/action_interfaces/action_interfaces/action/detail/motor_control__struct.h
[4.673s] -- Up-to-date: /home/pirobot/git/ros_pathfinder/install/action_interfaces/include/action_interfaces/action_interfaces/action/detail/follow_path__functions.h
[4.674s] -- Up-to-date: /home/pirobot/git/ros_pathfinder/install/action_interfaces/include/action_interfaces/action_interfaces/action/detail/follow_path__type_support.h
[4.674s] -- Installing: /home/pirobot/git/ros_pathfinder/install/action_interfaces/include/action_interfaces/action_interfaces/action/detail/follow_path__type_support.c
[4.681s] -- Installing: /home/pirobot/git/ros_pathfinder/install/action_interfaces/include/action_interfaces/action_interfaces/action/detail/motor_control__type_support.c
[4.682s] -- Up-to-date: /home/pirobot/git/ros_pathfinder/install/action_interfaces/include/action_interfaces/action_interfaces/action/detail/motor_control__functions.c
[4.682s] -- Up-to-date: /home/pirobot/git/ros_pathfinder/install/action_interfaces/include/action_interfaces/action_interfaces/action/detail/motor_control__description.c
[4.682s] -- Up-to-date: /home/pirobot/git/ros_pathfinder/install/action_interfaces/include/action_interfaces/action_interfaces/msg
[4.683s] -- Up-to-date: /home/pirobot/git/ros_pathfinder/install/action_interfaces/include/action_interfaces/action_interfaces/msg/rosidl_generator_c__visibility_control.h
[4.683s] -- Up-to-date: /home/pirobot/git/ros_pathfinder/install/action_interfaces/share/action_interfaces/environment/library_path.sh
[4.687s] -- Up-to-date: /home/pirobot/git/ros_pathfinder/install/action_interfaces/share/action_interfaces/environment/library_path.dsv
[4.688s] -- Up-to-date: /home/pirobot/git/ros_pathfinder/install/action_interfaces/lib/libaction_interfaces__rosidl_generator_c.so
[4.694s] -- Up-to-date: /home/pirobot/git/ros_pathfinder/install/action_interfaces/include/action_interfaces/action_interfaces
[4.695s] -- Up-to-date: /home/pirobot/git/ros_pathfinder/install/action_interfaces/include/action_interfaces/action_interfaces/action
[4.695s] -- Up-to-date: /home/pirobot/git/ros_pathfinder/install/action_interfaces/include/action_interfaces/action_interfaces/action/detail
[4.695s] -- Up-to-date: /home/pirobot/git/ros_pathfinder/install/action_interfaces/include/action_interfaces/action_interfaces/action/detail/motor_control__rosidl_typesupport_fastrtps_c.h
[4.696s] -- Up-to-date: /home/pirobot/git/ros_pathfinder/install/action_interfaces/include/action_interfaces/action_interfaces/action/detail/follow_path__rosidl_typesupport_fastrtps_c.h
[4.696s] -- Up-to-date: /home/pirobot/git/ros_pathfinder/install/action_interfaces/include/action_interfaces/action_interfaces/msg
[4.698s] -- Up-to-date: /home/pirobot/git/ros_pathfinder/install/action_interfaces/include/action_interfaces/action_interfaces/msg/rosidl_typesupport_fastrtps_c__visibility_control.h
[4.699s] -- Up-to-date: /home/pirobot/git/ros_pathfinder/install/action_interfaces/lib/libaction_interfaces__rosidl_typesupport_fastrtps_c.so
[4.699s] -- Up-to-date: /home/pirobot/git/ros_pathfinder/install/action_interfaces/include/action_interfaces/action_interfaces
[4.699s] -- Up-to-date: /home/pirobot/git/ros_pathfinder/install/action_interfaces/include/action_interfaces/action_interfaces/action
[4.699s] -- Up-to-date: /home/pirobot/git/ros_pathfinder/install/action_interfaces/include/action_interfaces/action_interfaces/action/detail
[4.699s] -- Up-to-date: /home/pirobot/git/ros_pathfinder/install/action_interfaces/include/action_interfaces/action_interfaces/action/detail/follow_path__rosidl_typesupport_introspection_c.h
[4.700s] -- Installing: /home/pirobot/git/ros_pathfinder/install/action_interfaces/include/action_interfaces/action_interfaces/action/detail/follow_path__type_support.c
[4.700s] -- Installing: /home/pirobot/git/ros_pathfinder/install/action_interfaces/include/action_interfaces/action_interfaces/action/detail/motor_control__type_support.c
[4.700s] -- Up-to-date: /home/pirobot/git/ros_pathfinder/install/action_interfaces/include/action_interfaces/action_interfaces/action/detail/motor_control__rosidl_typesupport_introspection_c.h
[4.700s] -- Up-to-date: /home/pirobot/git/ros_pathfinder/install/action_interfaces/include/action_interfaces/action_interfaces/msg
[4.705s] -- Up-to-date: /home/pirobot/git/ros_pathfinder/install/action_interfaces/include/action_interfaces/action_interfaces/msg/rosidl_typesupport_introspection_c__visibility_control.h
[4.705s] -- Up-to-date: /home/pirobot/git/ros_pathfinder/install/action_interfaces/lib/libaction_interfaces__rosidl_typesupport_introspection_c.so
[4.706s] -- Up-to-date: /home/pirobot/git/ros_pathfinder/install/action_interfaces/lib/libaction_interfaces__rosidl_typesupport_c.so
[4.706s] -- Up-to-date: /home/pirobot/git/ros_pathfinder/install/action_interfaces/include/action_interfaces/action_interfaces
[4.706s] -- Up-to-date: /home/pirobot/git/ros_pathfinder/install/action_interfaces/include/action_interfaces/action_interfaces/action
[4.710s] -- Up-to-date: /home/pirobot/git/ros_pathfinder/install/action_interfaces/include/action_interfaces/action_interfaces/action/motor_control.hpp
[4.710s] -- Up-to-date: /home/pirobot/git/ros_pathfinder/install/action_interfaces/include/action_interfaces/action_interfaces/action/follow_path.hpp
[4.710s] -- Up-to-date: /home/pirobot/git/ros_pathfinder/install/action_interfaces/include/action_interfaces/action_interfaces/action/detail
[4.711s] -- Up-to-date: /home/pirobot/git/ros_pathfinder/install/action_interfaces/include/action_interfaces/action_interfaces/action/detail/motor_control__struct.hpp
[4.711s] -- Up-to-date: /home/pirobot/git/ros_pathfinder/install/action_interfaces/include/action_interfaces/action_interfaces/action/detail/motor_control__type_support.hpp
[4.711s] -- Up-to-date: /home/pirobot/git/ros_pathfinder/install/action_interfaces/include/action_interfaces/action_interfaces/action/detail/motor_control__builder.hpp
[4.714s] -- Up-to-date: /home/pirobot/git/ros_pathfinder/install/action_interfaces/include/action_interfaces/action_interfaces/action/detail/motor_control__traits.hpp
[4.717s] -- Up-to-date: /home/pirobot/git/ros_pathfinder/install/action_interfaces/include/action_interfaces/action_interfaces/action/detail/follow_path__type_support.hpp
[4.717s] -- Up-to-date: /home/pirobot/git/ros_pathfinder/install/action_interfaces/include/action_interfaces/action_interfaces/action/detail/follow_path__builder.hpp
[4.717s] -- Up-to-date: /home/pirobot/git/ros_pathfinder/install/action_interfaces/include/action_interfaces/action_interfaces/action/detail/follow_path__traits.hpp
[4.718s] -- Up-to-date: /home/pirobot/git/ros_pathfinder/install/action_interfaces/include/action_interfaces/action_interfaces/action/detail/follow_path__struct.hpp
[4.718s] -- Up-to-date: /home/pirobot/git/ros_pathfinder/install/action_interfaces/include/action_interfaces/action_interfaces/msg
[4.723s] -- Up-to-date: /home/pirobot/git/ros_pathfinder/install/action_interfaces/include/action_interfaces/action_interfaces/msg/rosidl_generator_cpp__visibility_control.hpp
[4.724s] -- Up-to-date: /home/pirobot/git/ros_pathfinder/install/action_interfaces/include/action_interfaces/action_interfaces
[4.728s] -- Up-to-date: /home/pirobot/git/ros_pathfinder/install/action_interfaces/include/action_interfaces/action_interfaces/action
[4.728s] -- Up-to-date: /home/pirobot/git/ros_pathfinder/install/action_interfaces/include/action_interfaces/action_interfaces/action/detail
[4.729s] -- Up-to-date: /home/pirobot/git/ros_pathfinder/install/action_interfaces/include/action_interfaces/action_interfaces/action/detail/motor_control__rosidl_typesupport_fastrtps_cpp.hpp
[4.729s] -- Up-to-date: /home/pirobot/git/ros_pathfinder/install/action_interfaces/include/action_interfaces/action_interfaces/action/detail/follow_path__rosidl_typesupport_fastrtps_cpp.hpp
[4.737s] -- Up-to-date: /home/pirobot/git/ros_pathfinder/install/action_interfaces/include/action_interfaces/action_interfaces/action/detail/dds_fastrtps
[4.740s] -- Up-to-date: /home/pirobot/git/ros_pathfinder/install/action_interfaces/include/action_interfaces/action_interfaces/msg
[4.740s] -- Up-to-date: /home/pirobot/git/ros_pathfinder/install/action_interfaces/include/action_interfaces/action_interfaces/msg/rosidl_typesupport_fastrtps_cpp__visibility_control.h
[4.740s] -- Up-to-date: /home/pirobot/git/ros_pathfinder/install/action_interfaces/lib/libaction_interfaces__rosidl_typesupport_fastrtps_cpp.so
[4.740s] -- Up-to-date: /home/pirobot/git/ros_pathfinder/install/action_interfaces/include/action_interfaces/action_interfaces
[4.741s] -- Up-to-date: /home/pirobot/git/ros_pathfinder/install/action_interfaces/include/action_interfaces/action_interfaces/action
[4.741s] -- Up-to-date: /home/pirobot/git/ros_pathfinder/install/action_interfaces/include/action_interfaces/action_interfaces/action/detail
[4.747s] -- Up-to-date: /home/pirobot/git/ros_pathfinder/install/action_interfaces/include/action_interfaces/action_interfaces/action/detail/motor_control__type_support.cpp
[4.747s] -- Up-to-date: /home/pirobot/git/ros_pathfinder/install/action_interfaces/include/action_interfaces/action_interfaces/action/detail/follow_path__rosidl_typesupport_introspection_cpp.hpp
[4.748s] -- Up-to-date: /home/pirobot/git/ros_pathfinder/install/action_interfaces/include/action_interfaces/action_interfaces/action/detail/follow_path__type_support.cpp
[4.748s] -- Up-to-date: /home/pirobot/git/ros_pathfinder/install/action_interfaces/include/action_interfaces/action_interfaces/action/detail/motor_control__rosidl_typesupport_introspection_cpp.hpp
[4.748s] -- Up-to-date: /home/pirobot/git/ros_pathfinder/install/action_interfaces/lib/libaction_interfaces__rosidl_typesupport_introspection_cpp.so
[4.748s] -- Up-to-date: /home/pirobot/git/ros_pathfinder/install/action_interfaces/lib/libaction_interfaces__rosidl_typesupport_cpp.so
[4.751s] -- Up-to-date: /home/pirobot/git/ros_pathfinder/install/action_interfaces/share/action_interfaces/environment/pythonpath.sh
[4.752s] -- Up-to-date: /home/pirobot/git/ros_pathfinder/install/action_interfaces/share/action_interfaces/environment/pythonpath.dsv
[4.755s] -- Up-to-date: /home/pirobot/git/ros_pathfinder/install/action_interfaces/lib/python3.12/site-packages/action_interfaces-0.0.0-py3.12.egg-info
[4.756s] -- Installing: /home/pirobot/git/ros_pathfinder/install/action_interfaces/lib/python3.12/site-packages/action_interfaces-0.0.0-py3.12.egg-info/dependency_links.txt
[4.757s] -- Installing: /home/pirobot/git/ros_pathfinder/install/action_interfaces/lib/python3.12/site-packages/action_interfaces-0.0.0-py3.12.egg-info/top_level.txt
[4.761s] -- Installing: /home/pirobot/git/ros_pathfinder/install/action_interfaces/lib/python3.12/site-packages/action_interfaces-0.0.0-py3.12.egg-info/SOURCES.txt
[4.762s] -- Installing: /home/pirobot/git/ros_pathfinder/install/action_interfaces/lib/python3.12/site-packages/action_interfaces-0.0.0-py3.12.egg-info/PKG-INFO
[4.762s] -- Up-to-date: /home/pirobot/git/ros_pathfinder/install/action_interfaces/lib/python3.12/site-packages/action_interfaces
[4.764s] -- Up-to-date: /home/pirobot/git/ros_pathfinder/install/action_interfaces/lib/python3.12/site-packages/action_interfaces/action_interfaces_s__rosidl_typesupport_fastrtps_c.so
[4.765s] -- Up-to-date: /home/pirobot/git/ros_pathfinder/install/action_interfaces/lib/python3.12/site-packages/action_interfaces/_action_interfaces_s.ep.rosidl_typesupport_fastrtps_c.c
[4.765s] -- Up-to-date: /home/pirobot/git/ros_pathfinder/install/action_interfaces/lib/python3.12/site-packages/action_interfaces/action_interfaces_s__rosidl_typesupport_c.so
[4.765s] -- Up-to-date: /home/pirobot/git/ros_pathfinder/install/action_interfaces/lib/python3.12/site-packages/action_interfaces/_action_interfaces_s.ep.rosidl_typesupport_c.c
[4.766s] -- Up-to-date: /home/pirobot/git/ros_pathfinder/install/action_interfaces/lib/python3.12/site-packages/action_interfaces/action_interfaces_s__rosidl_typesupport_introspection_c.so
[4.766s] -- Up-to-date: /home/pirobot/git/ros_pathfinder/install/action_interfaces/lib/python3.12/site-packages/action_interfaces/action
[4.767s] -- Up-to-date: /home/pirobot/git/ros_pathfinder/install/action_interfaces/lib/python3.12/site-packages/action_interfaces/action/_follow_path_s.c
[4.768s] -- Up-to-date: /home/pirobot/git/ros_pathfinder/install/action_interfaces/lib/python3.12/site-packages/action_interfaces/action/_motor_control_s.c
[4.768s] -- Up-to-date: /home/pirobot/git/ros_pathfinder/install/action_interfaces/lib/python3.12/site-packages/action_interfaces/action/_motor_control.py
[4.768s] -- Up-to-date: /home/pirobot/git/ros_pathfinder/install/action_interfaces/lib/python3.12/site-packages/action_interfaces/action/__init__.py
[4.768s] -- Up-to-date: /home/pirobot/git/ros_pathfinder/install/action_interfaces/lib/python3.12/site-packages/action_interfaces/action/_follow_path.py
[4.769s] -- Up-to-date: /home/pirobot/git/ros_pathfinder/install/action_interfaces/lib/python3.12/site-packages/action_interfaces/__init__.py
[4.769s] -- Up-to-date: /home/pirobot/git/ros_pathfinder/install/action_interfaces/lib/python3.12/site-packages/action_interfaces/_action_interfaces_s.ep.rosidl_typesupport_introspection_c.c
[5.059s] Listing '/home/pirobot/git/ros_pathfinder/install/action_interfaces/lib/python3.12/site-packages/action_interfaces'...
[5.063s] Listing '/home/pirobot/git/ros_pathfinder/install/action_interfaces/lib/python3.12/site-packages/action_interfaces/action'...
[5.102s] -- Up-to-date: /home/pirobot/git/ros_pathfinder/install/action_interfaces/lib/python3.12/site-packages/action_interfaces/action_interfaces_s__rosidl_typesupport_fastrtps_c.so
[5.103s] -- Up-to-date: /home/pirobot/git/ros_pathfinder/install/action_interfaces/lib/python3.12/site-packages/action_interfaces/action_interfaces_s__rosidl_typesupport_introspection_c.so
[5.104s] -- Up-to-date: /home/pirobot/git/ros_pathfinder/install/action_interfaces/lib/python3.12/site-packages/action_interfaces/action_interfaces_s__rosidl_typesupport_c.so
[5.105s] -- Up-to-date: /home/pirobot/git/ros_pathfinder/install/action_interfaces/lib/libaction_interfaces__rosidl_generator_py.so
[5.105s] -- Up-to-date: /home/pirobot/git/ros_pathfinder/install/action_interfaces/share/action_interfaces/action/MotorControl.idl
[5.105s] -- Up-to-date: /home/pirobot/git/ros_pathfinder/install/action_interfaces/share/action_interfaces/action/FollowPath.idl
[5.108s] -- Up-to-date: /home/pirobot/git/ros_pathfinder/install/action_interfaces/share/action_interfaces/action/MotorControl.action
[5.109s] -- Up-to-date: /home/pirobot/git/ros_pathfinder/install/action_interfaces/share/action_interfaces/action/FollowPath.action
[5.109s] -- Up-to-date: /home/pirobot/git/ros_pathfinder/install/action_interfaces/share/ament_index/resource_index/package_run_dependencies/action_interfaces
[5.109s] -- Up-to-date: /home/pirobot/git/ros_pathfinder/install/action_interfaces/share/ament_index/resource_index/parent_prefix_path/action_interfaces
[5.110s] -- Up-to-date: /home/pirobot/git/ros_pathfinder/install/action_interfaces/share/action_interfaces/environment/ament_prefix_path.sh
[5.112s] -- Up-to-date: /home/pirobot/git/ros_pathfinder/install/action_interfaces/share/action_interfaces/environment/ament_prefix_path.dsv
[5.112s] -- Up-to-date: /home/pirobot/git/ros_pathfinder/install/action_interfaces/share/action_interfaces/environment/path.sh
[5.112s] -- Up-to-date: /home/pirobot/git/ros_pathfinder/install/action_interfaces/share/action_interfaces/environment/path.dsv
[5.113s] -- Up-to-date: /home/pirobot/git/ros_pathfinder/install/action_interfaces/share/action_interfaces/local_setup.bash
[5.113s] -- Up-to-date: /home/pirobot/git/ros_pathfinder/install/action_interfaces/share/action_interfaces/local_setup.sh
[5.113s] -- Up-to-date: /home/pirobot/git/ros_pathfinder/install/action_interfaces/share/action_interfaces/local_setup.zsh
[5.114s] -- Up-to-date: /home/pirobot/git/ros_pathfinder/install/action_interfaces/share/action_interfaces/local_setup.dsv
[5.114s] -- Installing: /home/pirobot/git/ros_pathfinder/install/action_interfaces/share/action_interfaces/package.dsv
[5.114s] -- Up-to-date: /home/pirobot/git/ros_pathfinder/install/action_interfaces/share/ament_index/resource_index/packages/action_interfaces
[5.115s] -- Up-to-date: /home/pirobot/git/ros_pathfinder/install/action_interfaces/share/action_interfaces/cmake/export_action_interfaces__rosidl_generator_cExport.cmake
[5.116s] -- Up-to-date: /home/pirobot/git/ros_pathfinder/install/action_interfaces/share/action_interfaces/cmake/export_action_interfaces__rosidl_generator_cExport-noconfig.cmake
[5.116s] -- Up-to-date: /home/pirobot/git/ros_pathfinder/install/action_interfaces/share/action_interfaces/cmake/export_action_interfaces__rosidl_typesupport_fastrtps_cExport.cmake
[5.119s] -- Up-to-date: /home/pirobot/git/ros_pathfinder/install/action_interfaces/share/action_interfaces/cmake/export_action_interfaces__rosidl_typesupport_fastrtps_cExport-noconfig.cmake
[5.120s] -- Up-to-date: /home/pirobot/git/ros_pathfinder/install/action_interfaces/share/action_interfaces/cmake/action_interfaces__rosidl_typesupport_introspection_cExport.cmake
[5.120s] -- Up-to-date: /home/pirobot/git/ros_pathfinder/install/action_interfaces/share/action_interfaces/cmake/action_interfaces__rosidl_typesupport_introspection_cExport-noconfig.cmake
[5.121s] -- Up-to-date: /home/pirobot/git/ros_pathfinder/install/action_interfaces/share/action_interfaces/cmake/action_interfaces__rosidl_typesupport_cExport.cmake
[5.121s] -- Up-to-date: /home/pirobot/git/ros_pathfinder/install/action_interfaces/share/action_interfaces/cmake/action_interfaces__rosidl_typesupport_cExport-noconfig.cmake
[5.121s] -- Up-to-date: /home/pirobot/git/ros_pathfinder/install/action_interfaces/share/action_interfaces/cmake/export_action_interfaces__rosidl_generator_cppExport.cmake
[5.121s] -- Up-to-date: /home/pirobot/git/ros_pathfinder/install/action_interfaces/share/action_interfaces/cmake/export_action_interfaces__rosidl_typesupport_fastrtps_cppExport.cmake
[5.122s] -- Up-to-date: /home/pirobot/git/ros_pathfinder/install/action_interfaces/share/action_interfaces/cmake/export_action_interfaces__rosidl_typesupport_fastrtps_cppExport-noconfig.cmake
[5.122s] -- Up-to-date: /home/pirobot/git/ros_pathfinder/install/action_interfaces/share/action_interfaces/cmake/action_interfaces__rosidl_typesupport_introspection_cppExport.cmake
[5.122s] -- Up-to-date: /home/pirobot/git/ros_pathfinder/install/action_interfaces/share/action_interfaces/cmake/action_interfaces__rosidl_typesupport_introspection_cppExport-noconfig.cmake
[5.122s] -- Up-to-date: /home/pirobot/git/ros_pathfinder/install/action_interfaces/share/action_interfaces/cmake/action_interfaces__rosidl_typesupport_cppExport.cmake
[5.122s] -- Up-to-date: /home/pirobot/git/ros_pathfinder/install/action_interfaces/share/action_interfaces/cmake/action_interfaces__rosidl_typesupport_cppExport-noconfig.cmake
[5.122s] -- Up-to-date: /home/pirobot/git/ros_pathfinder/install/action_interfaces/share/action_interfaces/cmake/export_action_interfaces__rosidl_generator_pyExport.cmake
[5.123s] -- Up-to-date: /home/pirobot/git/ros_pathfinder/install/action_interfaces/share/action_interfaces/cmake/export_action_interfaces__rosidl_generator_pyExport-noconfig.cmake
[5.123s] -- Up-to-date: /home/pirobot/git/ros_pathfinder/install/action_interfaces/share/action_interfaces/cmake/rosidl_cmake-extras.cmake
[5.123s] -- Up-to-date: /home/pirobot/git/ros_pathfinder/install/action_interfaces/share/action_interfaces/cmake/ament_cmake_export_dependencies-extras.cmake
[5.128s] -- Up-to-date: /home/pirobot/git/ros_pathfinder/install/action_interfaces/share/action_interfaces/cmake/ament_cmake_export_include_directories-extras.cmake
[5.128s] -- Up-to-date: /home/pirobot/git/ros_pathfinder/install/action_interfaces/share/action_interfaces/cmake/ament_cmake_export_libraries-extras.cmake
[5.129s] -- Up-to-date: /home/pirobot/git/ros_pathfinder/install/action_interfaces/share/action_interfaces/cmake/ament_cmake_export_targets-extras.cmake
[5.129s] -- Up-to-date: /home/pirobot/git/ros_pathfinder/install/action_interfaces/share/action_interfaces/cmake/rosidl_cmake_export_typesupport_targets-extras.cmake
[5.130s] -- Up-to-date: /home/pirobot/git/ros_pathfinder/install/action_interfaces/share/action_interfaces/cmake/rosidl_cmake_export_typesupport_libraries-extras.cmake
[5.130s] -- Up-to-date: /home/pirobot/git/ros_pathfinder/install/action_interfaces/share/action_interfaces/cmake/action_interfacesConfig.cmake
[5.131s] -- Up-to-date: /home/pirobot/git/ros_pathfinder/install/action_interfaces/share/action_interfaces/cmake/action_interfacesConfig-version.cmake
[5.131s] -- Up-to-date: /home/pirobot/git/ros_pathfinder/install/action_interfaces/share/action_interfaces/package.xml
[5.132s] Invoked command in '/home/pirobot/git/ros_pathfinder/build/action_interfaces' returned '0': CMAKE_PREFIX_PATH=${CMAKE_PREFIX_PATH}:/home/pirobot/git/ros_pathfinder/install/ros_pathfinder:/home/pirobot/ros2_ws/install/my_robot_controller:/opt/ros/kilted DEBUGINFOD_URLS=https://debuginfod.ubuntu.com PS1=(.venv) \[\e]0;\u@\h: \w\a\]${debian_chroot:+($debian_chroot)}\[\033[01;32m\]\u@\h\[\033[00m\]:\[\033[01;34m\]\w\[\033[00m\]\$ VIRTUAL_ENV_PROMPT=(.venv) /usr/bin/cmake --install /home/pirobot/git/ros_pathfinder/build/action_interfaces
