[0.058s] Invoking command in '/home/pirobot/git/ros_pathfinder/build/sllidar_ros2': CMAKE_PREFIX_PATH=${CMAKE_PREFIX_PATH}:/home/pirobot/ros2_ws/install/my_robot_controller:/opt/ros/kilted DEBUGINFOD_URLS=https://debuginfod.ubuntu.com /usr/bin/cmake --build /home/pirobot/git/ros_pathfinder/build/sllidar_ros2 -- -j4 -l4
[0.823s] [ 90%] Built target sllidar_node
[0.825s] [100%] Built target sllidar_client
[0.871s] Invoked command in '/home/pirobot/git/ros_pathfinder/build/sllidar_ros2' returned '0': CMAKE_PREFIX_PATH=${CMAKE_PREFIX_PATH}:/home/pirobot/ros2_ws/install/my_robot_controller:/opt/ros/kilted DEBUGINFOD_URLS=https://debuginfod.ubuntu.com /usr/bin/cmake --build /home/pirobot/git/ros_pathfinder/build/sllidar_ros2 -- -j4 -l4
[0.909s] Invoking command in '/home/pirobot/git/ros_pathfinder/build/sllidar_ros2': CMAKE_PREFIX_PATH=${CMAKE_PREFIX_PATH}:/home/pirobot/ros2_ws/install/my_robot_controller:/opt/ros/kilted DEBUGINFOD_URLS=https://debuginfod.ubuntu.com /usr/bin/cmake --install /home/pirobot/git/ros_pathfinder/build/sllidar_ros2
[0.931s] -- Install configuration: ""
[0.937s] -- Up-to-date: /home/pirobot/git/ros_pathfinder/install/sllidar_ros2/share/sllidar_ros2/launch
[0.938s] -- Up-to-date: /home/pirobot/git/ros_pathfinder/install/sllidar_ros2/share/sllidar_ros2/launch/view_sllidar_a2m8_launch.py
[0.939s] -- Up-to-date: /home/pirobot/git/ros_pathfinder/install/sllidar_ros2/share/sllidar_ros2/launch/view_sllidar_s2e_launch.py
[0.941s] -- Up-to-date: /home/pirobot/git/ros_pathfinder/install/sllidar_ros2/share/sllidar_ros2/launch/view_sllidar_s3_launch.py
[0.941s] -- Up-to-date: /home/pirobot/git/ros_pathfinder/install/sllidar_ros2/share/sllidar_ros2/launch/view_sllidar_s2_launch.py
[0.941s] -- Up-to-date: /home/pirobot/git/ros_pathfinder/install/sllidar_ros2/share/sllidar_ros2/launch/view_sllidar_a2m7_launch.py
[0.941s] -- Up-to-date: /home/pirobot/git/ros_pathfinder/install/sllidar_ros2/share/sllidar_ros2/launch/sllidar_a3_launch.py
[0.941s] -- Up-to-date: /home/pirobot/git/ros_pathfinder/install/sllidar_ros2/share/sllidar_ros2/launch/sllidar_a2m7_launch.py
[0.941s] -- Up-to-date: /home/pirobot/git/ros_pathfinder/install/sllidar_ros2/share/sllidar_ros2/launch/view_sllidar_a3_launch.py
[0.942s] -- Up-to-date: /home/pirobot/git/ros_pathfinder/install/sllidar_ros2/share/sllidar_ros2/launch/sllidar_s2e_launch.py
[0.942s] -- Up-to-date: /home/pirobot/git/ros_pathfinder/install/sllidar_ros2/share/sllidar_ros2/launch/sllidar_a1_launch.py
[0.942s] -- Up-to-date: /home/pirobot/git/ros_pathfinder/install/sllidar_ros2/share/sllidar_ros2/launch/view_sllidar_a2m12_launch.py
[0.942s] -- Up-to-date: /home/pirobot/git/ros_pathfinder/install/sllidar_ros2/share/sllidar_ros2/launch/sllidar_s3_launch.py
[0.942s] -- Up-to-date: /home/pirobot/git/ros_pathfinder/install/sllidar_ros2/share/sllidar_ros2/launch/sllidar_a2m8_launch.py
[0.942s] -- Up-to-date: /home/pirobot/git/ros_pathfinder/install/sllidar_ros2/share/sllidar_ros2/launch/sllidar_a2m12_launch .py
[0.942s] -- Up-to-date: /home/pirobot/git/ros_pathfinder/install/sllidar_ros2/share/sllidar_ros2/launch/sllidar_c1_launch.py
[0.942s] -- Up-to-date: /home/pirobot/git/ros_pathfinder/install/sllidar_ros2/share/sllidar_ros2/launch/sllidar_s1_launch.py
[0.942s] -- Up-to-date: /home/pirobot/git/ros_pathfinder/install/sllidar_ros2/share/sllidar_ros2/launch/view_sllidar_c1_launch.py
[0.942s] -- Up-to-date: /home/pirobot/git/ros_pathfinder/install/sllidar_ros2/share/sllidar_ros2/launch/view_sllidar_s1_launch.py
[0.942s] -- Up-to-date: /home/pirobot/git/ros_pathfinder/install/sllidar_ros2/share/sllidar_ros2/launch/sllidar_t1_launch.py
[0.942s] -- Up-to-date: /home/pirobot/git/ros_pathfinder/install/sllidar_ros2/share/sllidar_ros2/launch/sllidar_s1_tcp_launch.py
[0.942s] -- Up-to-date: /home/pirobot/git/ros_pathfinder/install/sllidar_ros2/share/sllidar_ros2/launch/sllidar_s2_launch.py
[0.943s] -- Up-to-date: /home/pirobot/git/ros_pathfinder/install/sllidar_ros2/share/sllidar_ros2/launch/view_sllidar_t1_launch.py
[0.943s] -- Up-to-date: /home/pirobot/git/ros_pathfinder/install/sllidar_ros2/share/sllidar_ros2/launch/view_sllidar_s1_tcp_launch.py
[0.943s] -- Up-to-date: /home/pirobot/git/ros_pathfinder/install/sllidar_ros2/share/sllidar_ros2/launch/view_sllidar_a1_launch.py
[0.946s] -- Up-to-date: /home/pirobot/git/ros_pathfinder/install/sllidar_ros2/share/sllidar_ros2/rviz
[0.946s] -- Up-to-date: /home/pirobot/git/ros_pathfinder/install/sllidar_ros2/share/sllidar_ros2/rviz/sllidar_ros2.rviz
[0.948s] -- Up-to-date: /home/pirobot/git/ros_pathfinder/install/sllidar_ros2/lib/sllidar_ros2/sllidar_node
[0.953s] -- Up-to-date: /home/pirobot/git/ros_pathfinder/install/sllidar_ros2/lib/sllidar_ros2/sllidar_client
[0.960s] -- Up-to-date: /home/pirobot/git/ros_pathfinder/install/sllidar_ros2/share/ament_index/resource_index/package_run_dependencies/sllidar_ros2
[0.961s] -- Up-to-date: /home/pirobot/git/ros_pathfinder/install/sllidar_ros2/share/ament_index/resource_index/parent_prefix_path/sllidar_ros2
[0.961s] -- Up-to-date: /home/pirobot/git/ros_pathfinder/install/sllidar_ros2/share/sllidar_ros2/environment/ament_prefix_path.sh
[0.962s] -- Up-to-date: /home/pirobot/git/ros_pathfinder/install/sllidar_ros2/share/sllidar_ros2/environment/ament_prefix_path.dsv
[0.962s] -- Up-to-date: /home/pirobot/git/ros_pathfinder/install/sllidar_ros2/share/sllidar_ros2/environment/path.sh
[0.962s] -- Up-to-date: /home/pirobot/git/ros_pathfinder/install/sllidar_ros2/share/sllidar_ros2/environment/path.dsv
[0.963s] -- Up-to-date: /home/pirobot/git/ros_pathfinder/install/sllidar_ros2/share/sllidar_ros2/local_setup.bash
[0.963s] -- Up-to-date: /home/pirobot/git/ros_pathfinder/install/sllidar_ros2/share/sllidar_ros2/local_setup.sh
[0.963s] -- Up-to-date: /home/pirobot/git/ros_pathfinder/install/sllidar_ros2/share/sllidar_ros2/local_setup.zsh
[0.963s] -- Up-to-date: /home/pirobot/git/ros_pathfinder/install/sllidar_ros2/share/sllidar_ros2/local_setup.dsv
[0.963s] -- Installing: /home/pirobot/git/ros_pathfinder/install/sllidar_ros2/share/sllidar_ros2/package.dsv
[0.965s] -- Up-to-date: /home/pirobot/git/ros_pathfinder/install/sllidar_ros2/share/ament_index/resource_index/packages/sllidar_ros2
[0.965s] -- Up-to-date: /home/pirobot/git/ros_pathfinder/install/sllidar_ros2/share/sllidar_ros2/cmake/ament_cmake_export_dependencies-extras.cmake
[0.965s] -- Up-to-date: /home/pirobot/git/ros_pathfinder/install/sllidar_ros2/share/sllidar_ros2/cmake/ament_cmake_export_include_directories-extras.cmake
[0.965s] -- Up-to-date: /home/pirobot/git/ros_pathfinder/install/sllidar_ros2/share/sllidar_ros2/cmake/sllidar_ros2Config.cmake
[0.965s] -- Up-to-date: /home/pirobot/git/ros_pathfinder/install/sllidar_ros2/share/sllidar_ros2/cmake/sllidar_ros2Config-version.cmake
[0.965s] -- Up-to-date: /home/pirobot/git/ros_pathfinder/install/sllidar_ros2/share/sllidar_ros2/package.xml
[0.968s] Invoked command in '/home/pirobot/git/ros_pathfinder/build/sllidar_ros2' returned '0': CMAKE_PREFIX_PATH=${CMAKE_PREFIX_PATH}:/home/pirobot/ros2_ws/install/my_robot_controller:/opt/ros/kilted DEBUGINFOD_URLS=https://debuginfod.ubuntu.com /usr/bin/cmake --install /home/pirobot/git/ros_pathfinder/build/sllidar_ros2
