[0.228s] DEBUG:colcon:Command line arguments: ['/usr/bin/colcon', 'build']
[0.228s] DEBUG:colcon:Parsed command line arguments: Namespace(log_base=None, log_level=None, verb_name='build', build_base='build', install_base='install', merge_install=False, symlink_install=False, test_result_base=None, continue_on_error=False, executor='parallel', parallel_workers=4, event_handlers=None, ignore_user_meta=False, metas=['./colcon.meta'], base_paths=['.'], packages_ignore=None, packages_ignore_regex=None, paths=None, packages_up_to=None, packages_up_to_regex=None, packages_above=None, packages_above_and_dependencies=None, packages_above_depth=None, packages_select_by_dep=None, packages_skip_by_dep=None, packages_skip_up_to=None, packages_select_build_failed=False, packages_skip_build_finished=False, packages_select_test_failures=False, packages_skip_test_passed=False, packages_select=None, packages_skip=None, packages_select_regex=None, packages_skip_regex=None, packages_start=None, packages_end=None, allow_overriding=[], cmake_args=None, cmake_target=None, cmake_target_skip_unavailable=False, cmake_clean_cache=False, cmake_clean_first=False, cmake_force_configure=False, ament_cmake_args=None, catkin_cmake_args=None, catkin_skip_building_tests=False, mixin_files=None, mixin=None, verb_parser=<colcon_mixin.mixin.mixin_argument.MixinArgumentDecorator object at 0xffff8ee094c0>, verb_extension=<colcon_core.verb.build.BuildVerb object at 0xffff8f0fda90>, main=<bound method BuildVerb.main of <colcon_core.verb.build.BuildVerb object at 0xffff8f0fda90>>, mixin_verb=('build',))
[0.311s] Level 1:colcon.colcon_core.package_discovery:discover_packages(colcon_meta) check parameters
[0.311s] Level 1:colcon.colcon_core.package_discovery:discover_packages(recursive) check parameters
[0.311s] Level 1:colcon.colcon_core.package_discovery:discover_packages(ignore) check parameters
[0.311s] Level 1:colcon.colcon_core.package_discovery:discover_packages(path) check parameters
[0.311s] Level 1:colcon.colcon_core.package_discovery:discover_packages(colcon_meta) discover
[0.311s] Level 1:colcon.colcon_core.package_discovery:discover_packages(recursive) discover
[0.311s] INFO:colcon.colcon_core.package_discovery:Crawling recursively for packages in '/home/pirobot/git/ros_pathfinder'
[0.311s] Level 1:colcon.colcon_core.package_identification:_identify(.) by extensions ['ignore', 'ignore_ament_install']
[0.311s] Level 1:colcon.colcon_core.package_identification:_identify(.) by extension 'ignore'
[0.312s] Level 1:colcon.colcon_core.package_identification:_identify(.) by extension 'ignore_ament_install'
[0.312s] Level 1:colcon.colcon_core.package_identification:_identify(.) by extensions ['colcon_pkg']
[0.312s] Level 1:colcon.colcon_core.package_identification:_identify(.) by extension 'colcon_pkg'
[0.312s] Level 1:colcon.colcon_core.package_identification:_identify(.) by extensions ['colcon_meta']
[0.312s] Level 1:colcon.colcon_core.package_identification:_identify(.) by extension 'colcon_meta'
[0.312s] Level 1:colcon.colcon_core.package_identification:_identify(.) by extensions ['ros']
[0.312s] Level 1:colcon.colcon_core.package_identification:_identify(.) by extension 'ros'
[0.365s] Level 1:colcon.colcon_core.package_identification:_identify(.) by extensions ['cmake', 'python']
[0.365s] Level 1:colcon.colcon_core.package_identification:_identify(.) by extension 'cmake'
[0.365s] Level 1:colcon.colcon_core.package_identification:_identify(.) by extension 'python'
[0.365s] Level 1:colcon.colcon_core.package_identification:_identify(.) by extensions ['python_setup_py']
[0.365s] Level 1:colcon.colcon_core.package_identification:_identify(.) by extension 'python_setup_py'
[0.365s] Level 1:colcon.colcon_core.package_identification:_identify(build) by extensions ['ignore', 'ignore_ament_install']
[0.366s] Level 1:colcon.colcon_core.package_identification:_identify(build) by extension 'ignore'
[0.366s] Level 1:colcon.colcon_core.package_identification:_identify(build) ignored
[0.366s] Level 1:colcon.colcon_core.package_identification:_identify(install) by extensions ['ignore', 'ignore_ament_install']
[0.366s] Level 1:colcon.colcon_core.package_identification:_identify(install) by extension 'ignore'
[0.366s] Level 1:colcon.colcon_core.package_identification:_identify(install) ignored
[0.367s] Level 1:colcon.colcon_core.package_identification:_identify(log) by extensions ['ignore', 'ignore_ament_install']
[0.367s] Level 1:colcon.colcon_core.package_identification:_identify(log) by extension 'ignore'
[0.367s] Level 1:colcon.colcon_core.package_identification:_identify(log) ignored
[0.367s] Level 1:colcon.colcon_core.package_identification:_identify(sllidar_ros2) by extensions ['ignore', 'ignore_ament_install']
[0.367s] Level 1:colcon.colcon_core.package_identification:_identify(sllidar_ros2) by extension 'ignore'
[0.368s] Level 1:colcon.colcon_core.package_identification:_identify(sllidar_ros2) by extension 'ignore_ament_install'
[0.368s] Level 1:colcon.colcon_core.package_identification:_identify(sllidar_ros2) by extensions ['colcon_pkg']
[0.368s] Level 1:colcon.colcon_core.package_identification:_identify(sllidar_ros2) by extension 'colcon_pkg'
[0.368s] Level 1:colcon.colcon_core.package_identification:_identify(sllidar_ros2) by extensions ['colcon_meta']
[0.368s] Level 1:colcon.colcon_core.package_identification:_identify(sllidar_ros2) by extension 'colcon_meta'
[0.368s] Level 1:colcon.colcon_core.package_identification:_identify(sllidar_ros2) by extensions ['ros']
[0.368s] Level 1:colcon.colcon_core.package_identification:_identify(sllidar_ros2) by extension 'ros'
[0.372s] DEBUG:colcon.colcon_core.package_identification:Package 'sllidar_ros2' with type 'ros.ament_cmake' and name 'sllidar_ros2'
[0.373s] Level 1:colcon.colcon_core.package_identification:_identify(src) by extensions ['ignore', 'ignore_ament_install']
[0.373s] Level 1:colcon.colcon_core.package_identification:_identify(src) by extension 'ignore'
[0.373s] Level 1:colcon.colcon_core.package_identification:_identify(src) by extension 'ignore_ament_install'
[0.373s] Level 1:colcon.colcon_core.package_identification:_identify(src) by extensions ['colcon_pkg']
[0.373s] Level 1:colcon.colcon_core.package_identification:_identify(src) by extension 'colcon_pkg'
[0.373s] Level 1:colcon.colcon_core.package_identification:_identify(src) by extensions ['colcon_meta']
[0.373s] Level 1:colcon.colcon_core.package_identification:_identify(src) by extension 'colcon_meta'
[0.373s] Level 1:colcon.colcon_core.package_identification:_identify(src) by extensions ['ros']
[0.373s] Level 1:colcon.colcon_core.package_identification:_identify(src) by extension 'ros'
[0.373s] Level 1:colcon.colcon_core.package_identification:_identify(src) by extensions ['cmake', 'python']
[0.373s] Level 1:colcon.colcon_core.package_identification:_identify(src) by extension 'cmake'
[0.373s] Level 1:colcon.colcon_core.package_identification:_identify(src) by extension 'python'
[0.373s] Level 1:colcon.colcon_core.package_identification:_identify(src) by extensions ['python_setup_py']
[0.373s] Level 1:colcon.colcon_core.package_identification:_identify(src) by extension 'python_setup_py'
[0.374s] Level 1:colcon.colcon_core.package_identification:_identify(src/action_interfaces) by extensions ['ignore', 'ignore_ament_install']
[0.374s] Level 1:colcon.colcon_core.package_identification:_identify(src/action_interfaces) by extension 'ignore'
[0.374s] Level 1:colcon.colcon_core.package_identification:_identify(src/action_interfaces) by extension 'ignore_ament_install'
[0.374s] Level 1:colcon.colcon_core.package_identification:_identify(src/action_interfaces) by extensions ['colcon_pkg']
[0.374s] Level 1:colcon.colcon_core.package_identification:_identify(src/action_interfaces) by extension 'colcon_pkg'
[0.374s] Level 1:colcon.colcon_core.package_identification:_identify(src/action_interfaces) by extensions ['colcon_meta']
[0.374s] Level 1:colcon.colcon_core.package_identification:_identify(src/action_interfaces) by extension 'colcon_meta'
[0.374s] Level 1:colcon.colcon_core.package_identification:_identify(src/action_interfaces) by extensions ['ros']
[0.374s] Level 1:colcon.colcon_core.package_identification:_identify(src/action_interfaces) by extension 'ros'
[0.375s] DEBUG:colcon.colcon_core.package_identification:Package 'src/action_interfaces' with type 'ros.ament_cmake' and name 'action_interfaces'
[0.375s] Level 1:colcon.colcon_core.package_identification:_identify(src/install) by extensions ['ignore', 'ignore_ament_install']
[0.375s] Level 1:colcon.colcon_core.package_identification:_identify(src/install) by extension 'ignore'
[0.375s] Level 1:colcon.colcon_core.package_identification:_identify(src/install) ignored
[0.375s] Level 1:colcon.colcon_core.package_identification:_identify(src/log) by extensions ['ignore', 'ignore_ament_install']
[0.375s] Level 1:colcon.colcon_core.package_identification:_identify(src/log) by extension 'ignore'
[0.375s] Level 1:colcon.colcon_core.package_identification:_identify(src/log) ignored
[0.375s] Level 1:colcon.colcon_core.package_identification:_identify(src/ros_pathfinder) by extensions ['ignore', 'ignore_ament_install']
[0.375s] Level 1:colcon.colcon_core.package_identification:_identify(src/ros_pathfinder) by extension 'ignore'
[0.376s] Level 1:colcon.colcon_core.package_identification:_identify(src/ros_pathfinder) by extension 'ignore_ament_install'
[0.376s] Level 1:colcon.colcon_core.package_identification:_identify(src/ros_pathfinder) by extensions ['colcon_pkg']
[0.376s] Level 1:colcon.colcon_core.package_identification:_identify(src/ros_pathfinder) by extension 'colcon_pkg'
[0.376s] Level 1:colcon.colcon_core.package_identification:_identify(src/ros_pathfinder) by extensions ['colcon_meta']
[0.376s] Level 1:colcon.colcon_core.package_identification:_identify(src/ros_pathfinder) by extension 'colcon_meta'
[0.376s] Level 1:colcon.colcon_core.package_identification:_identify(src/ros_pathfinder) by extensions ['ros']
[0.376s] Level 1:colcon.colcon_core.package_identification:_identify(src/ros_pathfinder) by extension 'ros'
[0.377s] DEBUG:colcon.colcon_core.package_identification:Package 'src/ros_pathfinder' with type 'ros.ament_python' and name 'ros_pathfinder'
[0.377s] Level 1:colcon.colcon_core.package_discovery:discover_packages(recursive) using defaults
[0.377s] Level 1:colcon.colcon_core.package_discovery:discover_packages(ignore) discover
[0.377s] Level 1:colcon.colcon_core.package_discovery:discover_packages(ignore) using defaults
[0.377s] Level 1:colcon.colcon_core.package_discovery:discover_packages(path) discover
[0.377s] Level 1:colcon.colcon_core.package_discovery:discover_packages(path) using defaults
[0.416s] Level 1:colcon.colcon_core.package_discovery:discover_packages(prefix_path) check parameters
[0.416s] Level 1:colcon.colcon_core.package_discovery:discover_packages(prefix_path) discover
[0.422s] DEBUG:colcon.colcon_installed_package_information.package_discovery:Found 3 installed packages in /home/pirobot/git/ros_pathfinder/install
[0.423s] DEBUG:colcon.colcon_installed_package_information.package_discovery:Found 1 installed packages in /home/pirobot/ros2_ws/install
[0.426s] DEBUG:colcon.colcon_installed_package_information.package_discovery:Found 298 installed packages in /opt/ros/kilted
[0.430s] Level 1:colcon.colcon_core.package_discovery:discover_packages(prefix_path) using defaults
[0.511s] Level 5:colcon.colcon_core.verb:set package 'action_interfaces' build argument 'cmake_args' from command line to 'None'
[0.512s] Level 5:colcon.colcon_core.verb:set package 'action_interfaces' build argument 'cmake_target' from command line to 'None'
[0.512s] Level 5:colcon.colcon_core.verb:set package 'action_interfaces' build argument 'cmake_target_skip_unavailable' from command line to 'False'
[0.512s] Level 5:colcon.colcon_core.verb:set package 'action_interfaces' build argument 'cmake_clean_cache' from command line to 'False'
[0.512s] Level 5:colcon.colcon_core.verb:set package 'action_interfaces' build argument 'cmake_clean_first' from command line to 'False'
[0.512s] Level 5:colcon.colcon_core.verb:set package 'action_interfaces' build argument 'cmake_force_configure' from command line to 'False'
[0.512s] Level 5:colcon.colcon_core.verb:set package 'action_interfaces' build argument 'ament_cmake_args' from command line to 'None'
[0.512s] Level 5:colcon.colcon_core.verb:set package 'action_interfaces' build argument 'catkin_cmake_args' from command line to 'None'
[0.512s] Level 5:colcon.colcon_core.verb:set package 'action_interfaces' build argument 'catkin_skip_building_tests' from command line to 'False'
[0.512s] DEBUG:colcon.colcon_core.verb:Building package 'action_interfaces' with the following arguments: {'ament_cmake_args': None, 'build_base': '/home/pirobot/git/ros_pathfinder/build/action_interfaces', 'catkin_cmake_args': None, 'catkin_skip_building_tests': False, 'cmake_args': None, 'cmake_clean_cache': False, 'cmake_clean_first': False, 'cmake_force_configure': False, 'cmake_target': None, 'cmake_target_skip_unavailable': False, 'install_base': '/home/pirobot/git/ros_pathfinder/install/action_interfaces', 'merge_install': False, 'path': '/home/pirobot/git/ros_pathfinder/src/action_interfaces', 'symlink_install': False, 'test_result_base': None}
[0.513s] Level 5:colcon.colcon_core.verb:set package 'sllidar_ros2' build argument 'cmake_args' from command line to 'None'
[0.513s] Level 5:colcon.colcon_core.verb:set package 'sllidar_ros2' build argument 'cmake_target' from command line to 'None'
[0.513s] Level 5:colcon.colcon_core.verb:set package 'sllidar_ros2' build argument 'cmake_target_skip_unavailable' from command line to 'False'
[0.513s] Level 5:colcon.colcon_core.verb:set package 'sllidar_ros2' build argument 'cmake_clean_cache' from command line to 'False'
[0.513s] Level 5:colcon.colcon_core.verb:set package 'sllidar_ros2' build argument 'cmake_clean_first' from command line to 'False'
[0.513s] Level 5:colcon.colcon_core.verb:set package 'sllidar_ros2' build argument 'cmake_force_configure' from command line to 'False'
[0.513s] Level 5:colcon.colcon_core.verb:set package 'sllidar_ros2' build argument 'ament_cmake_args' from command line to 'None'
[0.513s] Level 5:colcon.colcon_core.verb:set package 'sllidar_ros2' build argument 'catkin_cmake_args' from command line to 'None'
[0.513s] Level 5:colcon.colcon_core.verb:set package 'sllidar_ros2' build argument 'catkin_skip_building_tests' from command line to 'False'
[0.513s] DEBUG:colcon.colcon_core.verb:Building package 'sllidar_ros2' with the following arguments: {'ament_cmake_args': None, 'build_base': '/home/pirobot/git/ros_pathfinder/build/sllidar_ros2', 'catkin_cmake_args': None, 'catkin_skip_building_tests': False, 'cmake_args': None, 'cmake_clean_cache': False, 'cmake_clean_first': False, 'cmake_force_configure': False, 'cmake_target': None, 'cmake_target_skip_unavailable': False, 'install_base': '/home/pirobot/git/ros_pathfinder/install/sllidar_ros2', 'merge_install': False, 'path': '/home/pirobot/git/ros_pathfinder/sllidar_ros2', 'symlink_install': False, 'test_result_base': None}
[0.514s] Level 5:colcon.colcon_core.verb:set package 'ros_pathfinder' build argument 'cmake_args' from command line to 'None'
[0.514s] Level 5:colcon.colcon_core.verb:set package 'ros_pathfinder' build argument 'cmake_target' from command line to 'None'
[0.514s] Level 5:colcon.colcon_core.verb:set package 'ros_pathfinder' build argument 'cmake_target_skip_unavailable' from command line to 'False'
[0.514s] Level 5:colcon.colcon_core.verb:set package 'ros_pathfinder' build argument 'cmake_clean_cache' from command line to 'False'
[0.514s] Level 5:colcon.colcon_core.verb:set package 'ros_pathfinder' build argument 'cmake_clean_first' from command line to 'False'
[0.514s] Level 5:colcon.colcon_core.verb:set package 'ros_pathfinder' build argument 'cmake_force_configure' from command line to 'False'
[0.514s] Level 5:colcon.colcon_core.verb:set package 'ros_pathfinder' build argument 'ament_cmake_args' from command line to 'None'
[0.514s] Level 5:colcon.colcon_core.verb:set package 'ros_pathfinder' build argument 'catkin_cmake_args' from command line to 'None'
[0.514s] Level 5:colcon.colcon_core.verb:set package 'ros_pathfinder' build argument 'catkin_skip_building_tests' from command line to 'False'
[0.514s] DEBUG:colcon.colcon_core.verb:Building package 'ros_pathfinder' with the following arguments: {'ament_cmake_args': None, 'build_base': '/home/pirobot/git/ros_pathfinder/build/ros_pathfinder', 'catkin_cmake_args': None, 'catkin_skip_building_tests': False, 'cmake_args': None, 'cmake_clean_cache': False, 'cmake_clean_first': False, 'cmake_force_configure': False, 'cmake_target': None, 'cmake_target_skip_unavailable': False, 'install_base': '/home/pirobot/git/ros_pathfinder/install/ros_pathfinder', 'merge_install': False, 'path': '/home/pirobot/git/ros_pathfinder/src/ros_pathfinder', 'symlink_install': False, 'test_result_base': None}
[0.514s] INFO:colcon.colcon_core.executor:Executing jobs using 'parallel' executor
[0.519s] DEBUG:colcon.colcon_parallel_executor.executor.parallel:run_until_complete
[0.520s] INFO:colcon.colcon_ros.task.ament_cmake.build:Building ROS package in '/home/pirobot/git/ros_pathfinder/src/action_interfaces' with build type 'ament_cmake'
[0.521s] INFO:colcon.colcon_cmake.task.cmake.build:Building CMake package in '/home/pirobot/git/ros_pathfinder/src/action_interfaces'
[0.529s] INFO:colcon.colcon_core.plugin_system:Skipping extension 'colcon_core.shell.bat': Not used on non-Windows systems
[0.530s] INFO:colcon.colcon_core.shell:Skip shell extension 'powershell' for command environment: Not usable outside of PowerShell
[0.530s] DEBUG:colcon.colcon_core.shell:Skip shell extension 'dsv' for command environment
[0.542s] INFO:colcon.colcon_ros.task.ament_cmake.build:Building ROS package in '/home/pirobot/git/ros_pathfinder/sllidar_ros2' with build type 'ament_cmake'
[0.543s] INFO:colcon.colcon_cmake.task.cmake.build:Building CMake package in '/home/pirobot/git/ros_pathfinder/sllidar_ros2'
[0.543s] INFO:colcon.colcon_core.shell:Skip shell extension 'powershell' for command environment: Not usable outside of PowerShell
[0.544s] DEBUG:colcon.colcon_core.shell:Skip shell extension 'dsv' for command environment
[0.566s] DEBUG:colcon.colcon_core.event_handler.log_command:Invoking command in '/home/pirobot/git/ros_pathfinder/build/action_interfaces': CMAKE_PREFIX_PATH=${CMAKE_PREFIX_PATH}:/home/pirobot/git/ros_pathfinder/install/ros_pathfinder:/home/pirobot/ros2_ws/install/my_robot_controller:/opt/ros/kilted DEBUGINFOD_URLS=https://debuginfod.ubuntu.com PS1=(.venv) \[\e]0;\u@\h: \w\a\]${debian_chroot:+($debian_chroot)}\[\033[01;32m\]\u@\h\[\033[00m\]:\[\033[01;34m\]\w\[\033[00m\]\$ VIRTUAL_ENV_PROMPT=(.venv) /usr/bin/cmake --build /home/pirobot/git/ros_pathfinder/build/action_interfaces -- -j4 -l4
[0.577s] DEBUG:colcon.colcon_core.event_handler.log_command:Invoking command in '/home/pirobot/git/ros_pathfinder/build/sllidar_ros2': CMAKE_PREFIX_PATH=${CMAKE_PREFIX_PATH}:/home/pirobot/git/ros_pathfinder/install/ros_pathfinder:/home/pirobot/ros2_ws/install/my_robot_controller:/opt/ros/kilted DEBUGINFOD_URLS=https://debuginfod.ubuntu.com PS1=(.venv) \[\e]0;\u@\h: \w\a\]${debian_chroot:+($debian_chroot)}\[\033[01;32m\]\u@\h\[\033[00m\]:\[\033[01;34m\]\w\[\033[00m\]\$ VIRTUAL_ENV_PROMPT=(.venv) /usr/bin/cmake --build /home/pirobot/git/ros_pathfinder/build/sllidar_ros2 -- -j4 -l4
[0.982s] DEBUG:colcon.colcon_core.event_handler.log_command:Invoked command in '/home/pirobot/git/ros_pathfinder/build/sllidar_ros2' returned '0': CMAKE_PREFIX_PATH=${CMAKE_PREFIX_PATH}:/home/pirobot/git/ros_pathfinder/install/ros_pathfinder:/home/pirobot/ros2_ws/install/my_robot_controller:/opt/ros/kilted DEBUGINFOD_URLS=https://debuginfod.ubuntu.com PS1=(.venv) \[\e]0;\u@\h: \w\a\]${debian_chroot:+($debian_chroot)}\[\033[01;32m\]\u@\h\[\033[00m\]:\[\033[01;34m\]\w\[\033[00m\]\$ VIRTUAL_ENV_PROMPT=(.venv) /usr/bin/cmake --build /home/pirobot/git/ros_pathfinder/build/sllidar_ros2 -- -j4 -l4
[1.043s] DEBUG:colcon.colcon_core.event_handler.log_command:Invoking command in '/home/pirobot/git/ros_pathfinder/build/sllidar_ros2': CMAKE_PREFIX_PATH=${CMAKE_PREFIX_PATH}:/home/pirobot/git/ros_pathfinder/install/ros_pathfinder:/home/pirobot/ros2_ws/install/my_robot_controller:/opt/ros/kilted DEBUGINFOD_URLS=https://debuginfod.ubuntu.com PS1=(.venv) \[\e]0;\u@\h: \w\a\]${debian_chroot:+($debian_chroot)}\[\033[01;32m\]\u@\h\[\033[00m\]:\[\033[01;34m\]\w\[\033[00m\]\$ VIRTUAL_ENV_PROMPT=(.venv) /usr/bin/cmake --install /home/pirobot/git/ros_pathfinder/build/sllidar_ros2
[1.135s] Level 1:colcon.colcon_core.environment:create_environment_scripts_only(sllidar_ros2)
[1.137s] DEBUG:colcon.colcon_core.event_handler.log_command:Invoked command in '/home/pirobot/git/ros_pathfinder/build/sllidar_ros2' returned '0': CMAKE_PREFIX_PATH=${CMAKE_PREFIX_PATH}:/home/pirobot/git/ros_pathfinder/install/ros_pathfinder:/home/pirobot/ros2_ws/install/my_robot_controller:/opt/ros/kilted DEBUGINFOD_URLS=https://debuginfod.ubuntu.com PS1=(.venv) \[\e]0;\u@\h: \w\a\]${debian_chroot:+($debian_chroot)}\[\033[01;32m\]\u@\h\[\033[00m\]:\[\033[01;34m\]\w\[\033[00m\]\$ VIRTUAL_ENV_PROMPT=(.venv) /usr/bin/cmake --install /home/pirobot/git/ros_pathfinder/build/sllidar_ros2
[1.163s] Level 1:colcon.colcon_core.environment:checking '/home/pirobot/git/ros_pathfinder/install/sllidar_ros2' for CMake module files
[1.172s] Level 1:colcon.colcon_core.environment:checking '/home/pirobot/git/ros_pathfinder/install/sllidar_ros2' for CMake config files
[1.173s] Level 1:colcon.colcon_core.shell:create_environment_hook('sllidar_ros2', 'cmake_prefix_path')
[1.176s] INFO:colcon.colcon_core.shell:Creating environment hook '/home/pirobot/git/ros_pathfinder/install/sllidar_ros2/share/sllidar_ros2/hook/cmake_prefix_path.ps1'
[1.179s] INFO:colcon.colcon_core.shell:Creating environment descriptor '/home/pirobot/git/ros_pathfinder/install/sllidar_ros2/share/sllidar_ros2/hook/cmake_prefix_path.dsv'
[1.182s] INFO:colcon.colcon_core.shell:Creating environment hook '/home/pirobot/git/ros_pathfinder/install/sllidar_ros2/share/sllidar_ros2/hook/cmake_prefix_path.sh'
[1.187s] Level 1:colcon.colcon_core.environment:checking '/home/pirobot/git/ros_pathfinder/install/sllidar_ros2/lib'
[1.191s] Level 1:colcon.colcon_core.environment:checking '/home/pirobot/git/ros_pathfinder/install/sllidar_ros2/bin'
[1.192s] Level 1:colcon.colcon_core.environment:checking '/home/pirobot/git/ros_pathfinder/install/sllidar_ros2/lib/pkgconfig/sllidar_ros2.pc'
[1.192s] Level 1:colcon.colcon_core.environment:checking '/home/pirobot/git/ros_pathfinder/install/sllidar_ros2/lib/python3.12/site-packages'
[1.193s] Level 1:colcon.colcon_core.environment:checking '/home/pirobot/git/ros_pathfinder/install/sllidar_ros2/bin'
[1.199s] INFO:colcon.colcon_core.shell:Creating package script '/home/pirobot/git/ros_pathfinder/install/sllidar_ros2/share/sllidar_ros2/package.ps1'
[1.202s] INFO:colcon.colcon_core.shell:Creating package descriptor '/home/pirobot/git/ros_pathfinder/install/sllidar_ros2/share/sllidar_ros2/package.dsv'
[1.207s] INFO:colcon.colcon_core.shell:Creating package script '/home/pirobot/git/ros_pathfinder/install/sllidar_ros2/share/sllidar_ros2/package.sh'
[1.210s] INFO:colcon.colcon_core.shell:Creating package script '/home/pirobot/git/ros_pathfinder/install/sllidar_ros2/share/sllidar_ros2/package.bash'
[1.215s] INFO:colcon.colcon_core.shell:Creating package script '/home/pirobot/git/ros_pathfinder/install/sllidar_ros2/share/sllidar_ros2/package.zsh'
[1.221s] Level 1:colcon.colcon_core.environment:create_file_with_runtime_dependencies(/home/pirobot/git/ros_pathfinder/install/sllidar_ros2/share/colcon-core/packages/sllidar_ros2)
[1.224s] Level 1:colcon.colcon_core.environment:create_environment_scripts_only(sllidar_ros2)
[1.225s] Level 1:colcon.colcon_core.environment:checking '/home/pirobot/git/ros_pathfinder/install/sllidar_ros2' for CMake module files
[1.231s] Level 1:colcon.colcon_core.environment:checking '/home/pirobot/git/ros_pathfinder/install/sllidar_ros2' for CMake config files
[1.232s] Level 1:colcon.colcon_core.shell:create_environment_hook('sllidar_ros2', 'cmake_prefix_path')
[1.233s] INFO:colcon.colcon_core.shell:Creating environment hook '/home/pirobot/git/ros_pathfinder/install/sllidar_ros2/share/sllidar_ros2/hook/cmake_prefix_path.ps1'
[1.244s] INFO:colcon.colcon_core.shell:Creating environment descriptor '/home/pirobot/git/ros_pathfinder/install/sllidar_ros2/share/sllidar_ros2/hook/cmake_prefix_path.dsv'
[1.250s] INFO:colcon.colcon_core.shell:Creating environment hook '/home/pirobot/git/ros_pathfinder/install/sllidar_ros2/share/sllidar_ros2/hook/cmake_prefix_path.sh'
[1.257s] Level 1:colcon.colcon_core.environment:checking '/home/pirobot/git/ros_pathfinder/install/sllidar_ros2/lib'
[1.258s] Level 1:colcon.colcon_core.environment:checking '/home/pirobot/git/ros_pathfinder/install/sllidar_ros2/bin'
[1.258s] Level 1:colcon.colcon_core.environment:checking '/home/pirobot/git/ros_pathfinder/install/sllidar_ros2/lib/pkgconfig/sllidar_ros2.pc'
[1.259s] Level 1:colcon.colcon_core.environment:checking '/home/pirobot/git/ros_pathfinder/install/sllidar_ros2/lib/python3.12/site-packages'
[1.260s] Level 1:colcon.colcon_core.environment:checking '/home/pirobot/git/ros_pathfinder/install/sllidar_ros2/bin'
[1.261s] INFO:colcon.colcon_core.shell:Creating package script '/home/pirobot/git/ros_pathfinder/install/sllidar_ros2/share/sllidar_ros2/package.ps1'
[1.263s] INFO:colcon.colcon_core.shell:Creating package descriptor '/home/pirobot/git/ros_pathfinder/install/sllidar_ros2/share/sllidar_ros2/package.dsv'
[1.265s] INFO:colcon.colcon_core.shell:Creating package script '/home/pirobot/git/ros_pathfinder/install/sllidar_ros2/share/sllidar_ros2/package.sh'
[1.267s] INFO:colcon.colcon_core.shell:Creating package script '/home/pirobot/git/ros_pathfinder/install/sllidar_ros2/share/sllidar_ros2/package.bash'
[1.273s] INFO:colcon.colcon_core.shell:Creating package script '/home/pirobot/git/ros_pathfinder/install/sllidar_ros2/share/sllidar_ros2/package.zsh'
[1.279s] Level 1:colcon.colcon_core.environment:create_file_with_runtime_dependencies(/home/pirobot/git/ros_pathfinder/install/sllidar_ros2/share/colcon-core/packages/sllidar_ros2)
[3.862s] DEBUG:colcon.colcon_core.event_handler.log_command:Invoked command in '/home/pirobot/git/ros_pathfinder/build/action_interfaces' returned '0': CMAKE_PREFIX_PATH=${CMAKE_PREFIX_PATH}:/home/pirobot/git/ros_pathfinder/install/ros_pathfinder:/home/pirobot/ros2_ws/install/my_robot_controller:/opt/ros/kilted DEBUGINFOD_URLS=https://debuginfod.ubuntu.com PS1=(.venv) \[\e]0;\u@\h: \w\a\]${debian_chroot:+($debian_chroot)}\[\033[01;32m\]\u@\h\[\033[00m\]:\[\033[01;34m\]\w\[\033[00m\]\$ VIRTUAL_ENV_PROMPT=(.venv) /usr/bin/cmake --build /home/pirobot/git/ros_pathfinder/build/action_interfaces -- -j4 -l4
[3.863s] DEBUG:colcon.colcon_core.event_handler.log_command:Invoking command in '/home/pirobot/git/ros_pathfinder/build/action_interfaces': CMAKE_PREFIX_PATH=${CMAKE_PREFIX_PATH}:/home/pirobot/git/ros_pathfinder/install/ros_pathfinder:/home/pirobot/ros2_ws/install/my_robot_controller:/opt/ros/kilted DEBUGINFOD_URLS=https://debuginfod.ubuntu.com PS1=(.venv) \[\e]0;\u@\h: \w\a\]${debian_chroot:+($debian_chroot)}\[\033[01;32m\]\u@\h\[\033[00m\]:\[\033[01;34m\]\w\[\033[00m\]\$ VIRTUAL_ENV_PROMPT=(.venv) /usr/bin/cmake --install /home/pirobot/git/ros_pathfinder/build/action_interfaces
[4.332s] Level 1:colcon.colcon_core.environment:create_environment_scripts_only(action_interfaces)
[4.333s] Level 1:colcon.colcon_core.environment:checking '/home/pirobot/git/ros_pathfinder/install/action_interfaces' for CMake module files
[4.339s] DEBUG:colcon.colcon_core.event_handler.log_command:Invoked command in '/home/pirobot/git/ros_pathfinder/build/action_interfaces' returned '0': CMAKE_PREFIX_PATH=${CMAKE_PREFIX_PATH}:/home/pirobot/git/ros_pathfinder/install/ros_pathfinder:/home/pirobot/ros2_ws/install/my_robot_controller:/opt/ros/kilted DEBUGINFOD_URLS=https://debuginfod.ubuntu.com PS1=(.venv) \[\e]0;\u@\h: \w\a\]${debian_chroot:+($debian_chroot)}\[\033[01;32m\]\u@\h\[\033[00m\]:\[\033[01;34m\]\w\[\033[00m\]\$ VIRTUAL_ENV_PROMPT=(.venv) /usr/bin/cmake --install /home/pirobot/git/ros_pathfinder/build/action_interfaces
[4.341s] Level 1:colcon.colcon_core.environment:checking '/home/pirobot/git/ros_pathfinder/install/action_interfaces' for CMake config files
[4.342s] Level 1:colcon.colcon_core.shell:create_environment_hook('action_interfaces', 'cmake_prefix_path')
[4.345s] INFO:colcon.colcon_core.shell:Creating environment hook '/home/pirobot/git/ros_pathfinder/install/action_interfaces/share/action_interfaces/hook/cmake_prefix_path.ps1'
[4.351s] INFO:colcon.colcon_core.shell:Creating environment descriptor '/home/pirobot/git/ros_pathfinder/install/action_interfaces/share/action_interfaces/hook/cmake_prefix_path.dsv'
[4.354s] INFO:colcon.colcon_core.shell:Creating environment hook '/home/pirobot/git/ros_pathfinder/install/action_interfaces/share/action_interfaces/hook/cmake_prefix_path.sh'
[4.363s] Level 1:colcon.colcon_core.environment:checking '/home/pirobot/git/ros_pathfinder/install/action_interfaces/lib'
[4.366s] Level 1:colcon.colcon_core.shell:create_environment_hook('action_interfaces', 'ld_library_path_lib')
[4.367s] INFO:colcon.colcon_core.shell:Creating environment hook '/home/pirobot/git/ros_pathfinder/install/action_interfaces/share/action_interfaces/hook/ld_library_path_lib.ps1'
[4.372s] INFO:colcon.colcon_core.shell:Creating environment descriptor '/home/pirobot/git/ros_pathfinder/install/action_interfaces/share/action_interfaces/hook/ld_library_path_lib.dsv'
[4.384s] INFO:colcon.colcon_core.shell:Creating environment hook '/home/pirobot/git/ros_pathfinder/install/action_interfaces/share/action_interfaces/hook/ld_library_path_lib.sh'
[4.393s] Level 1:colcon.colcon_core.environment:checking '/home/pirobot/git/ros_pathfinder/install/action_interfaces/bin'
[4.393s] Level 1:colcon.colcon_core.environment:checking '/home/pirobot/git/ros_pathfinder/install/action_interfaces/lib/pkgconfig/action_interfaces.pc'
[4.394s] Level 1:colcon.colcon_core.environment:checking '/home/pirobot/git/ros_pathfinder/install/action_interfaces/lib/python3.12/site-packages'
[4.394s] Level 1:colcon.colcon_core.shell:create_environment_hook('action_interfaces', 'pythonpath')
[4.395s] INFO:colcon.colcon_core.shell:Creating environment hook '/home/pirobot/git/ros_pathfinder/install/action_interfaces/share/action_interfaces/hook/pythonpath.ps1'
[4.406s] INFO:colcon.colcon_core.shell:Creating environment descriptor '/home/pirobot/git/ros_pathfinder/install/action_interfaces/share/action_interfaces/hook/pythonpath.dsv'
[4.412s] INFO:colcon.colcon_core.shell:Creating environment hook '/home/pirobot/git/ros_pathfinder/install/action_interfaces/share/action_interfaces/hook/pythonpath.sh'
[4.414s] Level 1:colcon.colcon_core.environment:checking '/home/pirobot/git/ros_pathfinder/install/action_interfaces/bin'
[4.420s] INFO:colcon.colcon_core.shell:Creating package script '/home/pirobot/git/ros_pathfinder/install/action_interfaces/share/action_interfaces/package.ps1'
[4.422s] INFO:colcon.colcon_core.shell:Creating package descriptor '/home/pirobot/git/ros_pathfinder/install/action_interfaces/share/action_interfaces/package.dsv'
[4.426s] INFO:colcon.colcon_core.shell:Creating package script '/home/pirobot/git/ros_pathfinder/install/action_interfaces/share/action_interfaces/package.sh'
[4.432s] INFO:colcon.colcon_core.shell:Creating package script '/home/pirobot/git/ros_pathfinder/install/action_interfaces/share/action_interfaces/package.bash'
[4.436s] INFO:colcon.colcon_core.shell:Creating package script '/home/pirobot/git/ros_pathfinder/install/action_interfaces/share/action_interfaces/package.zsh'
[4.437s] Level 1:colcon.colcon_core.environment:create_file_with_runtime_dependencies(/home/pirobot/git/ros_pathfinder/install/action_interfaces/share/colcon-core/packages/action_interfaces)
[4.439s] Level 1:colcon.colcon_core.environment:create_environment_scripts_only(action_interfaces)
[4.440s] Level 1:colcon.colcon_core.environment:checking '/home/pirobot/git/ros_pathfinder/install/action_interfaces' for CMake module files
[4.442s] Level 1:colcon.colcon_core.environment:checking '/home/pirobot/git/ros_pathfinder/install/action_interfaces' for CMake config files
[4.443s] Level 1:colcon.colcon_core.shell:create_environment_hook('action_interfaces', 'cmake_prefix_path')
[4.444s] INFO:colcon.colcon_core.shell:Creating environment hook '/home/pirobot/git/ros_pathfinder/install/action_interfaces/share/action_interfaces/hook/cmake_prefix_path.ps1'
[4.445s] INFO:colcon.colcon_core.shell:Creating environment descriptor '/home/pirobot/git/ros_pathfinder/install/action_interfaces/share/action_interfaces/hook/cmake_prefix_path.dsv'
[4.447s] INFO:colcon.colcon_core.shell:Creating environment hook '/home/pirobot/git/ros_pathfinder/install/action_interfaces/share/action_interfaces/hook/cmake_prefix_path.sh'
[4.449s] Level 1:colcon.colcon_core.environment:checking '/home/pirobot/git/ros_pathfinder/install/action_interfaces/lib'
[4.450s] Level 1:colcon.colcon_core.shell:create_environment_hook('action_interfaces', 'ld_library_path_lib')
[4.450s] INFO:colcon.colcon_core.shell:Creating environment hook '/home/pirobot/git/ros_pathfinder/install/action_interfaces/share/action_interfaces/hook/ld_library_path_lib.ps1'
[4.453s] INFO:colcon.colcon_core.shell:Creating environment descriptor '/home/pirobot/git/ros_pathfinder/install/action_interfaces/share/action_interfaces/hook/ld_library_path_lib.dsv'
[4.456s] INFO:colcon.colcon_core.shell:Creating environment hook '/home/pirobot/git/ros_pathfinder/install/action_interfaces/share/action_interfaces/hook/ld_library_path_lib.sh'
[4.458s] Level 1:colcon.colcon_core.environment:checking '/home/pirobot/git/ros_pathfinder/install/action_interfaces/bin'
[4.458s] Level 1:colcon.colcon_core.environment:checking '/home/pirobot/git/ros_pathfinder/install/action_interfaces/lib/pkgconfig/action_interfaces.pc'
[4.459s] Level 1:colcon.colcon_core.environment:checking '/home/pirobot/git/ros_pathfinder/install/action_interfaces/lib/python3.12/site-packages'
[4.460s] Level 1:colcon.colcon_core.shell:create_environment_hook('action_interfaces', 'pythonpath')
[4.460s] INFO:colcon.colcon_core.shell:Creating environment hook '/home/pirobot/git/ros_pathfinder/install/action_interfaces/share/action_interfaces/hook/pythonpath.ps1'
[4.462s] INFO:colcon.colcon_core.shell:Creating environment descriptor '/home/pirobot/git/ros_pathfinder/install/action_interfaces/share/action_interfaces/hook/pythonpath.dsv'
[4.464s] INFO:colcon.colcon_core.shell:Creating environment hook '/home/pirobot/git/ros_pathfinder/install/action_interfaces/share/action_interfaces/hook/pythonpath.sh'
[4.467s] Level 1:colcon.colcon_core.environment:checking '/home/pirobot/git/ros_pathfinder/install/action_interfaces/bin'
[4.468s] INFO:colcon.colcon_core.shell:Creating package script '/home/pirobot/git/ros_pathfinder/install/action_interfaces/share/action_interfaces/package.ps1'
[4.470s] INFO:colcon.colcon_core.shell:Creating package descriptor '/home/pirobot/git/ros_pathfinder/install/action_interfaces/share/action_interfaces/package.dsv'
[4.475s] INFO:colcon.colcon_core.shell:Creating package script '/home/pirobot/git/ros_pathfinder/install/action_interfaces/share/action_interfaces/package.sh'
[4.482s] INFO:colcon.colcon_core.shell:Creating package script '/home/pirobot/git/ros_pathfinder/install/action_interfaces/share/action_interfaces/package.bash'
[4.488s] INFO:colcon.colcon_core.shell:Creating package script '/home/pirobot/git/ros_pathfinder/install/action_interfaces/share/action_interfaces/package.zsh'
[4.490s] Level 1:colcon.colcon_core.environment:create_file_with_runtime_dependencies(/home/pirobot/git/ros_pathfinder/install/action_interfaces/share/colcon-core/packages/action_interfaces)
[4.498s] INFO:colcon.colcon_ros.task.ament_python.build:Building ROS package in '/home/pirobot/git/ros_pathfinder/src/ros_pathfinder' with build type 'ament_python'
[4.498s] Level 1:colcon.colcon_core.shell:create_environment_hook('ros_pathfinder', 'ament_prefix_path')
[4.502s] INFO:colcon.colcon_core.shell:Creating environment hook '/home/pirobot/git/ros_pathfinder/install/ros_pathfinder/share/ros_pathfinder/hook/ament_prefix_path.ps1'
[4.504s] INFO:colcon.colcon_core.shell:Creating environment descriptor '/home/pirobot/git/ros_pathfinder/install/ros_pathfinder/share/ros_pathfinder/hook/ament_prefix_path.dsv'
[4.505s] INFO:colcon.colcon_core.shell:Creating environment hook '/home/pirobot/git/ros_pathfinder/install/ros_pathfinder/share/ros_pathfinder/hook/ament_prefix_path.sh'
[4.510s] INFO:colcon.colcon_core.shell:Skip shell extension 'powershell' for command environment: Not usable outside of PowerShell
[4.510s] DEBUG:colcon.colcon_core.shell:Skip shell extension 'dsv' for command environment
[6.418s] INFO:colcon.colcon_core.task.python.build:Building Python package in '/home/pirobot/git/ros_pathfinder/src/ros_pathfinder'
[6.421s] INFO:colcon.colcon_core.shell:Skip shell extension 'powershell' for command environment: Not usable outside of PowerShell
[6.422s] DEBUG:colcon.colcon_core.shell:Skip shell extension 'dsv' for command environment
[11.604s] DEBUG:colcon.colcon_core.event_handler.log_command:Invoking command in '/home/pirobot/git/ros_pathfinder/src/ros_pathfinder': CMAKE_PREFIX_PATH=/home/pirobot/git/ros_pathfinder/install/action_interfaces:/home/pirobot/git/ros_pathfinder/install/sllidar_ros2:/opt/ros/kilted/opt/gz_math_vendor:/opt/ros/kilted/opt/gz_utils_vendor:/opt/ros/kilted/opt/gz_cmake_vendor DEBUGINFOD_URLS=https://debuginfod.ubuntu.com PS1=(.venv) \[\e]0;\u@\h: \w\a\]${debian_chroot:+($debian_chroot)}\[\033[01;32m\]\u@\h\[\033[00m\]:\[\033[01;34m\]\w\[\033[00m\]\$ PYTHONPATH=/home/pirobot/git/ros_pathfinder/build/ros_pathfinder/prefix_override:/usr/lib/python3/dist-packages/colcon_core/task/python/colcon_distutils_commands:/home/pirobot/git/ros_pathfinder/install/ros_pathfinder/lib/python3.12/site-packages:/home/pirobot/git/ros_pathfinder/install/action_interfaces/lib/python3.12/site-packages:/home/pirobot/git/ros_pathfinder/install/ros_pathfinder/lib/python3.12/site-packages:/home/pirobot/ros2_ws/install/my_robot_controller/lib/python3.12/site-packages:/opt/ros/kilted/lib/python3.12/site-packages VIRTUAL_ENV_PROMPT=(.venv) /usr/bin/python3 -W ignore:setup.py install is deprecated -W ignore:easy_install command is deprecated setup.py egg_info --egg-base ../../build/ros_pathfinder build --build-base /home/pirobot/git/ros_pathfinder/build/ros_pathfinder/build install --record /home/pirobot/git/ros_pathfinder/build/ros_pathfinder/install.log --single-version-externally-managed install_data
[15.603s] Level 1:colcon.colcon_core.environment:checking '/home/pirobot/git/ros_pathfinder/install/ros_pathfinder' for CMake module files
[15.605s] Level 1:colcon.colcon_core.environment:checking '/home/pirobot/git/ros_pathfinder/install/ros_pathfinder' for CMake config files
[15.604s] DEBUG:colcon.colcon_core.event_handler.log_command:Invoked command in '/home/pirobot/git/ros_pathfinder/src/ros_pathfinder' returned '0': CMAKE_PREFIX_PATH=/home/pirobot/git/ros_pathfinder/install/action_interfaces:/home/pirobot/git/ros_pathfinder/install/sllidar_ros2:/opt/ros/kilted/opt/gz_math_vendor:/opt/ros/kilted/opt/gz_utils_vendor:/opt/ros/kilted/opt/gz_cmake_vendor DEBUGINFOD_URLS=https://debuginfod.ubuntu.com PS1=(.venv) \[\e]0;\u@\h: \w\a\]${debian_chroot:+($debian_chroot)}\[\033[01;32m\]\u@\h\[\033[00m\]:\[\033[01;34m\]\w\[\033[00m\]\$ PYTHONPATH=/home/pirobot/git/ros_pathfinder/build/ros_pathfinder/prefix_override:/usr/lib/python3/dist-packages/colcon_core/task/python/colcon_distutils_commands:/home/pirobot/git/ros_pathfinder/install/ros_pathfinder/lib/python3.12/site-packages:/home/pirobot/git/ros_pathfinder/install/action_interfaces/lib/python3.12/site-packages:/home/pirobot/git/ros_pathfinder/install/ros_pathfinder/lib/python3.12/site-packages:/home/pirobot/ros2_ws/install/my_robot_controller/lib/python3.12/site-packages:/opt/ros/kilted/lib/python3.12/site-packages VIRTUAL_ENV_PROMPT=(.venv) /usr/bin/python3 -W ignore:setup.py install is deprecated -W ignore:easy_install command is deprecated setup.py egg_info --egg-base ../../build/ros_pathfinder build --build-base /home/pirobot/git/ros_pathfinder/build/ros_pathfinder/build install --record /home/pirobot/git/ros_pathfinder/build/ros_pathfinder/install.log --single-version-externally-managed install_data
[15.611s] Level 1:colcon.colcon_core.environment:checking '/home/pirobot/git/ros_pathfinder/install/ros_pathfinder/lib'
[15.612s] Level 1:colcon.colcon_core.environment:checking '/home/pirobot/git/ros_pathfinder/install/ros_pathfinder/bin'
[15.612s] Level 1:colcon.colcon_core.environment:checking '/home/pirobot/git/ros_pathfinder/install/ros_pathfinder/lib/pkgconfig/ros_pathfinder.pc'
[15.612s] Level 1:colcon.colcon_core.environment:checking '/home/pirobot/git/ros_pathfinder/install/ros_pathfinder/lib/python3.12/site-packages'
[15.613s] Level 1:colcon.colcon_core.shell:create_environment_hook('ros_pathfinder', 'pythonpath')
[15.617s] INFO:colcon.colcon_core.shell:Creating environment hook '/home/pirobot/git/ros_pathfinder/install/ros_pathfinder/share/ros_pathfinder/hook/pythonpath.ps1'
[15.620s] INFO:colcon.colcon_core.shell:Creating environment descriptor '/home/pirobot/git/ros_pathfinder/install/ros_pathfinder/share/ros_pathfinder/hook/pythonpath.dsv'
[15.621s] INFO:colcon.colcon_core.shell:Creating environment hook '/home/pirobot/git/ros_pathfinder/install/ros_pathfinder/share/ros_pathfinder/hook/pythonpath.sh'
[15.631s] Level 1:colcon.colcon_core.environment:checking '/home/pirobot/git/ros_pathfinder/install/ros_pathfinder/bin'
[15.631s] Level 1:colcon.colcon_core.environment:create_environment_scripts_only(ros_pathfinder)
[15.632s] INFO:colcon.colcon_core.shell:Creating package script '/home/pirobot/git/ros_pathfinder/install/ros_pathfinder/share/ros_pathfinder/package.ps1'
[15.638s] INFO:colcon.colcon_core.shell:Creating package descriptor '/home/pirobot/git/ros_pathfinder/install/ros_pathfinder/share/ros_pathfinder/package.dsv'
[15.642s] INFO:colcon.colcon_core.shell:Creating package script '/home/pirobot/git/ros_pathfinder/install/ros_pathfinder/share/ros_pathfinder/package.sh'
[15.655s] INFO:colcon.colcon_core.shell:Creating package script '/home/pirobot/git/ros_pathfinder/install/ros_pathfinder/share/ros_pathfinder/package.bash'
[15.663s] INFO:colcon.colcon_core.shell:Creating package script '/home/pirobot/git/ros_pathfinder/install/ros_pathfinder/share/ros_pathfinder/package.zsh'
[15.665s] Level 1:colcon.colcon_core.environment:create_file_with_runtime_dependencies(/home/pirobot/git/ros_pathfinder/install/ros_pathfinder/share/colcon-core/packages/ros_pathfinder)
[15.666s] DEBUG:colcon.colcon_parallel_executor.executor.parallel:closing loop
[15.675s] DEBUG:colcon.colcon_parallel_executor.executor.parallel:loop closed
[15.675s] DEBUG:colcon.colcon_parallel_executor.executor.parallel:run_until_complete finished with '0'
[15.675s] DEBUG:colcon.colcon_core.event_reactor:joining thread
[15.737s] INFO:colcon.colcon_core.plugin_system:Skipping extension 'colcon_notification.desktop_notification.terminal_notifier': Not used on non-Darwin systems
[15.738s] INFO:colcon.colcon_core.plugin_system:Skipping extension 'colcon_notification.desktop_notification.win32': Not used on non-Windows systems
[15.738s] INFO:colcon.colcon_notification.desktop_notification:Sending desktop notification using 'notify2'
[15.831s] DEBUG:colcon.colcon_core.event_reactor:joined thread
[15.833s] INFO:colcon.colcon_core.shell:Creating prefix script '/home/pirobot/git/ros_pathfinder/install/local_setup.ps1'
[15.837s] INFO:colcon.colcon_core.shell:Creating prefix util module '/home/pirobot/git/ros_pathfinder/install/_local_setup_util_ps1.py'
[15.841s] INFO:colcon.colcon_core.shell:Creating prefix chain script '/home/pirobot/git/ros_pathfinder/install/setup.ps1'
[15.851s] INFO:colcon.colcon_core.shell:Creating prefix script '/home/pirobot/git/ros_pathfinder/install/local_setup.sh'
[15.855s] INFO:colcon.colcon_core.shell:Creating prefix util module '/home/pirobot/git/ros_pathfinder/install/_local_setup_util_sh.py'
[15.859s] INFO:colcon.colcon_core.shell:Creating prefix chain script '/home/pirobot/git/ros_pathfinder/install/setup.sh'
[15.864s] INFO:colcon.colcon_core.shell:Creating prefix script '/home/pirobot/git/ros_pathfinder/install/local_setup.bash'
[15.866s] INFO:colcon.colcon_core.shell:Creating prefix chain script '/home/pirobot/git/ros_pathfinder/install/setup.bash'
[15.872s] INFO:colcon.colcon_core.shell:Creating prefix script '/home/pirobot/git/ros_pathfinder/install/local_setup.zsh'
[15.875s] INFO:colcon.colcon_core.shell:Creating prefix chain script '/home/pirobot/git/ros_pathfinder/install/setup.zsh'
