[0.245s] DEBUG:colcon:Command line arguments: ['/usr/bin/colcon', 'build']
[0.245s] DEBUG:colcon:Parsed command line arguments: Namespace(log_base=None, log_level=None, verb_name='build', build_base='build', install_base='install', merge_install=False, symlink_install=False, test_result_base=None, continue_on_error=False, executor='parallel', parallel_workers=4, event_handlers=None, ignore_user_meta=False, metas=['./colcon.meta'], base_paths=['.'], packages_ignore=None, packages_ignore_regex=None, paths=None, packages_up_to=None, packages_up_to_regex=None, packages_above=None, packages_above_and_dependencies=None, packages_above_depth=None, packages_select_by_dep=None, packages_skip_by_dep=None, packages_skip_up_to=None, packages_select_build_failed=False, packages_skip_build_finished=False, packages_select_test_failures=False, packages_skip_test_passed=False, packages_select=None, packages_skip=None, packages_select_regex=None, packages_skip_regex=None, packages_start=None, packages_end=None, allow_overriding=[], cmake_args=None, cmake_target=None, cmake_target_skip_unavailable=False, cmake_clean_cache=False, cmake_clean_first=False, cmake_force_configure=False, ament_cmake_args=None, catkin_cmake_args=None, catkin_skip_building_tests=False, mixin_files=None, mixin=None, verb_parser=<colcon_mixin.mixin.mixin_argument.MixinArgumentDecorator object at 0xffff81e8d400>, verb_extension=<colcon_core.verb.build.BuildVerb object at 0xffff820452e0>, main=<bound method BuildVerb.main of <colcon_core.verb.build.BuildVerb object at 0xffff820452e0>>, mixin_verb=('build',))
[0.323s] Level 1:colcon.colcon_core.package_discovery:discover_packages(colcon_meta) check parameters
[0.323s] Level 1:colcon.colcon_core.package_discovery:discover_packages(recursive) check parameters
[0.323s] Level 1:colcon.colcon_core.package_discovery:discover_packages(ignore) check parameters
[0.323s] Level 1:colcon.colcon_core.package_discovery:discover_packages(path) check parameters
[0.323s] Level 1:colcon.colcon_core.package_discovery:discover_packages(colcon_meta) discover
[0.323s] Level 1:colcon.colcon_core.package_discovery:discover_packages(recursive) discover
[0.324s] INFO:colcon.colcon_core.package_discovery:Crawling recursively for packages in '/home/pirobot/git/ros_pathfinder'
[0.324s] Level 1:colcon.colcon_core.package_identification:_identify(.) by extensions ['ignore', 'ignore_ament_install']
[0.324s] Level 1:colcon.colcon_core.package_identification:_identify(.) by extension 'ignore'
[0.324s] Level 1:colcon.colcon_core.package_identification:_identify(.) by extension 'ignore_ament_install'
[0.324s] Level 1:colcon.colcon_core.package_identification:_identify(.) by extensions ['colcon_pkg']
[0.324s] Level 1:colcon.colcon_core.package_identification:_identify(.) by extension 'colcon_pkg'
[0.324s] Level 1:colcon.colcon_core.package_identification:_identify(.) by extensions ['colcon_meta']
[0.324s] Level 1:colcon.colcon_core.package_identification:_identify(.) by extension 'colcon_meta'
[0.325s] Level 1:colcon.colcon_core.package_identification:_identify(.) by extensions ['ros']
[0.325s] Level 1:colcon.colcon_core.package_identification:_identify(.) by extension 'ros'
[0.383s] Level 1:colcon.colcon_core.package_identification:_identify(.) by extensions ['cmake', 'python']
[0.383s] Level 1:colcon.colcon_core.package_identification:_identify(.) by extension 'cmake'
[0.383s] Level 1:colcon.colcon_core.package_identification:_identify(.) by extension 'python'
[0.383s] Level 1:colcon.colcon_core.package_identification:_identify(.) by extensions ['python_setup_py']
[0.383s] Level 1:colcon.colcon_core.package_identification:_identify(.) by extension 'python_setup_py'
[0.383s] Level 1:colcon.colcon_core.package_identification:_identify(build) by extensions ['ignore', 'ignore_ament_install']
[0.384s] Level 1:colcon.colcon_core.package_identification:_identify(build) by extension 'ignore'
[0.384s] Level 1:colcon.colcon_core.package_identification:_identify(build) ignored
[0.384s] Level 1:colcon.colcon_core.package_identification:_identify(install) by extensions ['ignore', 'ignore_ament_install']
[0.384s] Level 1:colcon.colcon_core.package_identification:_identify(install) by extension 'ignore'
[0.384s] Level 1:colcon.colcon_core.package_identification:_identify(install) ignored
[0.385s] Level 1:colcon.colcon_core.package_identification:_identify(log) by extensions ['ignore', 'ignore_ament_install']
[0.385s] Level 1:colcon.colcon_core.package_identification:_identify(log) by extension 'ignore'
[0.385s] Level 1:colcon.colcon_core.package_identification:_identify(log) ignored
[0.385s] Level 1:colcon.colcon_core.package_identification:_identify(sllidar_ros2) by extensions ['ignore', 'ignore_ament_install']
[0.385s] Level 1:colcon.colcon_core.package_identification:_identify(sllidar_ros2) by extension 'ignore'
[0.385s] Level 1:colcon.colcon_core.package_identification:_identify(sllidar_ros2) by extension 'ignore_ament_install'
[0.385s] Level 1:colcon.colcon_core.package_identification:_identify(sllidar_ros2) by extensions ['colcon_pkg']
[0.385s] Level 1:colcon.colcon_core.package_identification:_identify(sllidar_ros2) by extension 'colcon_pkg'
[0.385s] Level 1:colcon.colcon_core.package_identification:_identify(sllidar_ros2) by extensions ['colcon_meta']
[0.385s] Level 1:colcon.colcon_core.package_identification:_identify(sllidar_ros2) by extension 'colcon_meta'
[0.385s] Level 1:colcon.colcon_core.package_identification:_identify(sllidar_ros2) by extensions ['ros']
[0.385s] Level 1:colcon.colcon_core.package_identification:_identify(sllidar_ros2) by extension 'ros'
[0.390s] DEBUG:colcon.colcon_core.package_identification:Package 'sllidar_ros2' with type 'ros.ament_cmake' and name 'sllidar_ros2'
[0.391s] Level 1:colcon.colcon_core.package_identification:_identify(src) by extensions ['ignore', 'ignore_ament_install']
[0.392s] Level 1:colcon.colcon_core.package_identification:_identify(src) by extension 'ignore'
[0.392s] Level 1:colcon.colcon_core.package_identification:_identify(src) by extension 'ignore_ament_install'
[0.392s] Level 1:colcon.colcon_core.package_identification:_identify(src) by extensions ['colcon_pkg']
[0.392s] Level 1:colcon.colcon_core.package_identification:_identify(src) by extension 'colcon_pkg'
[0.392s] Level 1:colcon.colcon_core.package_identification:_identify(src) by extensions ['colcon_meta']
[0.392s] Level 1:colcon.colcon_core.package_identification:_identify(src) by extension 'colcon_meta'
[0.392s] Level 1:colcon.colcon_core.package_identification:_identify(src) by extensions ['ros']
[0.392s] Level 1:colcon.colcon_core.package_identification:_identify(src) by extension 'ros'
[0.392s] Level 1:colcon.colcon_core.package_identification:_identify(src) by extensions ['cmake', 'python']
[0.392s] Level 1:colcon.colcon_core.package_identification:_identify(src) by extension 'cmake'
[0.393s] Level 1:colcon.colcon_core.package_identification:_identify(src) by extension 'python'
[0.393s] Level 1:colcon.colcon_core.package_identification:_identify(src) by extensions ['python_setup_py']
[0.393s] Level 1:colcon.colcon_core.package_identification:_identify(src) by extension 'python_setup_py'
[0.393s] Level 1:colcon.colcon_core.package_identification:_identify(src/action_interfaces) by extensions ['ignore', 'ignore_ament_install']
[0.393s] Level 1:colcon.colcon_core.package_identification:_identify(src/action_interfaces) by extension 'ignore'
[0.393s] Level 1:colcon.colcon_core.package_identification:_identify(src/action_interfaces) by extension 'ignore_ament_install'
[0.393s] Level 1:colcon.colcon_core.package_identification:_identify(src/action_interfaces) by extensions ['colcon_pkg']
[0.393s] Level 1:colcon.colcon_core.package_identification:_identify(src/action_interfaces) by extension 'colcon_pkg'
[0.394s] Level 1:colcon.colcon_core.package_identification:_identify(src/action_interfaces) by extensions ['colcon_meta']
[0.394s] Level 1:colcon.colcon_core.package_identification:_identify(src/action_interfaces) by extension 'colcon_meta'
[0.394s] Level 1:colcon.colcon_core.package_identification:_identify(src/action_interfaces) by extensions ['ros']
[0.394s] Level 1:colcon.colcon_core.package_identification:_identify(src/action_interfaces) by extension 'ros'
[0.395s] DEBUG:colcon.colcon_core.package_identification:Package 'src/action_interfaces' with type 'ros.ament_cmake' and name 'action_interfaces'
[0.395s] Level 1:colcon.colcon_core.package_identification:_identify(src/install) by extensions ['ignore', 'ignore_ament_install']
[0.395s] Level 1:colcon.colcon_core.package_identification:_identify(src/install) by extension 'ignore'
[0.395s] Level 1:colcon.colcon_core.package_identification:_identify(src/install) ignored
[0.396s] Level 1:colcon.colcon_core.package_identification:_identify(src/log) by extensions ['ignore', 'ignore_ament_install']
[0.396s] Level 1:colcon.colcon_core.package_identification:_identify(src/log) by extension 'ignore'
[0.396s] Level 1:colcon.colcon_core.package_identification:_identify(src/log) ignored
[0.397s] Level 1:colcon.colcon_core.package_identification:_identify(src/ros_pathfinder) by extensions ['ignore', 'ignore_ament_install']
[0.397s] Level 1:colcon.colcon_core.package_identification:_identify(src/ros_pathfinder) by extension 'ignore'
[0.397s] Level 1:colcon.colcon_core.package_identification:_identify(src/ros_pathfinder) by extension 'ignore_ament_install'
[0.397s] Level 1:colcon.colcon_core.package_identification:_identify(src/ros_pathfinder) by extensions ['colcon_pkg']
[0.397s] Level 1:colcon.colcon_core.package_identification:_identify(src/ros_pathfinder) by extension 'colcon_pkg'
[0.397s] Level 1:colcon.colcon_core.package_identification:_identify(src/ros_pathfinder) by extensions ['colcon_meta']
[0.397s] Level 1:colcon.colcon_core.package_identification:_identify(src/ros_pathfinder) by extension 'colcon_meta'
[0.397s] Level 1:colcon.colcon_core.package_identification:_identify(src/ros_pathfinder) by extensions ['ros']
[0.397s] Level 1:colcon.colcon_core.package_identification:_identify(src/ros_pathfinder) by extension 'ros'
[0.399s] DEBUG:colcon.colcon_core.package_identification:Package 'src/ros_pathfinder' with type 'ros.ament_python' and name 'ros_pathfinder'
[0.399s] Level 1:colcon.colcon_core.package_discovery:discover_packages(recursive) using defaults
[0.399s] Level 1:colcon.colcon_core.package_discovery:discover_packages(ignore) discover
[0.399s] Level 1:colcon.colcon_core.package_discovery:discover_packages(ignore) using defaults
[0.399s] Level 1:colcon.colcon_core.package_discovery:discover_packages(path) discover
[0.399s] Level 1:colcon.colcon_core.package_discovery:discover_packages(path) using defaults
[0.433s] Level 1:colcon.colcon_core.package_discovery:discover_packages(prefix_path) check parameters
[0.434s] Level 1:colcon.colcon_core.package_discovery:discover_packages(prefix_path) discover
[0.439s] DEBUG:colcon.colcon_installed_package_information.package_discovery:Found 3 installed packages in /home/pirobot/git/ros_pathfinder/install
[0.440s] DEBUG:colcon.colcon_installed_package_information.package_discovery:Found 1 installed packages in /home/pirobot/ros2_ws/install
[0.442s] DEBUG:colcon.colcon_installed_package_information.package_discovery:Found 298 installed packages in /opt/ros/kilted
[0.446s] Level 1:colcon.colcon_core.package_discovery:discover_packages(prefix_path) using defaults
[0.533s] Level 5:colcon.colcon_core.verb:set package 'action_interfaces' build argument 'cmake_args' from command line to 'None'
[0.533s] Level 5:colcon.colcon_core.verb:set package 'action_interfaces' build argument 'cmake_target' from command line to 'None'
[0.533s] Level 5:colcon.colcon_core.verb:set package 'action_interfaces' build argument 'cmake_target_skip_unavailable' from command line to 'False'
[0.533s] Level 5:colcon.colcon_core.verb:set package 'action_interfaces' build argument 'cmake_clean_cache' from command line to 'False'
[0.533s] Level 5:colcon.colcon_core.verb:set package 'action_interfaces' build argument 'cmake_clean_first' from command line to 'False'
[0.533s] Level 5:colcon.colcon_core.verb:set package 'action_interfaces' build argument 'cmake_force_configure' from command line to 'False'
[0.534s] Level 5:colcon.colcon_core.verb:set package 'action_interfaces' build argument 'ament_cmake_args' from command line to 'None'
[0.534s] Level 5:colcon.colcon_core.verb:set package 'action_interfaces' build argument 'catkin_cmake_args' from command line to 'None'
[0.534s] Level 5:colcon.colcon_core.verb:set package 'action_interfaces' build argument 'catkin_skip_building_tests' from command line to 'False'
[0.534s] DEBUG:colcon.colcon_core.verb:Building package 'action_interfaces' with the following arguments: {'ament_cmake_args': None, 'build_base': '/home/pirobot/git/ros_pathfinder/build/action_interfaces', 'catkin_cmake_args': None, 'catkin_skip_building_tests': False, 'cmake_args': None, 'cmake_clean_cache': False, 'cmake_clean_first': False, 'cmake_force_configure': False, 'cmake_target': None, 'cmake_target_skip_unavailable': False, 'install_base': '/home/pirobot/git/ros_pathfinder/install/action_interfaces', 'merge_install': False, 'path': '/home/pirobot/git/ros_pathfinder/src/action_interfaces', 'symlink_install': False, 'test_result_base': None}
[0.534s] Level 5:colcon.colcon_core.verb:set package 'sllidar_ros2' build argument 'cmake_args' from command line to 'None'
[0.534s] Level 5:colcon.colcon_core.verb:set package 'sllidar_ros2' build argument 'cmake_target' from command line to 'None'
[0.534s] Level 5:colcon.colcon_core.verb:set package 'sllidar_ros2' build argument 'cmake_target_skip_unavailable' from command line to 'False'
[0.534s] Level 5:colcon.colcon_core.verb:set package 'sllidar_ros2' build argument 'cmake_clean_cache' from command line to 'False'
[0.534s] Level 5:colcon.colcon_core.verb:set package 'sllidar_ros2' build argument 'cmake_clean_first' from command line to 'False'
[0.534s] Level 5:colcon.colcon_core.verb:set package 'sllidar_ros2' build argument 'cmake_force_configure' from command line to 'False'
[0.534s] Level 5:colcon.colcon_core.verb:set package 'sllidar_ros2' build argument 'ament_cmake_args' from command line to 'None'
[0.534s] Level 5:colcon.colcon_core.verb:set package 'sllidar_ros2' build argument 'catkin_cmake_args' from command line to 'None'
[0.534s] Level 5:colcon.colcon_core.verb:set package 'sllidar_ros2' build argument 'catkin_skip_building_tests' from command line to 'False'
[0.534s] DEBUG:colcon.colcon_core.verb:Building package 'sllidar_ros2' with the following arguments: {'ament_cmake_args': None, 'build_base': '/home/pirobot/git/ros_pathfinder/build/sllidar_ros2', 'catkin_cmake_args': None, 'catkin_skip_building_tests': False, 'cmake_args': None, 'cmake_clean_cache': False, 'cmake_clean_first': False, 'cmake_force_configure': False, 'cmake_target': None, 'cmake_target_skip_unavailable': False, 'install_base': '/home/pirobot/git/ros_pathfinder/install/sllidar_ros2', 'merge_install': False, 'path': '/home/pirobot/git/ros_pathfinder/sllidar_ros2', 'symlink_install': False, 'test_result_base': None}
[0.535s] Level 5:colcon.colcon_core.verb:set package 'ros_pathfinder' build argument 'cmake_args' from command line to 'None'
[0.535s] Level 5:colcon.colcon_core.verb:set package 'ros_pathfinder' build argument 'cmake_target' from command line to 'None'
[0.535s] Level 5:colcon.colcon_core.verb:set package 'ros_pathfinder' build argument 'cmake_target_skip_unavailable' from command line to 'False'
[0.535s] Level 5:colcon.colcon_core.verb:set package 'ros_pathfinder' build argument 'cmake_clean_cache' from command line to 'False'
[0.535s] Level 5:colcon.colcon_core.verb:set package 'ros_pathfinder' build argument 'cmake_clean_first' from command line to 'False'
[0.535s] Level 5:colcon.colcon_core.verb:set package 'ros_pathfinder' build argument 'cmake_force_configure' from command line to 'False'
[0.535s] Level 5:colcon.colcon_core.verb:set package 'ros_pathfinder' build argument 'ament_cmake_args' from command line to 'None'
[0.535s] Level 5:colcon.colcon_core.verb:set package 'ros_pathfinder' build argument 'catkin_cmake_args' from command line to 'None'
[0.535s] Level 5:colcon.colcon_core.verb:set package 'ros_pathfinder' build argument 'catkin_skip_building_tests' from command line to 'False'
[0.535s] DEBUG:colcon.colcon_core.verb:Building package 'ros_pathfinder' with the following arguments: {'ament_cmake_args': None, 'build_base': '/home/pirobot/git/ros_pathfinder/build/ros_pathfinder', 'catkin_cmake_args': None, 'catkin_skip_building_tests': False, 'cmake_args': None, 'cmake_clean_cache': False, 'cmake_clean_first': False, 'cmake_force_configure': False, 'cmake_target': None, 'cmake_target_skip_unavailable': False, 'install_base': '/home/pirobot/git/ros_pathfinder/install/ros_pathfinder', 'merge_install': False, 'path': '/home/pirobot/git/ros_pathfinder/src/ros_pathfinder', 'symlink_install': False, 'test_result_base': None}
[0.535s] INFO:colcon.colcon_core.executor:Executing jobs using 'parallel' executor
[0.537s] DEBUG:colcon.colcon_parallel_executor.executor.parallel:run_until_complete
[0.538s] INFO:colcon.colcon_ros.task.ament_cmake.build:Building ROS package in '/home/pirobot/git/ros_pathfinder/src/action_interfaces' with build type 'ament_cmake'
[0.538s] INFO:colcon.colcon_cmake.task.cmake.build:Building CMake package in '/home/pirobot/git/ros_pathfinder/src/action_interfaces'
[0.547s] INFO:colcon.colcon_core.plugin_system:Skipping extension 'colcon_core.shell.bat': Not used on non-Windows systems
[0.547s] INFO:colcon.colcon_core.shell:Skip shell extension 'powershell' for command environment: Not usable outside of PowerShell
[0.548s] DEBUG:colcon.colcon_core.shell:Skip shell extension 'dsv' for command environment
[0.580s] INFO:colcon.colcon_ros.task.ament_cmake.build:Building ROS package in '/home/pirobot/git/ros_pathfinder/sllidar_ros2' with build type 'ament_cmake'
[0.580s] INFO:colcon.colcon_cmake.task.cmake.build:Building CMake package in '/home/pirobot/git/ros_pathfinder/sllidar_ros2'
[0.581s] INFO:colcon.colcon_core.shell:Skip shell extension 'powershell' for command environment: Not usable outside of PowerShell
[0.581s] DEBUG:colcon.colcon_core.shell:Skip shell extension 'dsv' for command environment
[0.606s] DEBUG:colcon.colcon_core.event_handler.log_command:Invoking command in '/home/pirobot/git/ros_pathfinder/build/action_interfaces': CMAKE_PREFIX_PATH=${CMAKE_PREFIX_PATH}:/home/pirobot/git/ros_pathfinder/install/ros_pathfinder:/home/pirobot/ros2_ws/install/my_robot_controller:/opt/ros/kilted DEBUGINFOD_URLS=https://debuginfod.ubuntu.com PS1=(.venv) \[\e]0;\u@\h: \w\a\]${debian_chroot:+($debian_chroot)}\[\033[01;32m\]\u@\h\[\033[00m\]:\[\033[01;34m\]\w\[\033[00m\]\$ VIRTUAL_ENV_PROMPT=(.venv) /usr/bin/cmake --build /home/pirobot/git/ros_pathfinder/build/action_interfaces -- -j4 -l4
[0.615s] DEBUG:colcon.colcon_core.event_handler.log_command:Invoking command in '/home/pirobot/git/ros_pathfinder/build/sllidar_ros2': CMAKE_PREFIX_PATH=${CMAKE_PREFIX_PATH}:/home/pirobot/git/ros_pathfinder/install/ros_pathfinder:/home/pirobot/ros2_ws/install/my_robot_controller:/opt/ros/kilted DEBUGINFOD_URLS=https://debuginfod.ubuntu.com PS1=(.venv) \[\e]0;\u@\h: \w\a\]${debian_chroot:+($debian_chroot)}\[\033[01;32m\]\u@\h\[\033[00m\]:\[\033[01;34m\]\w\[\033[00m\]\$ VIRTUAL_ENV_PROMPT=(.venv) /usr/bin/cmake --build /home/pirobot/git/ros_pathfinder/build/sllidar_ros2 -- -j4 -l4
[1.142s] DEBUG:colcon.colcon_core.event_handler.log_command:Invoked command in '/home/pirobot/git/ros_pathfinder/build/sllidar_ros2' returned '0': CMAKE_PREFIX_PATH=${CMAKE_PREFIX_PATH}:/home/pirobot/git/ros_pathfinder/install/ros_pathfinder:/home/pirobot/ros2_ws/install/my_robot_controller:/opt/ros/kilted DEBUGINFOD_URLS=https://debuginfod.ubuntu.com PS1=(.venv) \[\e]0;\u@\h: \w\a\]${debian_chroot:+($debian_chroot)}\[\033[01;32m\]\u@\h\[\033[00m\]:\[\033[01;34m\]\w\[\033[00m\]\$ VIRTUAL_ENV_PROMPT=(.venv) /usr/bin/cmake --build /home/pirobot/git/ros_pathfinder/build/sllidar_ros2 -- -j4 -l4
[1.259s] DEBUG:colcon.colcon_core.event_handler.log_command:Invoking command in '/home/pirobot/git/ros_pathfinder/build/sllidar_ros2': CMAKE_PREFIX_PATH=${CMAKE_PREFIX_PATH}:/home/pirobot/git/ros_pathfinder/install/ros_pathfinder:/home/pirobot/ros2_ws/install/my_robot_controller:/opt/ros/kilted DEBUGINFOD_URLS=https://debuginfod.ubuntu.com PS1=(.venv) \[\e]0;\u@\h: \w\a\]${debian_chroot:+($debian_chroot)}\[\033[01;32m\]\u@\h\[\033[00m\]:\[\033[01;34m\]\w\[\033[00m\]\$ VIRTUAL_ENV_PROMPT=(.venv) /usr/bin/cmake --install /home/pirobot/git/ros_pathfinder/build/sllidar_ros2
[1.429s] Level 1:colcon.colcon_core.environment:create_environment_scripts_only(sllidar_ros2)
[1.439s] DEBUG:colcon.colcon_core.event_handler.log_command:Invoked command in '/home/pirobot/git/ros_pathfinder/build/sllidar_ros2' returned '0': CMAKE_PREFIX_PATH=${CMAKE_PREFIX_PATH}:/home/pirobot/git/ros_pathfinder/install/ros_pathfinder:/home/pirobot/ros2_ws/install/my_robot_controller:/opt/ros/kilted DEBUGINFOD_URLS=https://debuginfod.ubuntu.com PS1=(.venv) \[\e]0;\u@\h: \w\a\]${debian_chroot:+($debian_chroot)}\[\033[01;32m\]\u@\h\[\033[00m\]:\[\033[01;34m\]\w\[\033[00m\]\$ VIRTUAL_ENV_PROMPT=(.venv) /usr/bin/cmake --install /home/pirobot/git/ros_pathfinder/build/sllidar_ros2
[1.462s] Level 1:colcon.colcon_core.environment:checking '/home/pirobot/git/ros_pathfinder/install/sllidar_ros2' for CMake module files
[1.463s] Level 1:colcon.colcon_core.environment:checking '/home/pirobot/git/ros_pathfinder/install/sllidar_ros2' for CMake config files
[1.470s] Level 1:colcon.colcon_core.shell:create_environment_hook('sllidar_ros2', 'cmake_prefix_path')
[1.471s] INFO:colcon.colcon_core.shell:Creating environment hook '/home/pirobot/git/ros_pathfinder/install/sllidar_ros2/share/sllidar_ros2/hook/cmake_prefix_path.ps1'
[1.483s] INFO:colcon.colcon_core.shell:Creating environment descriptor '/home/pirobot/git/ros_pathfinder/install/sllidar_ros2/share/sllidar_ros2/hook/cmake_prefix_path.dsv'
[1.488s] INFO:colcon.colcon_core.shell:Creating environment hook '/home/pirobot/git/ros_pathfinder/install/sllidar_ros2/share/sllidar_ros2/hook/cmake_prefix_path.sh'
[1.500s] Level 1:colcon.colcon_core.environment:checking '/home/pirobot/git/ros_pathfinder/install/sllidar_ros2/lib'
[1.501s] Level 1:colcon.colcon_core.environment:checking '/home/pirobot/git/ros_pathfinder/install/sllidar_ros2/bin'
[1.501s] Level 1:colcon.colcon_core.environment:checking '/home/pirobot/git/ros_pathfinder/install/sllidar_ros2/lib/pkgconfig/sllidar_ros2.pc'
[1.508s] Level 1:colcon.colcon_core.environment:checking '/home/pirobot/git/ros_pathfinder/install/sllidar_ros2/lib/python3.12/site-packages'
[1.513s] Level 1:colcon.colcon_core.environment:checking '/home/pirobot/git/ros_pathfinder/install/sllidar_ros2/bin'
[1.515s] INFO:colcon.colcon_core.shell:Creating package script '/home/pirobot/git/ros_pathfinder/install/sllidar_ros2/share/sllidar_ros2/package.ps1'
[1.521s] INFO:colcon.colcon_core.shell:Creating package descriptor '/home/pirobot/git/ros_pathfinder/install/sllidar_ros2/share/sllidar_ros2/package.dsv'
[1.526s] INFO:colcon.colcon_core.shell:Creating package script '/home/pirobot/git/ros_pathfinder/install/sllidar_ros2/share/sllidar_ros2/package.sh'
[1.532s] INFO:colcon.colcon_core.shell:Creating package script '/home/pirobot/git/ros_pathfinder/install/sllidar_ros2/share/sllidar_ros2/package.bash'
[1.541s] INFO:colcon.colcon_core.shell:Creating package script '/home/pirobot/git/ros_pathfinder/install/sllidar_ros2/share/sllidar_ros2/package.zsh'
[1.546s] Level 1:colcon.colcon_core.environment:create_file_with_runtime_dependencies(/home/pirobot/git/ros_pathfinder/install/sllidar_ros2/share/colcon-core/packages/sllidar_ros2)
[1.549s] Level 1:colcon.colcon_core.environment:create_environment_scripts_only(sllidar_ros2)
[1.550s] Level 1:colcon.colcon_core.environment:checking '/home/pirobot/git/ros_pathfinder/install/sllidar_ros2' for CMake module files
[1.551s] Level 1:colcon.colcon_core.environment:checking '/home/pirobot/git/ros_pathfinder/install/sllidar_ros2' for CMake config files
[1.553s] Level 1:colcon.colcon_core.shell:create_environment_hook('sllidar_ros2', 'cmake_prefix_path')
[1.554s] INFO:colcon.colcon_core.shell:Creating environment hook '/home/pirobot/git/ros_pathfinder/install/sllidar_ros2/share/sllidar_ros2/hook/cmake_prefix_path.ps1'
[1.558s] INFO:colcon.colcon_core.shell:Creating environment descriptor '/home/pirobot/git/ros_pathfinder/install/sllidar_ros2/share/sllidar_ros2/hook/cmake_prefix_path.dsv'
[1.561s] INFO:colcon.colcon_core.shell:Creating environment hook '/home/pirobot/git/ros_pathfinder/install/sllidar_ros2/share/sllidar_ros2/hook/cmake_prefix_path.sh'
[1.563s] Level 1:colcon.colcon_core.environment:checking '/home/pirobot/git/ros_pathfinder/install/sllidar_ros2/lib'
[1.564s] Level 1:colcon.colcon_core.environment:checking '/home/pirobot/git/ros_pathfinder/install/sllidar_ros2/bin'
[1.564s] Level 1:colcon.colcon_core.environment:checking '/home/pirobot/git/ros_pathfinder/install/sllidar_ros2/lib/pkgconfig/sllidar_ros2.pc'
[1.565s] Level 1:colcon.colcon_core.environment:checking '/home/pirobot/git/ros_pathfinder/install/sllidar_ros2/lib/python3.12/site-packages'
[1.566s] Level 1:colcon.colcon_core.environment:checking '/home/pirobot/git/ros_pathfinder/install/sllidar_ros2/bin'
[1.567s] INFO:colcon.colcon_core.shell:Creating package script '/home/pirobot/git/ros_pathfinder/install/sllidar_ros2/share/sllidar_ros2/package.ps1'
[1.568s] INFO:colcon.colcon_core.shell:Creating package descriptor '/home/pirobot/git/ros_pathfinder/install/sllidar_ros2/share/sllidar_ros2/package.dsv'
[1.569s] INFO:colcon.colcon_core.shell:Creating package script '/home/pirobot/git/ros_pathfinder/install/sllidar_ros2/share/sllidar_ros2/package.sh'
[1.571s] INFO:colcon.colcon_core.shell:Creating package script '/home/pirobot/git/ros_pathfinder/install/sllidar_ros2/share/sllidar_ros2/package.bash'
[1.575s] INFO:colcon.colcon_core.shell:Creating package script '/home/pirobot/git/ros_pathfinder/install/sllidar_ros2/share/sllidar_ros2/package.zsh'
[1.578s] Level 1:colcon.colcon_core.environment:create_file_with_runtime_dependencies(/home/pirobot/git/ros_pathfinder/install/sllidar_ros2/share/colcon-core/packages/sllidar_ros2)
[3.159s] DEBUG:colcon.colcon_core.event_handler.log_command:Invoked command in '/home/pirobot/git/ros_pathfinder/build/action_interfaces' returned '0': CMAKE_PREFIX_PATH=${CMAKE_PREFIX_PATH}:/home/pirobot/git/ros_pathfinder/install/ros_pathfinder:/home/pirobot/ros2_ws/install/my_robot_controller:/opt/ros/kilted DEBUGINFOD_URLS=https://debuginfod.ubuntu.com PS1=(.venv) \[\e]0;\u@\h: \w\a\]${debian_chroot:+($debian_chroot)}\[\033[01;32m\]\u@\h\[\033[00m\]:\[\033[01;34m\]\w\[\033[00m\]\$ VIRTUAL_ENV_PROMPT=(.venv) /usr/bin/cmake --build /home/pirobot/git/ros_pathfinder/build/action_interfaces -- -j4 -l4
[3.163s] DEBUG:colcon.colcon_core.event_handler.log_command:Invoking command in '/home/pirobot/git/ros_pathfinder/build/action_interfaces': CMAKE_PREFIX_PATH=${CMAKE_PREFIX_PATH}:/home/pirobot/git/ros_pathfinder/install/ros_pathfinder:/home/pirobot/ros2_ws/install/my_robot_controller:/opt/ros/kilted DEBUGINFOD_URLS=https://debuginfod.ubuntu.com PS1=(.venv) \[\e]0;\u@\h: \w\a\]${debian_chroot:+($debian_chroot)}\[\033[01;32m\]\u@\h\[\033[00m\]:\[\033[01;34m\]\w\[\033[00m\]\$ VIRTUAL_ENV_PROMPT=(.venv) /usr/bin/cmake --install /home/pirobot/git/ros_pathfinder/build/action_interfaces
[3.419s] Level 1:colcon.colcon_core.environment:create_environment_scripts_only(action_interfaces)
[3.419s] Level 1:colcon.colcon_core.environment:checking '/home/pirobot/git/ros_pathfinder/install/action_interfaces' for CMake module files
[3.424s] Level 1:colcon.colcon_core.environment:checking '/home/pirobot/git/ros_pathfinder/install/action_interfaces' for CMake config files
[3.425s] Level 1:colcon.colcon_core.shell:create_environment_hook('action_interfaces', 'cmake_prefix_path')
[3.421s] DEBUG:colcon.colcon_core.event_handler.log_command:Invoked command in '/home/pirobot/git/ros_pathfinder/build/action_interfaces' returned '0': CMAKE_PREFIX_PATH=${CMAKE_PREFIX_PATH}:/home/pirobot/git/ros_pathfinder/install/ros_pathfinder:/home/pirobot/ros2_ws/install/my_robot_controller:/opt/ros/kilted DEBUGINFOD_URLS=https://debuginfod.ubuntu.com PS1=(.venv) \[\e]0;\u@\h: \w\a\]${debian_chroot:+($debian_chroot)}\[\033[01;32m\]\u@\h\[\033[00m\]:\[\033[01;34m\]\w\[\033[00m\]\$ VIRTUAL_ENV_PROMPT=(.venv) /usr/bin/cmake --install /home/pirobot/git/ros_pathfinder/build/action_interfaces
[3.429s] INFO:colcon.colcon_core.shell:Creating environment hook '/home/pirobot/git/ros_pathfinder/install/action_interfaces/share/action_interfaces/hook/cmake_prefix_path.ps1'
[3.432s] INFO:colcon.colcon_core.shell:Creating environment descriptor '/home/pirobot/git/ros_pathfinder/install/action_interfaces/share/action_interfaces/hook/cmake_prefix_path.dsv'
[3.434s] INFO:colcon.colcon_core.shell:Creating environment hook '/home/pirobot/git/ros_pathfinder/install/action_interfaces/share/action_interfaces/hook/cmake_prefix_path.sh'
[3.436s] Level 1:colcon.colcon_core.environment:checking '/home/pirobot/git/ros_pathfinder/install/action_interfaces/lib'
[3.438s] Level 1:colcon.colcon_core.shell:create_environment_hook('action_interfaces', 'ld_library_path_lib')
[3.438s] INFO:colcon.colcon_core.shell:Creating environment hook '/home/pirobot/git/ros_pathfinder/install/action_interfaces/share/action_interfaces/hook/ld_library_path_lib.ps1'
[3.439s] INFO:colcon.colcon_core.shell:Creating environment descriptor '/home/pirobot/git/ros_pathfinder/install/action_interfaces/share/action_interfaces/hook/ld_library_path_lib.dsv'
[3.440s] INFO:colcon.colcon_core.shell:Creating environment hook '/home/pirobot/git/ros_pathfinder/install/action_interfaces/share/action_interfaces/hook/ld_library_path_lib.sh'
[3.442s] Level 1:colcon.colcon_core.environment:checking '/home/pirobot/git/ros_pathfinder/install/action_interfaces/bin'
[3.442s] Level 1:colcon.colcon_core.environment:checking '/home/pirobot/git/ros_pathfinder/install/action_interfaces/lib/pkgconfig/action_interfaces.pc'
[3.443s] Level 1:colcon.colcon_core.environment:checking '/home/pirobot/git/ros_pathfinder/install/action_interfaces/lib/python3.12/site-packages'
[3.443s] Level 1:colcon.colcon_core.shell:create_environment_hook('action_interfaces', 'pythonpath')
[3.444s] INFO:colcon.colcon_core.shell:Creating environment hook '/home/pirobot/git/ros_pathfinder/install/action_interfaces/share/action_interfaces/hook/pythonpath.ps1'
[3.445s] INFO:colcon.colcon_core.shell:Creating environment descriptor '/home/pirobot/git/ros_pathfinder/install/action_interfaces/share/action_interfaces/hook/pythonpath.dsv'
[3.446s] INFO:colcon.colcon_core.shell:Creating environment hook '/home/pirobot/git/ros_pathfinder/install/action_interfaces/share/action_interfaces/hook/pythonpath.sh'
[3.448s] Level 1:colcon.colcon_core.environment:checking '/home/pirobot/git/ros_pathfinder/install/action_interfaces/bin'
[3.449s] INFO:colcon.colcon_core.shell:Creating package script '/home/pirobot/git/ros_pathfinder/install/action_interfaces/share/action_interfaces/package.ps1'
[3.452s] INFO:colcon.colcon_core.shell:Creating package descriptor '/home/pirobot/git/ros_pathfinder/install/action_interfaces/share/action_interfaces/package.dsv'
[3.454s] INFO:colcon.colcon_core.shell:Creating package script '/home/pirobot/git/ros_pathfinder/install/action_interfaces/share/action_interfaces/package.sh'
[3.456s] INFO:colcon.colcon_core.shell:Creating package script '/home/pirobot/git/ros_pathfinder/install/action_interfaces/share/action_interfaces/package.bash'
[3.457s] INFO:colcon.colcon_core.shell:Creating package script '/home/pirobot/git/ros_pathfinder/install/action_interfaces/share/action_interfaces/package.zsh'
[3.458s] Level 1:colcon.colcon_core.environment:create_file_with_runtime_dependencies(/home/pirobot/git/ros_pathfinder/install/action_interfaces/share/colcon-core/packages/action_interfaces)
[3.459s] Level 1:colcon.colcon_core.environment:create_environment_scripts_only(action_interfaces)
[3.462s] Level 1:colcon.colcon_core.environment:checking '/home/pirobot/git/ros_pathfinder/install/action_interfaces' for CMake module files
[3.464s] Level 1:colcon.colcon_core.environment:checking '/home/pirobot/git/ros_pathfinder/install/action_interfaces' for CMake config files
[3.465s] Level 1:colcon.colcon_core.shell:create_environment_hook('action_interfaces', 'cmake_prefix_path')
[3.465s] INFO:colcon.colcon_core.shell:Creating environment hook '/home/pirobot/git/ros_pathfinder/install/action_interfaces/share/action_interfaces/hook/cmake_prefix_path.ps1'
[3.467s] INFO:colcon.colcon_core.shell:Creating environment descriptor '/home/pirobot/git/ros_pathfinder/install/action_interfaces/share/action_interfaces/hook/cmake_prefix_path.dsv'
[3.468s] INFO:colcon.colcon_core.shell:Creating environment hook '/home/pirobot/git/ros_pathfinder/install/action_interfaces/share/action_interfaces/hook/cmake_prefix_path.sh'
[3.471s] Level 1:colcon.colcon_core.environment:checking '/home/pirobot/git/ros_pathfinder/install/action_interfaces/lib'
[3.472s] Level 1:colcon.colcon_core.shell:create_environment_hook('action_interfaces', 'ld_library_path_lib')
[3.472s] INFO:colcon.colcon_core.shell:Creating environment hook '/home/pirobot/git/ros_pathfinder/install/action_interfaces/share/action_interfaces/hook/ld_library_path_lib.ps1'
[3.473s] INFO:colcon.colcon_core.shell:Creating environment descriptor '/home/pirobot/git/ros_pathfinder/install/action_interfaces/share/action_interfaces/hook/ld_library_path_lib.dsv'
[3.475s] INFO:colcon.colcon_core.shell:Creating environment hook '/home/pirobot/git/ros_pathfinder/install/action_interfaces/share/action_interfaces/hook/ld_library_path_lib.sh'
[3.476s] Level 1:colcon.colcon_core.environment:checking '/home/pirobot/git/ros_pathfinder/install/action_interfaces/bin'
[3.477s] Level 1:colcon.colcon_core.environment:checking '/home/pirobot/git/ros_pathfinder/install/action_interfaces/lib/pkgconfig/action_interfaces.pc'
[3.478s] Level 1:colcon.colcon_core.environment:checking '/home/pirobot/git/ros_pathfinder/install/action_interfaces/lib/python3.12/site-packages'
[3.479s] Level 1:colcon.colcon_core.shell:create_environment_hook('action_interfaces', 'pythonpath')
[3.480s] INFO:colcon.colcon_core.shell:Creating environment hook '/home/pirobot/git/ros_pathfinder/install/action_interfaces/share/action_interfaces/hook/pythonpath.ps1'
[3.482s] INFO:colcon.colcon_core.shell:Creating environment descriptor '/home/pirobot/git/ros_pathfinder/install/action_interfaces/share/action_interfaces/hook/pythonpath.dsv'
[3.485s] INFO:colcon.colcon_core.shell:Creating environment hook '/home/pirobot/git/ros_pathfinder/install/action_interfaces/share/action_interfaces/hook/pythonpath.sh'
[3.488s] Level 1:colcon.colcon_core.environment:checking '/home/pirobot/git/ros_pathfinder/install/action_interfaces/bin'
[3.489s] INFO:colcon.colcon_core.shell:Creating package script '/home/pirobot/git/ros_pathfinder/install/action_interfaces/share/action_interfaces/package.ps1'
[3.491s] INFO:colcon.colcon_core.shell:Creating package descriptor '/home/pirobot/git/ros_pathfinder/install/action_interfaces/share/action_interfaces/package.dsv'
[3.494s] INFO:colcon.colcon_core.shell:Creating package script '/home/pirobot/git/ros_pathfinder/install/action_interfaces/share/action_interfaces/package.sh'
[3.496s] INFO:colcon.colcon_core.shell:Creating package script '/home/pirobot/git/ros_pathfinder/install/action_interfaces/share/action_interfaces/package.bash'
[3.502s] INFO:colcon.colcon_core.shell:Creating package script '/home/pirobot/git/ros_pathfinder/install/action_interfaces/share/action_interfaces/package.zsh'
[3.504s] Level 1:colcon.colcon_core.environment:create_file_with_runtime_dependencies(/home/pirobot/git/ros_pathfinder/install/action_interfaces/share/colcon-core/packages/action_interfaces)
[3.505s] INFO:colcon.colcon_ros.task.ament_python.build:Building ROS package in '/home/pirobot/git/ros_pathfinder/src/ros_pathfinder' with build type 'ament_python'
[3.505s] Level 1:colcon.colcon_core.shell:create_environment_hook('ros_pathfinder', 'ament_prefix_path')
[3.506s] INFO:colcon.colcon_core.shell:Creating environment hook '/home/pirobot/git/ros_pathfinder/install/ros_pathfinder/share/ros_pathfinder/hook/ament_prefix_path.ps1'
[3.512s] INFO:colcon.colcon_core.shell:Creating environment descriptor '/home/pirobot/git/ros_pathfinder/install/ros_pathfinder/share/ros_pathfinder/hook/ament_prefix_path.dsv'
[3.517s] INFO:colcon.colcon_core.shell:Creating environment hook '/home/pirobot/git/ros_pathfinder/install/ros_pathfinder/share/ros_pathfinder/hook/ament_prefix_path.sh'
[3.524s] INFO:colcon.colcon_core.shell:Skip shell extension 'powershell' for command environment: Not usable outside of PowerShell
[3.524s] DEBUG:colcon.colcon_core.shell:Skip shell extension 'dsv' for command environment
[4.370s] INFO:colcon.colcon_core.task.python.build:Building Python package in '/home/pirobot/git/ros_pathfinder/src/ros_pathfinder'
[4.371s] INFO:colcon.colcon_core.shell:Skip shell extension 'powershell' for command environment: Not usable outside of PowerShell
[4.371s] DEBUG:colcon.colcon_core.shell:Skip shell extension 'dsv' for command environment
[6.747s] DEBUG:colcon.colcon_core.event_handler.log_command:Invoking command in '/home/pirobot/git/ros_pathfinder/src/ros_pathfinder': CMAKE_PREFIX_PATH=/home/pirobot/git/ros_pathfinder/install/action_interfaces:/home/pirobot/git/ros_pathfinder/install/sllidar_ros2:/opt/ros/kilted/opt/gz_math_vendor:/opt/ros/kilted/opt/gz_utils_vendor:/opt/ros/kilted/opt/gz_cmake_vendor DEBUGINFOD_URLS=https://debuginfod.ubuntu.com PS1=(.venv) \[\e]0;\u@\h: \w\a\]${debian_chroot:+($debian_chroot)}\[\033[01;32m\]\u@\h\[\033[00m\]:\[\033[01;34m\]\w\[\033[00m\]\$ PYTHONPATH=/home/pirobot/git/ros_pathfinder/build/ros_pathfinder/prefix_override:/usr/lib/python3/dist-packages/colcon_core/task/python/colcon_distutils_commands:/home/pirobot/git/ros_pathfinder/install/ros_pathfinder/lib/python3.12/site-packages:/home/pirobot/git/ros_pathfinder/install/action_interfaces/lib/python3.12/site-packages:/home/pirobot/git/ros_pathfinder/install/ros_pathfinder/lib/python3.12/site-packages:/home/pirobot/ros2_ws/install/my_robot_controller/lib/python3.12/site-packages:/opt/ros/kilted/lib/python3.12/site-packages VIRTUAL_ENV_PROMPT=(.venv) /usr/bin/python3 -W ignore:setup.py install is deprecated -W ignore:easy_install command is deprecated setup.py egg_info --egg-base ../../build/ros_pathfinder build --build-base /home/pirobot/git/ros_pathfinder/build/ros_pathfinder/build install --record /home/pirobot/git/ros_pathfinder/build/ros_pathfinder/install.log --single-version-externally-managed install_data
[8.838s] Level 1:colcon.colcon_core.environment:checking '/home/pirobot/git/ros_pathfinder/install/ros_pathfinder' for CMake module files
[8.839s] DEBUG:colcon.colcon_core.event_handler.log_command:Invoked command in '/home/pirobot/git/ros_pathfinder/src/ros_pathfinder' returned '0': CMAKE_PREFIX_PATH=/home/pirobot/git/ros_pathfinder/install/action_interfaces:/home/pirobot/git/ros_pathfinder/install/sllidar_ros2:/opt/ros/kilted/opt/gz_math_vendor:/opt/ros/kilted/opt/gz_utils_vendor:/opt/ros/kilted/opt/gz_cmake_vendor DEBUGINFOD_URLS=https://debuginfod.ubuntu.com PS1=(.venv) \[\e]0;\u@\h: \w\a\]${debian_chroot:+($debian_chroot)}\[\033[01;32m\]\u@\h\[\033[00m\]:\[\033[01;34m\]\w\[\033[00m\]\$ PYTHONPATH=/home/pirobot/git/ros_pathfinder/build/ros_pathfinder/prefix_override:/usr/lib/python3/dist-packages/colcon_core/task/python/colcon_distutils_commands:/home/pirobot/git/ros_pathfinder/install/ros_pathfinder/lib/python3.12/site-packages:/home/pirobot/git/ros_pathfinder/install/action_interfaces/lib/python3.12/site-packages:/home/pirobot/git/ros_pathfinder/install/ros_pathfinder/lib/python3.12/site-packages:/home/pirobot/ros2_ws/install/my_robot_controller/lib/python3.12/site-packages:/opt/ros/kilted/lib/python3.12/site-packages VIRTUAL_ENV_PROMPT=(.venv) /usr/bin/python3 -W ignore:setup.py install is deprecated -W ignore:easy_install command is deprecated setup.py egg_info --egg-base ../../build/ros_pathfinder build --build-base /home/pirobot/git/ros_pathfinder/build/ros_pathfinder/build install --record /home/pirobot/git/ros_pathfinder/build/ros_pathfinder/install.log --single-version-externally-managed install_data
[8.840s] Level 1:colcon.colcon_core.environment:checking '/home/pirobot/git/ros_pathfinder/install/ros_pathfinder' for CMake config files
[8.842s] Level 1:colcon.colcon_core.environment:checking '/home/pirobot/git/ros_pathfinder/install/ros_pathfinder/lib'
[8.842s] Level 1:colcon.colcon_core.environment:checking '/home/pirobot/git/ros_pathfinder/install/ros_pathfinder/bin'
[8.842s] Level 1:colcon.colcon_core.environment:checking '/home/pirobot/git/ros_pathfinder/install/ros_pathfinder/lib/pkgconfig/ros_pathfinder.pc'
[8.842s] Level 1:colcon.colcon_core.environment:checking '/home/pirobot/git/ros_pathfinder/install/ros_pathfinder/lib/python3.12/site-packages'
[8.843s] Level 1:colcon.colcon_core.shell:create_environment_hook('ros_pathfinder', 'pythonpath')
[8.843s] INFO:colcon.colcon_core.shell:Creating environment hook '/home/pirobot/git/ros_pathfinder/install/ros_pathfinder/share/ros_pathfinder/hook/pythonpath.ps1'
[8.844s] INFO:colcon.colcon_core.shell:Creating environment descriptor '/home/pirobot/git/ros_pathfinder/install/ros_pathfinder/share/ros_pathfinder/hook/pythonpath.dsv'
[8.846s] INFO:colcon.colcon_core.shell:Creating environment hook '/home/pirobot/git/ros_pathfinder/install/ros_pathfinder/share/ros_pathfinder/hook/pythonpath.sh'
[8.847s] Level 1:colcon.colcon_core.environment:checking '/home/pirobot/git/ros_pathfinder/install/ros_pathfinder/bin'
[8.847s] Level 1:colcon.colcon_core.environment:create_environment_scripts_only(ros_pathfinder)
[8.848s] INFO:colcon.colcon_core.shell:Creating package script '/home/pirobot/git/ros_pathfinder/install/ros_pathfinder/share/ros_pathfinder/package.ps1'
[8.849s] INFO:colcon.colcon_core.shell:Creating package descriptor '/home/pirobot/git/ros_pathfinder/install/ros_pathfinder/share/ros_pathfinder/package.dsv'
[8.851s] INFO:colcon.colcon_core.shell:Creating package script '/home/pirobot/git/ros_pathfinder/install/ros_pathfinder/share/ros_pathfinder/package.sh'
[8.853s] INFO:colcon.colcon_core.shell:Creating package script '/home/pirobot/git/ros_pathfinder/install/ros_pathfinder/share/ros_pathfinder/package.bash'
[8.854s] INFO:colcon.colcon_core.shell:Creating package script '/home/pirobot/git/ros_pathfinder/install/ros_pathfinder/share/ros_pathfinder/package.zsh'
[8.856s] Level 1:colcon.colcon_core.environment:create_file_with_runtime_dependencies(/home/pirobot/git/ros_pathfinder/install/ros_pathfinder/share/colcon-core/packages/ros_pathfinder)
[8.857s] DEBUG:colcon.colcon_parallel_executor.executor.parallel:closing loop
[8.857s] DEBUG:colcon.colcon_parallel_executor.executor.parallel:loop closed
[8.858s] DEBUG:colcon.colcon_parallel_executor.executor.parallel:run_until_complete finished with '0'
[8.858s] DEBUG:colcon.colcon_core.event_reactor:joining thread
[8.879s] INFO:colcon.colcon_core.plugin_system:Skipping extension 'colcon_notification.desktop_notification.terminal_notifier': Not used on non-Darwin systems
[8.879s] INFO:colcon.colcon_core.plugin_system:Skipping extension 'colcon_notification.desktop_notification.win32': Not used on non-Windows systems
[8.879s] INFO:colcon.colcon_notification.desktop_notification:Sending desktop notification using 'notify2'
[8.935s] DEBUG:colcon.colcon_core.event_reactor:joined thread
[8.937s] INFO:colcon.colcon_core.shell:Creating prefix script '/home/pirobot/git/ros_pathfinder/install/local_setup.ps1'
[8.940s] INFO:colcon.colcon_core.shell:Creating prefix util module '/home/pirobot/git/ros_pathfinder/install/_local_setup_util_ps1.py'
[8.944s] INFO:colcon.colcon_core.shell:Creating prefix chain script '/home/pirobot/git/ros_pathfinder/install/setup.ps1'
[8.948s] INFO:colcon.colcon_core.shell:Creating prefix script '/home/pirobot/git/ros_pathfinder/install/local_setup.sh'
[8.950s] INFO:colcon.colcon_core.shell:Creating prefix util module '/home/pirobot/git/ros_pathfinder/install/_local_setup_util_sh.py'
[8.952s] INFO:colcon.colcon_core.shell:Creating prefix chain script '/home/pirobot/git/ros_pathfinder/install/setup.sh'
[8.958s] INFO:colcon.colcon_core.shell:Creating prefix script '/home/pirobot/git/ros_pathfinder/install/local_setup.bash'
[8.960s] INFO:colcon.colcon_core.shell:Creating prefix chain script '/home/pirobot/git/ros_pathfinder/install/setup.bash'
[8.963s] INFO:colcon.colcon_core.shell:Creating prefix script '/home/pirobot/git/ros_pathfinder/install/local_setup.zsh'
[8.966s] INFO:colcon.colcon_core.shell:Creating prefix chain script '/home/pirobot/git/ros_pathfinder/install/setup.zsh'
