[5.740s] Invoking command in '/home/pirobot/git/ros_pathfinder/src/ros_pathfinder': CMAKE_PREFIX_PATH=/home/pirobot/git/ros_pathfinder/install/action_interfaces:/home/pirobot/git/ros_pathfinder/install/sllidar_ros2:/opt/ros/kilted/opt/gz_math_vendor:/opt/ros/kilted/opt/gz_utils_vendor:/opt/ros/kilted/opt/gz_cmake_vendor DEBUGINFOD_URLS=https://debuginfod.ubuntu.com PS1=(.venv) \[\e]0;\u@\h: \w\a\]${debian_chroot:+($debian_chroot)}\[\033[01;32m\]\u@\h\[\033[00m\]:\[\033[01;34m\]\w\[\033[00m\]\$ PYTHONPATH=/home/pirobot/git/ros_pathfinder/build/ros_pathfinder/prefix_override:/usr/lib/python3/dist-packages/colcon_core/task/python/colcon_distutils_commands:/home/pirobot/git/ros_pathfinder/install/ros_pathfinder/lib/python3.12/site-packages:/home/pirobot/git/ros_pathfinder/install/action_interfaces/lib/python3.12/site-packages:/home/pirobot/git/ros_pathfinder/install/ros_pathfinder/lib/python3.12/site-packages:/home/pirobot/ros2_ws/install/my_robot_controller/lib/python3.12/site-packages:/opt/ros/kilted/lib/python3.12/site-packages VIRTUAL_ENV_PROMPT=(.venv) /usr/bin/python3 -W ignore:setup.py install is deprecated -W ignore:easy_install command is deprecated setup.py egg_info --egg-base ../../build/ros_pathfinder build --build-base /home/pirobot/git/ros_pathfinder/build/ros_pathfinder/build install --record /home/pirobot/git/ros_pathfinder/build/ros_pathfinder/install.log --single-version-externally-managed install_data
[7.859s] running egg_info
[8.046s] writing ../../build/ros_pathfinder/ros_pathfinder.egg-info/PKG-INFO
[8.052s] writing dependency_links to ../../build/ros_pathfinder/ros_pathfinder.egg-info/dependency_links.txt
[8.052s] writing entry points to ../../build/ros_pathfinder/ros_pathfinder.egg-info/entry_points.txt
[8.052s] writing requirements to ../../build/ros_pathfinder/ros_pathfinder.egg-info/requires.txt
[8.053s] writing top-level names to ../../build/ros_pathfinder/ros_pathfinder.egg-info/top_level.txt
[8.352s] reading manifest file '../../build/ros_pathfinder/ros_pathfinder.egg-info/SOURCES.txt'
[8.355s] adding license file 'LICENSE'
[8.359s] writing manifest file '../../build/ros_pathfinder/ros_pathfinder.egg-info/SOURCES.txt'
[8.359s] running build
[8.359s] running build_py
[8.361s] copying ros_pathfinder/planning_node.py -> /home/pirobot/git/ros_pathfinder/build/ros_pathfinder/build/lib/ros_pathfinder
[8.364s] running install
[8.390s] running install_lib
[8.530s] copying /home/pirobot/git/ros_pathfinder/build/ros_pathfinder/build/lib/ros_pathfinder/planning_node.py -> /home/pirobot/git/ros_pathfinder/install/ros_pathfinder/lib/python3.12/site-packages/ros_pathfinder
[8.534s] byte-compiling /home/pirobot/git/ros_pathfinder/install/ros_pathfinder/lib/python3.12/site-packages/ros_pathfinder/planning_node.py to planning_node.cpython-312.pyc
[8.541s] running install_data
[8.544s] running install_egg_info
[8.670s] removing '/home/pirobot/git/ros_pathfinder/install/ros_pathfinder/lib/python3.12/site-packages/ros_pathfinder-0.0.0-py3.12.egg-info' (and everything under it)
[8.674s] Copying ../../build/ros_pathfinder/ros_pathfinder.egg-info to /home/pirobot/git/ros_pathfinder/install/ros_pathfinder/lib/python3.12/site-packages/ros_pathfinder-0.0.0-py3.12.egg-info
[8.675s] running install_scripts
[9.366s] Installing lidar_odom script to /home/pirobot/git/ros_pathfinder/install/ros_pathfinder/lib/ros_pathfinder
[9.368s] Installing lidar_static_tf script to /home/pirobot/git/ros_pathfinder/install/ros_pathfinder/lib/ros_pathfinder
[9.372s] Installing listener script to /home/pirobot/git/ros_pathfinder/install/ros_pathfinder/lib/ros_pathfinder
[9.373s] Installing localization script to /home/pirobot/git/ros_pathfinder/install/ros_pathfinder/lib/ros_pathfinder
[9.376s] Installing motor_controller script to /home/pirobot/git/ros_pathfinder/install/ros_pathfinder/lib/ros_pathfinder
[9.378s] Installing occupancy script to /home/pirobot/git/ros_pathfinder/install/ros_pathfinder/lib/ros_pathfinder
[9.378s] Installing odom_node script to /home/pirobot/git/ros_pathfinder/install/ros_pathfinder/lib/ros_pathfinder
[9.380s] Installing planner script to /home/pirobot/git/ros_pathfinder/install/ros_pathfinder/lib/ros_pathfinder
[9.381s] Installing talker script to /home/pirobot/git/ros_pathfinder/install/ros_pathfinder/lib/ros_pathfinder
[9.382s] Installing teleop_node script to /home/pirobot/git/ros_pathfinder/install/ros_pathfinder/lib/ros_pathfinder
[9.385s] writing list of installed files to '/home/pirobot/git/ros_pathfinder/build/ros_pathfinder/install.log'
[9.630s] Invoked command in '/home/pirobot/git/ros_pathfinder/src/ros_pathfinder' returned '0': CMAKE_PREFIX_PATH=/home/pirobot/git/ros_pathfinder/install/action_interfaces:/home/pirobot/git/ros_pathfinder/install/sllidar_ros2:/opt/ros/kilted/opt/gz_math_vendor:/opt/ros/kilted/opt/gz_utils_vendor:/opt/ros/kilted/opt/gz_cmake_vendor DEBUGINFOD_URLS=https://debuginfod.ubuntu.com PS1=(.venv) \[\e]0;\u@\h: \w\a\]${debian_chroot:+($debian_chroot)}\[\033[01;32m\]\u@\h\[\033[00m\]:\[\033[01;34m\]\w\[\033[00m\]\$ PYTHONPATH=/home/pirobot/git/ros_pathfinder/build/ros_pathfinder/prefix_override:/usr/lib/python3/dist-packages/colcon_core/task/python/colcon_distutils_commands:/home/pirobot/git/ros_pathfinder/install/ros_pathfinder/lib/python3.12/site-packages:/home/pirobot/git/ros_pathfinder/install/action_interfaces/lib/python3.12/site-packages:/home/pirobot/git/ros_pathfinder/install/ros_pathfinder/lib/python3.12/site-packages:/home/pirobot/ros2_ws/install/my_robot_controller/lib/python3.12/site-packages:/opt/ros/kilted/lib/python3.12/site-packages VIRTUAL_ENV_PROMPT=(.venv) /usr/bin/python3 -W ignore:setup.py install is deprecated -W ignore:easy_install command is deprecated setup.py egg_info --egg-base ../../build/ros_pathfinder build --build-base /home/pirobot/git/ros_pathfinder/build/ros_pathfinder/build install --record /home/pirobot/git/ros_pathfinder/build/ros_pathfinder/install.log --single-version-externally-managed install_data
