[0.111s] Invoking command in '/home/pirobot/git/ros_pathfinder/build/action_interfaces': CMAKE_PREFIX_PATH=${CMAKE_PREFIX_PATH}:/home/pirobot/git/ros_pathfinder/install/ros_pathfinder:/home/pirobot/ros2_ws/install/my_robot_controller:/opt/ros/kilted DEBUGINFOD_URLS=https://debuginfod.ubuntu.com PS1=(.venv) \[\e]0;\u@\h: \w\a\]${debian_chroot:+($debian_chroot)}\[\033[01;32m\]\u@\h\[\033[00m\]:\[\033[01;34m\]\w\[\033[00m\]\$ VIRTUAL_ENV_PROMPT=(.venv) /usr/bin/cmake --build /home/pirobot/git/ros_pathfinder/build/action_interfaces -- -j4 -l4
[0.634s] [  2%] Built target action_interfaces__rosidl_generator_type_description
[0.923s] [  2%] Built target ament_cmake_python_copy_action_interfaces
[1.127s] [  4%] Built target action_interfaces__cpp
[2.759s] running egg_info
[2.862s] writing action_interfaces.egg-info/PKG-INFO
[2.864s] writing dependency_links to action_interfaces.egg-info/dependency_links.txt
[2.867s] writing top-level names to action_interfaces.egg-info/top_level.txt
[3.444s] reading manifest file 'action_interfaces.egg-info/SOURCES.txt'
[3.451s] writing manifest file 'action_interfaces.egg-info/SOURCES.txt'
[3.832s] [  4%] Built target ament_cmake_python_build_action_interfaces_egg
[4.049s] [ 22%] Built target action_interfaces__rosidl_generator_c
[4.302s] [ 31%] Built target action_interfaces__rosidl_typesupport_fastrtps_c
[4.560s] [ 40%] Built target action_interfaces__rosidl_typesupport_fastrtps_cpp
[4.745s] [ 50%] Built target action_interfaces__rosidl_typesupport_introspection_cpp
[4.895s] [ 59%] Built target action_interfaces__rosidl_typesupport_cpp
[5.120s] [ 68%] Built target action_interfaces__rosidl_typesupport_c
[5.364s] [ 77%] Built target action_interfaces__rosidl_typesupport_introspection_c
[5.520s] [ 77%] Built target action_interfaces
[5.688s] [ 79%] Built target action_interfaces__py
[5.891s] [ 86%] Built target action_interfaces__rosidl_generator_py
[6.044s] [ 90%] Built target action_interfaces_s__rosidl_typesupport_fastrtps_c
[6.220s] [ 95%] Built target action_interfaces_s__rosidl_typesupport_c
[6.447s] [100%] Built target action_interfaces_s__rosidl_typesupport_introspection_c
[6.571s] Invoked command in '/home/pirobot/git/ros_pathfinder/build/action_interfaces' returned '0': CMAKE_PREFIX_PATH=${CMAKE_PREFIX_PATH}:/home/pirobot/git/ros_pathfinder/install/ros_pathfinder:/home/pirobot/ros2_ws/install/my_robot_controller:/opt/ros/kilted DEBUGINFOD_URLS=https://debuginfod.ubuntu.com PS1=(.venv) \[\e]0;\u@\h: \w\a\]${debian_chroot:+($debian_chroot)}\[\033[01;32m\]\u@\h\[\033[00m\]:\[\033[01;34m\]\w\[\033[00m\]\$ VIRTUAL_ENV_PROMPT=(.venv) /usr/bin/cmake --build /home/pirobot/git/ros_pathfinder/build/action_interfaces -- -j4 -l4
[6.579s] Invoking command in '/home/pirobot/git/ros_pathfinder/build/action_interfaces': CMAKE_PREFIX_PATH=${CMAKE_PREFIX_PATH}:/home/pirobot/git/ros_pathfinder/install/ros_pathfinder:/home/pirobot/ros2_ws/install/my_robot_controller:/opt/ros/kilted DEBUGINFOD_URLS=https://debuginfod.ubuntu.com PS1=(.venv) \[\e]0;\u@\h: \w\a\]${debian_chroot:+($debian_chroot)}\[\033[01;32m\]\u@\h\[\033[00m\]:\[\033[01;34m\]\w\[\033[00m\]\$ VIRTUAL_ENV_PROMPT=(.venv) /usr/bin/cmake --install /home/pirobot/git/ros_pathfinder/build/action_interfaces
[6.655s] -- Install configuration: ""
[6.657s] -- Up-to-date: /home/pirobot/git/ros_pathfinder/install/action_interfaces/share/ament_index/resource_index/rosidl_interfaces/action_interfaces
[6.665s] -- Up-to-date: /home/pirobot/git/ros_pathfinder/install/action_interfaces/share/action_interfaces/action/MotorControl.json
[6.667s] -- Up-to-date: /home/pirobot/git/ros_pathfinder/install/action_interfaces/share/action_interfaces/action/FollowPath.json
[6.672s] -- Up-to-date: /home/pirobot/git/ros_pathfinder/install/action_interfaces/include/action_interfaces/action_interfaces
[6.676s] -- Up-to-date: /home/pirobot/git/ros_pathfinder/install/action_interfaces/include/action_interfaces/action_interfaces/action
[6.677s] -- Up-to-date: /home/pirobot/git/ros_pathfinder/install/action_interfaces/include/action_interfaces/action_interfaces/action/motor_control.h
[6.677s] -- Up-to-date: /home/pirobot/git/ros_pathfinder/install/action_interfaces/include/action_interfaces/action_interfaces/action/follow_path.h
[6.677s] -- Up-to-date: /home/pirobot/git/ros_pathfinder/install/action_interfaces/include/action_interfaces/action_interfaces/action/detail
[6.677s] -- Up-to-date: /home/pirobot/git/ros_pathfinder/install/action_interfaces/include/action_interfaces/action_interfaces/action/detail/follow_path__description.c
[6.678s] -- Up-to-date: /home/pirobot/git/ros_pathfinder/install/action_interfaces/include/action_interfaces/action_interfaces/action/detail/follow_path__struct.h
[6.683s] -- Up-to-date: /home/pirobot/git/ros_pathfinder/install/action_interfaces/include/action_interfaces/action_interfaces/action/detail/motor_control__type_support.h
[6.683s] -- Up-to-date: /home/pirobot/git/ros_pathfinder/install/action_interfaces/include/action_interfaces/action_interfaces/action/detail/motor_control__functions.h
[6.686s] -- Up-to-date: /home/pirobot/git/ros_pathfinder/install/action_interfaces/include/action_interfaces/action_interfaces/action/detail/follow_path__functions.c
[6.688s] -- Up-to-date: /home/pirobot/git/ros_pathfinder/install/action_interfaces/include/action_interfaces/action_interfaces/action/detail/motor_control__struct.h
[6.688s] -- Up-to-date: /home/pirobot/git/ros_pathfinder/install/action_interfaces/include/action_interfaces/action_interfaces/action/detail/follow_path__functions.h
[6.691s] -- Up-to-date: /home/pirobot/git/ros_pathfinder/install/action_interfaces/include/action_interfaces/action_interfaces/action/detail/follow_path__type_support.h
[6.692s] -- Installing: /home/pirobot/git/ros_pathfinder/install/action_interfaces/include/action_interfaces/action_interfaces/action/detail/follow_path__type_support.c
[6.697s] -- Installing: /home/pirobot/git/ros_pathfinder/install/action_interfaces/include/action_interfaces/action_interfaces/action/detail/motor_control__type_support.c
[6.698s] -- Up-to-date: /home/pirobot/git/ros_pathfinder/install/action_interfaces/include/action_interfaces/action_interfaces/action/detail/motor_control__functions.c
[6.698s] -- Up-to-date: /home/pirobot/git/ros_pathfinder/install/action_interfaces/include/action_interfaces/action_interfaces/action/detail/motor_control__description.c
[6.698s] -- Up-to-date: /home/pirobot/git/ros_pathfinder/install/action_interfaces/include/action_interfaces/action_interfaces/msg
[6.698s] -- Up-to-date: /home/pirobot/git/ros_pathfinder/install/action_interfaces/include/action_interfaces/action_interfaces/msg/rosidl_generator_c__visibility_control.h
[6.698s] -- Up-to-date: /home/pirobot/git/ros_pathfinder/install/action_interfaces/share/action_interfaces/environment/library_path.sh
[6.698s] -- Up-to-date: /home/pirobot/git/ros_pathfinder/install/action_interfaces/share/action_interfaces/environment/library_path.dsv
[6.699s] -- Up-to-date: /home/pirobot/git/ros_pathfinder/install/action_interfaces/lib/libaction_interfaces__rosidl_generator_c.so
[6.699s] -- Up-to-date: /home/pirobot/git/ros_pathfinder/install/action_interfaces/include/action_interfaces/action_interfaces
[6.699s] -- Up-to-date: /home/pirobot/git/ros_pathfinder/install/action_interfaces/include/action_interfaces/action_interfaces/action
[6.699s] -- Up-to-date: /home/pirobot/git/ros_pathfinder/install/action_interfaces/include/action_interfaces/action_interfaces/action/detail
[6.703s] -- Up-to-date: /home/pirobot/git/ros_pathfinder/install/action_interfaces/include/action_interfaces/action_interfaces/action/detail/motor_control__rosidl_typesupport_fastrtps_c.h
[6.704s] -- Up-to-date: /home/pirobot/git/ros_pathfinder/install/action_interfaces/include/action_interfaces/action_interfaces/action/detail/follow_path__rosidl_typesupport_fastrtps_c.h
[6.704s] -- Up-to-date: /home/pirobot/git/ros_pathfinder/install/action_interfaces/include/action_interfaces/action_interfaces/msg
[6.704s] -- Up-to-date: /home/pirobot/git/ros_pathfinder/install/action_interfaces/include/action_interfaces/action_interfaces/msg/rosidl_typesupport_fastrtps_c__visibility_control.h
[6.710s] -- Up-to-date: /home/pirobot/git/ros_pathfinder/install/action_interfaces/lib/libaction_interfaces__rosidl_typesupport_fastrtps_c.so
[6.710s] -- Up-to-date: /home/pirobot/git/ros_pathfinder/install/action_interfaces/include/action_interfaces/action_interfaces
[6.710s] -- Up-to-date: /home/pirobot/git/ros_pathfinder/install/action_interfaces/include/action_interfaces/action_interfaces/action
[6.711s] -- Up-to-date: /home/pirobot/git/ros_pathfinder/install/action_interfaces/include/action_interfaces/action_interfaces/action/detail
[6.711s] -- Up-to-date: /home/pirobot/git/ros_pathfinder/install/action_interfaces/include/action_interfaces/action_interfaces/action/detail/follow_path__rosidl_typesupport_introspection_c.h
[6.711s] -- Installing: /home/pirobot/git/ros_pathfinder/install/action_interfaces/include/action_interfaces/action_interfaces/action/detail/follow_path__type_support.c
[6.711s] -- Installing: /home/pirobot/git/ros_pathfinder/install/action_interfaces/include/action_interfaces/action_interfaces/action/detail/motor_control__type_support.c
[6.722s] -- Up-to-date: /home/pirobot/git/ros_pathfinder/install/action_interfaces/include/action_interfaces/action_interfaces/action/detail/motor_control__rosidl_typesupport_introspection_c.h
[6.723s] -- Up-to-date: /home/pirobot/git/ros_pathfinder/install/action_interfaces/include/action_interfaces/action_interfaces/msg
[6.723s] -- Up-to-date: /home/pirobot/git/ros_pathfinder/install/action_interfaces/include/action_interfaces/action_interfaces/msg/rosidl_typesupport_introspection_c__visibility_control.h
[6.723s] -- Up-to-date: /home/pirobot/git/ros_pathfinder/install/action_interfaces/lib/libaction_interfaces__rosidl_typesupport_introspection_c.so
[6.723s] -- Up-to-date: /home/pirobot/git/ros_pathfinder/install/action_interfaces/lib/libaction_interfaces__rosidl_typesupport_c.so
[6.723s] -- Up-to-date: /home/pirobot/git/ros_pathfinder/install/action_interfaces/include/action_interfaces/action_interfaces
[6.723s] -- Up-to-date: /home/pirobot/git/ros_pathfinder/install/action_interfaces/include/action_interfaces/action_interfaces/action
[6.724s] -- Up-to-date: /home/pirobot/git/ros_pathfinder/install/action_interfaces/include/action_interfaces/action_interfaces/action/motor_control.hpp
[6.724s] -- Up-to-date: /home/pirobot/git/ros_pathfinder/install/action_interfaces/include/action_interfaces/action_interfaces/action/follow_path.hpp
[6.724s] -- Up-to-date: /home/pirobot/git/ros_pathfinder/install/action_interfaces/include/action_interfaces/action_interfaces/action/detail
[6.724s] -- Up-to-date: /home/pirobot/git/ros_pathfinder/install/action_interfaces/include/action_interfaces/action_interfaces/action/detail/motor_control__struct.hpp
[6.724s] -- Up-to-date: /home/pirobot/git/ros_pathfinder/install/action_interfaces/include/action_interfaces/action_interfaces/action/detail/motor_control__type_support.hpp
[6.725s] -- Up-to-date: /home/pirobot/git/ros_pathfinder/install/action_interfaces/include/action_interfaces/action_interfaces/action/detail/motor_control__builder.hpp
[6.725s] -- Up-to-date: /home/pirobot/git/ros_pathfinder/install/action_interfaces/include/action_interfaces/action_interfaces/action/detail/motor_control__traits.hpp
[6.733s] -- Up-to-date: /home/pirobot/git/ros_pathfinder/install/action_interfaces/include/action_interfaces/action_interfaces/action/detail/follow_path__type_support.hpp
[6.734s] -- Up-to-date: /home/pirobot/git/ros_pathfinder/install/action_interfaces/include/action_interfaces/action_interfaces/action/detail/follow_path__builder.hpp
[6.734s] -- Up-to-date: /home/pirobot/git/ros_pathfinder/install/action_interfaces/include/action_interfaces/action_interfaces/action/detail/follow_path__traits.hpp
[6.734s] -- Up-to-date: /home/pirobot/git/ros_pathfinder/install/action_interfaces/include/action_interfaces/action_interfaces/action/detail/follow_path__struct.hpp
[6.735s] -- Up-to-date: /home/pirobot/git/ros_pathfinder/install/action_interfaces/include/action_interfaces/action_interfaces/msg
[6.735s] -- Up-to-date: /home/pirobot/git/ros_pathfinder/install/action_interfaces/include/action_interfaces/action_interfaces/msg/rosidl_generator_cpp__visibility_control.hpp
[6.735s] -- Up-to-date: /home/pirobot/git/ros_pathfinder/install/action_interfaces/include/action_interfaces/action_interfaces
[6.735s] -- Up-to-date: /home/pirobot/git/ros_pathfinder/install/action_interfaces/include/action_interfaces/action_interfaces/action
[6.735s] -- Up-to-date: /home/pirobot/git/ros_pathfinder/install/action_interfaces/include/action_interfaces/action_interfaces/action/detail
[6.735s] -- Up-to-date: /home/pirobot/git/ros_pathfinder/install/action_interfaces/include/action_interfaces/action_interfaces/action/detail/motor_control__rosidl_typesupport_fastrtps_cpp.hpp
[6.735s] -- Up-to-date: /home/pirobot/git/ros_pathfinder/install/action_interfaces/include/action_interfaces/action_interfaces/action/detail/follow_path__rosidl_typesupport_fastrtps_cpp.hpp
[6.736s] -- Up-to-date: /home/pirobot/git/ros_pathfinder/install/action_interfaces/include/action_interfaces/action_interfaces/action/detail/dds_fastrtps
[6.740s] -- Up-to-date: /home/pirobot/git/ros_pathfinder/install/action_interfaces/include/action_interfaces/action_interfaces/msg
[6.740s] -- Up-to-date: /home/pirobot/git/ros_pathfinder/install/action_interfaces/include/action_interfaces/action_interfaces/msg/rosidl_typesupport_fastrtps_cpp__visibility_control.h
[6.741s] -- Up-to-date: /home/pirobot/git/ros_pathfinder/install/action_interfaces/lib/libaction_interfaces__rosidl_typesupport_fastrtps_cpp.so
[6.741s] -- Up-to-date: /home/pirobot/git/ros_pathfinder/install/action_interfaces/include/action_interfaces/action_interfaces
[6.741s] -- Up-to-date: /home/pirobot/git/ros_pathfinder/install/action_interfaces/include/action_interfaces/action_interfaces/action
[6.741s] -- Up-to-date: /home/pirobot/git/ros_pathfinder/install/action_interfaces/include/action_interfaces/action_interfaces/action/detail
[6.742s] -- Up-to-date: /home/pirobot/git/ros_pathfinder/install/action_interfaces/include/action_interfaces/action_interfaces/action/detail/motor_control__type_support.cpp
[6.742s] -- Up-to-date: /home/pirobot/git/ros_pathfinder/install/action_interfaces/include/action_interfaces/action_interfaces/action/detail/follow_path__rosidl_typesupport_introspection_cpp.hpp
[6.742s] -- Up-to-date: /home/pirobot/git/ros_pathfinder/install/action_interfaces/include/action_interfaces/action_interfaces/action/detail/follow_path__type_support.cpp
[6.742s] -- Up-to-date: /home/pirobot/git/ros_pathfinder/install/action_interfaces/include/action_interfaces/action_interfaces/action/detail/motor_control__rosidl_typesupport_introspection_cpp.hpp
[6.743s] -- Up-to-date: /home/pirobot/git/ros_pathfinder/install/action_interfaces/lib/libaction_interfaces__rosidl_typesupport_introspection_cpp.so
[6.752s] -- Up-to-date: /home/pirobot/git/ros_pathfinder/install/action_interfaces/lib/libaction_interfaces__rosidl_typesupport_cpp.so
[6.752s] -- Up-to-date: /home/pirobot/git/ros_pathfinder/install/action_interfaces/share/action_interfaces/environment/pythonpath.sh
[6.752s] -- Up-to-date: /home/pirobot/git/ros_pathfinder/install/action_interfaces/share/action_interfaces/environment/pythonpath.dsv
[6.752s] -- Up-to-date: /home/pirobot/git/ros_pathfinder/install/action_interfaces/lib/python3.12/site-packages/action_interfaces-0.0.0-py3.12.egg-info
[6.756s] -- Installing: /home/pirobot/git/ros_pathfinder/install/action_interfaces/lib/python3.12/site-packages/action_interfaces-0.0.0-py3.12.egg-info/dependency_links.txt
[6.758s] -- Installing: /home/pirobot/git/ros_pathfinder/install/action_interfaces/lib/python3.12/site-packages/action_interfaces-0.0.0-py3.12.egg-info/top_level.txt
[6.758s] -- Installing: /home/pirobot/git/ros_pathfinder/install/action_interfaces/lib/python3.12/site-packages/action_interfaces-0.0.0-py3.12.egg-info/SOURCES.txt
[6.758s] -- Installing: /home/pirobot/git/ros_pathfinder/install/action_interfaces/lib/python3.12/site-packages/action_interfaces-0.0.0-py3.12.egg-info/PKG-INFO
[6.758s] -- Up-to-date: /home/pirobot/git/ros_pathfinder/install/action_interfaces/lib/python3.12/site-packages/action_interfaces
[6.759s] -- Up-to-date: /home/pirobot/git/ros_pathfinder/install/action_interfaces/lib/python3.12/site-packages/action_interfaces/action_interfaces_s__rosidl_typesupport_fastrtps_c.so
[6.766s] -- Up-to-date: /home/pirobot/git/ros_pathfinder/install/action_interfaces/lib/python3.12/site-packages/action_interfaces/_action_interfaces_s.ep.rosidl_typesupport_fastrtps_c.c
[6.767s] -- Up-to-date: /home/pirobot/git/ros_pathfinder/install/action_interfaces/lib/python3.12/site-packages/action_interfaces/action_interfaces_s__rosidl_typesupport_c.so
[6.767s] -- Up-to-date: /home/pirobot/git/ros_pathfinder/install/action_interfaces/lib/python3.12/site-packages/action_interfaces/_action_interfaces_s.ep.rosidl_typesupport_c.c
[6.768s] -- Up-to-date: /home/pirobot/git/ros_pathfinder/install/action_interfaces/lib/python3.12/site-packages/action_interfaces/action_interfaces_s__rosidl_typesupport_introspection_c.so
[6.768s] -- Up-to-date: /home/pirobot/git/ros_pathfinder/install/action_interfaces/lib/python3.12/site-packages/action_interfaces/action
[6.769s] -- Up-to-date: /home/pirobot/git/ros_pathfinder/install/action_interfaces/lib/python3.12/site-packages/action_interfaces/action/_follow_path_s.c
[6.769s] -- Up-to-date: /home/pirobot/git/ros_pathfinder/install/action_interfaces/lib/python3.12/site-packages/action_interfaces/action/_motor_control_s.c
[6.769s] -- Up-to-date: /home/pirobot/git/ros_pathfinder/install/action_interfaces/lib/python3.12/site-packages/action_interfaces/action/_motor_control.py
[6.775s] -- Up-to-date: /home/pirobot/git/ros_pathfinder/install/action_interfaces/lib/python3.12/site-packages/action_interfaces/action/__init__.py
[6.775s] -- Up-to-date: /home/pirobot/git/ros_pathfinder/install/action_interfaces/lib/python3.12/site-packages/action_interfaces/action/_follow_path.py
[6.775s] -- Up-to-date: /home/pirobot/git/ros_pathfinder/install/action_interfaces/lib/python3.12/site-packages/action_interfaces/__init__.py
[6.775s] -- Up-to-date: /home/pirobot/git/ros_pathfinder/install/action_interfaces/lib/python3.12/site-packages/action_interfaces/_action_interfaces_s.ep.rosidl_typesupport_introspection_c.c
[7.037s] Listing '/home/pirobot/git/ros_pathfinder/install/action_interfaces/lib/python3.12/site-packages/action_interfaces'...
[7.038s] Listing '/home/pirobot/git/ros_pathfinder/install/action_interfaces/lib/python3.12/site-packages/action_interfaces/action'...
[7.135s] -- Up-to-date: /home/pirobot/git/ros_pathfinder/install/action_interfaces/lib/python3.12/site-packages/action_interfaces/action_interfaces_s__rosidl_typesupport_fastrtps_c.so
[7.151s] -- Up-to-date: /home/pirobot/git/ros_pathfinder/install/action_interfaces/lib/python3.12/site-packages/action_interfaces/action_interfaces_s__rosidl_typesupport_introspection_c.so
[7.157s] -- Up-to-date: /home/pirobot/git/ros_pathfinder/install/action_interfaces/lib/python3.12/site-packages/action_interfaces/action_interfaces_s__rosidl_typesupport_c.so
[7.170s] -- Up-to-date: /home/pirobot/git/ros_pathfinder/install/action_interfaces/lib/libaction_interfaces__rosidl_generator_py.so
[7.186s] -- Up-to-date: /home/pirobot/git/ros_pathfinder/install/action_interfaces/share/action_interfaces/action/MotorControl.idl
[7.186s] -- Up-to-date: /home/pirobot/git/ros_pathfinder/install/action_interfaces/share/action_interfaces/action/FollowPath.idl
[7.187s] -- Up-to-date: /home/pirobot/git/ros_pathfinder/install/action_interfaces/share/action_interfaces/action/MotorControl.action
[7.187s] -- Up-to-date: /home/pirobot/git/ros_pathfinder/install/action_interfaces/share/action_interfaces/action/FollowPath.action
[7.187s] -- Up-to-date: /home/pirobot/git/ros_pathfinder/install/action_interfaces/share/ament_index/resource_index/package_run_dependencies/action_interfaces
[7.187s] -- Up-to-date: /home/pirobot/git/ros_pathfinder/install/action_interfaces/share/ament_index/resource_index/parent_prefix_path/action_interfaces
[7.189s] -- Up-to-date: /home/pirobot/git/ros_pathfinder/install/action_interfaces/share/action_interfaces/environment/ament_prefix_path.sh
[7.197s] -- Up-to-date: /home/pirobot/git/ros_pathfinder/install/action_interfaces/share/action_interfaces/environment/ament_prefix_path.dsv
[7.204s] -- Up-to-date: /home/pirobot/git/ros_pathfinder/install/action_interfaces/share/action_interfaces/environment/path.sh
[7.204s] -- Up-to-date: /home/pirobot/git/ros_pathfinder/install/action_interfaces/share/action_interfaces/environment/path.dsv
[7.204s] -- Up-to-date: /home/pirobot/git/ros_pathfinder/install/action_interfaces/share/action_interfaces/local_setup.bash
[7.204s] -- Up-to-date: /home/pirobot/git/ros_pathfinder/install/action_interfaces/share/action_interfaces/local_setup.sh
[7.206s] -- Up-to-date: /home/pirobot/git/ros_pathfinder/install/action_interfaces/share/action_interfaces/local_setup.zsh
[7.210s] -- Up-to-date: /home/pirobot/git/ros_pathfinder/install/action_interfaces/share/action_interfaces/local_setup.dsv
[7.210s] -- Installing: /home/pirobot/git/ros_pathfinder/install/action_interfaces/share/action_interfaces/package.dsv
[7.210s] -- Up-to-date: /home/pirobot/git/ros_pathfinder/install/action_interfaces/share/ament_index/resource_index/packages/action_interfaces
[7.211s] -- Up-to-date: /home/pirobot/git/ros_pathfinder/install/action_interfaces/share/action_interfaces/cmake/export_action_interfaces__rosidl_generator_cExport.cmake
[7.218s] -- Up-to-date: /home/pirobot/git/ros_pathfinder/install/action_interfaces/share/action_interfaces/cmake/export_action_interfaces__rosidl_generator_cExport-noconfig.cmake
[7.219s] -- Up-to-date: /home/pirobot/git/ros_pathfinder/install/action_interfaces/share/action_interfaces/cmake/export_action_interfaces__rosidl_typesupport_fastrtps_cExport.cmake
[7.228s] -- Up-to-date: /home/pirobot/git/ros_pathfinder/install/action_interfaces/share/action_interfaces/cmake/export_action_interfaces__rosidl_typesupport_fastrtps_cExport-noconfig.cmake
[7.228s] -- Up-to-date: /home/pirobot/git/ros_pathfinder/install/action_interfaces/share/action_interfaces/cmake/action_interfaces__rosidl_typesupport_introspection_cExport.cmake
[7.229s] -- Up-to-date: /home/pirobot/git/ros_pathfinder/install/action_interfaces/share/action_interfaces/cmake/action_interfaces__rosidl_typesupport_introspection_cExport-noconfig.cmake
[7.229s] -- Up-to-date: /home/pirobot/git/ros_pathfinder/install/action_interfaces/share/action_interfaces/cmake/action_interfaces__rosidl_typesupport_cExport.cmake
[7.229s] -- Up-to-date: /home/pirobot/git/ros_pathfinder/install/action_interfaces/share/action_interfaces/cmake/action_interfaces__rosidl_typesupport_cExport-noconfig.cmake
[7.231s] -- Up-to-date: /home/pirobot/git/ros_pathfinder/install/action_interfaces/share/action_interfaces/cmake/export_action_interfaces__rosidl_generator_cppExport.cmake
[7.243s] -- Up-to-date: /home/pirobot/git/ros_pathfinder/install/action_interfaces/share/action_interfaces/cmake/export_action_interfaces__rosidl_typesupport_fastrtps_cppExport.cmake
[7.250s] -- Up-to-date: /home/pirobot/git/ros_pathfinder/install/action_interfaces/share/action_interfaces/cmake/export_action_interfaces__rosidl_typesupport_fastrtps_cppExport-noconfig.cmake
[7.250s] -- Up-to-date: /home/pirobot/git/ros_pathfinder/install/action_interfaces/share/action_interfaces/cmake/action_interfaces__rosidl_typesupport_introspection_cppExport.cmake
[7.251s] -- Up-to-date: /home/pirobot/git/ros_pathfinder/install/action_interfaces/share/action_interfaces/cmake/action_interfaces__rosidl_typesupport_introspection_cppExport-noconfig.cmake
[7.251s] -- Up-to-date: /home/pirobot/git/ros_pathfinder/install/action_interfaces/share/action_interfaces/cmake/action_interfaces__rosidl_typesupport_cppExport.cmake
[7.251s] -- Up-to-date: /home/pirobot/git/ros_pathfinder/install/action_interfaces/share/action_interfaces/cmake/action_interfaces__rosidl_typesupport_cppExport-noconfig.cmake
[7.261s] -- Up-to-date: /home/pirobot/git/ros_pathfinder/install/action_interfaces/share/action_interfaces/cmake/export_action_interfaces__rosidl_generator_pyExport.cmake
[7.261s] -- Up-to-date: /home/pirobot/git/ros_pathfinder/install/action_interfaces/share/action_interfaces/cmake/export_action_interfaces__rosidl_generator_pyExport-noconfig.cmake
[7.262s] -- Up-to-date: /home/pirobot/git/ros_pathfinder/install/action_interfaces/share/action_interfaces/cmake/rosidl_cmake-extras.cmake
[7.262s] -- Up-to-date: /home/pirobot/git/ros_pathfinder/install/action_interfaces/share/action_interfaces/cmake/ament_cmake_export_dependencies-extras.cmake
[7.262s] -- Up-to-date: /home/pirobot/git/ros_pathfinder/install/action_interfaces/share/action_interfaces/cmake/ament_cmake_export_include_directories-extras.cmake
[7.262s] -- Up-to-date: /home/pirobot/git/ros_pathfinder/install/action_interfaces/share/action_interfaces/cmake/ament_cmake_export_libraries-extras.cmake
[7.262s] -- Up-to-date: /home/pirobot/git/ros_pathfinder/install/action_interfaces/share/action_interfaces/cmake/ament_cmake_export_targets-extras.cmake
[7.265s] -- Up-to-date: /home/pirobot/git/ros_pathfinder/install/action_interfaces/share/action_interfaces/cmake/rosidl_cmake_export_typesupport_targets-extras.cmake
[7.269s] -- Up-to-date: /home/pirobot/git/ros_pathfinder/install/action_interfaces/share/action_interfaces/cmake/rosidl_cmake_export_typesupport_libraries-extras.cmake
[7.269s] -- Up-to-date: /home/pirobot/git/ros_pathfinder/install/action_interfaces/share/action_interfaces/cmake/action_interfacesConfig.cmake
[7.269s] -- Up-to-date: /home/pirobot/git/ros_pathfinder/install/action_interfaces/share/action_interfaces/cmake/action_interfacesConfig-version.cmake
[7.270s] -- Up-to-date: /home/pirobot/git/ros_pathfinder/install/action_interfaces/share/action_interfaces/package.xml
[7.360s] Invoked command in '/home/pirobot/git/ros_pathfinder/build/action_interfaces' returned '0': CMAKE_PREFIX_PATH=${CMAKE_PREFIX_PATH}:/home/pirobot/git/ros_pathfinder/install/ros_pathfinder:/home/pirobot/ros2_ws/install/my_robot_controller:/opt/ros/kilted DEBUGINFOD_URLS=https://debuginfod.ubuntu.com PS1=(.venv) \[\e]0;\u@\h: \w\a\]${debian_chroot:+($debian_chroot)}\[\033[01;32m\]\u@\h\[\033[00m\]:\[\033[01;34m\]\w\[\033[00m\]\$ VIRTUAL_ENV_PROMPT=(.venv) /usr/bin/cmake --install /home/pirobot/git/ros_pathfinder/build/action_interfaces
