[0.450s] DEBUG:colcon:Command line arguments: ['/usr/bin/colcon', 'build']
[0.451s] DEBUG:colcon:Parsed command line arguments: Namespace(log_base=None, log_level=None, verb_name='build', build_base='build', install_base='install', merge_install=False, symlink_install=False, test_result_base=None, continue_on_error=False, executor='parallel', parallel_workers=4, event_handlers=None, ignore_user_meta=False, metas=['./colcon.meta'], base_paths=['.'], packages_ignore=None, packages_ignore_regex=None, paths=None, packages_up_to=None, packages_up_to_regex=None, packages_above=None, packages_above_and_dependencies=None, packages_above_depth=None, packages_select_by_dep=None, packages_skip_by_dep=None, packages_skip_up_to=None, packages_select_build_failed=False, packages_skip_build_finished=False, packages_select_test_failures=False, packages_skip_test_passed=False, packages_select=None, packages_skip=None, packages_select_regex=None, packages_skip_regex=None, packages_start=None, packages_end=None, allow_overriding=[], cmake_args=None, cmake_target=None, cmake_target_skip_unavailable=False, cmake_clean_cache=False, cmake_clean_first=False, cmake_force_configure=False, ament_cmake_args=None, catkin_cmake_args=None, catkin_skip_building_tests=False, mixin_files=None, mixin=None, verb_parser=<colcon_mixin.mixin.mixin_argument.MixinArgumentDecorator object at 0xffff89d053d0>, verb_extension=<colcon_core.verb.build.BuildVerb object at 0xffff89ebdd30>, main=<bound method BuildVerb.main of <colcon_core.verb.build.BuildVerb object at 0xffff89ebdd30>>, mixin_verb=('build',))
[0.660s] Level 1:colcon.colcon_core.package_discovery:discover_packages(colcon_meta) check parameters
[0.661s] Level 1:colcon.colcon_core.package_discovery:discover_packages(recursive) check parameters
[0.661s] Level 1:colcon.colcon_core.package_discovery:discover_packages(ignore) check parameters
[0.661s] Level 1:colcon.colcon_core.package_discovery:discover_packages(path) check parameters
[0.661s] Level 1:colcon.colcon_core.package_discovery:discover_packages(colcon_meta) discover
[0.661s] Level 1:colcon.colcon_core.package_discovery:discover_packages(recursive) discover
[0.662s] INFO:colcon.colcon_core.package_discovery:Crawling recursively for packages in '/home/pirobot/git/ros_pathfinder'
[0.662s] Level 1:colcon.colcon_core.package_identification:_identify(.) by extensions ['ignore', 'ignore_ament_install']
[0.663s] Level 1:colcon.colcon_core.package_identification:_identify(.) by extension 'ignore'
[0.664s] Level 1:colcon.colcon_core.package_identification:_identify(.) by extension 'ignore_ament_install'
[0.665s] Level 1:colcon.colcon_core.package_identification:_identify(.) by extensions ['colcon_pkg']
[0.665s] Level 1:colcon.colcon_core.package_identification:_identify(.) by extension 'colcon_pkg'
[0.666s] Level 1:colcon.colcon_core.package_identification:_identify(.) by extensions ['colcon_meta']
[0.666s] Level 1:colcon.colcon_core.package_identification:_identify(.) by extension 'colcon_meta'
[0.666s] Level 1:colcon.colcon_core.package_identification:_identify(.) by extensions ['ros']
[0.666s] Level 1:colcon.colcon_core.package_identification:_identify(.) by extension 'ros'
[0.817s] Level 1:colcon.colcon_core.package_identification:_identify(.) by extensions ['cmake', 'python']
[0.818s] Level 1:colcon.colcon_core.package_identification:_identify(.) by extension 'cmake'
[0.818s] Level 1:colcon.colcon_core.package_identification:_identify(.) by extension 'python'
[0.818s] Level 1:colcon.colcon_core.package_identification:_identify(.) by extensions ['python_setup_py']
[0.818s] Level 1:colcon.colcon_core.package_identification:_identify(.) by extension 'python_setup_py'
[0.819s] Level 1:colcon.colcon_core.package_identification:_identify(build) by extensions ['ignore', 'ignore_ament_install']
[0.819s] Level 1:colcon.colcon_core.package_identification:_identify(build) by extension 'ignore'
[0.819s] Level 1:colcon.colcon_core.package_identification:_identify(build) ignored
[0.820s] Level 1:colcon.colcon_core.package_identification:_identify(install) by extensions ['ignore', 'ignore_ament_install']
[0.820s] Level 1:colcon.colcon_core.package_identification:_identify(install) by extension 'ignore'
[0.821s] Level 1:colcon.colcon_core.package_identification:_identify(install) ignored
[0.825s] Level 1:colcon.colcon_core.package_identification:_identify(log) by extensions ['ignore', 'ignore_ament_install']
[0.825s] Level 1:colcon.colcon_core.package_identification:_identify(log) by extension 'ignore'
[0.826s] Level 1:colcon.colcon_core.package_identification:_identify(log) ignored
[0.826s] Level 1:colcon.colcon_core.package_identification:_identify(sllidar_ros2) by extensions ['ignore', 'ignore_ament_install']
[0.826s] Level 1:colcon.colcon_core.package_identification:_identify(sllidar_ros2) by extension 'ignore'
[0.827s] Level 1:colcon.colcon_core.package_identification:_identify(sllidar_ros2) by extension 'ignore_ament_install'
[0.827s] Level 1:colcon.colcon_core.package_identification:_identify(sllidar_ros2) by extensions ['colcon_pkg']
[0.827s] Level 1:colcon.colcon_core.package_identification:_identify(sllidar_ros2) by extension 'colcon_pkg'
[0.827s] Level 1:colcon.colcon_core.package_identification:_identify(sllidar_ros2) by extensions ['colcon_meta']
[0.827s] Level 1:colcon.colcon_core.package_identification:_identify(sllidar_ros2) by extension 'colcon_meta'
[0.827s] Level 1:colcon.colcon_core.package_identification:_identify(sllidar_ros2) by extensions ['ros']
[0.828s] Level 1:colcon.colcon_core.package_identification:_identify(sllidar_ros2) by extension 'ros'
[0.840s] DEBUG:colcon.colcon_core.package_identification:Package 'sllidar_ros2' with type 'ros.ament_cmake' and name 'sllidar_ros2'
[0.840s] Level 1:colcon.colcon_core.package_identification:_identify(src) by extensions ['ignore', 'ignore_ament_install']
[0.841s] Level 1:colcon.colcon_core.package_identification:_identify(src) by extension 'ignore'
[0.841s] Level 1:colcon.colcon_core.package_identification:_identify(src) by extension 'ignore_ament_install'
[0.841s] Level 1:colcon.colcon_core.package_identification:_identify(src) by extensions ['colcon_pkg']
[0.842s] Level 1:colcon.colcon_core.package_identification:_identify(src) by extension 'colcon_pkg'
[0.842s] Level 1:colcon.colcon_core.package_identification:_identify(src) by extensions ['colcon_meta']
[0.842s] Level 1:colcon.colcon_core.package_identification:_identify(src) by extension 'colcon_meta'
[0.842s] Level 1:colcon.colcon_core.package_identification:_identify(src) by extensions ['ros']
[0.842s] Level 1:colcon.colcon_core.package_identification:_identify(src) by extension 'ros'
[0.842s] Level 1:colcon.colcon_core.package_identification:_identify(src) by extensions ['cmake', 'python']
[0.843s] Level 1:colcon.colcon_core.package_identification:_identify(src) by extension 'cmake'
[0.843s] Level 1:colcon.colcon_core.package_identification:_identify(src) by extension 'python'
[0.843s] Level 1:colcon.colcon_core.package_identification:_identify(src) by extensions ['python_setup_py']
[0.843s] Level 1:colcon.colcon_core.package_identification:_identify(src) by extension 'python_setup_py'
[0.847s] Level 1:colcon.colcon_core.package_identification:_identify(src/action_interfaces) by extensions ['ignore', 'ignore_ament_install']
[0.848s] Level 1:colcon.colcon_core.package_identification:_identify(src/action_interfaces) by extension 'ignore'
[0.848s] Level 1:colcon.colcon_core.package_identification:_identify(src/action_interfaces) by extension 'ignore_ament_install'
[0.849s] Level 1:colcon.colcon_core.package_identification:_identify(src/action_interfaces) by extensions ['colcon_pkg']
[0.849s] Level 1:colcon.colcon_core.package_identification:_identify(src/action_interfaces) by extension 'colcon_pkg'
[0.850s] Level 1:colcon.colcon_core.package_identification:_identify(src/action_interfaces) by extensions ['colcon_meta']
[0.850s] Level 1:colcon.colcon_core.package_identification:_identify(src/action_interfaces) by extension 'colcon_meta'
[0.850s] Level 1:colcon.colcon_core.package_identification:_identify(src/action_interfaces) by extensions ['ros']
[0.850s] Level 1:colcon.colcon_core.package_identification:_identify(src/action_interfaces) by extension 'ros'
[0.852s] DEBUG:colcon.colcon_core.package_identification:Package 'src/action_interfaces' with type 'ros.ament_cmake' and name 'action_interfaces'
[0.853s] Level 1:colcon.colcon_core.package_identification:_identify(src/install) by extensions ['ignore', 'ignore_ament_install']
[0.853s] Level 1:colcon.colcon_core.package_identification:_identify(src/install) by extension 'ignore'
[0.853s] Level 1:colcon.colcon_core.package_identification:_identify(src/install) ignored
[0.854s] Level 1:colcon.colcon_core.package_identification:_identify(src/log) by extensions ['ignore', 'ignore_ament_install']
[0.854s] Level 1:colcon.colcon_core.package_identification:_identify(src/log) by extension 'ignore'
[0.855s] Level 1:colcon.colcon_core.package_identification:_identify(src/log) ignored
[0.855s] Level 1:colcon.colcon_core.package_identification:_identify(src/ros_pathfinder) by extensions ['ignore', 'ignore_ament_install']
[0.855s] Level 1:colcon.colcon_core.package_identification:_identify(src/ros_pathfinder) by extension 'ignore'
[0.856s] Level 1:colcon.colcon_core.package_identification:_identify(src/ros_pathfinder) by extension 'ignore_ament_install'
[0.856s] Level 1:colcon.colcon_core.package_identification:_identify(src/ros_pathfinder) by extensions ['colcon_pkg']
[0.856s] Level 1:colcon.colcon_core.package_identification:_identify(src/ros_pathfinder) by extension 'colcon_pkg'
[0.856s] Level 1:colcon.colcon_core.package_identification:_identify(src/ros_pathfinder) by extensions ['colcon_meta']
[0.856s] Level 1:colcon.colcon_core.package_identification:_identify(src/ros_pathfinder) by extension 'colcon_meta'
[0.857s] Level 1:colcon.colcon_core.package_identification:_identify(src/ros_pathfinder) by extensions ['ros']
[0.857s] Level 1:colcon.colcon_core.package_identification:_identify(src/ros_pathfinder) by extension 'ros'
[0.863s] DEBUG:colcon.colcon_core.package_identification:Package 'src/ros_pathfinder' with type 'ros.ament_python' and name 'ros_pathfinder'
[0.863s] Level 1:colcon.colcon_core.package_discovery:discover_packages(recursive) using defaults
[0.863s] Level 1:colcon.colcon_core.package_discovery:discover_packages(ignore) discover
[0.863s] Level 1:colcon.colcon_core.package_discovery:discover_packages(ignore) using defaults
[0.864s] Level 1:colcon.colcon_core.package_discovery:discover_packages(path) discover
[0.864s] Level 1:colcon.colcon_core.package_discovery:discover_packages(path) using defaults
[0.978s] Level 1:colcon.colcon_core.package_discovery:discover_packages(prefix_path) check parameters
[0.979s] Level 1:colcon.colcon_core.package_discovery:discover_packages(prefix_path) discover
[0.996s] DEBUG:colcon.colcon_installed_package_information.package_discovery:Found 3 installed packages in /home/pirobot/git/ros_pathfinder/install
[0.999s] DEBUG:colcon.colcon_installed_package_information.package_discovery:Found 1 installed packages in /home/pirobot/ros2_ws/install
[1.006s] DEBUG:colcon.colcon_installed_package_information.package_discovery:Found 298 installed packages in /opt/ros/kilted
[1.025s] Level 1:colcon.colcon_core.package_discovery:discover_packages(prefix_path) using defaults
[1.291s] Level 5:colcon.colcon_core.verb:set package 'action_interfaces' build argument 'cmake_args' from command line to 'None'
[1.292s] Level 5:colcon.colcon_core.verb:set package 'action_interfaces' build argument 'cmake_target' from command line to 'None'
[1.292s] Level 5:colcon.colcon_core.verb:set package 'action_interfaces' build argument 'cmake_target_skip_unavailable' from command line to 'False'
[1.293s] Level 5:colcon.colcon_core.verb:set package 'action_interfaces' build argument 'cmake_clean_cache' from command line to 'False'
[1.293s] Level 5:colcon.colcon_core.verb:set package 'action_interfaces' build argument 'cmake_clean_first' from command line to 'False'
[1.293s] Level 5:colcon.colcon_core.verb:set package 'action_interfaces' build argument 'cmake_force_configure' from command line to 'False'
[1.293s] Level 5:colcon.colcon_core.verb:set package 'action_interfaces' build argument 'ament_cmake_args' from command line to 'None'
[1.293s] Level 5:colcon.colcon_core.verb:set package 'action_interfaces' build argument 'catkin_cmake_args' from command line to 'None'
[1.293s] Level 5:colcon.colcon_core.verb:set package 'action_interfaces' build argument 'catkin_skip_building_tests' from command line to 'False'
[1.293s] DEBUG:colcon.colcon_core.verb:Building package 'action_interfaces' with the following arguments: {'ament_cmake_args': None, 'build_base': '/home/pirobot/git/ros_pathfinder/build/action_interfaces', 'catkin_cmake_args': None, 'catkin_skip_building_tests': False, 'cmake_args': None, 'cmake_clean_cache': False, 'cmake_clean_first': False, 'cmake_force_configure': False, 'cmake_target': None, 'cmake_target_skip_unavailable': False, 'install_base': '/home/pirobot/git/ros_pathfinder/install/action_interfaces', 'merge_install': False, 'path': '/home/pirobot/git/ros_pathfinder/src/action_interfaces', 'symlink_install': False, 'test_result_base': None}
[1.294s] Level 5:colcon.colcon_core.verb:set package 'sllidar_ros2' build argument 'cmake_args' from command line to 'None'
[1.295s] Level 5:colcon.colcon_core.verb:set package 'sllidar_ros2' build argument 'cmake_target' from command line to 'None'
[1.295s] Level 5:colcon.colcon_core.verb:set package 'sllidar_ros2' build argument 'cmake_target_skip_unavailable' from command line to 'False'
[1.295s] Level 5:colcon.colcon_core.verb:set package 'sllidar_ros2' build argument 'cmake_clean_cache' from command line to 'False'
[1.295s] Level 5:colcon.colcon_core.verb:set package 'sllidar_ros2' build argument 'cmake_clean_first' from command line to 'False'
[1.296s] Level 5:colcon.colcon_core.verb:set package 'sllidar_ros2' build argument 'cmake_force_configure' from command line to 'False'
[1.296s] Level 5:colcon.colcon_core.verb:set package 'sllidar_ros2' build argument 'ament_cmake_args' from command line to 'None'
[1.296s] Level 5:colcon.colcon_core.verb:set package 'sllidar_ros2' build argument 'catkin_cmake_args' from command line to 'None'
[1.297s] Level 5:colcon.colcon_core.verb:set package 'sllidar_ros2' build argument 'catkin_skip_building_tests' from command line to 'False'
[1.297s] DEBUG:colcon.colcon_core.verb:Building package 'sllidar_ros2' with the following arguments: {'ament_cmake_args': None, 'build_base': '/home/pirobot/git/ros_pathfinder/build/sllidar_ros2', 'catkin_cmake_args': None, 'catkin_skip_building_tests': False, 'cmake_args': None, 'cmake_clean_cache': False, 'cmake_clean_first': False, 'cmake_force_configure': False, 'cmake_target': None, 'cmake_target_skip_unavailable': False, 'install_base': '/home/pirobot/git/ros_pathfinder/install/sllidar_ros2', 'merge_install': False, 'path': '/home/pirobot/git/ros_pathfinder/sllidar_ros2', 'symlink_install': False, 'test_result_base': None}
[1.298s] Level 5:colcon.colcon_core.verb:set package 'ros_pathfinder' build argument 'cmake_args' from command line to 'None'
[1.298s] Level 5:colcon.colcon_core.verb:set package 'ros_pathfinder' build argument 'cmake_target' from command line to 'None'
[1.299s] Level 5:colcon.colcon_core.verb:set package 'ros_pathfinder' build argument 'cmake_target_skip_unavailable' from command line to 'False'
[1.299s] Level 5:colcon.colcon_core.verb:set package 'ros_pathfinder' build argument 'cmake_clean_cache' from command line to 'False'
[1.299s] Level 5:colcon.colcon_core.verb:set package 'ros_pathfinder' build argument 'cmake_clean_first' from command line to 'False'
[1.300s] Level 5:colcon.colcon_core.verb:set package 'ros_pathfinder' build argument 'cmake_force_configure' from command line to 'False'
[1.301s] Level 5:colcon.colcon_core.verb:set package 'ros_pathfinder' build argument 'ament_cmake_args' from command line to 'None'
[1.302s] Level 5:colcon.colcon_core.verb:set package 'ros_pathfinder' build argument 'catkin_cmake_args' from command line to 'None'
[1.302s] Level 5:colcon.colcon_core.verb:set package 'ros_pathfinder' build argument 'catkin_skip_building_tests' from command line to 'False'
[1.302s] DEBUG:colcon.colcon_core.verb:Building package 'ros_pathfinder' with the following arguments: {'ament_cmake_args': None, 'build_base': '/home/pirobot/git/ros_pathfinder/build/ros_pathfinder', 'catkin_cmake_args': None, 'catkin_skip_building_tests': False, 'cmake_args': None, 'cmake_clean_cache': False, 'cmake_clean_first': False, 'cmake_force_configure': False, 'cmake_target': None, 'cmake_target_skip_unavailable': False, 'install_base': '/home/pirobot/git/ros_pathfinder/install/ros_pathfinder', 'merge_install': False, 'path': '/home/pirobot/git/ros_pathfinder/src/ros_pathfinder', 'symlink_install': False, 'test_result_base': None}
[1.303s] INFO:colcon.colcon_core.executor:Executing jobs using 'parallel' executor
[1.309s] DEBUG:colcon.colcon_parallel_executor.executor.parallel:run_until_complete
[1.310s] INFO:colcon.colcon_ros.task.ament_cmake.build:Building ROS package in '/home/pirobot/git/ros_pathfinder/src/action_interfaces' with build type 'ament_cmake'
[1.310s] INFO:colcon.colcon_cmake.task.cmake.build:Building CMake package in '/home/pirobot/git/ros_pathfinder/src/action_interfaces'
[1.320s] INFO:colcon.colcon_core.plugin_system:Skipping extension 'colcon_core.shell.bat': Not used on non-Windows systems
[1.321s] INFO:colcon.colcon_core.shell:Skip shell extension 'powershell' for command environment: Not usable outside of PowerShell
[1.322s] DEBUG:colcon.colcon_core.shell:Skip shell extension 'dsv' for command environment
[1.343s] INFO:colcon.colcon_ros.task.ament_cmake.build:Building ROS package in '/home/pirobot/git/ros_pathfinder/sllidar_ros2' with build type 'ament_cmake'
[1.344s] INFO:colcon.colcon_cmake.task.cmake.build:Building CMake package in '/home/pirobot/git/ros_pathfinder/sllidar_ros2'
[1.345s] INFO:colcon.colcon_core.shell:Skip shell extension 'powershell' for command environment: Not usable outside of PowerShell
[1.345s] DEBUG:colcon.colcon_core.shell:Skip shell extension 'dsv' for command environment
[1.389s] DEBUG:colcon.colcon_core.event_handler.log_command:Invoking command in '/home/pirobot/git/ros_pathfinder/build/action_interfaces': CMAKE_PREFIX_PATH=${CMAKE_PREFIX_PATH}:/home/pirobot/git/ros_pathfinder/install/ros_pathfinder:/home/pirobot/ros2_ws/install/my_robot_controller:/opt/ros/kilted DEBUGINFOD_URLS=https://debuginfod.ubuntu.com PS1=(.venv) \[\e]0;\u@\h: \w\a\]${debian_chroot:+($debian_chroot)}\[\033[01;32m\]\u@\h\[\033[00m\]:\[\033[01;34m\]\w\[\033[00m\]\$ VIRTUAL_ENV_PROMPT=(.venv) /usr/bin/cmake --build /home/pirobot/git/ros_pathfinder/build/action_interfaces -- -j4 -l4
[1.426s] DEBUG:colcon.colcon_core.event_handler.log_command:Invoking command in '/home/pirobot/git/ros_pathfinder/build/sllidar_ros2': CMAKE_PREFIX_PATH=${CMAKE_PREFIX_PATH}:/home/pirobot/git/ros_pathfinder/install/ros_pathfinder:/home/pirobot/ros2_ws/install/my_robot_controller:/opt/ros/kilted DEBUGINFOD_URLS=https://debuginfod.ubuntu.com PS1=(.venv) \[\e]0;\u@\h: \w\a\]${debian_chroot:+($debian_chroot)}\[\033[01;32m\]\u@\h\[\033[00m\]:\[\033[01;34m\]\w\[\033[00m\]\$ VIRTUAL_ENV_PROMPT=(.venv) /usr/bin/cmake --build /home/pirobot/git/ros_pathfinder/build/sllidar_ros2 -- -j4 -l4
[2.066s] DEBUG:colcon.colcon_core.event_handler.log_command:Invoked command in '/home/pirobot/git/ros_pathfinder/build/sllidar_ros2' returned '0': CMAKE_PREFIX_PATH=${CMAKE_PREFIX_PATH}:/home/pirobot/git/ros_pathfinder/install/ros_pathfinder:/home/pirobot/ros2_ws/install/my_robot_controller:/opt/ros/kilted DEBUGINFOD_URLS=https://debuginfod.ubuntu.com PS1=(.venv) \[\e]0;\u@\h: \w\a\]${debian_chroot:+($debian_chroot)}\[\033[01;32m\]\u@\h\[\033[00m\]:\[\033[01;34m\]\w\[\033[00m\]\$ VIRTUAL_ENV_PROMPT=(.venv) /usr/bin/cmake --build /home/pirobot/git/ros_pathfinder/build/sllidar_ros2 -- -j4 -l4
[2.238s] DEBUG:colcon.colcon_core.event_handler.log_command:Invoking command in '/home/pirobot/git/ros_pathfinder/build/sllidar_ros2': CMAKE_PREFIX_PATH=${CMAKE_PREFIX_PATH}:/home/pirobot/git/ros_pathfinder/install/ros_pathfinder:/home/pirobot/ros2_ws/install/my_robot_controller:/opt/ros/kilted DEBUGINFOD_URLS=https://debuginfod.ubuntu.com PS1=(.venv) \[\e]0;\u@\h: \w\a\]${debian_chroot:+($debian_chroot)}\[\033[01;32m\]\u@\h\[\033[00m\]:\[\033[01;34m\]\w\[\033[00m\]\$ VIRTUAL_ENV_PROMPT=(.venv) /usr/bin/cmake --install /home/pirobot/git/ros_pathfinder/build/sllidar_ros2
[2.338s] Level 1:colcon.colcon_core.environment:create_environment_scripts_only(sllidar_ros2)
[2.392s] Level 1:colcon.colcon_core.environment:checking '/home/pirobot/git/ros_pathfinder/install/sllidar_ros2' for CMake module files
[2.394s] Level 1:colcon.colcon_core.environment:checking '/home/pirobot/git/ros_pathfinder/install/sllidar_ros2' for CMake config files
[2.394s] Level 1:colcon.colcon_core.shell:create_environment_hook('sllidar_ros2', 'cmake_prefix_path')
[2.395s] INFO:colcon.colcon_core.shell:Creating environment hook '/home/pirobot/git/ros_pathfinder/install/sllidar_ros2/share/sllidar_ros2/hook/cmake_prefix_path.ps1'
[2.396s] INFO:colcon.colcon_core.shell:Creating environment descriptor '/home/pirobot/git/ros_pathfinder/install/sllidar_ros2/share/sllidar_ros2/hook/cmake_prefix_path.dsv'
[2.404s] INFO:colcon.colcon_core.shell:Creating environment hook '/home/pirobot/git/ros_pathfinder/install/sllidar_ros2/share/sllidar_ros2/hook/cmake_prefix_path.sh'
[2.410s] DEBUG:colcon.colcon_core.event_handler.log_command:Invoked command in '/home/pirobot/git/ros_pathfinder/build/sllidar_ros2' returned '0': CMAKE_PREFIX_PATH=${CMAKE_PREFIX_PATH}:/home/pirobot/git/ros_pathfinder/install/ros_pathfinder:/home/pirobot/ros2_ws/install/my_robot_controller:/opt/ros/kilted DEBUGINFOD_URLS=https://debuginfod.ubuntu.com PS1=(.venv) \[\e]0;\u@\h: \w\a\]${debian_chroot:+($debian_chroot)}\[\033[01;32m\]\u@\h\[\033[00m\]:\[\033[01;34m\]\w\[\033[00m\]\$ VIRTUAL_ENV_PROMPT=(.venv) /usr/bin/cmake --install /home/pirobot/git/ros_pathfinder/build/sllidar_ros2
[2.411s] Level 1:colcon.colcon_core.environment:checking '/home/pirobot/git/ros_pathfinder/install/sllidar_ros2/lib'
[2.411s] Level 1:colcon.colcon_core.environment:checking '/home/pirobot/git/ros_pathfinder/install/sllidar_ros2/bin'
[2.411s] Level 1:colcon.colcon_core.environment:checking '/home/pirobot/git/ros_pathfinder/install/sllidar_ros2/lib/pkgconfig/sllidar_ros2.pc'
[2.412s] Level 1:colcon.colcon_core.environment:checking '/home/pirobot/git/ros_pathfinder/install/sllidar_ros2/lib/python3.12/site-packages'
[2.412s] Level 1:colcon.colcon_core.environment:checking '/home/pirobot/git/ros_pathfinder/install/sllidar_ros2/bin'
[2.416s] INFO:colcon.colcon_core.shell:Creating package script '/home/pirobot/git/ros_pathfinder/install/sllidar_ros2/share/sllidar_ros2/package.ps1'
[2.422s] INFO:colcon.colcon_core.shell:Creating package descriptor '/home/pirobot/git/ros_pathfinder/install/sllidar_ros2/share/sllidar_ros2/package.dsv'
[2.424s] INFO:colcon.colcon_core.shell:Creating package script '/home/pirobot/git/ros_pathfinder/install/sllidar_ros2/share/sllidar_ros2/package.sh'
[2.436s] INFO:colcon.colcon_core.shell:Creating package script '/home/pirobot/git/ros_pathfinder/install/sllidar_ros2/share/sllidar_ros2/package.bash'
[2.438s] INFO:colcon.colcon_core.shell:Creating package script '/home/pirobot/git/ros_pathfinder/install/sllidar_ros2/share/sllidar_ros2/package.zsh'
[2.456s] Level 1:colcon.colcon_core.environment:create_file_with_runtime_dependencies(/home/pirobot/git/ros_pathfinder/install/sllidar_ros2/share/colcon-core/packages/sllidar_ros2)
[2.470s] Level 1:colcon.colcon_core.environment:create_environment_scripts_only(sllidar_ros2)
[2.470s] Level 1:colcon.colcon_core.environment:checking '/home/pirobot/git/ros_pathfinder/install/sllidar_ros2' for CMake module files
[2.476s] Level 1:colcon.colcon_core.environment:checking '/home/pirobot/git/ros_pathfinder/install/sllidar_ros2' for CMake config files
[2.477s] Level 1:colcon.colcon_core.shell:create_environment_hook('sllidar_ros2', 'cmake_prefix_path')
[2.477s] INFO:colcon.colcon_core.shell:Creating environment hook '/home/pirobot/git/ros_pathfinder/install/sllidar_ros2/share/sllidar_ros2/hook/cmake_prefix_path.ps1'
[2.483s] INFO:colcon.colcon_core.shell:Creating environment descriptor '/home/pirobot/git/ros_pathfinder/install/sllidar_ros2/share/sllidar_ros2/hook/cmake_prefix_path.dsv'
[2.484s] INFO:colcon.colcon_core.shell:Creating environment hook '/home/pirobot/git/ros_pathfinder/install/sllidar_ros2/share/sllidar_ros2/hook/cmake_prefix_path.sh'
[2.486s] Level 1:colcon.colcon_core.environment:checking '/home/pirobot/git/ros_pathfinder/install/sllidar_ros2/lib'
[2.486s] Level 1:colcon.colcon_core.environment:checking '/home/pirobot/git/ros_pathfinder/install/sllidar_ros2/bin'
[2.486s] Level 1:colcon.colcon_core.environment:checking '/home/pirobot/git/ros_pathfinder/install/sllidar_ros2/lib/pkgconfig/sllidar_ros2.pc'
[2.487s] Level 1:colcon.colcon_core.environment:checking '/home/pirobot/git/ros_pathfinder/install/sllidar_ros2/lib/python3.12/site-packages'
[2.487s] Level 1:colcon.colcon_core.environment:checking '/home/pirobot/git/ros_pathfinder/install/sllidar_ros2/bin'
[2.491s] INFO:colcon.colcon_core.shell:Creating package script '/home/pirobot/git/ros_pathfinder/install/sllidar_ros2/share/sllidar_ros2/package.ps1'
[2.495s] INFO:colcon.colcon_core.shell:Creating package descriptor '/home/pirobot/git/ros_pathfinder/install/sllidar_ros2/share/sllidar_ros2/package.dsv'
[2.496s] INFO:colcon.colcon_core.shell:Creating package script '/home/pirobot/git/ros_pathfinder/install/sllidar_ros2/share/sllidar_ros2/package.sh'
[2.497s] INFO:colcon.colcon_core.shell:Creating package script '/home/pirobot/git/ros_pathfinder/install/sllidar_ros2/share/sllidar_ros2/package.bash'
[2.498s] INFO:colcon.colcon_core.shell:Creating package script '/home/pirobot/git/ros_pathfinder/install/sllidar_ros2/share/sllidar_ros2/package.zsh'
[2.504s] Level 1:colcon.colcon_core.environment:create_file_with_runtime_dependencies(/home/pirobot/git/ros_pathfinder/install/sllidar_ros2/share/colcon-core/packages/sllidar_ros2)
[5.525s] DEBUG:colcon.colcon_core.event_handler.log_command:Invoked command in '/home/pirobot/git/ros_pathfinder/build/action_interfaces' returned '0': CMAKE_PREFIX_PATH=${CMAKE_PREFIX_PATH}:/home/pirobot/git/ros_pathfinder/install/ros_pathfinder:/home/pirobot/ros2_ws/install/my_robot_controller:/opt/ros/kilted DEBUGINFOD_URLS=https://debuginfod.ubuntu.com PS1=(.venv) \[\e]0;\u@\h: \w\a\]${debian_chroot:+($debian_chroot)}\[\033[01;32m\]\u@\h\[\033[00m\]:\[\033[01;34m\]\w\[\033[00m\]\$ VIRTUAL_ENV_PROMPT=(.venv) /usr/bin/cmake --build /home/pirobot/git/ros_pathfinder/build/action_interfaces -- -j4 -l4
[5.536s] DEBUG:colcon.colcon_core.event_handler.log_command:Invoking command in '/home/pirobot/git/ros_pathfinder/build/action_interfaces': CMAKE_PREFIX_PATH=${CMAKE_PREFIX_PATH}:/home/pirobot/git/ros_pathfinder/install/ros_pathfinder:/home/pirobot/ros2_ws/install/my_robot_controller:/opt/ros/kilted DEBUGINFOD_URLS=https://debuginfod.ubuntu.com PS1=(.venv) \[\e]0;\u@\h: \w\a\]${debian_chroot:+($debian_chroot)}\[\033[01;32m\]\u@\h\[\033[00m\]:\[\033[01;34m\]\w\[\033[00m\]\$ VIRTUAL_ENV_PROMPT=(.venv) /usr/bin/cmake --install /home/pirobot/git/ros_pathfinder/build/action_interfaces
[5.908s] Level 1:colcon.colcon_core.environment:create_environment_scripts_only(action_interfaces)
[5.917s] Level 1:colcon.colcon_core.environment:checking '/home/pirobot/git/ros_pathfinder/install/action_interfaces' for CMake module files
[5.919s] Level 1:colcon.colcon_core.environment:checking '/home/pirobot/git/ros_pathfinder/install/action_interfaces' for CMake config files
[5.909s] DEBUG:colcon.colcon_core.event_handler.log_command:Invoked command in '/home/pirobot/git/ros_pathfinder/build/action_interfaces' returned '0': CMAKE_PREFIX_PATH=${CMAKE_PREFIX_PATH}:/home/pirobot/git/ros_pathfinder/install/ros_pathfinder:/home/pirobot/ros2_ws/install/my_robot_controller:/opt/ros/kilted DEBUGINFOD_URLS=https://debuginfod.ubuntu.com PS1=(.venv) \[\e]0;\u@\h: \w\a\]${debian_chroot:+($debian_chroot)}\[\033[01;32m\]\u@\h\[\033[00m\]:\[\033[01;34m\]\w\[\033[00m\]\$ VIRTUAL_ENV_PROMPT=(.venv) /usr/bin/cmake --install /home/pirobot/git/ros_pathfinder/build/action_interfaces
[5.929s] Level 1:colcon.colcon_core.shell:create_environment_hook('action_interfaces', 'cmake_prefix_path')
[5.929s] INFO:colcon.colcon_core.shell:Creating environment hook '/home/pirobot/git/ros_pathfinder/install/action_interfaces/share/action_interfaces/hook/cmake_prefix_path.ps1'
[5.938s] INFO:colcon.colcon_core.shell:Creating environment descriptor '/home/pirobot/git/ros_pathfinder/install/action_interfaces/share/action_interfaces/hook/cmake_prefix_path.dsv'
[5.949s] INFO:colcon.colcon_core.shell:Creating environment hook '/home/pirobot/git/ros_pathfinder/install/action_interfaces/share/action_interfaces/hook/cmake_prefix_path.sh'
[5.959s] Level 1:colcon.colcon_core.environment:checking '/home/pirobot/git/ros_pathfinder/install/action_interfaces/lib'
[5.959s] Level 1:colcon.colcon_core.shell:create_environment_hook('action_interfaces', 'ld_library_path_lib')
[5.966s] INFO:colcon.colcon_core.shell:Creating environment hook '/home/pirobot/git/ros_pathfinder/install/action_interfaces/share/action_interfaces/hook/ld_library_path_lib.ps1'
[5.978s] INFO:colcon.colcon_core.shell:Creating environment descriptor '/home/pirobot/git/ros_pathfinder/install/action_interfaces/share/action_interfaces/hook/ld_library_path_lib.dsv'
[5.979s] INFO:colcon.colcon_core.shell:Creating environment hook '/home/pirobot/git/ros_pathfinder/install/action_interfaces/share/action_interfaces/hook/ld_library_path_lib.sh'
[5.981s] Level 1:colcon.colcon_core.environment:checking '/home/pirobot/git/ros_pathfinder/install/action_interfaces/bin'
[5.988s] Level 1:colcon.colcon_core.environment:checking '/home/pirobot/git/ros_pathfinder/install/action_interfaces/lib/pkgconfig/action_interfaces.pc'
[5.989s] Level 1:colcon.colcon_core.environment:checking '/home/pirobot/git/ros_pathfinder/install/action_interfaces/lib/python3.12/site-packages'
[5.989s] Level 1:colcon.colcon_core.shell:create_environment_hook('action_interfaces', 'pythonpath')
[5.990s] INFO:colcon.colcon_core.shell:Creating environment hook '/home/pirobot/git/ros_pathfinder/install/action_interfaces/share/action_interfaces/hook/pythonpath.ps1'
[6.001s] INFO:colcon.colcon_core.shell:Creating environment descriptor '/home/pirobot/git/ros_pathfinder/install/action_interfaces/share/action_interfaces/hook/pythonpath.dsv'
[6.008s] INFO:colcon.colcon_core.shell:Creating environment hook '/home/pirobot/git/ros_pathfinder/install/action_interfaces/share/action_interfaces/hook/pythonpath.sh'
[6.018s] Level 1:colcon.colcon_core.environment:checking '/home/pirobot/git/ros_pathfinder/install/action_interfaces/bin'
[6.019s] INFO:colcon.colcon_core.shell:Creating package script '/home/pirobot/git/ros_pathfinder/install/action_interfaces/share/action_interfaces/package.ps1'
[6.027s] INFO:colcon.colcon_core.shell:Creating package descriptor '/home/pirobot/git/ros_pathfinder/install/action_interfaces/share/action_interfaces/package.dsv'
[6.042s] INFO:colcon.colcon_core.shell:Creating package script '/home/pirobot/git/ros_pathfinder/install/action_interfaces/share/action_interfaces/package.sh'
[6.048s] INFO:colcon.colcon_core.shell:Creating package script '/home/pirobot/git/ros_pathfinder/install/action_interfaces/share/action_interfaces/package.bash'
[6.049s] INFO:colcon.colcon_core.shell:Creating package script '/home/pirobot/git/ros_pathfinder/install/action_interfaces/share/action_interfaces/package.zsh'
[6.064s] Level 1:colcon.colcon_core.environment:create_file_with_runtime_dependencies(/home/pirobot/git/ros_pathfinder/install/action_interfaces/share/colcon-core/packages/action_interfaces)
[6.066s] Level 1:colcon.colcon_core.environment:create_environment_scripts_only(action_interfaces)
[6.081s] Level 1:colcon.colcon_core.environment:checking '/home/pirobot/git/ros_pathfinder/install/action_interfaces' for CMake module files
[6.083s] Level 1:colcon.colcon_core.environment:checking '/home/pirobot/git/ros_pathfinder/install/action_interfaces' for CMake config files
[6.106s] Level 1:colcon.colcon_core.shell:create_environment_hook('action_interfaces', 'cmake_prefix_path')
[6.107s] INFO:colcon.colcon_core.shell:Creating environment hook '/home/pirobot/git/ros_pathfinder/install/action_interfaces/share/action_interfaces/hook/cmake_prefix_path.ps1'
[6.118s] INFO:colcon.colcon_core.shell:Creating environment descriptor '/home/pirobot/git/ros_pathfinder/install/action_interfaces/share/action_interfaces/hook/cmake_prefix_path.dsv'
[6.119s] INFO:colcon.colcon_core.shell:Creating environment hook '/home/pirobot/git/ros_pathfinder/install/action_interfaces/share/action_interfaces/hook/cmake_prefix_path.sh'
[6.136s] Level 1:colcon.colcon_core.environment:checking '/home/pirobot/git/ros_pathfinder/install/action_interfaces/lib'
[6.143s] Level 1:colcon.colcon_core.shell:create_environment_hook('action_interfaces', 'ld_library_path_lib')
[6.145s] INFO:colcon.colcon_core.shell:Creating environment hook '/home/pirobot/git/ros_pathfinder/install/action_interfaces/share/action_interfaces/hook/ld_library_path_lib.ps1'
[6.153s] INFO:colcon.colcon_core.shell:Creating environment descriptor '/home/pirobot/git/ros_pathfinder/install/action_interfaces/share/action_interfaces/hook/ld_library_path_lib.dsv'
[6.161s] INFO:colcon.colcon_core.shell:Creating environment hook '/home/pirobot/git/ros_pathfinder/install/action_interfaces/share/action_interfaces/hook/ld_library_path_lib.sh'
[6.167s] Level 1:colcon.colcon_core.environment:checking '/home/pirobot/git/ros_pathfinder/install/action_interfaces/bin'
[6.167s] Level 1:colcon.colcon_core.environment:checking '/home/pirobot/git/ros_pathfinder/install/action_interfaces/lib/pkgconfig/action_interfaces.pc'
[6.171s] Level 1:colcon.colcon_core.environment:checking '/home/pirobot/git/ros_pathfinder/install/action_interfaces/lib/python3.12/site-packages'
[6.172s] Level 1:colcon.colcon_core.shell:create_environment_hook('action_interfaces', 'pythonpath')
[6.173s] INFO:colcon.colcon_core.shell:Creating environment hook '/home/pirobot/git/ros_pathfinder/install/action_interfaces/share/action_interfaces/hook/pythonpath.ps1'
[6.176s] INFO:colcon.colcon_core.shell:Creating environment descriptor '/home/pirobot/git/ros_pathfinder/install/action_interfaces/share/action_interfaces/hook/pythonpath.dsv'
[6.181s] INFO:colcon.colcon_core.shell:Creating environment hook '/home/pirobot/git/ros_pathfinder/install/action_interfaces/share/action_interfaces/hook/pythonpath.sh'
[6.185s] Level 1:colcon.colcon_core.environment:checking '/home/pirobot/git/ros_pathfinder/install/action_interfaces/bin'
[6.187s] INFO:colcon.colcon_core.shell:Creating package script '/home/pirobot/git/ros_pathfinder/install/action_interfaces/share/action_interfaces/package.ps1'
[6.190s] INFO:colcon.colcon_core.shell:Creating package descriptor '/home/pirobot/git/ros_pathfinder/install/action_interfaces/share/action_interfaces/package.dsv'
[6.193s] INFO:colcon.colcon_core.shell:Creating package script '/home/pirobot/git/ros_pathfinder/install/action_interfaces/share/action_interfaces/package.sh'
[6.195s] INFO:colcon.colcon_core.shell:Creating package script '/home/pirobot/git/ros_pathfinder/install/action_interfaces/share/action_interfaces/package.bash'
[6.198s] INFO:colcon.colcon_core.shell:Creating package script '/home/pirobot/git/ros_pathfinder/install/action_interfaces/share/action_interfaces/package.zsh'
[6.202s] Level 1:colcon.colcon_core.environment:create_file_with_runtime_dependencies(/home/pirobot/git/ros_pathfinder/install/action_interfaces/share/colcon-core/packages/action_interfaces)
[6.210s] INFO:colcon.colcon_ros.task.ament_python.build:Building ROS package in '/home/pirobot/git/ros_pathfinder/src/ros_pathfinder' with build type 'ament_python'
[6.212s] Level 1:colcon.colcon_core.shell:create_environment_hook('ros_pathfinder', 'ament_prefix_path')
[6.213s] INFO:colcon.colcon_core.shell:Creating environment hook '/home/pirobot/git/ros_pathfinder/install/ros_pathfinder/share/ros_pathfinder/hook/ament_prefix_path.ps1'
[6.218s] INFO:colcon.colcon_core.shell:Creating environment descriptor '/home/pirobot/git/ros_pathfinder/install/ros_pathfinder/share/ros_pathfinder/hook/ament_prefix_path.dsv'
[6.222s] INFO:colcon.colcon_core.shell:Creating environment hook '/home/pirobot/git/ros_pathfinder/install/ros_pathfinder/share/ros_pathfinder/hook/ament_prefix_path.sh'
[6.225s] INFO:colcon.colcon_core.shell:Skip shell extension 'powershell' for command environment: Not usable outside of PowerShell
[6.226s] DEBUG:colcon.colcon_core.shell:Skip shell extension 'dsv' for command environment
[8.450s] INFO:colcon.colcon_core.task.python.build:Building Python package in '/home/pirobot/git/ros_pathfinder/src/ros_pathfinder'
[8.450s] INFO:colcon.colcon_core.shell:Skip shell extension 'powershell' for command environment: Not usable outside of PowerShell
[8.451s] DEBUG:colcon.colcon_core.shell:Skip shell extension 'dsv' for command environment
[14.376s] DEBUG:colcon.colcon_core.event_handler.log_command:Invoking command in '/home/pirobot/git/ros_pathfinder/src/ros_pathfinder': CMAKE_PREFIX_PATH=/home/pirobot/git/ros_pathfinder/install/action_interfaces:/home/pirobot/git/ros_pathfinder/install/sllidar_ros2:/opt/ros/kilted/opt/gz_math_vendor:/opt/ros/kilted/opt/gz_utils_vendor:/opt/ros/kilted/opt/gz_cmake_vendor DEBUGINFOD_URLS=https://debuginfod.ubuntu.com PS1=(.venv) \[\e]0;\u@\h: \w\a\]${debian_chroot:+($debian_chroot)}\[\033[01;32m\]\u@\h\[\033[00m\]:\[\033[01;34m\]\w\[\033[00m\]\$ PYTHONPATH=/home/pirobot/git/ros_pathfinder/build/ros_pathfinder/prefix_override:/usr/lib/python3/dist-packages/colcon_core/task/python/colcon_distutils_commands:/home/pirobot/git/ros_pathfinder/install/ros_pathfinder/lib/python3.12/site-packages:/home/pirobot/git/ros_pathfinder/install/action_interfaces/lib/python3.12/site-packages:/home/pirobot/git/ros_pathfinder/install/ros_pathfinder/lib/python3.12/site-packages:/home/pirobot/ros2_ws/install/my_robot_controller/lib/python3.12/site-packages:/opt/ros/kilted/lib/python3.12/site-packages VIRTUAL_ENV_PROMPT=(.venv) /usr/bin/python3 -W ignore:setup.py install is deprecated -W ignore:easy_install command is deprecated setup.py egg_info --egg-base ../../build/ros_pathfinder build --build-base /home/pirobot/git/ros_pathfinder/build/ros_pathfinder/build install --record /home/pirobot/git/ros_pathfinder/build/ros_pathfinder/install.log --single-version-externally-managed install_data
[18.151s] Level 1:colcon.colcon_core.environment:checking '/home/pirobot/git/ros_pathfinder/install/ros_pathfinder' for CMake module files
[18.153s] Level 1:colcon.colcon_core.environment:checking '/home/pirobot/git/ros_pathfinder/install/ros_pathfinder' for CMake config files
[18.154s] DEBUG:colcon.colcon_core.event_handler.log_command:Invoked command in '/home/pirobot/git/ros_pathfinder/src/ros_pathfinder' returned '0': CMAKE_PREFIX_PATH=/home/pirobot/git/ros_pathfinder/install/action_interfaces:/home/pirobot/git/ros_pathfinder/install/sllidar_ros2:/opt/ros/kilted/opt/gz_math_vendor:/opt/ros/kilted/opt/gz_utils_vendor:/opt/ros/kilted/opt/gz_cmake_vendor DEBUGINFOD_URLS=https://debuginfod.ubuntu.com PS1=(.venv) \[\e]0;\u@\h: \w\a\]${debian_chroot:+($debian_chroot)}\[\033[01;32m\]\u@\h\[\033[00m\]:\[\033[01;34m\]\w\[\033[00m\]\$ PYTHONPATH=/home/pirobot/git/ros_pathfinder/build/ros_pathfinder/prefix_override:/usr/lib/python3/dist-packages/colcon_core/task/python/colcon_distutils_commands:/home/pirobot/git/ros_pathfinder/install/ros_pathfinder/lib/python3.12/site-packages:/home/pirobot/git/ros_pathfinder/install/action_interfaces/lib/python3.12/site-packages:/home/pirobot/git/ros_pathfinder/install/ros_pathfinder/lib/python3.12/site-packages:/home/pirobot/ros2_ws/install/my_robot_controller/lib/python3.12/site-packages:/opt/ros/kilted/lib/python3.12/site-packages VIRTUAL_ENV_PROMPT=(.venv) /usr/bin/python3 -W ignore:setup.py install is deprecated -W ignore:easy_install command is deprecated setup.py egg_info --egg-base ../../build/ros_pathfinder build --build-base /home/pirobot/git/ros_pathfinder/build/ros_pathfinder/build install --record /home/pirobot/git/ros_pathfinder/build/ros_pathfinder/install.log --single-version-externally-managed install_data
[18.156s] Level 1:colcon.colcon_core.environment:checking '/home/pirobot/git/ros_pathfinder/install/ros_pathfinder/lib'
[18.156s] Level 1:colcon.colcon_core.environment:checking '/home/pirobot/git/ros_pathfinder/install/ros_pathfinder/bin'
[18.157s] Level 1:colcon.colcon_core.environment:checking '/home/pirobot/git/ros_pathfinder/install/ros_pathfinder/lib/pkgconfig/ros_pathfinder.pc'
[18.157s] Level 1:colcon.colcon_core.environment:checking '/home/pirobot/git/ros_pathfinder/install/ros_pathfinder/lib/python3.12/site-packages'
[18.158s] Level 1:colcon.colcon_core.shell:create_environment_hook('ros_pathfinder', 'pythonpath')
[18.158s] INFO:colcon.colcon_core.shell:Creating environment hook '/home/pirobot/git/ros_pathfinder/install/ros_pathfinder/share/ros_pathfinder/hook/pythonpath.ps1'
[18.160s] INFO:colcon.colcon_core.shell:Creating environment descriptor '/home/pirobot/git/ros_pathfinder/install/ros_pathfinder/share/ros_pathfinder/hook/pythonpath.dsv'
[18.161s] INFO:colcon.colcon_core.shell:Creating environment hook '/home/pirobot/git/ros_pathfinder/install/ros_pathfinder/share/ros_pathfinder/hook/pythonpath.sh'
[18.163s] Level 1:colcon.colcon_core.environment:checking '/home/pirobot/git/ros_pathfinder/install/ros_pathfinder/bin'
[18.164s] Level 1:colcon.colcon_core.environment:create_environment_scripts_only(ros_pathfinder)
[18.165s] INFO:colcon.colcon_core.shell:Creating package script '/home/pirobot/git/ros_pathfinder/install/ros_pathfinder/share/ros_pathfinder/package.ps1'
[18.167s] INFO:colcon.colcon_core.shell:Creating package descriptor '/home/pirobot/git/ros_pathfinder/install/ros_pathfinder/share/ros_pathfinder/package.dsv'
[18.171s] INFO:colcon.colcon_core.shell:Creating package script '/home/pirobot/git/ros_pathfinder/install/ros_pathfinder/share/ros_pathfinder/package.sh'
[18.173s] INFO:colcon.colcon_core.shell:Creating package script '/home/pirobot/git/ros_pathfinder/install/ros_pathfinder/share/ros_pathfinder/package.bash'
[18.174s] INFO:colcon.colcon_core.shell:Creating package script '/home/pirobot/git/ros_pathfinder/install/ros_pathfinder/share/ros_pathfinder/package.zsh'
[18.175s] Level 1:colcon.colcon_core.environment:create_file_with_runtime_dependencies(/home/pirobot/git/ros_pathfinder/install/ros_pathfinder/share/colcon-core/packages/ros_pathfinder)
[18.179s] DEBUG:colcon.colcon_parallel_executor.executor.parallel:closing loop
[18.180s] DEBUG:colcon.colcon_parallel_executor.executor.parallel:loop closed
[18.180s] DEBUG:colcon.colcon_parallel_executor.executor.parallel:run_until_complete finished with '0'
[18.180s] DEBUG:colcon.colcon_core.event_reactor:joining thread
[18.211s] INFO:colcon.colcon_core.plugin_system:Skipping extension 'colcon_notification.desktop_notification.terminal_notifier': Not used on non-Darwin systems
[18.211s] INFO:colcon.colcon_core.plugin_system:Skipping extension 'colcon_notification.desktop_notification.win32': Not used on non-Windows systems
[18.211s] INFO:colcon.colcon_notification.desktop_notification:Sending desktop notification using 'notify2'
[18.276s] DEBUG:colcon.colcon_core.event_reactor:joined thread
[18.276s] INFO:colcon.colcon_core.shell:Creating prefix script '/home/pirobot/git/ros_pathfinder/install/local_setup.ps1'
[18.292s] INFO:colcon.colcon_core.shell:Creating prefix util module '/home/pirobot/git/ros_pathfinder/install/_local_setup_util_ps1.py'
[18.303s] INFO:colcon.colcon_core.shell:Creating prefix chain script '/home/pirobot/git/ros_pathfinder/install/setup.ps1'
[18.310s] INFO:colcon.colcon_core.shell:Creating prefix script '/home/pirobot/git/ros_pathfinder/install/local_setup.sh'
[18.312s] INFO:colcon.colcon_core.shell:Creating prefix util module '/home/pirobot/git/ros_pathfinder/install/_local_setup_util_sh.py'
[18.315s] INFO:colcon.colcon_core.shell:Creating prefix chain script '/home/pirobot/git/ros_pathfinder/install/setup.sh'
[18.319s] INFO:colcon.colcon_core.shell:Creating prefix script '/home/pirobot/git/ros_pathfinder/install/local_setup.bash'
[18.323s] INFO:colcon.colcon_core.shell:Creating prefix chain script '/home/pirobot/git/ros_pathfinder/install/setup.bash'
[18.326s] INFO:colcon.colcon_core.shell:Creating prefix script '/home/pirobot/git/ros_pathfinder/install/local_setup.zsh'
[18.328s] INFO:colcon.colcon_core.shell:Creating prefix chain script '/home/pirobot/git/ros_pathfinder/install/setup.zsh'
