[9.073s] Invoking command in '/home/pirobot/git/ros_pathfinder/src/ros_pathfinder': CMAKE_PREFIX_PATH=/home/pirobot/git/ros_pathfinder/install/action_interfaces:/home/pirobot/git/ros_pathfinder/install/sllidar_ros2:/opt/ros/kilted/opt/gz_math_vendor:/opt/ros/kilted/opt/gz_utils_vendor:/opt/ros/kilted/opt/gz_cmake_vendor DEBUGINFOD_URLS=https://debuginfod.ubuntu.com PS1=(.venv) \[\e]0;\u@\h: \w\a\]${debian_chroot:+($debian_chroot)}\[\033[01;32m\]\u@\h\[\033[00m\]:\[\033[01;34m\]\w\[\033[00m\]\$ PYTHONPATH=/home/pirobot/git/ros_pathfinder/build/ros_pathfinder/prefix_override:/usr/lib/python3/dist-packages/colcon_core/task/python/colcon_distutils_commands:/home/pirobot/git/ros_pathfinder/install/ros_pathfinder/lib/python3.12/site-packages:/home/pirobot/git/ros_pathfinder/install/action_interfaces/lib/python3.12/site-packages:/home/pirobot/git/ros_pathfinder/install/ros_pathfinder/lib/python3.12/site-packages:/home/pirobot/ros2_ws/install/my_robot_controller/lib/python3.12/site-packages:/opt/ros/kilted/lib/python3.12/site-packages VIRTUAL_ENV_PROMPT=(.venv) /usr/bin/python3 -W ignore:setup.py install is deprecated -W ignore:easy_install command is deprecated setup.py egg_info --egg-base ../../build/ros_pathfinder build --build-base /home/pirobot/git/ros_pathfinder/build/ros_pathfinder/build install --record /home/pirobot/git/ros_pathfinder/build/ros_pathfinder/install.log --single-version-externally-managed install_data
[11.122s] running egg_info
[11.346s] writing ../../build/ros_pathfinder/ros_pathfinder.egg-info/PKG-INFO
[11.347s] writing dependency_links to ../../build/ros_pathfinder/ros_pathfinder.egg-info/dependency_links.txt
[11.354s] writing entry points to ../../build/ros_pathfinder/ros_pathfinder.egg-info/entry_points.txt
[11.360s] writing requirements to ../../build/ros_pathfinder/ros_pathfinder.egg-info/requires.txt
[11.361s] writing top-level names to ../../build/ros_pathfinder/ros_pathfinder.egg-info/top_level.txt
[11.580s] reading manifest file '../../build/ros_pathfinder/ros_pathfinder.egg-info/SOURCES.txt'
[11.586s] adding license file 'LICENSE'
[11.587s] writing manifest file '../../build/ros_pathfinder/ros_pathfinder.egg-info/SOURCES.txt'
[11.587s] running build
[11.587s] running build_py
[11.587s] copying ros_pathfinder/localization.py -> /home/pirobot/git/ros_pathfinder/build/ros_pathfinder/build/lib/ros_pathfinder
[11.597s] running install
[11.609s] running install_lib
[11.720s] copying /home/pirobot/git/ros_pathfinder/build/ros_pathfinder/build/lib/ros_pathfinder/localization.py -> /home/pirobot/git/ros_pathfinder/install/ros_pathfinder/lib/python3.12/site-packages/ros_pathfinder
[11.723s] byte-compiling /home/pirobot/git/ros_pathfinder/install/ros_pathfinder/lib/python3.12/site-packages/ros_pathfinder/localization.py to localization.cpython-312.pyc
[11.730s] running install_data
[11.732s] running install_egg_info
[11.855s] removing '/home/pirobot/git/ros_pathfinder/install/ros_pathfinder/lib/python3.12/site-packages/ros_pathfinder-0.0.0-py3.12.egg-info' (and everything under it)
[11.858s] Copying ../../build/ros_pathfinder/ros_pathfinder.egg-info to /home/pirobot/git/ros_pathfinder/install/ros_pathfinder/lib/python3.12/site-packages/ros_pathfinder-0.0.0-py3.12.egg-info
[11.862s] running install_scripts
[12.787s] Installing lidar_static_tf script to /home/pirobot/git/ros_pathfinder/install/ros_pathfinder/lib/ros_pathfinder
[12.791s] Installing listener script to /home/pirobot/git/ros_pathfinder/install/ros_pathfinder/lib/ros_pathfinder
[12.796s] Installing localization script to /home/pirobot/git/ros_pathfinder/install/ros_pathfinder/lib/ros_pathfinder
[12.801s] Installing motor_controller script to /home/pirobot/git/ros_pathfinder/install/ros_pathfinder/lib/ros_pathfinder
[12.809s] Installing occupancy script to /home/pirobot/git/ros_pathfinder/install/ros_pathfinder/lib/ros_pathfinder
[12.813s] Installing odom_node script to /home/pirobot/git/ros_pathfinder/install/ros_pathfinder/lib/ros_pathfinder
[12.821s] Installing talker script to /home/pirobot/git/ros_pathfinder/install/ros_pathfinder/lib/ros_pathfinder
[12.826s] Installing teleop_node script to /home/pirobot/git/ros_pathfinder/install/ros_pathfinder/lib/ros_pathfinder
[12.834s] writing list of installed files to '/home/pirobot/git/ros_pathfinder/build/ros_pathfinder/install.log'
[13.142s] Invoked command in '/home/pirobot/git/ros_pathfinder/src/ros_pathfinder' returned '0': CMAKE_PREFIX_PATH=/home/pirobot/git/ros_pathfinder/install/action_interfaces:/home/pirobot/git/ros_pathfinder/install/sllidar_ros2:/opt/ros/kilted/opt/gz_math_vendor:/opt/ros/kilted/opt/gz_utils_vendor:/opt/ros/kilted/opt/gz_cmake_vendor DEBUGINFOD_URLS=https://debuginfod.ubuntu.com PS1=(.venv) \[\e]0;\u@\h: \w\a\]${debian_chroot:+($debian_chroot)}\[\033[01;32m\]\u@\h\[\033[00m\]:\[\033[01;34m\]\w\[\033[00m\]\$ PYTHONPATH=/home/pirobot/git/ros_pathfinder/build/ros_pathfinder/prefix_override:/usr/lib/python3/dist-packages/colcon_core/task/python/colcon_distutils_commands:/home/pirobot/git/ros_pathfinder/install/ros_pathfinder/lib/python3.12/site-packages:/home/pirobot/git/ros_pathfinder/install/action_interfaces/lib/python3.12/site-packages:/home/pirobot/git/ros_pathfinder/install/ros_pathfinder/lib/python3.12/site-packages:/home/pirobot/ros2_ws/install/my_robot_controller/lib/python3.12/site-packages:/opt/ros/kilted/lib/python3.12/site-packages VIRTUAL_ENV_PROMPT=(.venv) /usr/bin/python3 -W ignore:setup.py install is deprecated -W ignore:easy_install command is deprecated setup.py egg_info --egg-base ../../build/ros_pathfinder build --build-base /home/pirobot/git/ros_pathfinder/build/ros_pathfinder/build install --record /home/pirobot/git/ros_pathfinder/build/ros_pathfinder/install.log --single-version-externally-managed install_data
