[6.392s] Invoking command in '/home/pirobot/git/ros_pathfinder/src/ros_pathfinder': CMAKE_PREFIX_PATH=/home/pirobot/git/ros_pathfinder/install/action_interfaces:/home/pirobot/git/ros_pathfinder/install/sllidar_ros2:/opt/ros/kilted/opt/gz_math_vendor:/opt/ros/kilted/opt/gz_utils_vendor:/opt/ros/kilted/opt/gz_cmake_vendor DEBUGINFOD_URLS=https://debuginfod.ubuntu.com PS1=(.venv) \[\e]0;\u@\h: \w\a\]${debian_chroot:+($debian_chroot)}\[\033[01;32m\]\u@\h\[\033[00m\]:\[\033[01;34m\]\w\[\033[00m\]\$ PYTHONPATH=/home/pirobot/git/ros_pathfinder/build/ros_pathfinder/prefix_override:/usr/lib/python3/dist-packages/colcon_core/task/python/colcon_distutils_commands:/home/pirobot/git/ros_pathfinder/install/ros_pathfinder/lib/python3.12/site-packages:/home/pirobot/git/ros_pathfinder/install/action_interfaces/lib/python3.12/site-packages:/home/pirobot/git/ros_pathfinder/install/ros_pathfinder/lib/python3.12/site-packages:/home/pirobot/ros2_ws/install/my_robot_controller/lib/python3.12/site-packages:/opt/ros/kilted/lib/python3.12/site-packages VIRTUAL_ENV_PROMPT=(.venv) /usr/bin/python3 -W ignore:setup.py install is deprecated -W ignore:easy_install command is deprecated setup.py egg_info --egg-base ../../build/ros_pathfinder build --build-base /home/pirobot/git/ros_pathfinder/build/ros_pathfinder/build install --record /home/pirobot/git/ros_pathfinder/build/ros_pathfinder/install.log --single-version-externally-managed install_data
[8.585s] running egg_info
[8.735s] writing ../../build/ros_pathfinder/ros_pathfinder.egg-info/PKG-INFO
[8.738s] writing dependency_links to ../../build/ros_pathfinder/ros_pathfinder.egg-info/dependency_links.txt
[8.740s] writing entry points to ../../build/ros_pathfinder/ros_pathfinder.egg-info/entry_points.txt
[8.740s] writing requirements to ../../build/ros_pathfinder/ros_pathfinder.egg-info/requires.txt
[8.740s] writing top-level names to ../../build/ros_pathfinder/ros_pathfinder.egg-info/top_level.txt
[8.988s] reading manifest file '../../build/ros_pathfinder/ros_pathfinder.egg-info/SOURCES.txt'
[8.997s] adding license file 'LICENSE'
[8.997s] writing manifest file '../../build/ros_pathfinder/ros_pathfinder.egg-info/SOURCES.txt'
[8.997s] running build
[8.998s] running build_py
[9.000s] copying ros_pathfinder/planning_node.py -> /home/pirobot/git/ros_pathfinder/build/ros_pathfinder/build/lib/ros_pathfinder
[9.012s] running install
[9.037s] running install_lib
[9.199s] copying /home/pirobot/git/ros_pathfinder/build/ros_pathfinder/build/lib/ros_pathfinder/planning_node.py -> /home/pirobot/git/ros_pathfinder/install/ros_pathfinder/lib/python3.12/site-packages/ros_pathfinder
[9.202s] byte-compiling /home/pirobot/git/ros_pathfinder/install/ros_pathfinder/lib/python3.12/site-packages/ros_pathfinder/planning_node.py to planning_node.cpython-312.pyc
[9.210s] running install_data
[9.211s] running install_egg_info
[9.315s] removing '/home/pirobot/git/ros_pathfinder/install/ros_pathfinder/lib/python3.12/site-packages/ros_pathfinder-0.0.0-py3.12.egg-info' (and everything under it)
[9.319s] Copying ../../build/ros_pathfinder/ros_pathfinder.egg-info to /home/pirobot/git/ros_pathfinder/install/ros_pathfinder/lib/python3.12/site-packages/ros_pathfinder-0.0.0-py3.12.egg-info
[9.319s] running install_scripts
[10.103s] Installing lidar_odom script to /home/pirobot/git/ros_pathfinder/install/ros_pathfinder/lib/ros_pathfinder
[10.108s] Installing lidar_static_tf script to /home/pirobot/git/ros_pathfinder/install/ros_pathfinder/lib/ros_pathfinder
[10.162s] Installing listener script to /home/pirobot/git/ros_pathfinder/install/ros_pathfinder/lib/ros_pathfinder
[10.163s] Installing localization script to /home/pirobot/git/ros_pathfinder/install/ros_pathfinder/lib/ros_pathfinder
[10.170s] Installing motor_controller script to /home/pirobot/git/ros_pathfinder/install/ros_pathfinder/lib/ros_pathfinder
[10.174s] Installing occupancy script to /home/pirobot/git/ros_pathfinder/install/ros_pathfinder/lib/ros_pathfinder
[10.174s] Installing odom_node script to /home/pirobot/git/ros_pathfinder/install/ros_pathfinder/lib/ros_pathfinder
[10.174s] Installing planner script to /home/pirobot/git/ros_pathfinder/install/ros_pathfinder/lib/ros_pathfinder
[10.177s] Installing talker script to /home/pirobot/git/ros_pathfinder/install/ros_pathfinder/lib/ros_pathfinder
[10.183s] Installing teleop_node script to /home/pirobot/git/ros_pathfinder/install/ros_pathfinder/lib/ros_pathfinder
[10.184s] writing list of installed files to '/home/pirobot/git/ros_pathfinder/build/ros_pathfinder/install.log'
[10.454s] Invoked command in '/home/pirobot/git/ros_pathfinder/src/ros_pathfinder' returned '0': CMAKE_PREFIX_PATH=/home/pirobot/git/ros_pathfinder/install/action_interfaces:/home/pirobot/git/ros_pathfinder/install/sllidar_ros2:/opt/ros/kilted/opt/gz_math_vendor:/opt/ros/kilted/opt/gz_utils_vendor:/opt/ros/kilted/opt/gz_cmake_vendor DEBUGINFOD_URLS=https://debuginfod.ubuntu.com PS1=(.venv) \[\e]0;\u@\h: \w\a\]${debian_chroot:+($debian_chroot)}\[\033[01;32m\]\u@\h\[\033[00m\]:\[\033[01;34m\]\w\[\033[00m\]\$ PYTHONPATH=/home/pirobot/git/ros_pathfinder/build/ros_pathfinder/prefix_override:/usr/lib/python3/dist-packages/colcon_core/task/python/colcon_distutils_commands:/home/pirobot/git/ros_pathfinder/install/ros_pathfinder/lib/python3.12/site-packages:/home/pirobot/git/ros_pathfinder/install/action_interfaces/lib/python3.12/site-packages:/home/pirobot/git/ros_pathfinder/install/ros_pathfinder/lib/python3.12/site-packages:/home/pirobot/ros2_ws/install/my_robot_controller/lib/python3.12/site-packages:/opt/ros/kilted/lib/python3.12/site-packages VIRTUAL_ENV_PROMPT=(.venv) /usr/bin/python3 -W ignore:setup.py install is deprecated -W ignore:easy_install command is deprecated setup.py egg_info --egg-base ../../build/ros_pathfinder build --build-base /home/pirobot/git/ros_pathfinder/build/ros_pathfinder/build install --record /home/pirobot/git/ros_pathfinder/build/ros_pathfinder/install.log --single-version-externally-managed install_data
