[7.814s] Invoking command in '/home/pirobot/git/ros_pathfinder/src/ros_pathfinder': CMAKE_PREFIX_PATH=/home/pirobot/git/ros_pathfinder/install/action_interfaces:/home/pirobot/git/ros_pathfinder/install/sllidar_ros2:/opt/ros/kilted/opt/gz_math_vendor:/opt/ros/kilted/opt/gz_utils_vendor:/opt/ros/kilted/opt/gz_cmake_vendor DEBUGINFOD_URLS=https://debuginfod.ubuntu.com PS1=(.venv) \[\e]0;\u@\h: \w\a\]${debian_chroot:+($debian_chroot)}\[\033[01;32m\]\u@\h\[\033[00m\]:\[\033[01;34m\]\w\[\033[00m\]\$ PYTHONPATH=/home/pirobot/git/ros_pathfinder/build/ros_pathfinder/prefix_override:/usr/lib/python3/dist-packages/colcon_core/task/python/colcon_distutils_commands:/home/pirobot/git/ros_pathfinder/install/ros_pathfinder/lib/python3.12/site-packages:/home/pirobot/git/ros_pathfinder/install/action_interfaces/lib/python3.12/site-packages:/home/pirobot/git/ros_pathfinder/install/ros_pathfinder/lib/python3.12/site-packages:/home/pirobot/ros2_ws/install/my_robot_controller/lib/python3.12/site-packages:/opt/ros/kilted/lib/python3.12/site-packages VIRTUAL_ENV_PROMPT=(.venv) /usr/bin/python3 -W ignore:setup.py install is deprecated -W ignore:easy_install command is deprecated setup.py egg_info --egg-base ../../build/ros_pathfinder build --build-base /home/pirobot/git/ros_pathfinder/build/ros_pathfinder/build install --record /home/pirobot/git/ros_pathfinder/build/ros_pathfinder/install.log --single-version-externally-managed install_data
[9.621s] running egg_info
[9.822s] writing ../../build/ros_pathfinder/ros_pathfinder.egg-info/PKG-INFO
[9.825s] writing dependency_links to ../../build/ros_pathfinder/ros_pathfinder.egg-info/dependency_links.txt
[9.828s] writing entry points to ../../build/ros_pathfinder/ros_pathfinder.egg-info/entry_points.txt
[9.830s] writing requirements to ../../build/ros_pathfinder/ros_pathfinder.egg-info/requires.txt
[9.831s] writing top-level names to ../../build/ros_pathfinder/ros_pathfinder.egg-info/top_level.txt
[10.348s] reading manifest file '../../build/ros_pathfinder/ros_pathfinder.egg-info/SOURCES.txt'
[10.349s] adding license file 'LICENSE'
[10.350s] writing manifest file '../../build/ros_pathfinder/ros_pathfinder.egg-info/SOURCES.txt'
[10.356s] running build
[10.356s] running build_py
[10.359s] copying ros_pathfinder/occupancy.py -> /home/pirobot/git/ros_pathfinder/build/ros_pathfinder/build/lib/ros_pathfinder
[10.362s] running install
[10.380s] running install_lib
[10.499s] copying /home/pirobot/git/ros_pathfinder/build/ros_pathfinder/build/lib/ros_pathfinder/occupancy.py -> /home/pirobot/git/ros_pathfinder/install/ros_pathfinder/lib/python3.12/site-packages/ros_pathfinder
[10.505s] byte-compiling /home/pirobot/git/ros_pathfinder/install/ros_pathfinder/lib/python3.12/site-packages/ros_pathfinder/occupancy.py to occupancy.cpython-312.pyc
[10.521s] running install_data
[10.522s] running install_egg_info
[10.710s] removing '/home/pirobot/git/ros_pathfinder/install/ros_pathfinder/lib/python3.12/site-packages/ros_pathfinder-0.0.0-py3.12.egg-info' (and everything under it)
[10.711s] Copying ../../build/ros_pathfinder/ros_pathfinder.egg-info to /home/pirobot/git/ros_pathfinder/install/ros_pathfinder/lib/python3.12/site-packages/ros_pathfinder-0.0.0-py3.12.egg-info
[10.722s] running install_scripts
[11.832s] Installing lidar_odom script to /home/pirobot/git/ros_pathfinder/install/ros_pathfinder/lib/ros_pathfinder
[11.833s] Installing lidar_static_tf script to /home/pirobot/git/ros_pathfinder/install/ros_pathfinder/lib/ros_pathfinder
[11.834s] Installing listener script to /home/pirobot/git/ros_pathfinder/install/ros_pathfinder/lib/ros_pathfinder
[11.834s] Installing localization script to /home/pirobot/git/ros_pathfinder/install/ros_pathfinder/lib/ros_pathfinder
[11.834s] Installing motor_controller script to /home/pirobot/git/ros_pathfinder/install/ros_pathfinder/lib/ros_pathfinder
[11.834s] Installing occupancy script to /home/pirobot/git/ros_pathfinder/install/ros_pathfinder/lib/ros_pathfinder
[11.834s] Installing odom_node script to /home/pirobot/git/ros_pathfinder/install/ros_pathfinder/lib/ros_pathfinder
[11.835s] Installing planner script to /home/pirobot/git/ros_pathfinder/install/ros_pathfinder/lib/ros_pathfinder
[11.836s] Installing talker script to /home/pirobot/git/ros_pathfinder/install/ros_pathfinder/lib/ros_pathfinder
[11.836s] Installing teleop_node script to /home/pirobot/git/ros_pathfinder/install/ros_pathfinder/lib/ros_pathfinder
[11.837s] Installing test script to /home/pirobot/git/ros_pathfinder/install/ros_pathfinder/lib/ros_pathfinder
[11.838s] writing list of installed files to '/home/pirobot/git/ros_pathfinder/build/ros_pathfinder/install.log'
[12.094s] Invoked command in '/home/pirobot/git/ros_pathfinder/src/ros_pathfinder' returned '0': CMAKE_PREFIX_PATH=/home/pirobot/git/ros_pathfinder/install/action_interfaces:/home/pirobot/git/ros_pathfinder/install/sllidar_ros2:/opt/ros/kilted/opt/gz_math_vendor:/opt/ros/kilted/opt/gz_utils_vendor:/opt/ros/kilted/opt/gz_cmake_vendor DEBUGINFOD_URLS=https://debuginfod.ubuntu.com PS1=(.venv) \[\e]0;\u@\h: \w\a\]${debian_chroot:+($debian_chroot)}\[\033[01;32m\]\u@\h\[\033[00m\]:\[\033[01;34m\]\w\[\033[00m\]\$ PYTHONPATH=/home/pirobot/git/ros_pathfinder/build/ros_pathfinder/prefix_override:/usr/lib/python3/dist-packages/colcon_core/task/python/colcon_distutils_commands:/home/pirobot/git/ros_pathfinder/install/ros_pathfinder/lib/python3.12/site-packages:/home/pirobot/git/ros_pathfinder/install/action_interfaces/lib/python3.12/site-packages:/home/pirobot/git/ros_pathfinder/install/ros_pathfinder/lib/python3.12/site-packages:/home/pirobot/ros2_ws/install/my_robot_controller/lib/python3.12/site-packages:/opt/ros/kilted/lib/python3.12/site-packages VIRTUAL_ENV_PROMPT=(.venv) /usr/bin/python3 -W ignore:setup.py install is deprecated -W ignore:easy_install command is deprecated setup.py egg_info --egg-base ../../build/ros_pathfinder build --build-base /home/pirobot/git/ros_pathfinder/build/ros_pathfinder/build install --record /home/pirobot/git/ros_pathfinder/build/ros_pathfinder/install.log --single-version-externally-managed install_data
