[0.072s] Invoking command in '/home/pirobot/git/ros_pathfinder/build/action_interfaces': CMAKE_PREFIX_PATH=${CMAKE_PREFIX_PATH}:/home/pirobot/git/ros_pathfinder/install/ros_pathfinder:/home/pirobot/ros2_ws/install/my_robot_controller:/opt/ros/kilted DEBUGINFOD_URLS=https://debuginfod.ubuntu.com PS1=(.venv) \[\e]0;\u@\h: \w\a\]${debian_chroot:+($debian_chroot)}\[\033[01;32m\]\u@\h\[\033[00m\]:\[\033[01;34m\]\w\[\033[00m\]\$ VIRTUAL_ENV_PROMPT=(.venv) /usr/bin/cmake --build /home/pirobot/git/ros_pathfinder/build/action_interfaces -- -j4 -l4
[0.370s] [  2%] Built target action_interfaces__rosidl_generator_type_description
[0.623s] [  2%] Built target ament_cmake_python_copy_action_interfaces
[0.910s] [  5%] Built target action_interfaces__cpp
[1.958s] running egg_info
[2.064s] writing action_interfaces.egg-info/PKG-INFO
[2.066s] writing dependency_links to action_interfaces.egg-info/dependency_links.txt
[2.069s] writing top-level names to action_interfaces.egg-info/top_level.txt
[2.334s] reading manifest file 'action_interfaces.egg-info/SOURCES.txt'
[2.335s] writing manifest file 'action_interfaces.egg-info/SOURCES.txt'
[2.498s] [  5%] Built target ament_cmake_python_build_action_interfaces_egg
[2.613s] [ 20%] Built target action_interfaces__rosidl_generator_c
[2.734s] [ 29%] Built target action_interfaces__rosidl_typesupport_cpp
[2.826s] [ 38%] Built target action_interfaces__rosidl_typesupport_fastrtps_c
[2.952s] [ 47%] Built target action_interfaces__rosidl_typesupport_introspection_c
[3.037s] [ 55%] Built target action_interfaces__rosidl_typesupport_introspection_cpp
[3.117s] [ 64%] Built target action_interfaces__rosidl_typesupport_fastrtps_cpp
[3.220s] [ 73%] Built target action_interfaces__rosidl_typesupport_c
[3.330s] [ 73%] Built target action_interfaces
[3.423s] [ 76%] Built target action_interfaces__py
[3.529s] [ 82%] Built target action_interfaces__rosidl_generator_py
[3.651s] [ 88%] Built target action_interfaces_s__rosidl_typesupport_fastrtps_c
[3.751s] [ 94%] Built target action_interfaces_s__rosidl_typesupport_c
[3.844s] [100%] Built target action_interfaces_s__rosidl_typesupport_introspection_c
[3.906s] Invoked command in '/home/pirobot/git/ros_pathfinder/build/action_interfaces' returned '0': CMAKE_PREFIX_PATH=${CMAKE_PREFIX_PATH}:/home/pirobot/git/ros_pathfinder/install/ros_pathfinder:/home/pirobot/ros2_ws/install/my_robot_controller:/opt/ros/kilted DEBUGINFOD_URLS=https://debuginfod.ubuntu.com PS1=(.venv) \[\e]0;\u@\h: \w\a\]${debian_chroot:+($debian_chroot)}\[\033[01;32m\]\u@\h\[\033[00m\]:\[\033[01;34m\]\w\[\033[00m\]\$ VIRTUAL_ENV_PROMPT=(.venv) /usr/bin/cmake --build /home/pirobot/git/ros_pathfinder/build/action_interfaces -- -j4 -l4
[3.909s] Invoking command in '/home/pirobot/git/ros_pathfinder/build/action_interfaces': CMAKE_PREFIX_PATH=${CMAKE_PREFIX_PATH}:/home/pirobot/git/ros_pathfinder/install/ros_pathfinder:/home/pirobot/ros2_ws/install/my_robot_controller:/opt/ros/kilted DEBUGINFOD_URLS=https://debuginfod.ubuntu.com PS1=(.venv) \[\e]0;\u@\h: \w\a\]${debian_chroot:+($debian_chroot)}\[\033[01;32m\]\u@\h\[\033[00m\]:\[\033[01;34m\]\w\[\033[00m\]\$ VIRTUAL_ENV_PROMPT=(.venv) /usr/bin/cmake --install /home/pirobot/git/ros_pathfinder/build/action_interfaces
[3.931s] -- Install configuration: ""
[3.933s] -- Up-to-date: /home/pirobot/git/ros_pathfinder/install/action_interfaces/share/ament_index/resource_index/rosidl_interfaces/action_interfaces
[3.933s] -- Up-to-date: /home/pirobot/git/ros_pathfinder/install/action_interfaces/share/action_interfaces/action/MotorControl.json
[3.934s] -- Up-to-date: /home/pirobot/git/ros_pathfinder/install/action_interfaces/include/action_interfaces/action_interfaces
[3.937s] -- Up-to-date: /home/pirobot/git/ros_pathfinder/install/action_interfaces/include/action_interfaces/action_interfaces/action
[3.938s] -- Up-to-date: /home/pirobot/git/ros_pathfinder/install/action_interfaces/include/action_interfaces/action_interfaces/action/motor_control.h
[3.939s] -- Up-to-date: /home/pirobot/git/ros_pathfinder/install/action_interfaces/include/action_interfaces/action_interfaces/action/detail
[3.940s] -- Up-to-date: /home/pirobot/git/ros_pathfinder/install/action_interfaces/include/action_interfaces/action_interfaces/action/detail/motor_control__type_support.h
[3.941s] -- Up-to-date: /home/pirobot/git/ros_pathfinder/install/action_interfaces/include/action_interfaces/action_interfaces/action/detail/motor_control__functions.h
[3.941s] -- Up-to-date: /home/pirobot/git/ros_pathfinder/install/action_interfaces/include/action_interfaces/action_interfaces/action/detail/motor_control__struct.h
[3.941s] -- Installing: /home/pirobot/git/ros_pathfinder/install/action_interfaces/include/action_interfaces/action_interfaces/action/detail/motor_control__type_support.c
[3.943s] -- Up-to-date: /home/pirobot/git/ros_pathfinder/install/action_interfaces/include/action_interfaces/action_interfaces/action/detail/motor_control__functions.c
[3.943s] -- Up-to-date: /home/pirobot/git/ros_pathfinder/install/action_interfaces/include/action_interfaces/action_interfaces/action/detail/motor_control__description.c
[3.944s] -- Up-to-date: /home/pirobot/git/ros_pathfinder/install/action_interfaces/include/action_interfaces/action_interfaces/msg
[3.944s] -- Up-to-date: /home/pirobot/git/ros_pathfinder/install/action_interfaces/include/action_interfaces/action_interfaces/msg/rosidl_generator_c__visibility_control.h
[3.946s] -- Up-to-date: /home/pirobot/git/ros_pathfinder/install/action_interfaces/share/action_interfaces/environment/library_path.sh
[3.946s] -- Up-to-date: /home/pirobot/git/ros_pathfinder/install/action_interfaces/share/action_interfaces/environment/library_path.dsv
[3.947s] -- Up-to-date: /home/pirobot/git/ros_pathfinder/install/action_interfaces/lib/libaction_interfaces__rosidl_generator_c.so
[3.947s] -- Up-to-date: /home/pirobot/git/ros_pathfinder/install/action_interfaces/include/action_interfaces/action_interfaces
[3.947s] -- Up-to-date: /home/pirobot/git/ros_pathfinder/install/action_interfaces/include/action_interfaces/action_interfaces/action
[3.950s] -- Up-to-date: /home/pirobot/git/ros_pathfinder/install/action_interfaces/include/action_interfaces/action_interfaces/action/detail
[3.950s] -- Up-to-date: /home/pirobot/git/ros_pathfinder/install/action_interfaces/include/action_interfaces/action_interfaces/action/detail/motor_control__rosidl_typesupport_fastrtps_c.h
[3.950s] -- Up-to-date: /home/pirobot/git/ros_pathfinder/install/action_interfaces/include/action_interfaces/action_interfaces/msg
[3.951s] -- Up-to-date: /home/pirobot/git/ros_pathfinder/install/action_interfaces/include/action_interfaces/action_interfaces/msg/rosidl_typesupport_fastrtps_c__visibility_control.h
[3.951s] -- Up-to-date: /home/pirobot/git/ros_pathfinder/install/action_interfaces/lib/libaction_interfaces__rosidl_typesupport_fastrtps_c.so
[3.951s] -- Up-to-date: /home/pirobot/git/ros_pathfinder/install/action_interfaces/include/action_interfaces/action_interfaces
[3.952s] -- Up-to-date: /home/pirobot/git/ros_pathfinder/install/action_interfaces/include/action_interfaces/action_interfaces/action
[3.952s] -- Up-to-date: /home/pirobot/git/ros_pathfinder/install/action_interfaces/include/action_interfaces/action_interfaces/action/detail
[3.954s] -- Installing: /home/pirobot/git/ros_pathfinder/install/action_interfaces/include/action_interfaces/action_interfaces/action/detail/motor_control__type_support.c
[3.954s] -- Up-to-date: /home/pirobot/git/ros_pathfinder/install/action_interfaces/include/action_interfaces/action_interfaces/action/detail/motor_control__rosidl_typesupport_introspection_c.h
[3.954s] -- Up-to-date: /home/pirobot/git/ros_pathfinder/install/action_interfaces/include/action_interfaces/action_interfaces/msg
[3.954s] -- Up-to-date: /home/pirobot/git/ros_pathfinder/install/action_interfaces/include/action_interfaces/action_interfaces/msg/rosidl_typesupport_introspection_c__visibility_control.h
[3.956s] -- Up-to-date: /home/pirobot/git/ros_pathfinder/install/action_interfaces/lib/libaction_interfaces__rosidl_typesupport_introspection_c.so
[3.959s] -- Up-to-date: /home/pirobot/git/ros_pathfinder/install/action_interfaces/lib/libaction_interfaces__rosidl_typesupport_c.so
[3.960s] -- Up-to-date: /home/pirobot/git/ros_pathfinder/install/action_interfaces/include/action_interfaces/action_interfaces
[3.962s] -- Up-to-date: /home/pirobot/git/ros_pathfinder/install/action_interfaces/include/action_interfaces/action_interfaces/action
[3.964s] -- Up-to-date: /home/pirobot/git/ros_pathfinder/install/action_interfaces/include/action_interfaces/action_interfaces/action/motor_control.hpp
[3.968s] -- Up-to-date: /home/pirobot/git/ros_pathfinder/install/action_interfaces/include/action_interfaces/action_interfaces/action/detail
[3.968s] -- Up-to-date: /home/pirobot/git/ros_pathfinder/install/action_interfaces/include/action_interfaces/action_interfaces/action/detail/motor_control__struct.hpp
[3.968s] -- Up-to-date: /home/pirobot/git/ros_pathfinder/install/action_interfaces/include/action_interfaces/action_interfaces/action/detail/motor_control__type_support.hpp
[3.968s] -- Up-to-date: /home/pirobot/git/ros_pathfinder/install/action_interfaces/include/action_interfaces/action_interfaces/action/detail/motor_control__builder.hpp
[3.971s] -- Up-to-date: /home/pirobot/git/ros_pathfinder/install/action_interfaces/include/action_interfaces/action_interfaces/action/detail/motor_control__traits.hpp
[3.972s] -- Up-to-date: /home/pirobot/git/ros_pathfinder/install/action_interfaces/include/action_interfaces/action_interfaces/msg
[3.972s] -- Up-to-date: /home/pirobot/git/ros_pathfinder/install/action_interfaces/include/action_interfaces/action_interfaces/msg/rosidl_generator_cpp__visibility_control.hpp
[3.975s] -- Up-to-date: /home/pirobot/git/ros_pathfinder/install/action_interfaces/include/action_interfaces/action_interfaces
[3.975s] -- Up-to-date: /home/pirobot/git/ros_pathfinder/install/action_interfaces/include/action_interfaces/action_interfaces/action
[3.975s] -- Up-to-date: /home/pirobot/git/ros_pathfinder/install/action_interfaces/include/action_interfaces/action_interfaces/action/detail
[3.976s] -- Up-to-date: /home/pirobot/git/ros_pathfinder/install/action_interfaces/include/action_interfaces/action_interfaces/action/detail/motor_control__rosidl_typesupport_fastrtps_cpp.hpp
[3.976s] -- Up-to-date: /home/pirobot/git/ros_pathfinder/install/action_interfaces/include/action_interfaces/action_interfaces/action/detail/dds_fastrtps
[3.976s] -- Up-to-date: /home/pirobot/git/ros_pathfinder/install/action_interfaces/include/action_interfaces/action_interfaces/msg
[3.976s] -- Up-to-date: /home/pirobot/git/ros_pathfinder/install/action_interfaces/include/action_interfaces/action_interfaces/msg/rosidl_typesupport_fastrtps_cpp__visibility_control.h
[3.976s] -- Up-to-date: /home/pirobot/git/ros_pathfinder/install/action_interfaces/lib/libaction_interfaces__rosidl_typesupport_fastrtps_cpp.so
[3.981s] -- Up-to-date: /home/pirobot/git/ros_pathfinder/install/action_interfaces/include/action_interfaces/action_interfaces
[3.981s] -- Up-to-date: /home/pirobot/git/ros_pathfinder/install/action_interfaces/include/action_interfaces/action_interfaces/action
[3.981s] -- Up-to-date: /home/pirobot/git/ros_pathfinder/install/action_interfaces/include/action_interfaces/action_interfaces/action/detail
[3.981s] -- Up-to-date: /home/pirobot/git/ros_pathfinder/install/action_interfaces/include/action_interfaces/action_interfaces/action/detail/motor_control__type_support.cpp
[3.981s] -- Up-to-date: /home/pirobot/git/ros_pathfinder/install/action_interfaces/include/action_interfaces/action_interfaces/action/detail/motor_control__rosidl_typesupport_introspection_cpp.hpp
[3.982s] -- Up-to-date: /home/pirobot/git/ros_pathfinder/install/action_interfaces/lib/libaction_interfaces__rosidl_typesupport_introspection_cpp.so
[3.982s] -- Up-to-date: /home/pirobot/git/ros_pathfinder/install/action_interfaces/lib/libaction_interfaces__rosidl_typesupport_cpp.so
[3.982s] -- Up-to-date: /home/pirobot/git/ros_pathfinder/install/action_interfaces/share/action_interfaces/environment/pythonpath.sh
[3.982s] -- Up-to-date: /home/pirobot/git/ros_pathfinder/install/action_interfaces/share/action_interfaces/environment/pythonpath.dsv
[3.982s] -- Up-to-date: /home/pirobot/git/ros_pathfinder/install/action_interfaces/lib/python3.12/site-packages/action_interfaces-0.0.0-py3.12.egg-info
[3.988s] -- Installing: /home/pirobot/git/ros_pathfinder/install/action_interfaces/lib/python3.12/site-packages/action_interfaces-0.0.0-py3.12.egg-info/dependency_links.txt
[3.988s] -- Installing: /home/pirobot/git/ros_pathfinder/install/action_interfaces/lib/python3.12/site-packages/action_interfaces-0.0.0-py3.12.egg-info/top_level.txt
[3.988s] -- Installing: /home/pirobot/git/ros_pathfinder/install/action_interfaces/lib/python3.12/site-packages/action_interfaces-0.0.0-py3.12.egg-info/SOURCES.txt
[3.991s] -- Installing: /home/pirobot/git/ros_pathfinder/install/action_interfaces/lib/python3.12/site-packages/action_interfaces-0.0.0-py3.12.egg-info/PKG-INFO
[3.991s] -- Up-to-date: /home/pirobot/git/ros_pathfinder/install/action_interfaces/lib/python3.12/site-packages/action_interfaces
[3.994s] -- Up-to-date: /home/pirobot/git/ros_pathfinder/install/action_interfaces/lib/python3.12/site-packages/action_interfaces/action_interfaces_s__rosidl_typesupport_fastrtps_c.so
[3.994s] -- Up-to-date: /home/pirobot/git/ros_pathfinder/install/action_interfaces/lib/python3.12/site-packages/action_interfaces/_action_interfaces_s.ep.rosidl_typesupport_fastrtps_c.c
[3.995s] -- Up-to-date: /home/pirobot/git/ros_pathfinder/install/action_interfaces/lib/python3.12/site-packages/action_interfaces/action_interfaces_s__rosidl_typesupport_c.so
[3.995s] -- Up-to-date: /home/pirobot/git/ros_pathfinder/install/action_interfaces/lib/python3.12/site-packages/action_interfaces/_action_interfaces_s.ep.rosidl_typesupport_c.c
[4.001s] -- Up-to-date: /home/pirobot/git/ros_pathfinder/install/action_interfaces/lib/python3.12/site-packages/action_interfaces/action_interfaces_s__rosidl_typesupport_introspection_c.so
[4.002s] -- Up-to-date: /home/pirobot/git/ros_pathfinder/install/action_interfaces/lib/python3.12/site-packages/action_interfaces/action
[4.002s] -- Up-to-date: /home/pirobot/git/ros_pathfinder/install/action_interfaces/lib/python3.12/site-packages/action_interfaces/action/_motor_control_s.c
[4.005s] -- Up-to-date: /home/pirobot/git/ros_pathfinder/install/action_interfaces/lib/python3.12/site-packages/action_interfaces/action/_motor_control.py
[4.005s] -- Up-to-date: /home/pirobot/git/ros_pathfinder/install/action_interfaces/lib/python3.12/site-packages/action_interfaces/action/__init__.py
[4.005s] -- Up-to-date: /home/pirobot/git/ros_pathfinder/install/action_interfaces/lib/python3.12/site-packages/action_interfaces/__init__.py
[4.006s] -- Up-to-date: /home/pirobot/git/ros_pathfinder/install/action_interfaces/lib/python3.12/site-packages/action_interfaces/_action_interfaces_s.ep.rosidl_typesupport_introspection_c.c
[4.111s] Listing '/home/pirobot/git/ros_pathfinder/install/action_interfaces/lib/python3.12/site-packages/action_interfaces'...
[4.111s] Listing '/home/pirobot/git/ros_pathfinder/install/action_interfaces/lib/python3.12/site-packages/action_interfaces/action'...
[4.133s] -- Up-to-date: /home/pirobot/git/ros_pathfinder/install/action_interfaces/lib/python3.12/site-packages/action_interfaces/action_interfaces_s__rosidl_typesupport_fastrtps_c.so
[4.135s] -- Up-to-date: /home/pirobot/git/ros_pathfinder/install/action_interfaces/lib/python3.12/site-packages/action_interfaces/action_interfaces_s__rosidl_typesupport_introspection_c.so
[4.135s] -- Up-to-date: /home/pirobot/git/ros_pathfinder/install/action_interfaces/lib/python3.12/site-packages/action_interfaces/action_interfaces_s__rosidl_typesupport_c.so
[4.136s] -- Up-to-date: /home/pirobot/git/ros_pathfinder/install/action_interfaces/lib/libaction_interfaces__rosidl_generator_py.so
[4.136s] -- Up-to-date: /home/pirobot/git/ros_pathfinder/install/action_interfaces/share/action_interfaces/action/MotorControl.idl
[4.136s] -- Up-to-date: /home/pirobot/git/ros_pathfinder/install/action_interfaces/share/action_interfaces/action/MotorControl.action
[4.137s] -- Up-to-date: /home/pirobot/git/ros_pathfinder/install/action_interfaces/share/ament_index/resource_index/package_run_dependencies/action_interfaces
[4.137s] -- Up-to-date: /home/pirobot/git/ros_pathfinder/install/action_interfaces/share/ament_index/resource_index/parent_prefix_path/action_interfaces
[4.137s] -- Up-to-date: /home/pirobot/git/ros_pathfinder/install/action_interfaces/share/action_interfaces/environment/ament_prefix_path.sh
[4.137s] -- Up-to-date: /home/pirobot/git/ros_pathfinder/install/action_interfaces/share/action_interfaces/environment/ament_prefix_path.dsv
[4.137s] -- Up-to-date: /home/pirobot/git/ros_pathfinder/install/action_interfaces/share/action_interfaces/environment/path.sh
[4.137s] -- Up-to-date: /home/pirobot/git/ros_pathfinder/install/action_interfaces/share/action_interfaces/environment/path.dsv
[4.137s] -- Up-to-date: /home/pirobot/git/ros_pathfinder/install/action_interfaces/share/action_interfaces/local_setup.bash
[4.137s] -- Up-to-date: /home/pirobot/git/ros_pathfinder/install/action_interfaces/share/action_interfaces/local_setup.sh
[4.138s] -- Up-to-date: /home/pirobot/git/ros_pathfinder/install/action_interfaces/share/action_interfaces/local_setup.zsh
[4.138s] -- Up-to-date: /home/pirobot/git/ros_pathfinder/install/action_interfaces/share/action_interfaces/local_setup.dsv
[4.138s] -- Installing: /home/pirobot/git/ros_pathfinder/install/action_interfaces/share/action_interfaces/package.dsv
[4.139s] -- Up-to-date: /home/pirobot/git/ros_pathfinder/install/action_interfaces/share/ament_index/resource_index/packages/action_interfaces
[4.140s] -- Up-to-date: /home/pirobot/git/ros_pathfinder/install/action_interfaces/share/action_interfaces/cmake/export_action_interfaces__rosidl_generator_cExport.cmake
[4.140s] -- Up-to-date: /home/pirobot/git/ros_pathfinder/install/action_interfaces/share/action_interfaces/cmake/export_action_interfaces__rosidl_generator_cExport-noconfig.cmake
[4.141s] -- Up-to-date: /home/pirobot/git/ros_pathfinder/install/action_interfaces/share/action_interfaces/cmake/export_action_interfaces__rosidl_typesupport_fastrtps_cExport.cmake
[4.142s] -- Up-to-date: /home/pirobot/git/ros_pathfinder/install/action_interfaces/share/action_interfaces/cmake/export_action_interfaces__rosidl_typesupport_fastrtps_cExport-noconfig.cmake
[4.146s] -- Up-to-date: /home/pirobot/git/ros_pathfinder/install/action_interfaces/share/action_interfaces/cmake/action_interfaces__rosidl_typesupport_introspection_cExport.cmake
[4.147s] -- Up-to-date: /home/pirobot/git/ros_pathfinder/install/action_interfaces/share/action_interfaces/cmake/action_interfaces__rosidl_typesupport_introspection_cExport-noconfig.cmake
[4.147s] -- Up-to-date: /home/pirobot/git/ros_pathfinder/install/action_interfaces/share/action_interfaces/cmake/action_interfaces__rosidl_typesupport_cExport.cmake
[4.148s] -- Up-to-date: /home/pirobot/git/ros_pathfinder/install/action_interfaces/share/action_interfaces/cmake/action_interfaces__rosidl_typesupport_cExport-noconfig.cmake
[4.150s] -- Up-to-date: /home/pirobot/git/ros_pathfinder/install/action_interfaces/share/action_interfaces/cmake/export_action_interfaces__rosidl_generator_cppExport.cmake
[4.151s] -- Up-to-date: /home/pirobot/git/ros_pathfinder/install/action_interfaces/share/action_interfaces/cmake/export_action_interfaces__rosidl_typesupport_fastrtps_cppExport.cmake
[4.151s] -- Up-to-date: /home/pirobot/git/ros_pathfinder/install/action_interfaces/share/action_interfaces/cmake/export_action_interfaces__rosidl_typesupport_fastrtps_cppExport-noconfig.cmake
[4.152s] -- Up-to-date: /home/pirobot/git/ros_pathfinder/install/action_interfaces/share/action_interfaces/cmake/action_interfaces__rosidl_typesupport_introspection_cppExport.cmake
[4.152s] -- Up-to-date: /home/pirobot/git/ros_pathfinder/install/action_interfaces/share/action_interfaces/cmake/action_interfaces__rosidl_typesupport_introspection_cppExport-noconfig.cmake
[4.152s] -- Up-to-date: /home/pirobot/git/ros_pathfinder/install/action_interfaces/share/action_interfaces/cmake/action_interfaces__rosidl_typesupport_cppExport.cmake
[4.153s] -- Up-to-date: /home/pirobot/git/ros_pathfinder/install/action_interfaces/share/action_interfaces/cmake/action_interfaces__rosidl_typesupport_cppExport-noconfig.cmake
[4.153s] -- Up-to-date: /home/pirobot/git/ros_pathfinder/install/action_interfaces/share/action_interfaces/cmake/export_action_interfaces__rosidl_generator_pyExport.cmake
[4.153s] -- Up-to-date: /home/pirobot/git/ros_pathfinder/install/action_interfaces/share/action_interfaces/cmake/export_action_interfaces__rosidl_generator_pyExport-noconfig.cmake
[4.154s] -- Up-to-date: /home/pirobot/git/ros_pathfinder/install/action_interfaces/share/action_interfaces/cmake/rosidl_cmake-extras.cmake
[4.154s] -- Up-to-date: /home/pirobot/git/ros_pathfinder/install/action_interfaces/share/action_interfaces/cmake/ament_cmake_export_dependencies-extras.cmake
[4.154s] -- Up-to-date: /home/pirobot/git/ros_pathfinder/install/action_interfaces/share/action_interfaces/cmake/ament_cmake_export_include_directories-extras.cmake
[4.154s] -- Up-to-date: /home/pirobot/git/ros_pathfinder/install/action_interfaces/share/action_interfaces/cmake/ament_cmake_export_libraries-extras.cmake
[4.154s] -- Up-to-date: /home/pirobot/git/ros_pathfinder/install/action_interfaces/share/action_interfaces/cmake/ament_cmake_export_targets-extras.cmake
[4.154s] -- Up-to-date: /home/pirobot/git/ros_pathfinder/install/action_interfaces/share/action_interfaces/cmake/rosidl_cmake_export_typesupport_targets-extras.cmake
[4.155s] -- Up-to-date: /home/pirobot/git/ros_pathfinder/install/action_interfaces/share/action_interfaces/cmake/rosidl_cmake_export_typesupport_libraries-extras.cmake
[4.155s] -- Up-to-date: /home/pirobot/git/ros_pathfinder/install/action_interfaces/share/action_interfaces/cmake/action_interfacesConfig.cmake
[4.155s] -- Up-to-date: /home/pirobot/git/ros_pathfinder/install/action_interfaces/share/action_interfaces/cmake/action_interfacesConfig-version.cmake
[4.155s] -- Up-to-date: /home/pirobot/git/ros_pathfinder/install/action_interfaces/share/action_interfaces/package.xml
[4.159s] Invoked command in '/home/pirobot/git/ros_pathfinder/build/action_interfaces' returned '0': CMAKE_PREFIX_PATH=${CMAKE_PREFIX_PATH}:/home/pirobot/git/ros_pathfinder/install/ros_pathfinder:/home/pirobot/ros2_ws/install/my_robot_controller:/opt/ros/kilted DEBUGINFOD_URLS=https://debuginfod.ubuntu.com PS1=(.venv) \[\e]0;\u@\h: \w\a\]${debian_chroot:+($debian_chroot)}\[\033[01;32m\]\u@\h\[\033[00m\]:\[\033[01;34m\]\w\[\033[00m\]\$ VIRTUAL_ENV_PROMPT=(.venv) /usr/bin/cmake --install /home/pirobot/git/ros_pathfinder/build/action_interfaces
