[0.573s] DEBUG:colcon:Command line arguments: ['/usr/bin/colcon', 'build']
[0.573s] DEBUG:colcon:Parsed command line arguments: Namespace(log_base=None, log_level=None, verb_name='build', build_base='build', install_base='install', merge_install=False, symlink_install=False, test_result_base=None, continue_on_error=False, executor='parallel', parallel_workers=4, event_handlers=None, ignore_user_meta=False, metas=['./colcon.meta'], base_paths=['.'], packages_ignore=None, packages_ignore_regex=None, paths=None, packages_up_to=None, packages_up_to_regex=None, packages_above=None, packages_above_and_dependencies=None, packages_above_depth=None, packages_select_by_dep=None, packages_skip_by_dep=None, packages_skip_up_to=None, packages_select_build_failed=False, packages_skip_build_finished=False, packages_select_test_failures=False, packages_skip_test_passed=False, packages_select=None, packages_skip=None, packages_select_regex=None, packages_skip_regex=None, packages_start=None, packages_end=None, allow_overriding=[], cmake_args=None, cmake_target=None, cmake_target_skip_unavailable=False, cmake_clean_cache=False, cmake_clean_first=False, cmake_force_configure=False, ament_cmake_args=None, catkin_cmake_args=None, catkin_skip_building_tests=False, mixin_files=None, mixin=None, verb_parser=<colcon_mixin.mixin.mixin_argument.MixinArgumentDecorator object at 0xffffb9ce4860>, verb_extension=<colcon_core.verb.build.BuildVerb object at 0xffffb9ea0ce0>, main=<bound method BuildVerb.main of <colcon_core.verb.build.BuildVerb object at 0xffffb9ea0ce0>>, mixin_verb=('build',))
[0.677s] Level 1:colcon.colcon_core.package_discovery:discover_packages(colcon_meta) check parameters
[0.677s] Level 1:colcon.colcon_core.package_discovery:discover_packages(recursive) check parameters
[0.677s] Level 1:colcon.colcon_core.package_discovery:discover_packages(ignore) check parameters
[0.677s] Level 1:colcon.colcon_core.package_discovery:discover_packages(path) check parameters
[0.678s] Level 1:colcon.colcon_core.package_discovery:discover_packages(colcon_meta) discover
[0.678s] Level 1:colcon.colcon_core.package_discovery:discover_packages(recursive) discover
[0.678s] INFO:colcon.colcon_core.package_discovery:Crawling recursively for packages in '/home/pirobot/git/ros_pathfinder'
[0.678s] Level 1:colcon.colcon_core.package_identification:_identify(.) by extensions ['ignore', 'ignore_ament_install']
[0.678s] Level 1:colcon.colcon_core.package_identification:_identify(.) by extension 'ignore'
[0.678s] Level 1:colcon.colcon_core.package_identification:_identify(.) by extension 'ignore_ament_install'
[0.678s] Level 1:colcon.colcon_core.package_identification:_identify(.) by extensions ['colcon_pkg']
[0.678s] Level 1:colcon.colcon_core.package_identification:_identify(.) by extension 'colcon_pkg'
[0.678s] Level 1:colcon.colcon_core.package_identification:_identify(.) by extensions ['colcon_meta']
[0.678s] Level 1:colcon.colcon_core.package_identification:_identify(.) by extension 'colcon_meta'
[0.678s] Level 1:colcon.colcon_core.package_identification:_identify(.) by extensions ['ros']
[0.678s] Level 1:colcon.colcon_core.package_identification:_identify(.) by extension 'ros'
[0.729s] Level 1:colcon.colcon_core.package_identification:_identify(.) by extensions ['cmake', 'python']
[0.729s] Level 1:colcon.colcon_core.package_identification:_identify(.) by extension 'cmake'
[0.729s] Level 1:colcon.colcon_core.package_identification:_identify(.) by extension 'python'
[0.729s] Level 1:colcon.colcon_core.package_identification:_identify(.) by extensions ['python_setup_py']
[0.729s] Level 1:colcon.colcon_core.package_identification:_identify(.) by extension 'python_setup_py'
[0.729s] Level 1:colcon.colcon_core.package_identification:_identify(build) by extensions ['ignore', 'ignore_ament_install']
[0.729s] Level 1:colcon.colcon_core.package_identification:_identify(build) by extension 'ignore'
[0.729s] Level 1:colcon.colcon_core.package_identification:_identify(build) ignored
[0.730s] Level 1:colcon.colcon_core.package_identification:_identify(install) by extensions ['ignore', 'ignore_ament_install']
[0.730s] Level 1:colcon.colcon_core.package_identification:_identify(install) by extension 'ignore'
[0.730s] Level 1:colcon.colcon_core.package_identification:_identify(install) ignored
[0.730s] Level 1:colcon.colcon_core.package_identification:_identify(log) by extensions ['ignore', 'ignore_ament_install']
[0.730s] Level 1:colcon.colcon_core.package_identification:_identify(log) by extension 'ignore'
[0.730s] Level 1:colcon.colcon_core.package_identification:_identify(log) ignored
[0.730s] Level 1:colcon.colcon_core.package_identification:_identify(src) by extensions ['ignore', 'ignore_ament_install']
[0.730s] Level 1:colcon.colcon_core.package_identification:_identify(src) by extension 'ignore'
[0.730s] Level 1:colcon.colcon_core.package_identification:_identify(src) by extension 'ignore_ament_install'
[0.730s] Level 1:colcon.colcon_core.package_identification:_identify(src) by extensions ['colcon_pkg']
[0.730s] Level 1:colcon.colcon_core.package_identification:_identify(src) by extension 'colcon_pkg'
[0.730s] Level 1:colcon.colcon_core.package_identification:_identify(src) by extensions ['colcon_meta']
[0.730s] Level 1:colcon.colcon_core.package_identification:_identify(src) by extension 'colcon_meta'
[0.730s] Level 1:colcon.colcon_core.package_identification:_identify(src) by extensions ['ros']
[0.730s] Level 1:colcon.colcon_core.package_identification:_identify(src) by extension 'ros'
[0.731s] Level 1:colcon.colcon_core.package_identification:_identify(src) by extensions ['cmake', 'python']
[0.731s] Level 1:colcon.colcon_core.package_identification:_identify(src) by extension 'cmake'
[0.731s] Level 1:colcon.colcon_core.package_identification:_identify(src) by extension 'python'
[0.731s] Level 1:colcon.colcon_core.package_identification:_identify(src) by extensions ['python_setup_py']
[0.731s] Level 1:colcon.colcon_core.package_identification:_identify(src) by extension 'python_setup_py'
[0.731s] Level 1:colcon.colcon_core.package_identification:_identify(src/action_interfaces) by extensions ['ignore', 'ignore_ament_install']
[0.731s] Level 1:colcon.colcon_core.package_identification:_identify(src/action_interfaces) by extension 'ignore'
[0.731s] Level 1:colcon.colcon_core.package_identification:_identify(src/action_interfaces) by extension 'ignore_ament_install'
[0.731s] Level 1:colcon.colcon_core.package_identification:_identify(src/action_interfaces) by extensions ['colcon_pkg']
[0.731s] Level 1:colcon.colcon_core.package_identification:_identify(src/action_interfaces) by extension 'colcon_pkg'
[0.731s] Level 1:colcon.colcon_core.package_identification:_identify(src/action_interfaces) by extensions ['colcon_meta']
[0.731s] Level 1:colcon.colcon_core.package_identification:_identify(src/action_interfaces) by extension 'colcon_meta'
[0.731s] Level 1:colcon.colcon_core.package_identification:_identify(src/action_interfaces) by extensions ['ros']
[0.731s] Level 1:colcon.colcon_core.package_identification:_identify(src/action_interfaces) by extension 'ros'
[0.736s] DEBUG:colcon.colcon_core.package_identification:Package 'src/action_interfaces' with type 'ros.ament_cmake' and name 'action_interfaces'
[0.737s] Level 1:colcon.colcon_core.package_identification:_identify(src/build) by extensions ['ignore', 'ignore_ament_install']
[0.737s] Level 1:colcon.colcon_core.package_identification:_identify(src/build) by extension 'ignore'
[0.737s] Level 1:colcon.colcon_core.package_identification:_identify(src/build) ignored
[0.737s] Level 1:colcon.colcon_core.package_identification:_identify(src/install) by extensions ['ignore', 'ignore_ament_install']
[0.737s] Level 1:colcon.colcon_core.package_identification:_identify(src/install) by extension 'ignore'
[0.738s] Level 1:colcon.colcon_core.package_identification:_identify(src/install) ignored
[0.738s] Level 1:colcon.colcon_core.package_identification:_identify(src/log) by extensions ['ignore', 'ignore_ament_install']
[0.738s] Level 1:colcon.colcon_core.package_identification:_identify(src/log) by extension 'ignore'
[0.738s] Level 1:colcon.colcon_core.package_identification:_identify(src/log) ignored
[0.738s] Level 1:colcon.colcon_core.package_identification:_identify(src/ros_pathfinder) by extensions ['ignore', 'ignore_ament_install']
[0.738s] Level 1:colcon.colcon_core.package_identification:_identify(src/ros_pathfinder) by extension 'ignore'
[0.738s] Level 1:colcon.colcon_core.package_identification:_identify(src/ros_pathfinder) by extension 'ignore_ament_install'
[0.738s] Level 1:colcon.colcon_core.package_identification:_identify(src/ros_pathfinder) by extensions ['colcon_pkg']
[0.738s] Level 1:colcon.colcon_core.package_identification:_identify(src/ros_pathfinder) by extension 'colcon_pkg'
[0.738s] Level 1:colcon.colcon_core.package_identification:_identify(src/ros_pathfinder) by extensions ['colcon_meta']
[0.738s] Level 1:colcon.colcon_core.package_identification:_identify(src/ros_pathfinder) by extension 'colcon_meta'
[0.738s] Level 1:colcon.colcon_core.package_identification:_identify(src/ros_pathfinder) by extensions ['ros']
[0.738s] Level 1:colcon.colcon_core.package_identification:_identify(src/ros_pathfinder) by extension 'ros'
[0.739s] DEBUG:colcon.colcon_core.package_identification:Package 'src/ros_pathfinder' with type 'ros.ament_python' and name 'ros_pathfinder'
[0.740s] Level 1:colcon.colcon_core.package_discovery:discover_packages(recursive) using defaults
[0.740s] Level 1:colcon.colcon_core.package_discovery:discover_packages(ignore) discover
[0.740s] Level 1:colcon.colcon_core.package_discovery:discover_packages(ignore) using defaults
[0.740s] Level 1:colcon.colcon_core.package_discovery:discover_packages(path) discover
[0.740s] Level 1:colcon.colcon_core.package_discovery:discover_packages(path) using defaults
[0.777s] Level 1:colcon.colcon_core.package_discovery:discover_packages(prefix_path) check parameters
[0.777s] Level 1:colcon.colcon_core.package_discovery:discover_packages(prefix_path) discover
[0.782s] DEBUG:colcon.colcon_installed_package_information.package_discovery:Found 1 installed packages in /home/pirobot/ros2_ws/install
[0.784s] DEBUG:colcon.colcon_installed_package_information.package_discovery:Found 289 installed packages in /opt/ros/kilted
[0.786s] Level 1:colcon.colcon_core.package_discovery:discover_packages(prefix_path) using defaults
[0.848s] Level 5:colcon.colcon_core.verb:set package 'action_interfaces' build argument 'cmake_args' from command line to 'None'
[0.848s] Level 5:colcon.colcon_core.verb:set package 'action_interfaces' build argument 'cmake_target' from command line to 'None'
[0.848s] Level 5:colcon.colcon_core.verb:set package 'action_interfaces' build argument 'cmake_target_skip_unavailable' from command line to 'False'
[0.848s] Level 5:colcon.colcon_core.verb:set package 'action_interfaces' build argument 'cmake_clean_cache' from command line to 'False'
[0.848s] Level 5:colcon.colcon_core.verb:set package 'action_interfaces' build argument 'cmake_clean_first' from command line to 'False'
[0.848s] Level 5:colcon.colcon_core.verb:set package 'action_interfaces' build argument 'cmake_force_configure' from command line to 'False'
[0.848s] Level 5:colcon.colcon_core.verb:set package 'action_interfaces' build argument 'ament_cmake_args' from command line to 'None'
[0.848s] Level 5:colcon.colcon_core.verb:set package 'action_interfaces' build argument 'catkin_cmake_args' from command line to 'None'
[0.848s] Level 5:colcon.colcon_core.verb:set package 'action_interfaces' build argument 'catkin_skip_building_tests' from command line to 'False'
[0.848s] DEBUG:colcon.colcon_core.verb:Building package 'action_interfaces' with the following arguments: {'ament_cmake_args': None, 'build_base': '/home/pirobot/git/ros_pathfinder/build/action_interfaces', 'catkin_cmake_args': None, 'catkin_skip_building_tests': False, 'cmake_args': None, 'cmake_clean_cache': False, 'cmake_clean_first': False, 'cmake_force_configure': False, 'cmake_target': None, 'cmake_target_skip_unavailable': False, 'install_base': '/home/pirobot/git/ros_pathfinder/install/action_interfaces', 'merge_install': False, 'path': '/home/pirobot/git/ros_pathfinder/src/action_interfaces', 'symlink_install': False, 'test_result_base': None}
[0.848s] Level 5:colcon.colcon_core.verb:set package 'ros_pathfinder' build argument 'cmake_args' from command line to 'None'
[0.849s] Level 5:colcon.colcon_core.verb:set package 'ros_pathfinder' build argument 'cmake_target' from command line to 'None'
[0.849s] Level 5:colcon.colcon_core.verb:set package 'ros_pathfinder' build argument 'cmake_target_skip_unavailable' from command line to 'False'
[0.849s] Level 5:colcon.colcon_core.verb:set package 'ros_pathfinder' build argument 'cmake_clean_cache' from command line to 'False'
[0.849s] Level 5:colcon.colcon_core.verb:set package 'ros_pathfinder' build argument 'cmake_clean_first' from command line to 'False'
[0.849s] Level 5:colcon.colcon_core.verb:set package 'ros_pathfinder' build argument 'cmake_force_configure' from command line to 'False'
[0.849s] Level 5:colcon.colcon_core.verb:set package 'ros_pathfinder' build argument 'ament_cmake_args' from command line to 'None'
[0.849s] Level 5:colcon.colcon_core.verb:set package 'ros_pathfinder' build argument 'catkin_cmake_args' from command line to 'None'
[0.849s] Level 5:colcon.colcon_core.verb:set package 'ros_pathfinder' build argument 'catkin_skip_building_tests' from command line to 'False'
[0.849s] DEBUG:colcon.colcon_core.verb:Building package 'ros_pathfinder' with the following arguments: {'ament_cmake_args': None, 'build_base': '/home/pirobot/git/ros_pathfinder/build/ros_pathfinder', 'catkin_cmake_args': None, 'catkin_skip_building_tests': False, 'cmake_args': None, 'cmake_clean_cache': False, 'cmake_clean_first': False, 'cmake_force_configure': False, 'cmake_target': None, 'cmake_target_skip_unavailable': False, 'install_base': '/home/pirobot/git/ros_pathfinder/install/ros_pathfinder', 'merge_install': False, 'path': '/home/pirobot/git/ros_pathfinder/src/ros_pathfinder', 'symlink_install': False, 'test_result_base': None}
[0.849s] INFO:colcon.colcon_core.executor:Executing jobs using 'parallel' executor
[0.850s] DEBUG:colcon.colcon_parallel_executor.executor.parallel:run_until_complete
[0.851s] INFO:colcon.colcon_ros.task.ament_cmake.build:Building ROS package in '/home/pirobot/git/ros_pathfinder/src/action_interfaces' with build type 'ament_cmake'
[0.851s] INFO:colcon.colcon_cmake.task.cmake.build:Building CMake package in '/home/pirobot/git/ros_pathfinder/src/action_interfaces'
[0.858s] INFO:colcon.colcon_core.plugin_system:Skipping extension 'colcon_core.shell.bat': Not used on non-Windows systems
[0.858s] INFO:colcon.colcon_core.shell:Skip shell extension 'powershell' for command environment: Not usable outside of PowerShell
[0.858s] DEBUG:colcon.colcon_core.shell:Skip shell extension 'dsv' for command environment
[0.871s] DEBUG:colcon.colcon_core.event_handler.log_command:Invoking command in '/home/pirobot/git/ros_pathfinder/build/action_interfaces': CMAKE_PREFIX_PATH=${CMAKE_PREFIX_PATH}:/home/pirobot/ros2_ws/install/my_robot_controller:/opt/ros/kilted DEBUGINFOD_URLS=https://debuginfod.ubuntu.com /usr/bin/cmake --build /home/pirobot/git/ros_pathfinder/build/action_interfaces -- -j4 -l4
[1.868s] DEBUG:colcon.colcon_core.event_handler.log_command:Invoked command in '/home/pirobot/git/ros_pathfinder/build/action_interfaces' returned '0': CMAKE_PREFIX_PATH=${CMAKE_PREFIX_PATH}:/home/pirobot/ros2_ws/install/my_robot_controller:/opt/ros/kilted DEBUGINFOD_URLS=https://debuginfod.ubuntu.com /usr/bin/cmake --build /home/pirobot/git/ros_pathfinder/build/action_interfaces -- -j4 -l4
[1.889s] DEBUG:colcon.colcon_core.event_handler.log_command:Invoking command in '/home/pirobot/git/ros_pathfinder/build/action_interfaces': CMAKE_PREFIX_PATH=${CMAKE_PREFIX_PATH}:/home/pirobot/ros2_ws/install/my_robot_controller:/opt/ros/kilted DEBUGINFOD_URLS=https://debuginfod.ubuntu.com /usr/bin/cmake --install /home/pirobot/git/ros_pathfinder/build/action_interfaces
[2.008s] Level 1:colcon.colcon_core.environment:create_environment_scripts_only(action_interfaces)
[2.008s] DEBUG:colcon.colcon_core.event_handler.log_command:Invoked command in '/home/pirobot/git/ros_pathfinder/build/action_interfaces' returned '0': CMAKE_PREFIX_PATH=${CMAKE_PREFIX_PATH}:/home/pirobot/ros2_ws/install/my_robot_controller:/opt/ros/kilted DEBUGINFOD_URLS=https://debuginfod.ubuntu.com /usr/bin/cmake --install /home/pirobot/git/ros_pathfinder/build/action_interfaces
[2.018s] Level 1:colcon.colcon_core.environment:checking '/home/pirobot/git/ros_pathfinder/install/action_interfaces' for CMake module files
[2.019s] Level 1:colcon.colcon_core.environment:checking '/home/pirobot/git/ros_pathfinder/install/action_interfaces' for CMake config files
[2.019s] Level 1:colcon.colcon_core.shell:create_environment_hook('action_interfaces', 'cmake_prefix_path')
[2.019s] INFO:colcon.colcon_core.shell:Creating environment hook '/home/pirobot/git/ros_pathfinder/install/action_interfaces/share/action_interfaces/hook/cmake_prefix_path.ps1'
[2.021s] INFO:colcon.colcon_core.shell:Creating environment descriptor '/home/pirobot/git/ros_pathfinder/install/action_interfaces/share/action_interfaces/hook/cmake_prefix_path.dsv'
[2.023s] INFO:colcon.colcon_core.shell:Creating environment hook '/home/pirobot/git/ros_pathfinder/install/action_interfaces/share/action_interfaces/hook/cmake_prefix_path.sh'
[2.027s] Level 1:colcon.colcon_core.environment:checking '/home/pirobot/git/ros_pathfinder/install/action_interfaces/lib'
[2.027s] Level 1:colcon.colcon_core.shell:create_environment_hook('action_interfaces', 'ld_library_path_lib')
[2.027s] INFO:colcon.colcon_core.shell:Creating environment hook '/home/pirobot/git/ros_pathfinder/install/action_interfaces/share/action_interfaces/hook/ld_library_path_lib.ps1'
[2.028s] INFO:colcon.colcon_core.shell:Creating environment descriptor '/home/pirobot/git/ros_pathfinder/install/action_interfaces/share/action_interfaces/hook/ld_library_path_lib.dsv'
[2.029s] INFO:colcon.colcon_core.shell:Creating environment hook '/home/pirobot/git/ros_pathfinder/install/action_interfaces/share/action_interfaces/hook/ld_library_path_lib.sh'
[2.030s] Level 1:colcon.colcon_core.environment:checking '/home/pirobot/git/ros_pathfinder/install/action_interfaces/bin'
[2.030s] Level 1:colcon.colcon_core.environment:checking '/home/pirobot/git/ros_pathfinder/install/action_interfaces/lib/pkgconfig/action_interfaces.pc'
[2.031s] Level 1:colcon.colcon_core.environment:checking '/home/pirobot/git/ros_pathfinder/install/action_interfaces/lib/python3.12/site-packages'
[2.031s] Level 1:colcon.colcon_core.shell:create_environment_hook('action_interfaces', 'pythonpath')
[2.031s] INFO:colcon.colcon_core.shell:Creating environment hook '/home/pirobot/git/ros_pathfinder/install/action_interfaces/share/action_interfaces/hook/pythonpath.ps1'
[2.031s] INFO:colcon.colcon_core.shell:Creating environment descriptor '/home/pirobot/git/ros_pathfinder/install/action_interfaces/share/action_interfaces/hook/pythonpath.dsv'
[2.032s] INFO:colcon.colcon_core.shell:Creating environment hook '/home/pirobot/git/ros_pathfinder/install/action_interfaces/share/action_interfaces/hook/pythonpath.sh'
[2.033s] Level 1:colcon.colcon_core.environment:checking '/home/pirobot/git/ros_pathfinder/install/action_interfaces/bin'
[2.033s] INFO:colcon.colcon_core.shell:Creating package script '/home/pirobot/git/ros_pathfinder/install/action_interfaces/share/action_interfaces/package.ps1'
[2.035s] INFO:colcon.colcon_core.shell:Creating package descriptor '/home/pirobot/git/ros_pathfinder/install/action_interfaces/share/action_interfaces/package.dsv'
[2.038s] INFO:colcon.colcon_core.shell:Creating package script '/home/pirobot/git/ros_pathfinder/install/action_interfaces/share/action_interfaces/package.sh'
[2.040s] INFO:colcon.colcon_core.shell:Creating package script '/home/pirobot/git/ros_pathfinder/install/action_interfaces/share/action_interfaces/package.bash'
[2.043s] INFO:colcon.colcon_core.shell:Creating package script '/home/pirobot/git/ros_pathfinder/install/action_interfaces/share/action_interfaces/package.zsh'
[2.046s] Level 1:colcon.colcon_core.environment:create_file_with_runtime_dependencies(/home/pirobot/git/ros_pathfinder/install/action_interfaces/share/colcon-core/packages/action_interfaces)
[2.047s] Level 1:colcon.colcon_core.environment:create_environment_scripts_only(action_interfaces)
[2.047s] Level 1:colcon.colcon_core.environment:checking '/home/pirobot/git/ros_pathfinder/install/action_interfaces' for CMake module files
[2.048s] Level 1:colcon.colcon_core.environment:checking '/home/pirobot/git/ros_pathfinder/install/action_interfaces' for CMake config files
[2.048s] Level 1:colcon.colcon_core.shell:create_environment_hook('action_interfaces', 'cmake_prefix_path')
[2.049s] INFO:colcon.colcon_core.shell:Creating environment hook '/home/pirobot/git/ros_pathfinder/install/action_interfaces/share/action_interfaces/hook/cmake_prefix_path.ps1'
[2.049s] INFO:colcon.colcon_core.shell:Creating environment descriptor '/home/pirobot/git/ros_pathfinder/install/action_interfaces/share/action_interfaces/hook/cmake_prefix_path.dsv'
[2.050s] INFO:colcon.colcon_core.shell:Creating environment hook '/home/pirobot/git/ros_pathfinder/install/action_interfaces/share/action_interfaces/hook/cmake_prefix_path.sh'
[2.052s] Level 1:colcon.colcon_core.environment:checking '/home/pirobot/git/ros_pathfinder/install/action_interfaces/lib'
[2.052s] Level 1:colcon.colcon_core.shell:create_environment_hook('action_interfaces', 'ld_library_path_lib')
[2.052s] INFO:colcon.colcon_core.shell:Creating environment hook '/home/pirobot/git/ros_pathfinder/install/action_interfaces/share/action_interfaces/hook/ld_library_path_lib.ps1'
[2.052s] INFO:colcon.colcon_core.shell:Creating environment descriptor '/home/pirobot/git/ros_pathfinder/install/action_interfaces/share/action_interfaces/hook/ld_library_path_lib.dsv'
[2.053s] INFO:colcon.colcon_core.shell:Creating environment hook '/home/pirobot/git/ros_pathfinder/install/action_interfaces/share/action_interfaces/hook/ld_library_path_lib.sh'
[2.055s] Level 1:colcon.colcon_core.environment:checking '/home/pirobot/git/ros_pathfinder/install/action_interfaces/bin'
[2.055s] Level 1:colcon.colcon_core.environment:checking '/home/pirobot/git/ros_pathfinder/install/action_interfaces/lib/pkgconfig/action_interfaces.pc'
[2.055s] Level 1:colcon.colcon_core.environment:checking '/home/pirobot/git/ros_pathfinder/install/action_interfaces/lib/python3.12/site-packages'
[2.055s] Level 1:colcon.colcon_core.shell:create_environment_hook('action_interfaces', 'pythonpath')
[2.055s] INFO:colcon.colcon_core.shell:Creating environment hook '/home/pirobot/git/ros_pathfinder/install/action_interfaces/share/action_interfaces/hook/pythonpath.ps1'
[2.056s] INFO:colcon.colcon_core.shell:Creating environment descriptor '/home/pirobot/git/ros_pathfinder/install/action_interfaces/share/action_interfaces/hook/pythonpath.dsv'
[2.057s] INFO:colcon.colcon_core.shell:Creating environment hook '/home/pirobot/git/ros_pathfinder/install/action_interfaces/share/action_interfaces/hook/pythonpath.sh'
[2.058s] Level 1:colcon.colcon_core.environment:checking '/home/pirobot/git/ros_pathfinder/install/action_interfaces/bin'
[2.058s] INFO:colcon.colcon_core.shell:Creating package script '/home/pirobot/git/ros_pathfinder/install/action_interfaces/share/action_interfaces/package.ps1'
[2.059s] INFO:colcon.colcon_core.shell:Creating package descriptor '/home/pirobot/git/ros_pathfinder/install/action_interfaces/share/action_interfaces/package.dsv'
[2.060s] INFO:colcon.colcon_core.shell:Creating package script '/home/pirobot/git/ros_pathfinder/install/action_interfaces/share/action_interfaces/package.sh'
[2.060s] INFO:colcon.colcon_core.shell:Creating package script '/home/pirobot/git/ros_pathfinder/install/action_interfaces/share/action_interfaces/package.bash'
[2.061s] INFO:colcon.colcon_core.shell:Creating package script '/home/pirobot/git/ros_pathfinder/install/action_interfaces/share/action_interfaces/package.zsh'
[2.062s] Level 1:colcon.colcon_core.environment:create_file_with_runtime_dependencies(/home/pirobot/git/ros_pathfinder/install/action_interfaces/share/colcon-core/packages/action_interfaces)
[2.062s] INFO:colcon.colcon_ros.task.ament_python.build:Building ROS package in '/home/pirobot/git/ros_pathfinder/src/ros_pathfinder' with build type 'ament_python'
[2.062s] Level 1:colcon.colcon_core.shell:create_environment_hook('ros_pathfinder', 'ament_prefix_path')
[2.063s] INFO:colcon.colcon_core.shell:Creating environment hook '/home/pirobot/git/ros_pathfinder/install/ros_pathfinder/share/ros_pathfinder/hook/ament_prefix_path.ps1'
[2.064s] INFO:colcon.colcon_core.shell:Creating environment descriptor '/home/pirobot/git/ros_pathfinder/install/ros_pathfinder/share/ros_pathfinder/hook/ament_prefix_path.dsv'
[2.065s] INFO:colcon.colcon_core.shell:Creating environment hook '/home/pirobot/git/ros_pathfinder/install/ros_pathfinder/share/ros_pathfinder/hook/ament_prefix_path.sh'
[2.066s] INFO:colcon.colcon_core.shell:Skip shell extension 'powershell' for command environment: Not usable outside of PowerShell
[2.066s] DEBUG:colcon.colcon_core.shell:Skip shell extension 'dsv' for command environment
[2.395s] INFO:colcon.colcon_core.task.python.build:Building Python package in '/home/pirobot/git/ros_pathfinder/src/ros_pathfinder'
[2.395s] INFO:colcon.colcon_core.shell:Skip shell extension 'powershell' for command environment: Not usable outside of PowerShell
[2.395s] DEBUG:colcon.colcon_core.shell:Skip shell extension 'dsv' for command environment
[3.592s] DEBUG:colcon.colcon_core.event_handler.log_command:Invoking command in '/home/pirobot/git/ros_pathfinder/src/ros_pathfinder': AMENT_PREFIX_PATH=/home/pirobot/git/ros_pathfinder/install/action_interfaces:${AMENT_PREFIX_PATH} CMAKE_PREFIX_PATH=/home/pirobot/git/ros_pathfinder/install/action_interfaces:${CMAKE_PREFIX_PATH} DEBUGINFOD_URLS=https://debuginfod.ubuntu.com LD_LIBRARY_PATH=/home/pirobot/git/ros_pathfinder/install/action_interfaces/lib:${LD_LIBRARY_PATH} PYTHONPATH=/home/pirobot/git/ros_pathfinder/build/ros_pathfinder/prefix_override:/usr/lib/python3/dist-packages/colcon_core/task/python/colcon_distutils_commands:/home/pirobot/git/ros_pathfinder/install/ros_pathfinder/lib/python3.12/site-packages:/home/pirobot/git/ros_pathfinder/install/action_interfaces/lib/python3.12/site-packages:${PYTHONPATH} /usr/bin/python3 -W ignore:setup.py install is deprecated -W ignore:easy_install command is deprecated setup.py egg_info --egg-base ../../build/ros_pathfinder build --build-base /home/pirobot/git/ros_pathfinder/build/ros_pathfinder/build install --record /home/pirobot/git/ros_pathfinder/build/ros_pathfinder/install.log --single-version-externally-managed install_data
[4.380s] Level 1:colcon.colcon_core.environment:checking '/home/pirobot/git/ros_pathfinder/install/ros_pathfinder' for CMake module files
[4.381s] DEBUG:colcon.colcon_core.event_handler.log_command:Invoked command in '/home/pirobot/git/ros_pathfinder/src/ros_pathfinder' returned '0': AMENT_PREFIX_PATH=/home/pirobot/git/ros_pathfinder/install/action_interfaces:${AMENT_PREFIX_PATH} CMAKE_PREFIX_PATH=/home/pirobot/git/ros_pathfinder/install/action_interfaces:${CMAKE_PREFIX_PATH} DEBUGINFOD_URLS=https://debuginfod.ubuntu.com LD_LIBRARY_PATH=/home/pirobot/git/ros_pathfinder/install/action_interfaces/lib:${LD_LIBRARY_PATH} PYTHONPATH=/home/pirobot/git/ros_pathfinder/build/ros_pathfinder/prefix_override:/usr/lib/python3/dist-packages/colcon_core/task/python/colcon_distutils_commands:/home/pirobot/git/ros_pathfinder/install/ros_pathfinder/lib/python3.12/site-packages:/home/pirobot/git/ros_pathfinder/install/action_interfaces/lib/python3.12/site-packages:${PYTHONPATH} /usr/bin/python3 -W ignore:setup.py install is deprecated -W ignore:easy_install command is deprecated setup.py egg_info --egg-base ../../build/ros_pathfinder build --build-base /home/pirobot/git/ros_pathfinder/build/ros_pathfinder/build install --record /home/pirobot/git/ros_pathfinder/build/ros_pathfinder/install.log --single-version-externally-managed install_data
[4.381s] Level 1:colcon.colcon_core.environment:checking '/home/pirobot/git/ros_pathfinder/install/ros_pathfinder' for CMake config files
[4.382s] Level 1:colcon.colcon_core.environment:checking '/home/pirobot/git/ros_pathfinder/install/ros_pathfinder/lib'
[4.382s] Level 1:colcon.colcon_core.environment:checking '/home/pirobot/git/ros_pathfinder/install/ros_pathfinder/bin'
[4.382s] Level 1:colcon.colcon_core.environment:checking '/home/pirobot/git/ros_pathfinder/install/ros_pathfinder/lib/pkgconfig/ros_pathfinder.pc'
[4.382s] Level 1:colcon.colcon_core.environment:checking '/home/pirobot/git/ros_pathfinder/install/ros_pathfinder/lib/python3.12/site-packages'
[4.383s] Level 1:colcon.colcon_core.shell:create_environment_hook('ros_pathfinder', 'pythonpath')
[4.383s] INFO:colcon.colcon_core.shell:Creating environment hook '/home/pirobot/git/ros_pathfinder/install/ros_pathfinder/share/ros_pathfinder/hook/pythonpath.ps1'
[4.383s] INFO:colcon.colcon_core.shell:Creating environment descriptor '/home/pirobot/git/ros_pathfinder/install/ros_pathfinder/share/ros_pathfinder/hook/pythonpath.dsv'
[4.385s] INFO:colcon.colcon_core.shell:Creating environment hook '/home/pirobot/git/ros_pathfinder/install/ros_pathfinder/share/ros_pathfinder/hook/pythonpath.sh'
[4.386s] Level 1:colcon.colcon_core.environment:checking '/home/pirobot/git/ros_pathfinder/install/ros_pathfinder/bin'
[4.386s] Level 1:colcon.colcon_core.environment:create_environment_scripts_only(ros_pathfinder)
[4.387s] INFO:colcon.colcon_core.shell:Creating package script '/home/pirobot/git/ros_pathfinder/install/ros_pathfinder/share/ros_pathfinder/package.ps1'
[4.387s] INFO:colcon.colcon_core.shell:Creating package descriptor '/home/pirobot/git/ros_pathfinder/install/ros_pathfinder/share/ros_pathfinder/package.dsv'
[4.388s] INFO:colcon.colcon_core.shell:Creating package script '/home/pirobot/git/ros_pathfinder/install/ros_pathfinder/share/ros_pathfinder/package.sh'
[4.388s] INFO:colcon.colcon_core.shell:Creating package script '/home/pirobot/git/ros_pathfinder/install/ros_pathfinder/share/ros_pathfinder/package.bash'
[4.389s] INFO:colcon.colcon_core.shell:Creating package script '/home/pirobot/git/ros_pathfinder/install/ros_pathfinder/share/ros_pathfinder/package.zsh'
[4.389s] Level 1:colcon.colcon_core.environment:create_file_with_runtime_dependencies(/home/pirobot/git/ros_pathfinder/install/ros_pathfinder/share/colcon-core/packages/ros_pathfinder)
[4.390s] DEBUG:colcon.colcon_parallel_executor.executor.parallel:closing loop
[4.391s] DEBUG:colcon.colcon_parallel_executor.executor.parallel:loop closed
[4.391s] DEBUG:colcon.colcon_parallel_executor.executor.parallel:run_until_complete finished with '0'
[4.391s] DEBUG:colcon.colcon_core.event_reactor:joining thread
[4.401s] INFO:colcon.colcon_core.plugin_system:Skipping extension 'colcon_notification.desktop_notification.terminal_notifier': Not used on non-Darwin systems
[4.401s] INFO:colcon.colcon_core.plugin_system:Skipping extension 'colcon_notification.desktop_notification.win32': Not used on non-Windows systems
[4.401s] INFO:colcon.colcon_notification.desktop_notification:Sending desktop notification using 'notify2'
[4.420s] DEBUG:colcon.colcon_core.event_reactor:joined thread
[4.421s] INFO:colcon.colcon_core.shell:Creating prefix script '/home/pirobot/git/ros_pathfinder/install/local_setup.ps1'
[4.423s] INFO:colcon.colcon_core.shell:Creating prefix util module '/home/pirobot/git/ros_pathfinder/install/_local_setup_util_ps1.py'
[4.427s] INFO:colcon.colcon_core.shell:Creating prefix chain script '/home/pirobot/git/ros_pathfinder/install/setup.ps1'
[4.430s] INFO:colcon.colcon_core.shell:Creating prefix script '/home/pirobot/git/ros_pathfinder/install/local_setup.sh'
[4.434s] INFO:colcon.colcon_core.shell:Creating prefix util module '/home/pirobot/git/ros_pathfinder/install/_local_setup_util_sh.py'
[4.435s] INFO:colcon.colcon_core.shell:Creating prefix chain script '/home/pirobot/git/ros_pathfinder/install/setup.sh'
[4.439s] INFO:colcon.colcon_core.shell:Creating prefix script '/home/pirobot/git/ros_pathfinder/install/local_setup.bash'
[4.441s] INFO:colcon.colcon_core.shell:Creating prefix chain script '/home/pirobot/git/ros_pathfinder/install/setup.bash'
[4.444s] INFO:colcon.colcon_core.shell:Creating prefix script '/home/pirobot/git/ros_pathfinder/install/local_setup.zsh'
[4.447s] INFO:colcon.colcon_core.shell:Creating prefix chain script '/home/pirobot/git/ros_pathfinder/install/setup.zsh'
