[0.045s] Invoking command in '/home/pirobot/git/ros_pathfinder/build/action_interfaces': CMAKE_PREFIX_PATH=${CMAKE_PREFIX_PATH}:/home/pirobot/git/ros_pathfinder/install/ros_pathfinder:/home/pirobot/ros2_ws/install/my_robot_controller:/opt/ros/kilted DEBUGINFOD_URLS=https://debuginfod.ubuntu.com PS1=(.venv) \[\e]0;\u@\h: \w\a\]${debian_chroot:+($debian_chroot)}\[\033[01;32m\]\u@\h\[\033[00m\]:\[\033[01;34m\]\w\[\033[00m\]\$ VIRTUAL_ENV_PROMPT=(.venv) /usr/bin/cmake --build /home/pirobot/git/ros_pathfinder/build/action_interfaces -- -j4 -l4
[0.176s] [  2%] Built target action_interfaces__rosidl_generator_type_description
[0.250s] [  2%] Built target ament_cmake_python_copy_action_interfaces
[0.304s] [ 17%] Built target action_interfaces__rosidl_generator_c
[1.954s] running egg_info
[2.130s] writing action_interfaces.egg-info/PKG-INFO
[2.131s] writing dependency_links to action_interfaces.egg-info/dependency_links.txt
[2.136s] writing top-level names to action_interfaces.egg-info/top_level.txt
[2.786s] reading manifest file 'action_interfaces.egg-info/SOURCES.txt'
[2.792s] writing manifest file 'action_interfaces.egg-info/SOURCES.txt'
[3.042s] [ 17%] Built target ament_cmake_python_build_action_interfaces_egg
[3.196s] [ 26%] Built target action_interfaces__rosidl_typesupport_introspection_c
[3.521s] [ 35%] Built target action_interfaces__rosidl_typesupport_c
[3.712s] [ 44%] Built target action_interfaces__rosidl_typesupport_fastrtps_c
[3.917s] [ 47%] Built target action_interfaces__cpp
[4.254s] [ 55%] Built target action_interfaces__rosidl_typesupport_fastrtps_cpp
[4.434s] [ 64%] Built target action_interfaces__rosidl_typesupport_cpp
[4.722s] [ 73%] Built target action_interfaces__rosidl_typesupport_introspection_cpp
[4.920s] [ 73%] Built target action_interfaces
[5.016s] [ 76%] Built target action_interfaces__py
[5.139s] [ 82%] Built target action_interfaces__rosidl_generator_py
[5.224s] [ 88%] Built target action_interfaces_s__rosidl_typesupport_fastrtps_c
[5.321s] [ 94%] Built target action_interfaces_s__rosidl_typesupport_c
[5.511s] [100%] Built target action_interfaces_s__rosidl_typesupport_introspection_c
[5.597s] Invoked command in '/home/pirobot/git/ros_pathfinder/build/action_interfaces' returned '0': CMAKE_PREFIX_PATH=${CMAKE_PREFIX_PATH}:/home/pirobot/git/ros_pathfinder/install/ros_pathfinder:/home/pirobot/ros2_ws/install/my_robot_controller:/opt/ros/kilted DEBUGINFOD_URLS=https://debuginfod.ubuntu.com PS1=(.venv) \[\e]0;\u@\h: \w\a\]${debian_chroot:+($debian_chroot)}\[\033[01;32m\]\u@\h\[\033[00m\]:\[\033[01;34m\]\w\[\033[00m\]\$ VIRTUAL_ENV_PROMPT=(.venv) /usr/bin/cmake --build /home/pirobot/git/ros_pathfinder/build/action_interfaces -- -j4 -l4
[5.603s] Invoking command in '/home/pirobot/git/ros_pathfinder/build/action_interfaces': CMAKE_PREFIX_PATH=${CMAKE_PREFIX_PATH}:/home/pirobot/git/ros_pathfinder/install/ros_pathfinder:/home/pirobot/ros2_ws/install/my_robot_controller:/opt/ros/kilted DEBUGINFOD_URLS=https://debuginfod.ubuntu.com PS1=(.venv) \[\e]0;\u@\h: \w\a\]${debian_chroot:+($debian_chroot)}\[\033[01;32m\]\u@\h\[\033[00m\]:\[\033[01;34m\]\w\[\033[00m\]\$ VIRTUAL_ENV_PROMPT=(.venv) /usr/bin/cmake --install /home/pirobot/git/ros_pathfinder/build/action_interfaces
[5.653s] -- Install configuration: ""
[5.662s] -- Up-to-date: /home/pirobot/git/ros_pathfinder/install/action_interfaces/share/ament_index/resource_index/rosidl_interfaces/action_interfaces
[5.662s] -- Up-to-date: /home/pirobot/git/ros_pathfinder/install/action_interfaces/share/action_interfaces/action/MotorControl.json
[5.662s] -- Up-to-date: /home/pirobot/git/ros_pathfinder/install/action_interfaces/include/action_interfaces/action_interfaces
[5.671s] -- Up-to-date: /home/pirobot/git/ros_pathfinder/install/action_interfaces/include/action_interfaces/action_interfaces/action
[5.672s] -- Up-to-date: /home/pirobot/git/ros_pathfinder/install/action_interfaces/include/action_interfaces/action_interfaces/action/motor_control.h
[5.678s] -- Up-to-date: /home/pirobot/git/ros_pathfinder/install/action_interfaces/include/action_interfaces/action_interfaces/action/detail
[5.680s] -- Up-to-date: /home/pirobot/git/ros_pathfinder/install/action_interfaces/include/action_interfaces/action_interfaces/action/detail/motor_control__type_support.h
[5.686s] -- Up-to-date: /home/pirobot/git/ros_pathfinder/install/action_interfaces/include/action_interfaces/action_interfaces/action/detail/motor_control__functions.h
[5.688s] -- Up-to-date: /home/pirobot/git/ros_pathfinder/install/action_interfaces/include/action_interfaces/action_interfaces/action/detail/motor_control__struct.h
[5.699s] -- Installing: /home/pirobot/git/ros_pathfinder/install/action_interfaces/include/action_interfaces/action_interfaces/action/detail/motor_control__type_support.c
[5.700s] -- Up-to-date: /home/pirobot/git/ros_pathfinder/install/action_interfaces/include/action_interfaces/action_interfaces/action/detail/motor_control__functions.c
[5.701s] -- Up-to-date: /home/pirobot/git/ros_pathfinder/install/action_interfaces/include/action_interfaces/action_interfaces/action/detail/motor_control__description.c
[5.701s] -- Up-to-date: /home/pirobot/git/ros_pathfinder/install/action_interfaces/include/action_interfaces/action_interfaces/msg
[5.701s] -- Up-to-date: /home/pirobot/git/ros_pathfinder/install/action_interfaces/include/action_interfaces/action_interfaces/msg/rosidl_generator_c__visibility_control.h
[5.701s] -- Up-to-date: /home/pirobot/git/ros_pathfinder/install/action_interfaces/share/action_interfaces/environment/library_path.sh
[5.713s] -- Up-to-date: /home/pirobot/git/ros_pathfinder/install/action_interfaces/share/action_interfaces/environment/library_path.dsv
[5.714s] -- Up-to-date: /home/pirobot/git/ros_pathfinder/install/action_interfaces/lib/libaction_interfaces__rosidl_generator_c.so
[5.714s] -- Up-to-date: /home/pirobot/git/ros_pathfinder/install/action_interfaces/include/action_interfaces/action_interfaces
[5.715s] -- Up-to-date: /home/pirobot/git/ros_pathfinder/install/action_interfaces/include/action_interfaces/action_interfaces/action
[5.715s] -- Up-to-date: /home/pirobot/git/ros_pathfinder/install/action_interfaces/include/action_interfaces/action_interfaces/action/detail
[5.715s] -- Up-to-date: /home/pirobot/git/ros_pathfinder/install/action_interfaces/include/action_interfaces/action_interfaces/action/detail/motor_control__rosidl_typesupport_fastrtps_c.h
[5.715s] -- Up-to-date: /home/pirobot/git/ros_pathfinder/install/action_interfaces/include/action_interfaces/action_interfaces/msg
[5.715s] -- Up-to-date: /home/pirobot/git/ros_pathfinder/install/action_interfaces/include/action_interfaces/action_interfaces/msg/rosidl_typesupport_fastrtps_c__visibility_control.h
[5.725s] -- Up-to-date: /home/pirobot/git/ros_pathfinder/install/action_interfaces/lib/libaction_interfaces__rosidl_typesupport_fastrtps_c.so
[5.725s] -- Up-to-date: /home/pirobot/git/ros_pathfinder/install/action_interfaces/include/action_interfaces/action_interfaces
[5.725s] -- Up-to-date: /home/pirobot/git/ros_pathfinder/install/action_interfaces/include/action_interfaces/action_interfaces/action
[5.726s] -- Up-to-date: /home/pirobot/git/ros_pathfinder/install/action_interfaces/include/action_interfaces/action_interfaces/action/detail
[5.727s] -- Installing: /home/pirobot/git/ros_pathfinder/install/action_interfaces/include/action_interfaces/action_interfaces/action/detail/motor_control__type_support.c
[5.728s] -- Up-to-date: /home/pirobot/git/ros_pathfinder/install/action_interfaces/include/action_interfaces/action_interfaces/action/detail/motor_control__rosidl_typesupport_introspection_c.h
[5.728s] -- Up-to-date: /home/pirobot/git/ros_pathfinder/install/action_interfaces/include/action_interfaces/action_interfaces/msg
[5.734s] -- Up-to-date: /home/pirobot/git/ros_pathfinder/install/action_interfaces/include/action_interfaces/action_interfaces/msg/rosidl_typesupport_introspection_c__visibility_control.h
[5.736s] -- Up-to-date: /home/pirobot/git/ros_pathfinder/install/action_interfaces/lib/libaction_interfaces__rosidl_typesupport_introspection_c.so
[5.745s] -- Up-to-date: /home/pirobot/git/ros_pathfinder/install/action_interfaces/lib/libaction_interfaces__rosidl_typesupport_c.so
[5.746s] -- Up-to-date: /home/pirobot/git/ros_pathfinder/install/action_interfaces/include/action_interfaces/action_interfaces
[5.749s] -- Up-to-date: /home/pirobot/git/ros_pathfinder/install/action_interfaces/include/action_interfaces/action_interfaces/action
[5.749s] -- Up-to-date: /home/pirobot/git/ros_pathfinder/install/action_interfaces/include/action_interfaces/action_interfaces/action/motor_control.hpp
[5.749s] -- Up-to-date: /home/pirobot/git/ros_pathfinder/install/action_interfaces/include/action_interfaces/action_interfaces/action/detail
[5.759s] -- Up-to-date: /home/pirobot/git/ros_pathfinder/install/action_interfaces/include/action_interfaces/action_interfaces/action/detail/motor_control__struct.hpp
[5.760s] -- Up-to-date: /home/pirobot/git/ros_pathfinder/install/action_interfaces/include/action_interfaces/action_interfaces/action/detail/motor_control__type_support.hpp
[5.760s] -- Up-to-date: /home/pirobot/git/ros_pathfinder/install/action_interfaces/include/action_interfaces/action_interfaces/action/detail/motor_control__builder.hpp
[5.760s] -- Up-to-date: /home/pirobot/git/ros_pathfinder/install/action_interfaces/include/action_interfaces/action_interfaces/action/detail/motor_control__traits.hpp
[5.761s] -- Up-to-date: /home/pirobot/git/ros_pathfinder/install/action_interfaces/include/action_interfaces/action_interfaces/msg
[5.761s] -- Up-to-date: /home/pirobot/git/ros_pathfinder/install/action_interfaces/include/action_interfaces/action_interfaces/msg/rosidl_generator_cpp__visibility_control.hpp
[5.761s] -- Up-to-date: /home/pirobot/git/ros_pathfinder/install/action_interfaces/include/action_interfaces/action_interfaces
[5.761s] -- Up-to-date: /home/pirobot/git/ros_pathfinder/install/action_interfaces/include/action_interfaces/action_interfaces/action
[5.761s] -- Up-to-date: /home/pirobot/git/ros_pathfinder/install/action_interfaces/include/action_interfaces/action_interfaces/action/detail
[5.768s] -- Up-to-date: /home/pirobot/git/ros_pathfinder/install/action_interfaces/include/action_interfaces/action_interfaces/action/detail/motor_control__rosidl_typesupport_fastrtps_cpp.hpp
[5.768s] -- Up-to-date: /home/pirobot/git/ros_pathfinder/install/action_interfaces/include/action_interfaces/action_interfaces/action/detail/dds_fastrtps
[5.769s] -- Up-to-date: /home/pirobot/git/ros_pathfinder/install/action_interfaces/include/action_interfaces/action_interfaces/msg
[5.769s] -- Up-to-date: /home/pirobot/git/ros_pathfinder/install/action_interfaces/include/action_interfaces/action_interfaces/msg/rosidl_typesupport_fastrtps_cpp__visibility_control.h
[5.769s] -- Up-to-date: /home/pirobot/git/ros_pathfinder/install/action_interfaces/lib/libaction_interfaces__rosidl_typesupport_fastrtps_cpp.so
[5.769s] -- Up-to-date: /home/pirobot/git/ros_pathfinder/install/action_interfaces/include/action_interfaces/action_interfaces
[5.775s] -- Up-to-date: /home/pirobot/git/ros_pathfinder/install/action_interfaces/include/action_interfaces/action_interfaces/action
[5.777s] -- Up-to-date: /home/pirobot/git/ros_pathfinder/install/action_interfaces/include/action_interfaces/action_interfaces/action/detail
[5.778s] -- Up-to-date: /home/pirobot/git/ros_pathfinder/install/action_interfaces/include/action_interfaces/action_interfaces/action/detail/motor_control__type_support.cpp
[5.782s] -- Up-to-date: /home/pirobot/git/ros_pathfinder/install/action_interfaces/include/action_interfaces/action_interfaces/action/detail/motor_control__rosidl_typesupport_introspection_cpp.hpp
[5.783s] -- Up-to-date: /home/pirobot/git/ros_pathfinder/install/action_interfaces/lib/libaction_interfaces__rosidl_typesupport_introspection_cpp.so
[5.783s] -- Up-to-date: /home/pirobot/git/ros_pathfinder/install/action_interfaces/lib/libaction_interfaces__rosidl_typesupport_cpp.so
[5.783s] -- Up-to-date: /home/pirobot/git/ros_pathfinder/install/action_interfaces/share/action_interfaces/environment/pythonpath.sh
[5.783s] -- Up-to-date: /home/pirobot/git/ros_pathfinder/install/action_interfaces/share/action_interfaces/environment/pythonpath.dsv
[5.784s] -- Up-to-date: /home/pirobot/git/ros_pathfinder/install/action_interfaces/lib/python3.12/site-packages/action_interfaces-0.0.0-py3.12.egg-info
[5.787s] -- Installing: /home/pirobot/git/ros_pathfinder/install/action_interfaces/lib/python3.12/site-packages/action_interfaces-0.0.0-py3.12.egg-info/dependency_links.txt
[5.788s] -- Installing: /home/pirobot/git/ros_pathfinder/install/action_interfaces/lib/python3.12/site-packages/action_interfaces-0.0.0-py3.12.egg-info/top_level.txt
[5.788s] -- Installing: /home/pirobot/git/ros_pathfinder/install/action_interfaces/lib/python3.12/site-packages/action_interfaces-0.0.0-py3.12.egg-info/SOURCES.txt
[5.788s] -- Installing: /home/pirobot/git/ros_pathfinder/install/action_interfaces/lib/python3.12/site-packages/action_interfaces-0.0.0-py3.12.egg-info/PKG-INFO
[5.788s] -- Up-to-date: /home/pirobot/git/ros_pathfinder/install/action_interfaces/lib/python3.12/site-packages/action_interfaces
[5.789s] -- Up-to-date: /home/pirobot/git/ros_pathfinder/install/action_interfaces/lib/python3.12/site-packages/action_interfaces/action_interfaces_s__rosidl_typesupport_fastrtps_c.so
[5.789s] -- Up-to-date: /home/pirobot/git/ros_pathfinder/install/action_interfaces/lib/python3.12/site-packages/action_interfaces/_action_interfaces_s.ep.rosidl_typesupport_fastrtps_c.c
[5.789s] -- Up-to-date: /home/pirobot/git/ros_pathfinder/install/action_interfaces/lib/python3.12/site-packages/action_interfaces/action_interfaces_s__rosidl_typesupport_c.so
[5.789s] -- Up-to-date: /home/pirobot/git/ros_pathfinder/install/action_interfaces/lib/python3.12/site-packages/action_interfaces/_action_interfaces_s.ep.rosidl_typesupport_c.c
[5.789s] -- Up-to-date: /home/pirobot/git/ros_pathfinder/install/action_interfaces/lib/python3.12/site-packages/action_interfaces/action_interfaces_s__rosidl_typesupport_introspection_c.so
[5.793s] -- Up-to-date: /home/pirobot/git/ros_pathfinder/install/action_interfaces/lib/python3.12/site-packages/action_interfaces/action
[5.794s] -- Up-to-date: /home/pirobot/git/ros_pathfinder/install/action_interfaces/lib/python3.12/site-packages/action_interfaces/action/_motor_control_s.c
[5.796s] -- Up-to-date: /home/pirobot/git/ros_pathfinder/install/action_interfaces/lib/python3.12/site-packages/action_interfaces/action/_motor_control.py
[5.796s] -- Up-to-date: /home/pirobot/git/ros_pathfinder/install/action_interfaces/lib/python3.12/site-packages/action_interfaces/action/__init__.py
[5.796s] -- Up-to-date: /home/pirobot/git/ros_pathfinder/install/action_interfaces/lib/python3.12/site-packages/action_interfaces/__init__.py
[5.796s] -- Up-to-date: /home/pirobot/git/ros_pathfinder/install/action_interfaces/lib/python3.12/site-packages/action_interfaces/_action_interfaces_s.ep.rosidl_typesupport_introspection_c.c
[5.960s] Listing '/home/pirobot/git/ros_pathfinder/install/action_interfaces/lib/python3.12/site-packages/action_interfaces'...
[5.961s] Listing '/home/pirobot/git/ros_pathfinder/install/action_interfaces/lib/python3.12/site-packages/action_interfaces/action'...
[6.052s] -- Up-to-date: /home/pirobot/git/ros_pathfinder/install/action_interfaces/lib/python3.12/site-packages/action_interfaces/action_interfaces_s__rosidl_typesupport_fastrtps_c.so
[6.056s] -- Up-to-date: /home/pirobot/git/ros_pathfinder/install/action_interfaces/lib/python3.12/site-packages/action_interfaces/action_interfaces_s__rosidl_typesupport_introspection_c.so
[6.065s] -- Up-to-date: /home/pirobot/git/ros_pathfinder/install/action_interfaces/lib/python3.12/site-packages/action_interfaces/action_interfaces_s__rosidl_typesupport_c.so
[6.074s] -- Up-to-date: /home/pirobot/git/ros_pathfinder/install/action_interfaces/lib/libaction_interfaces__rosidl_generator_py.so
[6.080s] -- Up-to-date: /home/pirobot/git/ros_pathfinder/install/action_interfaces/share/action_interfaces/action/MotorControl.idl
[6.082s] -- Up-to-date: /home/pirobot/git/ros_pathfinder/install/action_interfaces/share/action_interfaces/action/MotorControl.action
[6.089s] -- Up-to-date: /home/pirobot/git/ros_pathfinder/install/action_interfaces/share/ament_index/resource_index/package_run_dependencies/action_interfaces
[6.090s] -- Up-to-date: /home/pirobot/git/ros_pathfinder/install/action_interfaces/share/ament_index/resource_index/parent_prefix_path/action_interfaces
[6.090s] -- Up-to-date: /home/pirobot/git/ros_pathfinder/install/action_interfaces/share/action_interfaces/environment/ament_prefix_path.sh
[6.097s] -- Up-to-date: /home/pirobot/git/ros_pathfinder/install/action_interfaces/share/action_interfaces/environment/ament_prefix_path.dsv
[6.106s] -- Up-to-date: /home/pirobot/git/ros_pathfinder/install/action_interfaces/share/action_interfaces/environment/path.sh
[6.106s] -- Up-to-date: /home/pirobot/git/ros_pathfinder/install/action_interfaces/share/action_interfaces/environment/path.dsv
[6.106s] -- Up-to-date: /home/pirobot/git/ros_pathfinder/install/action_interfaces/share/action_interfaces/local_setup.bash
[6.106s] -- Up-to-date: /home/pirobot/git/ros_pathfinder/install/action_interfaces/share/action_interfaces/local_setup.sh
[6.107s] -- Up-to-date: /home/pirobot/git/ros_pathfinder/install/action_interfaces/share/action_interfaces/local_setup.zsh
[6.107s] -- Up-to-date: /home/pirobot/git/ros_pathfinder/install/action_interfaces/share/action_interfaces/local_setup.dsv
[6.107s] -- Installing: /home/pirobot/git/ros_pathfinder/install/action_interfaces/share/action_interfaces/package.dsv
[6.120s] -- Up-to-date: /home/pirobot/git/ros_pathfinder/install/action_interfaces/share/ament_index/resource_index/packages/action_interfaces
[6.120s] -- Up-to-date: /home/pirobot/git/ros_pathfinder/install/action_interfaces/share/action_interfaces/cmake/export_action_interfaces__rosidl_generator_cExport.cmake
[6.121s] -- Up-to-date: /home/pirobot/git/ros_pathfinder/install/action_interfaces/share/action_interfaces/cmake/export_action_interfaces__rosidl_generator_cExport-noconfig.cmake
[6.121s] -- Up-to-date: /home/pirobot/git/ros_pathfinder/install/action_interfaces/share/action_interfaces/cmake/export_action_interfaces__rosidl_typesupport_fastrtps_cExport.cmake
[6.129s] -- Up-to-date: /home/pirobot/git/ros_pathfinder/install/action_interfaces/share/action_interfaces/cmake/export_action_interfaces__rosidl_typesupport_fastrtps_cExport-noconfig.cmake
[6.130s] -- Up-to-date: /home/pirobot/git/ros_pathfinder/install/action_interfaces/share/action_interfaces/cmake/action_interfaces__rosidl_typesupport_introspection_cExport.cmake
[6.130s] -- Up-to-date: /home/pirobot/git/ros_pathfinder/install/action_interfaces/share/action_interfaces/cmake/action_interfaces__rosidl_typesupport_introspection_cExport-noconfig.cmake
[6.130s] -- Up-to-date: /home/pirobot/git/ros_pathfinder/install/action_interfaces/share/action_interfaces/cmake/action_interfaces__rosidl_typesupport_cExport.cmake
[6.131s] -- Up-to-date: /home/pirobot/git/ros_pathfinder/install/action_interfaces/share/action_interfaces/cmake/action_interfaces__rosidl_typesupport_cExport-noconfig.cmake
[6.131s] -- Up-to-date: /home/pirobot/git/ros_pathfinder/install/action_interfaces/share/action_interfaces/cmake/export_action_interfaces__rosidl_generator_cppExport.cmake
[6.147s] -- Up-to-date: /home/pirobot/git/ros_pathfinder/install/action_interfaces/share/action_interfaces/cmake/export_action_interfaces__rosidl_typesupport_fastrtps_cppExport.cmake
[6.147s] -- Up-to-date: /home/pirobot/git/ros_pathfinder/install/action_interfaces/share/action_interfaces/cmake/export_action_interfaces__rosidl_typesupport_fastrtps_cppExport-noconfig.cmake
[6.147s] -- Up-to-date: /home/pirobot/git/ros_pathfinder/install/action_interfaces/share/action_interfaces/cmake/action_interfaces__rosidl_typesupport_introspection_cppExport.cmake
[6.147s] -- Up-to-date: /home/pirobot/git/ros_pathfinder/install/action_interfaces/share/action_interfaces/cmake/action_interfaces__rosidl_typesupport_introspection_cppExport-noconfig.cmake
[6.148s] -- Up-to-date: /home/pirobot/git/ros_pathfinder/install/action_interfaces/share/action_interfaces/cmake/action_interfaces__rosidl_typesupport_cppExport.cmake
[6.148s] -- Up-to-date: /home/pirobot/git/ros_pathfinder/install/action_interfaces/share/action_interfaces/cmake/action_interfaces__rosidl_typesupport_cppExport-noconfig.cmake
[6.148s] -- Up-to-date: /home/pirobot/git/ros_pathfinder/install/action_interfaces/share/action_interfaces/cmake/export_action_interfaces__rosidl_generator_pyExport.cmake
[6.154s] -- Up-to-date: /home/pirobot/git/ros_pathfinder/install/action_interfaces/share/action_interfaces/cmake/export_action_interfaces__rosidl_generator_pyExport-noconfig.cmake
[6.157s] -- Up-to-date: /home/pirobot/git/ros_pathfinder/install/action_interfaces/share/action_interfaces/cmake/rosidl_cmake-extras.cmake
[6.158s] -- Up-to-date: /home/pirobot/git/ros_pathfinder/install/action_interfaces/share/action_interfaces/cmake/ament_cmake_export_dependencies-extras.cmake
[6.158s] -- Up-to-date: /home/pirobot/git/ros_pathfinder/install/action_interfaces/share/action_interfaces/cmake/ament_cmake_export_include_directories-extras.cmake
[6.168s] -- Up-to-date: /home/pirobot/git/ros_pathfinder/install/action_interfaces/share/action_interfaces/cmake/ament_cmake_export_libraries-extras.cmake
[6.173s] -- Up-to-date: /home/pirobot/git/ros_pathfinder/install/action_interfaces/share/action_interfaces/cmake/ament_cmake_export_targets-extras.cmake
[6.173s] -- Up-to-date: /home/pirobot/git/ros_pathfinder/install/action_interfaces/share/action_interfaces/cmake/rosidl_cmake_export_typesupport_targets-extras.cmake
[6.173s] -- Up-to-date: /home/pirobot/git/ros_pathfinder/install/action_interfaces/share/action_interfaces/cmake/rosidl_cmake_export_typesupport_libraries-extras.cmake
[6.181s] -- Up-to-date: /home/pirobot/git/ros_pathfinder/install/action_interfaces/share/action_interfaces/cmake/action_interfacesConfig.cmake
[6.182s] -- Up-to-date: /home/pirobot/git/ros_pathfinder/install/action_interfaces/share/action_interfaces/cmake/action_interfacesConfig-version.cmake
[6.182s] -- Up-to-date: /home/pirobot/git/ros_pathfinder/install/action_interfaces/share/action_interfaces/package.xml
[6.215s] Invoked command in '/home/pirobot/git/ros_pathfinder/build/action_interfaces' returned '0': CMAKE_PREFIX_PATH=${CMAKE_PREFIX_PATH}:/home/pirobot/git/ros_pathfinder/install/ros_pathfinder:/home/pirobot/ros2_ws/install/my_robot_controller:/opt/ros/kilted DEBUGINFOD_URLS=https://debuginfod.ubuntu.com PS1=(.venv) \[\e]0;\u@\h: \w\a\]${debian_chroot:+($debian_chroot)}\[\033[01;32m\]\u@\h\[\033[00m\]:\[\033[01;34m\]\w\[\033[00m\]\$ VIRTUAL_ENV_PROMPT=(.venv) /usr/bin/cmake --install /home/pirobot/git/ros_pathfinder/build/action_interfaces
